----------------------------------------
> Fri, 04 Sep 202014:28:25 - INFO - core_tree_pid_k2_e2_mod_1.py - [line:134] -  Start of program

----------------------------------------
> Fri, 04 Sep 202014:28:25 - INFO - core_tree_pid_k2_e2_mod_1.py - [line:138] -  test_id:


----------------------------------------
> Fri, 04 Sep 202014:28:25 - INFO - core_tree_pid_k2_e2_mod_1.py - [line:139] -  1006

----------------------------------------
> Fri, 04 Sep 202014:28:25 - INFO - core_tree_pid_k2_e2_mod_1.py - [line:143] -  ------Round:1---------


----------------------------------------
> Fri, 04 Sep 202014:28:25 - DEBUG - core_tree_pid_k2_e2_mod_1.py - [line:145] -  您好，很高兴为您服务

----------------------------------------
> Fri, 04 Sep 202014:28:25 - DEBUG - core_tree_pid_k2_e2_mod_1.py - [line:150] -  USER: 我要去旅行

----------------------------------------
> Fri, 04 Sep 202014:28:26 - INFO - base_rp_db.py - [line:330] -  Model:{'id': 10105, 'goal': {'goalId': 10105, 'content': '旅行', 'parentId': -1, 'requireId': -1, 'restricts': [], 'optTargets': [], 'hasMatched': False, 'rpId': 1080}, 'children': [{'id': 10106, 'goal': {'goalId': 10106, 'content': '景点', 'parentId': 10105, 'requireId': -1, 'restricts': [{'goalId': 10106, 'key': '评分', 'valueType': 'region', 'minValue': 4.0, 'maxValue': 9999.0, 'unit': '分', 'value': ''}, {'goalId': 10106, 'key': '门票', 'valueType': 'region', 'minValue': 20.0, 'maxValue': 50.0, 'unit': '元', 'value': ''}, {'goalId': 10106, 'key': '游玩时间', 'valueType': 'enum', 'minValue': 0.0, 'maxValue': 999.0, 'unit': '', 'value': '1小时'}], 'optTargets': [], 'hasMatched': False, 'rpId': 1080}, 'children': []}, {'id': 10109, 'goal': {'goalId': 10109, 'content': '酒店', 'parentId': 10105, 'requireId': -1, 'restricts': [{'goalId': 10109, 'key': '价格', 'valueType': 'region', 'minValue': 200.0, 'maxValue': 300.0, 'unit': '元', 'value': ''}, {'goalId': 10109, 'key': '评分', 'valueType': 'enum', 'minValue': 0.0, 'maxValue': 999.0, 'unit': '', 'value': '5分'}, {'goalId': 10109, 'key': '酒店类型', 'valueType': 'enum', 'minValue': 0.0, 'maxValue': 999.0, 'unit': '', 'value': '经济型'}], 'optTargets': [], 'hasMatched': False, 'rpId': 1080}, 'children': []}, {'id': 10116, 'goal': {'goalId': 10116, 'content': '餐馆', 'parentId': 10105, 'requireId': -1, 'restricts': [], 'optTargets': [], 'hasMatched': False, 'rpId': 1080}, 'children': []}]}

----------------------------------------
> Fri, 04 Sep 202014:28:26 - INFO - base_rp_db.py - [line:462] -  rps_db length: 1

----------------------------------------
> Fri, 04 Sep 202014:28:26 - INFO - base_rp_db.py - [line:462] -  rps_db length: 1

----------------------------------------
> Fri, 04 Sep 202014:28:26 - INFO - base_rp_db.py - [line:871] -  ---模板树中对应旅行意图无约束----


----------------------------------------
> Fri, 04 Sep 202014:28:26 - INFO - base_rp_db.py - [line:874] -  ----正在需求模式库中查找所有对应旅行的模式或子模式约束...----


----------------------------------------
> Fri, 04 Sep 202014:28:26 - DEBUG - base_rp_db.py - [line:879] -  ----------Round:2----------


----------------------------------------
> Fri, 04 Sep 202014:28:26 - INFO - base_rp_db.py - [line:882] -  ----需求模式库中旅行的约束为空.----


----------------------------------------
> Fri, 04 Sep 202014:28:26 - INFO - base_rp_db.py - [line:885] -  content旅行

----------------------------------------
> Fri, 04 Sep 202014:28:26 - INFO - base_rp_db.py - [line:888] -  restricts:[]

----------------------------------------
> Fri, 04 Sep 202014:28:26 - DEBUG - base_rp_db.py - [line:891] -  To user:对于旅行部分是否满意?


----------------------------------------
> Fri, 04 Sep 202014:28:26 - DEBUG - base_rp_db.py - [line:987] -  USER: 我觉得应该有如下修改：


----------------------------------------
> Fri, 04 Sep 202014:28:26 - INFO - base_rp_db.py - [line:1007] -  --------Round End---------


----------------------------------------
> Fri, 04 Sep 202014:28:26 - INFO - base_rp_db.py - [line:462] -  rps_db length: 3

----------------------------------------
> Fri, 04 Sep 202014:28:26 - INFO - base_rp_db.py - [line:462] -  rps_db length: 3

----------------------------------------
> Fri, 04 Sep 202014:28:26 - DEBUG - base_rp_db.py - [line:662] -  ----------Round:3----------


----------------------------------------
> Fri, 04 Sep 202014:28:26 - DEBUG - base_rp_db.py - [line:665] -  请问您对于景点是否需要？


----------------------------------------
> Fri, 04 Sep 202014:28:26 - DEBUG - base_rp_db.py - [line:668] -  USER: 需要


----------------------------------------
> Fri, 04 Sep 202014:28:26 - INFO - base_rp_db.py - [line:941] -  ----------Round:4----------


----------------------------------------
> Fri, 04 Sep 202014:28:26 - DEBUG - base_rp_db.py - [line:944] -  在需求模式库中对景点进行查找...

----------------------------------------
> Fri, 04 Sep 202014:28:26 - DEBUG - base_rp_db.py - [line:947] -  对于景点的约束这样如何:


----------------------------------------
> Fri, 04 Sep 202014:28:26 - DEBUG - base_rp_db.py - [line:958] -  景点的游玩时间范围, 1到2小时


----------------------------------------
> Fri, 04 Sep 202014:28:26 - DEBUG - base_rp_db.py - [line:958] -  景点的评分范围, 4到9999分


----------------------------------------
> Fri, 04 Sep 202014:28:26 - DEBUG - base_rp_db.py - [line:958] -  景点的门票范围, 50到100元


----------------------------------------
> Fri, 04 Sep 202014:28:26 - DEBUG - base_rp_db.py - [line:984] -  To user:对于景点部分是否满意?


----------------------------------------
> Fri, 04 Sep 202014:28:26 - DEBUG - base_rp_db.py - [line:987] -  USER: 我觉得应该有如下修改：


----------------------------------------
> Fri, 04 Sep 202014:28:26 - DEBUG - base_rp_db.py - [line:998] -  景点的门票范围, 0到0元


----------------------------------------
> Fri, 04 Sep 202014:28:26 - DEBUG - base_rp_db.py - [line:1004] -  景点的评分：5分


----------------------------------------
> Fri, 04 Sep 202014:28:26 - DEBUG - base_rp_db.py - [line:998] -  景点的游玩时间范围, 1到2小时


----------------------------------------
> Fri, 04 Sep 202014:28:26 - INFO - base_rp_db.py - [line:1007] -  --------Round End---------


----------------------------------------
> Fri, 04 Sep 202014:28:26 - DEBUG - base_rp_db.py - [line:584] -  ----------Round:5----------


----------------------------------------
> Fri, 04 Sep 202014:28:26 - DEBUG - base_rp_db.py - [line:591] -  To User: ---------检测到当前景点下无子节点，请问对于该意图有什么其他的子需求吗-----


----------------------------------------
> Fri, 04 Sep 202014:28:26 - DEBUG - base_rp_db.py - [line:595] -  ----USER: 没了-----


----------------------------------------
> Fri, 04 Sep 202014:28:26 - DEBUG - base_rp_db.py - [line:662] -  ----------Round:6----------


----------------------------------------
> Fri, 04 Sep 202014:28:26 - DEBUG - base_rp_db.py - [line:665] -  请问您对于酒店是否需要？


----------------------------------------
> Fri, 04 Sep 202014:28:26 - DEBUG - base_rp_db.py - [line:668] -  USER: 需要


----------------------------------------
> Fri, 04 Sep 202014:28:26 - INFO - base_rp_db.py - [line:941] -  ----------Round:7----------


----------------------------------------
> Fri, 04 Sep 202014:28:26 - DEBUG - base_rp_db.py - [line:944] -  在需求模式库中对酒店进行查找...

----------------------------------------
> Fri, 04 Sep 202014:28:26 - DEBUG - base_rp_db.py - [line:947] -  对于酒店的约束这样如何:


----------------------------------------
> Fri, 04 Sep 202014:28:26 - DEBUG - base_rp_db.py - [line:958] -  酒店的价格范围, 300到400元


----------------------------------------
> Fri, 04 Sep 202014:28:26 - DEBUG - base_rp_db.py - [line:958] -  酒店的评分范围, 4到9999分


----------------------------------------
> Fri, 04 Sep 202014:28:26 - DEBUG - base_rp_db.py - [line:975] -  酒店的酒店类型：豪华型


----------------------------------------
> Fri, 04 Sep 202014:28:26 - DEBUG - base_rp_db.py - [line:984] -  To user:对于酒店部分是否满意?


----------------------------------------
> Fri, 04 Sep 202014:28:26 - DEBUG - base_rp_db.py - [line:987] -  USER: 我觉得应该有如下修改：


----------------------------------------
> Fri, 04 Sep 202014:28:26 - DEBUG - base_rp_db.py - [line:1004] -  酒店的酒店类型：高档型


----------------------------------------
> Fri, 04 Sep 202014:28:26 - DEBUG - base_rp_db.py - [line:998] -  酒店的评分范围, 4到9999分


----------------------------------------
> Fri, 04 Sep 202014:28:26 - INFO - base_rp_db.py - [line:1007] -  --------Round End---------


----------------------------------------
> Fri, 04 Sep 202014:28:26 - DEBUG - base_rp_db.py - [line:584] -  ----------Round:8----------


----------------------------------------
> Fri, 04 Sep 202014:28:26 - DEBUG - base_rp_db.py - [line:591] -  To User: ---------检测到当前酒店下无子节点，请问对于该意图有什么其他的子需求吗-----


----------------------------------------
> Fri, 04 Sep 202014:28:26 - DEBUG - base_rp_db.py - [line:600] -  USER: 我还需要酒店设施-健身房


----------------------------------------
> Fri, 04 Sep 202014:28:26 - DEBUG - base_rp_db.py - [line:606] -  ----------Round:9----------


----------------------------------------
> Fri, 04 Sep 202014:28:26 - DEBUG - base_rp_db.py - [line:612] -  To User: 请问对于酒店意图有什么其他的子需求吗-----


----------------------------------------
> Fri, 04 Sep 202014:28:26 - DEBUG - base_rp_db.py - [line:600] -  USER: 我还需要酒店设施-洗衣服务


----------------------------------------
> Fri, 04 Sep 202014:28:26 - DEBUG - base_rp_db.py - [line:606] -  ----------Round:10----------


----------------------------------------
> Fri, 04 Sep 202014:28:26 - DEBUG - base_rp_db.py - [line:612] -  To User: 请问对于酒店意图有什么其他的子需求吗-----


----------------------------------------
> Fri, 04 Sep 202014:28:27 - DEBUG - base_rp_db.py - [line:600] -  USER: 我还需要酒店设施-叫醒服务


----------------------------------------
> Fri, 04 Sep 202014:28:27 - DEBUG - base_rp_db.py - [line:606] -  ----------Round:11----------


----------------------------------------
> Fri, 04 Sep 202014:28:27 - DEBUG - base_rp_db.py - [line:612] -  To User: 请问对于酒店意图有什么其他的子需求吗-----


----------------------------------------
> Fri, 04 Sep 202014:28:27 - DEBUG - base_rp_db.py - [line:600] -  USER: 我还需要酒店设施-行李寄存


----------------------------------------
> Fri, 04 Sep 202014:28:27 - DEBUG - base_rp_db.py - [line:606] -  ----------Round:12----------


----------------------------------------
> Fri, 04 Sep 202014:28:27 - DEBUG - base_rp_db.py - [line:612] -  To User: 请问对于酒店意图有什么其他的子需求吗-----


----------------------------------------
> Fri, 04 Sep 202014:28:27 - DEBUG - base_rp_db.py - [line:615] -  ----USER: 没了-----


----------------------------------------
> Fri, 04 Sep 202014:28:27 - DEBUG - base_rp_db.py - [line:662] -  ----------Round:13----------


----------------------------------------
> Fri, 04 Sep 202014:28:27 - DEBUG - base_rp_db.py - [line:665] -  请问您对于餐馆是否需要？


----------------------------------------
> Fri, 04 Sep 202014:28:27 - DEBUG - base_rp_db.py - [line:668] -  USER: 需要


----------------------------------------
> Fri, 04 Sep 202014:28:27 - INFO - base_rp_db.py - [line:871] -  ---模板树中对应餐馆意图无约束----


----------------------------------------
> Fri, 04 Sep 202014:28:27 - INFO - base_rp_db.py - [line:874] -  ----正在需求模式库中查找所有对应餐馆的模式或子模式约束...----


----------------------------------------
> Fri, 04 Sep 202014:28:27 - INFO - base_rp_db.py - [line:896] -  ----------Round:14----------


----------------------------------------
> Fri, 04 Sep 202014:28:27 - DEBUG - base_rp_db.py - [line:899] -  To User:对于餐馆的约束这样如何:


----------------------------------------
> Fri, 04 Sep 202014:28:27 - DEBUG - base_rp_db.py - [line:910] -  餐馆的人均消费范围, 50到100元


----------------------------------------
> Fri, 04 Sep 202014:28:27 - DEBUG - base_rp_db.py - [line:910] -  餐馆的评分范围, 4到9999分


----------------------------------------
> Fri, 04 Sep 202014:28:27 - DEBUG - base_rp_db.py - [line:936] -  To user:对于餐馆部分是否满意?


----------------------------------------
> Fri, 04 Sep 202014:28:27 - DEBUG - base_rp_db.py - [line:987] -  USER: 我觉得应该有如下修改：


----------------------------------------
> Fri, 04 Sep 202014:28:27 - DEBUG - base_rp_db.py - [line:998] -  餐馆的人均消费范围, 150到500元


----------------------------------------
> Fri, 04 Sep 202014:28:27 - INFO - base_rp_db.py - [line:1007] -  --------Round End---------


----------------------------------------
> Fri, 04 Sep 202014:28:27 - DEBUG - base_rp_db.py - [line:584] -  ----------Round:15----------


----------------------------------------
> Fri, 04 Sep 202014:28:27 - DEBUG - base_rp_db.py - [line:591] -  To User: ---------检测到当前餐馆下无子节点，请问对于该意图有什么其他的子需求吗-----


----------------------------------------
> Fri, 04 Sep 202014:28:27 - DEBUG - base_rp_db.py - [line:600] -  USER: 我还需要推荐菜-自制豆腐


----------------------------------------
> Fri, 04 Sep 202014:28:27 - DEBUG - base_rp_db.py - [line:606] -  ----------Round:16----------


----------------------------------------
> Fri, 04 Sep 202014:28:27 - DEBUG - base_rp_db.py - [line:612] -  To User: 请问对于餐馆意图有什么其他的子需求吗-----


----------------------------------------
> Fri, 04 Sep 202014:28:27 - DEBUG - base_rp_db.py - [line:615] -  ----USER: 没了-----


----------------------------------------
> Fri, 04 Sep 202014:28:27 - DEBUG - base_rp_db.py - [line:756] -  ----------Round:17----------


----------------------------------------
> Fri, 04 Sep 202014:28:27 - DEBUG - base_rp_db.py - [line:762] -  To User: 你对旅行还有什么新需求吗？


----------------------------------------
> Fri, 04 Sep 202014:28:27 - DEBUG - base_rp_db.py - [line:790] -  USER: 没有了


----------------------------------------
> Fri, 04 Sep 202014:28:27 - INFO - base_rp_db.py - [line:462] -  rps_db length: 5

----------------------------------------
> Fri, 04 Sep 202014:28:27 - INFO - base_rp_db.py - [line:462] -  rps_db length: 5

----------------------------------------
> Fri, 04 Sep 202014:28:27 - INFO - base_rp_db.py - [line:721] -  -----当前指针点为酒店设施-健身房


----------------------------------------
> Fri, 04 Sep 202014:28:27 - INFO - base_rp_db.py - [line:871] -  ---模板树中对应酒店设施-健身房意图无约束----


----------------------------------------
> Fri, 04 Sep 202014:28:27 - INFO - base_rp_db.py - [line:874] -  ----正在需求模式库中查找所有对应酒店设施-健身房的模式或子模式约束...----


----------------------------------------
> Fri, 04 Sep 202014:28:27 - DEBUG - base_rp_db.py - [line:879] -  ----------Round:18----------


----------------------------------------
> Fri, 04 Sep 202014:28:27 - INFO - base_rp_db.py - [line:882] -  ----需求模式库中酒店设施-健身房的约束为空.----


----------------------------------------
> Fri, 04 Sep 202014:28:27 - INFO - base_rp_db.py - [line:885] -  content酒店设施-健身房

----------------------------------------
> Fri, 04 Sep 202014:28:27 - INFO - base_rp_db.py - [line:888] -  restricts:[]

----------------------------------------
> Fri, 04 Sep 202014:28:27 - DEBUG - base_rp_db.py - [line:891] -  To user:对于酒店设施-健身房部分是否满意?


----------------------------------------
> Fri, 04 Sep 202014:28:27 - DEBUG - base_rp_db.py - [line:987] -  USER: 我觉得应该有如下修改：


----------------------------------------
> Fri, 04 Sep 202014:28:27 - INFO - base_rp_db.py - [line:1007] -  --------Round End---------


----------------------------------------
> Fri, 04 Sep 202014:28:27 - DEBUG - base_rp_db.py - [line:584] -  ----------Round:19----------


----------------------------------------
> Fri, 04 Sep 202014:28:27 - DEBUG - base_rp_db.py - [line:591] -  To User: ---------检测到当前酒店设施-健身房下无子节点，请问对于该意图有什么其他的子需求吗-----


----------------------------------------
> Fri, 04 Sep 202014:28:27 - DEBUG - base_rp_db.py - [line:595] -  ----USER: 没了-----


----------------------------------------
> Fri, 04 Sep 202014:28:27 - INFO - base_rp_db.py - [line:721] -  -----当前指针点为酒店设施-洗衣服务


----------------------------------------
> Fri, 04 Sep 202014:28:27 - INFO - base_rp_db.py - [line:871] -  ---模板树中对应酒店设施-洗衣服务意图无约束----


----------------------------------------
> Fri, 04 Sep 202014:28:27 - INFO - base_rp_db.py - [line:874] -  ----正在需求模式库中查找所有对应酒店设施-洗衣服务的模式或子模式约束...----


----------------------------------------
> Fri, 04 Sep 202014:28:27 - DEBUG - base_rp_db.py - [line:879] -  ----------Round:20----------


----------------------------------------
> Fri, 04 Sep 202014:28:27 - INFO - base_rp_db.py - [line:882] -  ----需求模式库中酒店设施-洗衣服务的约束为空.----


----------------------------------------
> Fri, 04 Sep 202014:28:27 - INFO - base_rp_db.py - [line:885] -  content酒店设施-洗衣服务

----------------------------------------
> Fri, 04 Sep 202014:28:27 - INFO - base_rp_db.py - [line:888] -  restricts:[]

----------------------------------------
> Fri, 04 Sep 202014:28:27 - DEBUG - base_rp_db.py - [line:891] -  To user:对于酒店设施-洗衣服务部分是否满意?


----------------------------------------
> Fri, 04 Sep 202014:28:27 - DEBUG - base_rp_db.py - [line:987] -  USER: 我觉得应该有如下修改：


----------------------------------------
> Fri, 04 Sep 202014:28:27 - INFO - base_rp_db.py - [line:1007] -  --------Round End---------


----------------------------------------
> Fri, 04 Sep 202014:28:27 - DEBUG - base_rp_db.py - [line:584] -  ----------Round:21----------


----------------------------------------
> Fri, 04 Sep 202014:28:27 - DEBUG - base_rp_db.py - [line:591] -  To User: ---------检测到当前酒店设施-洗衣服务下无子节点，请问对于该意图有什么其他的子需求吗-----


----------------------------------------
> Fri, 04 Sep 202014:28:27 - DEBUG - base_rp_db.py - [line:595] -  ----USER: 没了-----


----------------------------------------
> Fri, 04 Sep 202014:28:27 - INFO - base_rp_db.py - [line:721] -  -----当前指针点为酒店设施-叫醒服务


----------------------------------------
> Fri, 04 Sep 202014:28:27 - INFO - base_rp_db.py - [line:871] -  ---模板树中对应酒店设施-叫醒服务意图无约束----


----------------------------------------
> Fri, 04 Sep 202014:28:27 - INFO - base_rp_db.py - [line:874] -  ----正在需求模式库中查找所有对应酒店设施-叫醒服务的模式或子模式约束...----


----------------------------------------
> Fri, 04 Sep 202014:28:27 - DEBUG - base_rp_db.py - [line:879] -  ----------Round:22----------


----------------------------------------
> Fri, 04 Sep 202014:28:27 - INFO - base_rp_db.py - [line:882] -  ----需求模式库中酒店设施-叫醒服务的约束为空.----


----------------------------------------
> Fri, 04 Sep 202014:28:28 - INFO - base_rp_db.py - [line:885] -  content酒店设施-叫醒服务

----------------------------------------
> Fri, 04 Sep 202014:28:28 - INFO - base_rp_db.py - [line:888] -  restricts:[]

----------------------------------------
> Fri, 04 Sep 202014:28:28 - DEBUG - base_rp_db.py - [line:891] -  To user:对于酒店设施-叫醒服务部分是否满意?


----------------------------------------
> Fri, 04 Sep 202014:28:28 - DEBUG - base_rp_db.py - [line:987] -  USER: 我觉得应该有如下修改：


----------------------------------------
> Fri, 04 Sep 202014:28:28 - INFO - base_rp_db.py - [line:1007] -  --------Round End---------


----------------------------------------
> Fri, 04 Sep 202014:28:28 - DEBUG - base_rp_db.py - [line:584] -  ----------Round:23----------


----------------------------------------
> Fri, 04 Sep 202014:28:28 - DEBUG - base_rp_db.py - [line:591] -  To User: ---------检测到当前酒店设施-叫醒服务下无子节点，请问对于该意图有什么其他的子需求吗-----


----------------------------------------
> Fri, 04 Sep 202014:28:28 - DEBUG - base_rp_db.py - [line:595] -  ----USER: 没了-----


----------------------------------------
> Fri, 04 Sep 202014:28:28 - INFO - base_rp_db.py - [line:721] -  -----当前指针点为酒店设施-行李寄存


----------------------------------------
> Fri, 04 Sep 202014:28:28 - INFO - base_rp_db.py - [line:871] -  ---模板树中对应酒店设施-行李寄存意图无约束----


----------------------------------------
> Fri, 04 Sep 202014:28:28 - INFO - base_rp_db.py - [line:874] -  ----正在需求模式库中查找所有对应酒店设施-行李寄存的模式或子模式约束...----


----------------------------------------
> Fri, 04 Sep 202014:28:28 - DEBUG - base_rp_db.py - [line:879] -  ----------Round:24----------


----------------------------------------
> Fri, 04 Sep 202014:28:28 - INFO - base_rp_db.py - [line:882] -  ----需求模式库中酒店设施-行李寄存的约束为空.----


----------------------------------------
> Fri, 04 Sep 202014:28:28 - INFO - base_rp_db.py - [line:885] -  content酒店设施-行李寄存

----------------------------------------
> Fri, 04 Sep 202014:28:28 - INFO - base_rp_db.py - [line:888] -  restricts:[]

----------------------------------------
> Fri, 04 Sep 202014:28:28 - DEBUG - base_rp_db.py - [line:891] -  To user:对于酒店设施-行李寄存部分是否满意?


----------------------------------------
> Fri, 04 Sep 202014:28:28 - DEBUG - base_rp_db.py - [line:987] -  USER: 我觉得应该有如下修改：


----------------------------------------
> Fri, 04 Sep 202014:28:28 - INFO - base_rp_db.py - [line:1007] -  --------Round End---------


----------------------------------------
> Fri, 04 Sep 202014:28:28 - DEBUG - base_rp_db.py - [line:584] -  ----------Round:25----------


----------------------------------------
> Fri, 04 Sep 202014:28:28 - DEBUG - base_rp_db.py - [line:591] -  To User: ---------检测到当前酒店设施-行李寄存下无子节点，请问对于该意图有什么其他的子需求吗-----


----------------------------------------
> Fri, 04 Sep 202014:28:28 - DEBUG - base_rp_db.py - [line:595] -  ----USER: 没了-----


----------------------------------------
> Fri, 04 Sep 202014:28:28 - INFO - base_rp_db.py - [line:871] -  ---模板树中对应推荐菜-自制豆腐意图无约束----


----------------------------------------
> Fri, 04 Sep 202014:28:28 - INFO - base_rp_db.py - [line:874] -  ----正在需求模式库中查找所有对应推荐菜-自制豆腐的模式或子模式约束...----


----------------------------------------
> Fri, 04 Sep 202014:28:28 - DEBUG - base_rp_db.py - [line:879] -  ----------Round:26----------


----------------------------------------
> Fri, 04 Sep 202014:28:28 - INFO - base_rp_db.py - [line:882] -  ----需求模式库中推荐菜-自制豆腐的约束为空.----


----------------------------------------
> Fri, 04 Sep 202014:28:28 - INFO - base_rp_db.py - [line:885] -  content推荐菜-自制豆腐

----------------------------------------
> Fri, 04 Sep 202014:28:28 - INFO - base_rp_db.py - [line:888] -  restricts:[]

----------------------------------------
> Fri, 04 Sep 202014:28:28 - DEBUG - base_rp_db.py - [line:891] -  To user:对于推荐菜-自制豆腐部分是否满意?


----------------------------------------
> Fri, 04 Sep 202014:28:28 - DEBUG - base_rp_db.py - [line:987] -  USER: 我觉得应该有如下修改：


----------------------------------------
> Fri, 04 Sep 202014:28:28 - INFO - base_rp_db.py - [line:1007] -  --------Round End---------


----------------------------------------
> Fri, 04 Sep 202014:28:28 - DEBUG - base_rp_db.py - [line:584] -  ----------Round:27----------


----------------------------------------
> Fri, 04 Sep 202014:28:28 - DEBUG - base_rp_db.py - [line:591] -  To User: ---------检测到当前推荐菜-自制豆腐下无子节点，请问对于该意图有什么其他的子需求吗-----


----------------------------------------
> Fri, 04 Sep 202014:28:28 - DEBUG - base_rp_db.py - [line:595] -  ----USER: 没了-----


----------------------------------------
> Fri, 04 Sep 202014:28:28 - INFO - base_rp_db.py - [line:353] -  Generate Result:{'id': 0, 'goal': {'goalId': 4389, 'content': '旅行', 'parentId': -1, 'requireId': 700, 'restricts': [], 'optTargets': [], 'hasMatched': False, 'rpId': -1}, 'children': [{'id': 4390, 'goal': {'goalId': 4390, 'content': '景点', 'parentId': 4389, 'requireId': 700, 'restricts': [{'goalId': 4390, 'key': '门票', 'valueType': 'region', 'minValue': 0.0, 'maxValue': 0.0, 'unit': '元', 'value': ''}, {'goalId': 4390, 'key': '评分', 'valueType': 'enum', 'minValue': 0.0, 'maxValue': 999.0, 'unit': '', 'value': '5分'}, {'goalId': 4390, 'key': '游玩时间', 'valueType': 'region', 'minValue': 1.0, 'maxValue': 2.0, 'unit': '小时', 'value': ''}], 'optTargets': [], 'hasMatched': False, 'rpId': -1}, 'children': []}, {'id': 4391, 'goal': {'goalId': 4391, 'content': '酒店', 'parentId': 4389, 'requireId': 700, 'restricts': [{'goalId': 4391, 'key': '酒店类型', 'valueType': 'enum', 'minValue': 0.0, 'maxValue': 999.0, 'unit': '', 'value': '高档型'}, {'goalId': 4391, 'key': '评分', 'valueType': 'region', 'minValue': 4.0, 'maxValue': 9999.0, 'unit': '分', 'value': ''}], 'optTargets': [], 'hasMatched': False, 'rpId': -1}, 'children': [{'id': 4392, 'goal': {'goalId': 4392, 'content': '酒店设施-健身房', 'parentId': 4391, 'requireId': 700, 'restricts': [], 'optTargets': [], 'hasMatched': False, 'rpId': -1}, 'children': []}, {'id': 4393, 'goal': {'goalId': 4393, 'content': '酒店设施-洗衣服务', 'parentId': 4391, 'requireId': 700, 'restricts': [], 'optTargets': [], 'hasMatched': False, 'rpId': -1}, 'children': []}, {'id': 4394, 'goal': {'goalId': 4394, 'content': '酒店设施-叫醒服务', 'parentId': 4391, 'requireId': 700, 'restricts': [], 'optTargets': [], 'hasMatched': False, 'rpId': -1}, 'children': []}, {'id': 4395, 'goal': {'goalId': 4395, 'content': '酒店设施-行李寄存', 'parentId': 4391, 'requireId': 700, 'restricts': [], 'optTargets': [], 'hasMatched': False, 'rpId': -1}, 'children': []}]}, {'id': 4396, 'goal': {'goalId': 4396, 'content': '餐馆', 'parentId': 4389, 'requireId': 700, 'restricts': [{'goalId': 4396, 'key': '人均消费', 'valueType': 'region', 'minValue': 150.0, 'maxValue': 500.0, 'unit': '元', 'value': ''}], 'optTargets': [], 'hasMatched': False, 'rpId': -1}, 'children': [{'id': 4397, 'goal': {'goalId': 4397, 'content': '推荐菜-自制豆腐', 'parentId': 4396, 'requireId': 700, 'restricts': [], 'optTargets': [], 'hasMatched': False, 'rpId': -1}, 'children': []}]}], 'requireInfo': {'userId': 'test_require1', 'requireId': 700, 'timestamp': '2020-05-30T14:12:35.000+0800', 'state': 0, 'serviceSchemeUrl': None}, 'contexts': {}}

----------------------------------------
> Fri, 04 Sep 202014:28:28 - INFO - core_tree_pid_k2_e2_mod_1.py - [line:170] -  1006

----------------------------------------
> Fri, 04 Sep 202014:28:28 - INFO - core_tree_pid_k2_e2_mod_1.py - [line:180] -  --------对话已结束------------

