----------------------------------------
> Fri, 04 Sep 202014:09:56 - INFO - core_tree_pid_k2_e2_mod_1.py - [line:134] -  Start of program

----------------------------------------
> Fri, 04 Sep 202014:09:56 - INFO - core_tree_pid_k2_e2_mod_1.py - [line:138] -  test_id:


----------------------------------------
> Fri, 04 Sep 202014:09:56 - INFO - core_tree_pid_k2_e2_mod_1.py - [line:139] -  169

----------------------------------------
> Fri, 04 Sep 202014:09:56 - INFO - core_tree_pid_k2_e2_mod_1.py - [line:143] -  ------Round:1---------


----------------------------------------
> Fri, 04 Sep 202014:09:56 - DEBUG - core_tree_pid_k2_e2_mod_1.py - [line:145] -  您好，很高兴为您服务

----------------------------------------
> Fri, 04 Sep 202014:09:56 - DEBUG - core_tree_pid_k2_e2_mod_1.py - [line:150] -  USER: 我要去旅行

----------------------------------------
> Fri, 04 Sep 202014:09:56 - INFO - base_rp_db.py - [line:330] -  Model:{'id': 7428, 'goal': {'goalId': 7428, 'content': '旅行', 'parentId': -1, 'requireId': -1, 'restricts': [], 'optTargets': [], 'hasMatched': False, 'rpId': 243}, 'children': [{'id': 7429, 'goal': {'goalId': 7429, 'content': '景点', 'parentId': 7428, 'requireId': -1, 'restricts': [], 'optTargets': [], 'hasMatched': False, 'rpId': 243}, 'children': []}, {'id': 7430, 'goal': {'goalId': 7430, 'content': '酒店', 'parentId': 7428, 'requireId': -1, 'restricts': [{'goalId': 7430, 'key': '价格', 'valueType': 'region', 'minValue': 400.0, 'maxValue': 500.0, 'unit': '元', 'value': ''}, {'goalId': 7430, 'key': '酒店类型', 'valueType': 'enum', 'minValue': 0.0, 'maxValue': 999.0, 'unit': '', 'value': '高档型'}, {'goalId': 7430, 'key': '评分', 'valueType': 'region', 'minValue': 4.0, 'maxValue': 9999.0, 'unit': '分', 'value': ''}], 'optTargets': [], 'hasMatched': False, 'rpId': 243}, 'children': []}]}

----------------------------------------
> Fri, 04 Sep 202014:09:56 - INFO - base_rp_db.py - [line:462] -  rps_db length: 1

----------------------------------------
> Fri, 04 Sep 202014:09:56 - INFO - base_rp_db.py - [line:462] -  rps_db length: 1

----------------------------------------
> Fri, 04 Sep 202014:09:56 - INFO - base_rp_db.py - [line:871] -  ---模板树中对应旅行意图无约束----


----------------------------------------
> Fri, 04 Sep 202014:09:56 - INFO - base_rp_db.py - [line:874] -  ----正在需求模式库中查找所有对应旅行的模式或子模式约束...----


----------------------------------------
> Fri, 04 Sep 202014:09:56 - DEBUG - base_rp_db.py - [line:879] -  ----------Round:2----------


----------------------------------------
> Fri, 04 Sep 202014:09:56 - INFO - base_rp_db.py - [line:882] -  ----需求模式库中旅行的约束为空.----


----------------------------------------
> Fri, 04 Sep 202014:09:56 - INFO - base_rp_db.py - [line:885] -  content旅行

----------------------------------------
> Fri, 04 Sep 202014:09:56 - INFO - base_rp_db.py - [line:888] -  restricts:[]

----------------------------------------
> Fri, 04 Sep 202014:09:56 - DEBUG - base_rp_db.py - [line:891] -  To user:对于旅行部分是否满意?


----------------------------------------
> Fri, 04 Sep 202014:09:56 - DEBUG - base_rp_db.py - [line:987] -  USER: 我觉得应该有如下修改：


----------------------------------------
> Fri, 04 Sep 202014:09:56 - INFO - base_rp_db.py - [line:1007] -  --------Round End---------


----------------------------------------
> Fri, 04 Sep 202014:09:56 - INFO - base_rp_db.py - [line:462] -  rps_db length: 3

----------------------------------------
> Fri, 04 Sep 202014:09:56 - INFO - base_rp_db.py - [line:462] -  rps_db length: 2

----------------------------------------
> Fri, 04 Sep 202014:09:56 - DEBUG - base_rp_db.py - [line:673] -  ----------Round:3----------


----------------------------------------
> Fri, 04 Sep 202014:09:56 - DEBUG - base_rp_db.py - [line:676] -  请问您对于景点是否需要？


----------------------------------------
> Fri, 04 Sep 202014:09:56 - DEBUG - base_rp_db.py - [line:679] -  USER: 不需要


----------------------------------------
> Fri, 04 Sep 202014:09:56 - DEBUG - base_rp_db.py - [line:662] -  ----------Round:4----------


----------------------------------------
> Fri, 04 Sep 202014:09:56 - DEBUG - base_rp_db.py - [line:665] -  请问您对于酒店是否需要？


----------------------------------------
> Fri, 04 Sep 202014:09:56 - DEBUG - base_rp_db.py - [line:668] -  USER: 需要


----------------------------------------
> Fri, 04 Sep 202014:09:56 - INFO - base_rp_db.py - [line:941] -  ----------Round:5----------


----------------------------------------
> Fri, 04 Sep 202014:09:56 - DEBUG - base_rp_db.py - [line:944] -  在需求模式库中对酒店进行查找...

----------------------------------------
> Fri, 04 Sep 202014:09:56 - DEBUG - base_rp_db.py - [line:947] -  对于酒店的约束这样如何:


----------------------------------------
> Fri, 04 Sep 202014:09:56 - DEBUG - base_rp_db.py - [line:958] -  酒店的价格范围, 300到400元


----------------------------------------
> Fri, 04 Sep 202014:09:56 - DEBUG - base_rp_db.py - [line:958] -  酒店的评分范围, 4到9999分


----------------------------------------
> Fri, 04 Sep 202014:09:56 - DEBUG - base_rp_db.py - [line:975] -  酒店的酒店类型：豪华型


----------------------------------------
> Fri, 04 Sep 202014:09:56 - DEBUG - base_rp_db.py - [line:984] -  To user:对于酒店部分是否满意?


----------------------------------------
> Fri, 04 Sep 202014:09:56 - DEBUG - base_rp_db.py - [line:987] -  USER: 我觉得应该有如下修改：


----------------------------------------
> Fri, 04 Sep 202014:09:56 - DEBUG - base_rp_db.py - [line:1004] -  酒店的酒店类型：经济型


----------------------------------------
> Fri, 04 Sep 202014:09:56 - INFO - base_rp_db.py - [line:1007] -  --------Round End---------


----------------------------------------
> Fri, 04 Sep 202014:09:56 - DEBUG - base_rp_db.py - [line:584] -  ----------Round:6----------


----------------------------------------
> Fri, 04 Sep 202014:09:56 - DEBUG - base_rp_db.py - [line:591] -  To User: ---------检测到当前酒店下无子节点，请问对于该意图有什么其他的子需求吗-----


----------------------------------------
> Fri, 04 Sep 202014:09:56 - DEBUG - base_rp_db.py - [line:600] -  USER: 我还需要会议室


----------------------------------------
> Fri, 04 Sep 202014:09:56 - DEBUG - base_rp_db.py - [line:606] -  ----------Round:7----------


----------------------------------------
> Fri, 04 Sep 202014:09:56 - DEBUG - base_rp_db.py - [line:612] -  To User: 请问对于酒店意图有什么其他的子需求吗-----


----------------------------------------
> Fri, 04 Sep 202014:09:56 - DEBUG - base_rp_db.py - [line:600] -  USER: 我还需要酒店各处提供wifi


----------------------------------------
> Fri, 04 Sep 202014:09:56 - DEBUG - base_rp_db.py - [line:606] -  ----------Round:8----------


----------------------------------------
> Fri, 04 Sep 202014:09:56 - DEBUG - base_rp_db.py - [line:612] -  To User: 请问对于酒店意图有什么其他的子需求吗-----


----------------------------------------
> Fri, 04 Sep 202014:09:56 - DEBUG - base_rp_db.py - [line:615] -  ----USER: 没了-----


----------------------------------------
> Fri, 04 Sep 202014:09:56 - DEBUG - base_rp_db.py - [line:756] -  ----------Round:9----------


----------------------------------------
> Fri, 04 Sep 202014:09:56 - DEBUG - base_rp_db.py - [line:762] -  To User: 你对旅行还有什么新需求吗？


----------------------------------------
> Fri, 04 Sep 202014:09:56 - DEBUG - base_rp_db.py - [line:767] -  USER: 我要加入餐馆


----------------------------------------
> Fri, 04 Sep 202014:09:56 - INFO - base_rp_db.py - [line:941] -  ----------Round:10----------


----------------------------------------
> Fri, 04 Sep 202014:09:56 - DEBUG - base_rp_db.py - [line:944] -  在需求模式库中对餐馆进行查找...

----------------------------------------
> Fri, 04 Sep 202014:09:56 - DEBUG - base_rp_db.py - [line:947] -  对于餐馆的约束这样如何:


----------------------------------------
> Fri, 04 Sep 202014:09:56 - DEBUG - base_rp_db.py - [line:958] -  餐馆的人均消费范围, 50到100元


----------------------------------------
> Fri, 04 Sep 202014:09:56 - DEBUG - base_rp_db.py - [line:958] -  餐馆的评分范围, 4到9999分


----------------------------------------
> Fri, 04 Sep 202014:09:56 - DEBUG - base_rp_db.py - [line:984] -  To user:对于餐馆部分是否满意?


----------------------------------------
> Fri, 04 Sep 202014:09:56 - DEBUG - base_rp_db.py - [line:987] -  USER: 我觉得应该有如下修改：


----------------------------------------
> Fri, 04 Sep 202014:09:56 - DEBUG - base_rp_db.py - [line:998] -  餐馆的人均消费范围, 150到500元


----------------------------------------
> Fri, 04 Sep 202014:09:56 - INFO - base_rp_db.py - [line:1007] -  --------Round End---------


----------------------------------------
> Fri, 04 Sep 202014:09:56 - DEBUG - base_rp_db.py - [line:584] -  ----------Round:11----------


----------------------------------------
> Fri, 04 Sep 202014:09:56 - DEBUG - base_rp_db.py - [line:591] -  To User: ---------检测到当前餐馆下无子节点，请问对于该意图有什么其他的子需求吗-----


----------------------------------------
> Fri, 04 Sep 202014:09:56 - DEBUG - base_rp_db.py - [line:600] -  USER: 我还需要糟溜鸭三白


----------------------------------------
> Fri, 04 Sep 202014:09:56 - DEBUG - base_rp_db.py - [line:606] -  ----------Round:12----------


----------------------------------------
> Fri, 04 Sep 202014:09:56 - DEBUG - base_rp_db.py - [line:612] -  To User: 请问对于餐馆意图有什么其他的子需求吗-----


----------------------------------------
> Fri, 04 Sep 202014:09:56 - DEBUG - base_rp_db.py - [line:615] -  ----USER: 没了-----


----------------------------------------
> Fri, 04 Sep 202014:09:56 - DEBUG - base_rp_db.py - [line:781] -  ----------Round:13----------


----------------------------------------
> Fri, 04 Sep 202014:09:57 - DEBUG - base_rp_db.py - [line:787] -  To User: 你对旅行还有什么新需求吗？


----------------------------------------
> Fri, 04 Sep 202014:09:57 - DEBUG - base_rp_db.py - [line:767] -  USER: 我要加入地铁


----------------------------------------
> Fri, 04 Sep 202014:09:57 - INFO - base_rp_db.py - [line:941] -  ----------Round:14----------


----------------------------------------
> Fri, 04 Sep 202014:09:57 - DEBUG - base_rp_db.py - [line:944] -  在需求模式库中对地铁进行查找...

----------------------------------------
> Fri, 04 Sep 202014:09:57 - DEBUG - base_rp_db.py - [line:947] -  对于地铁的约束这样如何:


----------------------------------------
> Fri, 04 Sep 202014:09:57 - DEBUG - base_rp_db.py - [line:975] -  地铁的目的地：北京香江戴斯酒店


----------------------------------------
> Fri, 04 Sep 202014:09:57 - DEBUG - base_rp_db.py - [line:975] -  地铁的出发地：天安门广场


----------------------------------------
> Fri, 04 Sep 202014:09:57 - DEBUG - base_rp_db.py - [line:984] -  To user:对于地铁部分是否满意?


----------------------------------------
> Fri, 04 Sep 202014:09:57 - DEBUG - base_rp_db.py - [line:987] -  USER: 我觉得应该有如下修改：


----------------------------------------
> Fri, 04 Sep 202014:09:57 - DEBUG - base_rp_db.py - [line:1004] -  地铁的出发地：飘HOME连锁酒店(北京西客站店)


----------------------------------------
> Fri, 04 Sep 202014:09:57 - DEBUG - base_rp_db.py - [line:1004] -  地铁的目的地：全聚德烤鸭店(清华园店)


----------------------------------------
> Fri, 04 Sep 202014:09:57 - INFO - base_rp_db.py - [line:1007] -  --------Round End---------


----------------------------------------
> Fri, 04 Sep 202014:09:57 - DEBUG - base_rp_db.py - [line:584] -  ----------Round:15----------


----------------------------------------
> Fri, 04 Sep 202014:09:57 - DEBUG - base_rp_db.py - [line:591] -  To User: ---------检测到当前地铁下无子节点，请问对于该意图有什么其他的子需求吗-----


----------------------------------------
> Fri, 04 Sep 202014:09:57 - DEBUG - base_rp_db.py - [line:595] -  ----USER: 没了-----


----------------------------------------
> Fri, 04 Sep 202014:09:57 - DEBUG - base_rp_db.py - [line:781] -  ----------Round:16----------


----------------------------------------
> Fri, 04 Sep 202014:09:57 - DEBUG - base_rp_db.py - [line:787] -  To User: 你对旅行还有什么新需求吗？


----------------------------------------
> Fri, 04 Sep 202014:09:57 - DEBUG - base_rp_db.py - [line:790] -  USER: 没有了


----------------------------------------
> Fri, 04 Sep 202014:09:57 - INFO - base_rp_db.py - [line:462] -  rps_db length: 3

----------------------------------------
> Fri, 04 Sep 202014:09:57 - INFO - base_rp_db.py - [line:462] -  rps_db length: 3

----------------------------------------
> Fri, 04 Sep 202014:09:57 - INFO - base_rp_db.py - [line:721] -  -----当前指针点为会议室


----------------------------------------
> Fri, 04 Sep 202014:09:57 - INFO - base_rp_db.py - [line:871] -  ---模板树中对应会议室意图无约束----


----------------------------------------
> Fri, 04 Sep 202014:09:57 - INFO - base_rp_db.py - [line:874] -  ----正在需求模式库中查找所有对应会议室的模式或子模式约束...----


----------------------------------------
> Fri, 04 Sep 202014:09:57 - DEBUG - base_rp_db.py - [line:879] -  ----------Round:17----------


----------------------------------------
> Fri, 04 Sep 202014:09:57 - INFO - base_rp_db.py - [line:882] -  ----需求模式库中会议室的约束为空.----


----------------------------------------
> Fri, 04 Sep 202014:09:57 - INFO - base_rp_db.py - [line:885] -  content会议室

----------------------------------------
> Fri, 04 Sep 202014:09:57 - INFO - base_rp_db.py - [line:888] -  restricts:[]

----------------------------------------
> Fri, 04 Sep 202014:09:57 - DEBUG - base_rp_db.py - [line:891] -  To user:对于会议室部分是否满意?


----------------------------------------
> Fri, 04 Sep 202014:09:57 - DEBUG - base_rp_db.py - [line:987] -  USER: 我觉得应该有如下修改：


----------------------------------------
> Fri, 04 Sep 202014:09:57 - INFO - base_rp_db.py - [line:1007] -  --------Round End---------


----------------------------------------
> Fri, 04 Sep 202014:09:57 - DEBUG - base_rp_db.py - [line:584] -  ----------Round:18----------


----------------------------------------
> Fri, 04 Sep 202014:09:57 - DEBUG - base_rp_db.py - [line:591] -  To User: ---------检测到当前会议室下无子节点，请问对于该意图有什么其他的子需求吗-----


----------------------------------------
> Fri, 04 Sep 202014:09:57 - DEBUG - base_rp_db.py - [line:595] -  ----USER: 没了-----


----------------------------------------
> Fri, 04 Sep 202014:09:57 - INFO - base_rp_db.py - [line:721] -  -----当前指针点为酒店各处提供wifi


----------------------------------------
> Fri, 04 Sep 202014:09:57 - INFO - base_rp_db.py - [line:871] -  ---模板树中对应酒店各处提供wifi意图无约束----


----------------------------------------
> Fri, 04 Sep 202014:09:57 - INFO - base_rp_db.py - [line:874] -  ----正在需求模式库中查找所有对应酒店各处提供wifi的模式或子模式约束...----


----------------------------------------
> Fri, 04 Sep 202014:09:57 - DEBUG - base_rp_db.py - [line:879] -  ----------Round:19----------


----------------------------------------
> Fri, 04 Sep 202014:09:57 - INFO - base_rp_db.py - [line:882] -  ----需求模式库中酒店各处提供wifi的约束为空.----


----------------------------------------
> Fri, 04 Sep 202014:09:57 - INFO - base_rp_db.py - [line:885] -  content酒店各处提供wifi

----------------------------------------
> Fri, 04 Sep 202014:09:57 - INFO - base_rp_db.py - [line:888] -  restricts:[]

----------------------------------------
> Fri, 04 Sep 202014:09:57 - DEBUG - base_rp_db.py - [line:891] -  To user:对于酒店各处提供wifi部分是否满意?


----------------------------------------
> Fri, 04 Sep 202014:09:57 - DEBUG - base_rp_db.py - [line:987] -  USER: 我觉得应该有如下修改：


----------------------------------------
> Fri, 04 Sep 202014:09:57 - INFO - base_rp_db.py - [line:1007] -  --------Round End---------


----------------------------------------
> Fri, 04 Sep 202014:09:57 - DEBUG - base_rp_db.py - [line:584] -  ----------Round:20----------


----------------------------------------
> Fri, 04 Sep 202014:09:57 - DEBUG - base_rp_db.py - [line:591] -  To User: ---------检测到当前酒店各处提供wifi下无子节点，请问对于该意图有什么其他的子需求吗-----


----------------------------------------
> Fri, 04 Sep 202014:09:57 - DEBUG - base_rp_db.py - [line:595] -  ----USER: 没了-----


----------------------------------------
> Fri, 04 Sep 202014:09:57 - INFO - base_rp_db.py - [line:1064] -  ---未使用模式库或模式库或需求知识图谱中无糟溜鸭三白意图----


----------------------------------------
> Fri, 04 Sep 202014:09:57 - INFO - base_rp_db.py - [line:1068] -  ----------Round:21----------


----------------------------------------
> Fri, 04 Sep 202014:09:57 - DEBUG - base_rp_db.py - [line:1071] -  To User: 无法匹配糟溜鸭三白


----------------------------------------
> Fri, 04 Sep 202014:09:57 - DEBUG - base_rp_db.py - [line:1075] -  To User: 你对糟溜鸭三白的约束是什么？


----------------------------------------
> Fri, 04 Sep 202014:09:57 - DEBUG - base_rp_db.py - [line:1110] -  USER: 我都无所谓


----------------------------------------
> Fri, 04 Sep 202014:09:57 - DEBUG - base_rp_db.py - [line:584] -  ----------Round:22----------


----------------------------------------
> Fri, 04 Sep 202014:09:57 - DEBUG - base_rp_db.py - [line:591] -  To User: ---------检测到当前糟溜鸭三白下无子节点，请问对于该意图有什么其他的子需求吗-----


----------------------------------------
> Fri, 04 Sep 202014:09:57 - DEBUG - base_rp_db.py - [line:595] -  ----USER: 没了-----


----------------------------------------
> Fri, 04 Sep 202014:09:57 - INFO - base_rp_db.py - [line:353] -  Generate Result:{'id': 0, 'goal': {'goalId': 3146, 'content': '旅行', 'parentId': -1, 'requireId': 455, 'restricts': [], 'optTargets': [], 'hasMatched': False, 'rpId': -1}, 'children': [{'id': 3147, 'goal': {'goalId': 3147, 'content': '酒店', 'parentId': 3146, 'requireId': 455, 'restricts': [{'goalId': 3147, 'key': '酒店类型', 'valueType': 'enum', 'minValue': 0.0, 'maxValue': 999.0, 'unit': '', 'value': '经济型'}], 'optTargets': [], 'hasMatched': False, 'rpId': -1}, 'children': [{'id': 3148, 'goal': {'goalId': 3148, 'content': '会议室', 'parentId': 3147, 'requireId': 455, 'restricts': [], 'optTargets': [], 'hasMatched': False, 'rpId': -1}, 'children': []}, {'id': 3149, 'goal': {'goalId': 3149, 'content': '酒店各处提供wifi', 'parentId': 3147, 'requireId': 455, 'restricts': [], 'optTargets': [], 'hasMatched': False, 'rpId': -1}, 'children': []}]}, {'id': 3150, 'goal': {'goalId': 3150, 'content': '餐馆', 'parentId': 3146, 'requireId': 455, 'restricts': [{'goalId': 3150, 'key': '人均消费', 'valueType': 'region', 'minValue': 150.0, 'maxValue': 500.0, 'unit': '元', 'value': ''}], 'optTargets': [], 'hasMatched': False, 'rpId': -1}, 'children': [{'id': 3151, 'goal': {'goalId': 3151, 'content': '糟溜鸭三白', 'parentId': 3150, 'requireId': 455, 'restricts': [], 'optTargets': [], 'hasMatched': False, 'rpId': -1}, 'children': []}]}, {'id': 3152, 'goal': {'goalId': 3152, 'content': '地铁', 'parentId': 3146, 'requireId': 455, 'restricts': [{'goalId': 3152, 'key': '出发地', 'valueType': 'enum', 'minValue': 0.0, 'maxValue': 999.0, 'unit': '', 'value': '飘HOME连锁酒店(北京西客站店)'}, {'goalId': 3152, 'key': '目的地', 'valueType': 'enum', 'minValue': 0.0, 'maxValue': 999.0, 'unit': '', 'value': '全聚德烤鸭店(清华园店)'}], 'optTargets': [], 'hasMatched': False, 'rpId': -1}, 'children': []}], 'requireInfo': {'userId': 'test_require1', 'requireId': 455, 'timestamp': '2020-04-28T11:30:10.000+0800', 'state': 0, 'serviceSchemeUrl': None}, 'contexts': {}}

----------------------------------------
> Fri, 04 Sep 202014:09:57 - INFO - core_tree_pid_k2_e2_mod_1.py - [line:170] -  169

----------------------------------------
> Fri, 04 Sep 202014:09:57 - INFO - core_tree_pid_k2_e2_mod_1.py - [line:180] -  --------对话已结束------------

