----------------------------------------
> Fri, 04 Sep 202014:30:08 - INFO - core_tree_pid_k2_e2_mod_3.py - [line:134] -  Start of program

----------------------------------------
> Fri, 04 Sep 202014:30:08 - INFO - core_tree_pid_k2_e2_mod_3.py - [line:138] -  test_id:


----------------------------------------
> Fri, 04 Sep 202014:30:08 - INFO - core_tree_pid_k2_e2_mod_3.py - [line:139] -  5048

----------------------------------------
> Fri, 04 Sep 202014:30:08 - INFO - core_tree_pid_k2_e2_mod_3.py - [line:143] -  ------Round:1---------


----------------------------------------
> Fri, 04 Sep 202014:30:08 - DEBUG - core_tree_pid_k2_e2_mod_3.py - [line:145] -  您好，很高兴为您服务

----------------------------------------
> Fri, 04 Sep 202014:30:08 - DEBUG - core_tree_pid_k2_e2_mod_3.py - [line:150] -  USER: 我要去旅行

----------------------------------------
> Fri, 04 Sep 202014:30:08 - INFO - base_rp_db.py - [line:330] -  Model:{'id': 12549, 'goal': {'goalId': 12549, 'content': '旅行', 'parentId': -1, 'requireId': -1, 'restricts': [], 'optTargets': [], 'hasMatched': False, 'rpId': 1702}, 'children': [{'id': 12551, 'goal': {'goalId': 12551, 'content': '酒店', 'parentId': 12549, 'requireId': -1, 'restricts': [{'goalId': 12551, 'key': '评分', 'valueType': 'region', 'minValue': 4.0, 'maxValue': 9999.0, 'unit': '分', 'value': ''}, {'goalId': 12551, 'key': '价格', 'valueType': 'region', 'minValue': 500.0, 'maxValue': 600.0, 'unit': '元', 'value': ''}, {'goalId': 12551, 'key': '酒店类型', 'valueType': 'enum', 'minValue': 0.0, 'maxValue': 999.0, 'unit': '', 'value': '经济型'}], 'optTargets': [], 'hasMatched': False, 'rpId': 1702}, 'children': []}]}

----------------------------------------
> Fri, 04 Sep 202014:30:08 - INFO - base_rp_db.py - [line:462] -  rps_db length: 1

----------------------------------------
> Fri, 04 Sep 202014:30:08 - INFO - base_rp_db.py - [line:462] -  rps_db length: 1

----------------------------------------
> Fri, 04 Sep 202014:30:08 - INFO - base_rp_db.py - [line:871] -  ---模板树中对应旅行意图无约束----


----------------------------------------
> Fri, 04 Sep 202014:30:09 - INFO - base_rp_db.py - [line:874] -  ----正在需求模式库中查找所有对应旅行的模式或子模式约束...----


----------------------------------------
> Fri, 04 Sep 202014:30:09 - DEBUG - base_rp_db.py - [line:879] -  ----------Round:2----------


----------------------------------------
> Fri, 04 Sep 202014:30:09 - INFO - base_rp_db.py - [line:882] -  ----需求模式库中旅行的约束为空.----


----------------------------------------
> Fri, 04 Sep 202014:30:09 - INFO - base_rp_db.py - [line:885] -  content旅行

----------------------------------------
> Fri, 04 Sep 202014:30:09 - INFO - base_rp_db.py - [line:888] -  restricts:[]

----------------------------------------
> Fri, 04 Sep 202014:30:09 - DEBUG - base_rp_db.py - [line:891] -  To user:对于旅行部分是否满意?


----------------------------------------
> Fri, 04 Sep 202014:30:09 - DEBUG - base_rp_db.py - [line:987] -  USER: 我觉得应该有如下修改：


----------------------------------------
> Fri, 04 Sep 202014:30:09 - INFO - base_rp_db.py - [line:1007] -  --------Round End---------


----------------------------------------
> Fri, 04 Sep 202014:30:09 - INFO - base_rp_db.py - [line:462] -  rps_db length: 2

----------------------------------------
> Fri, 04 Sep 202014:30:09 - INFO - base_rp_db.py - [line:462] -  rps_db length: 1

----------------------------------------
> Fri, 04 Sep 202014:30:09 - DEBUG - base_rp_db.py - [line:662] -  ----------Round:3----------


----------------------------------------
> Fri, 04 Sep 202014:30:09 - DEBUG - base_rp_db.py - [line:665] -  请问您对于酒店是否需要？


----------------------------------------
> Fri, 04 Sep 202014:30:09 - DEBUG - base_rp_db.py - [line:668] -  USER: 需要


----------------------------------------
> Fri, 04 Sep 202014:30:09 - INFO - base_rp_db.py - [line:941] -  ----------Round:4----------


----------------------------------------
> Fri, 04 Sep 202014:30:09 - DEBUG - base_rp_db.py - [line:944] -  在需求模式库中对酒店进行查找...

----------------------------------------
> Fri, 04 Sep 202014:30:09 - DEBUG - base_rp_db.py - [line:947] -  对于酒店的约束这样如何:


----------------------------------------
> Fri, 04 Sep 202014:30:09 - DEBUG - base_rp_db.py - [line:958] -  酒店的价格范围, 300到400元


----------------------------------------
> Fri, 04 Sep 202014:30:09 - DEBUG - base_rp_db.py - [line:958] -  酒店的评分范围, 4到9999分


----------------------------------------
> Fri, 04 Sep 202014:30:09 - DEBUG - base_rp_db.py - [line:975] -  酒店的酒店类型：豪华型


----------------------------------------
> Fri, 04 Sep 202014:30:09 - DEBUG - base_rp_db.py - [line:984] -  To user:对于酒店部分是否满意?


----------------------------------------
> Fri, 04 Sep 202014:30:09 - DEBUG - base_rp_db.py - [line:987] -  USER: 我觉得应该有如下修改：


----------------------------------------
> Fri, 04 Sep 202014:30:09 - DEBUG - base_rp_db.py - [line:998] -  酒店的价格范围, 100到200元


----------------------------------------
> Fri, 04 Sep 202014:30:09 - DEBUG - base_rp_db.py - [line:1004] -  酒店的酒店类型：豪华型


----------------------------------------
> Fri, 04 Sep 202014:30:09 - INFO - base_rp_db.py - [line:1007] -  --------Round End---------


----------------------------------------
> Fri, 04 Sep 202014:30:09 - DEBUG - base_rp_db.py - [line:584] -  ----------Round:5----------


----------------------------------------
> Fri, 04 Sep 202014:30:09 - DEBUG - base_rp_db.py - [line:591] -  To User: ---------检测到当前酒店下无子节点，请问对于该意图有什么其他的子需求吗-----


----------------------------------------
> Fri, 04 Sep 202014:30:09 - DEBUG - base_rp_db.py - [line:600] -  USER: 我还需要酒店设施-商务中心


----------------------------------------
> Fri, 04 Sep 202014:30:09 - DEBUG - base_rp_db.py - [line:606] -  ----------Round:6----------


----------------------------------------
> Fri, 04 Sep 202014:30:09 - DEBUG - base_rp_db.py - [line:612] -  To User: 请问对于酒店意图有什么其他的子需求吗-----


----------------------------------------
> Fri, 04 Sep 202014:30:09 - DEBUG - base_rp_db.py - [line:600] -  USER: 我还需要酒店设施-洗衣服务


----------------------------------------
> Fri, 04 Sep 202014:30:09 - DEBUG - base_rp_db.py - [line:606] -  ----------Round:7----------


----------------------------------------
> Fri, 04 Sep 202014:30:09 - DEBUG - base_rp_db.py - [line:612] -  To User: 请问对于酒店意图有什么其他的子需求吗-----


----------------------------------------
> Fri, 04 Sep 202014:30:09 - DEBUG - base_rp_db.py - [line:615] -  ----USER: 没了-----


----------------------------------------
> Fri, 04 Sep 202014:30:09 - DEBUG - base_rp_db.py - [line:756] -  ----------Round:8----------


----------------------------------------
> Fri, 04 Sep 202014:30:09 - DEBUG - base_rp_db.py - [line:762] -  To User: 你对旅行还有什么新需求吗？


----------------------------------------
> Fri, 04 Sep 202014:30:09 - DEBUG - base_rp_db.py - [line:767] -  USER: 我要加入餐馆


----------------------------------------
> Fri, 04 Sep 202014:30:09 - INFO - base_rp_db.py - [line:941] -  ----------Round:9----------


----------------------------------------
> Fri, 04 Sep 202014:30:09 - DEBUG - base_rp_db.py - [line:944] -  在需求模式库中对餐馆进行查找...

----------------------------------------
> Fri, 04 Sep 202014:30:09 - DEBUG - base_rp_db.py - [line:947] -  对于餐馆的约束这样如何:


----------------------------------------
> Fri, 04 Sep 202014:30:09 - DEBUG - base_rp_db.py - [line:958] -  餐馆的人均消费范围, 50到100元


----------------------------------------
> Fri, 04 Sep 202014:30:09 - DEBUG - base_rp_db.py - [line:958] -  餐馆的评分范围, 4到9999分


----------------------------------------
> Fri, 04 Sep 202014:30:09 - DEBUG - base_rp_db.py - [line:984] -  To user:对于餐馆部分是否满意?


----------------------------------------
> Fri, 04 Sep 202014:30:09 - DEBUG - base_rp_db.py - [line:987] -  USER: 我觉得应该有如下修改：


----------------------------------------
> Fri, 04 Sep 202014:30:09 - DEBUG - base_rp_db.py - [line:998] -  餐馆的人均消费范围, 50到100元


----------------------------------------
> Fri, 04 Sep 202014:30:09 - INFO - base_rp_db.py - [line:1007] -  --------Round End---------


----------------------------------------
> Fri, 04 Sep 202014:30:09 - DEBUG - base_rp_db.py - [line:584] -  ----------Round:10----------


----------------------------------------
> Fri, 04 Sep 202014:30:09 - DEBUG - base_rp_db.py - [line:591] -  To User: ---------检测到当前餐馆下无子节点，请问对于该意图有什么其他的子需求吗-----


----------------------------------------
> Fri, 04 Sep 202014:30:09 - DEBUG - base_rp_db.py - [line:600] -  USER: 我还需要推荐菜-松肉


----------------------------------------
> Fri, 04 Sep 202014:30:09 - DEBUG - base_rp_db.py - [line:606] -  ----------Round:11----------


----------------------------------------
> Fri, 04 Sep 202014:30:09 - DEBUG - base_rp_db.py - [line:612] -  To User: 请问对于餐馆意图有什么其他的子需求吗-----


----------------------------------------
> Fri, 04 Sep 202014:30:09 - DEBUG - base_rp_db.py - [line:615] -  ----USER: 没了-----


----------------------------------------
> Fri, 04 Sep 202014:30:09 - DEBUG - base_rp_db.py - [line:781] -  ----------Round:12----------


----------------------------------------
> Fri, 04 Sep 202014:30:09 - DEBUG - base_rp_db.py - [line:787] -  To User: 你对旅行还有什么新需求吗？


----------------------------------------
> Fri, 04 Sep 202014:30:09 - DEBUG - base_rp_db.py - [line:790] -  USER: 没有了


----------------------------------------
> Fri, 04 Sep 202014:30:09 - INFO - base_rp_db.py - [line:462] -  rps_db length: 3

----------------------------------------
> Fri, 04 Sep 202014:30:10 - INFO - base_rp_db.py - [line:462] -  rps_db length: 3

----------------------------------------
> Fri, 04 Sep 202014:30:10 - INFO - base_rp_db.py - [line:721] -  -----当前指针点为酒店设施-商务中心


----------------------------------------
> Fri, 04 Sep 202014:30:10 - INFO - base_rp_db.py - [line:871] -  ---模板树中对应酒店设施-商务中心意图无约束----


----------------------------------------
> Fri, 04 Sep 202014:30:10 - INFO - base_rp_db.py - [line:874] -  ----正在需求模式库中查找所有对应酒店设施-商务中心的模式或子模式约束...----


----------------------------------------
> Fri, 04 Sep 202014:30:10 - DEBUG - base_rp_db.py - [line:879] -  ----------Round:13----------


----------------------------------------
> Fri, 04 Sep 202014:30:10 - INFO - base_rp_db.py - [line:882] -  ----需求模式库中酒店设施-商务中心的约束为空.----


----------------------------------------
> Fri, 04 Sep 202014:30:10 - INFO - base_rp_db.py - [line:885] -  content酒店设施-商务中心

----------------------------------------
> Fri, 04 Sep 202014:30:10 - INFO - base_rp_db.py - [line:888] -  restricts:[]

----------------------------------------
> Fri, 04 Sep 202014:30:10 - DEBUG - base_rp_db.py - [line:891] -  To user:对于酒店设施-商务中心部分是否满意?


----------------------------------------
> Fri, 04 Sep 202014:30:10 - DEBUG - base_rp_db.py - [line:987] -  USER: 我觉得应该有如下修改：


----------------------------------------
> Fri, 04 Sep 202014:30:10 - INFO - base_rp_db.py - [line:1007] -  --------Round End---------


----------------------------------------
> Fri, 04 Sep 202014:30:10 - DEBUG - base_rp_db.py - [line:584] -  ----------Round:14----------


----------------------------------------
> Fri, 04 Sep 202014:30:10 - DEBUG - base_rp_db.py - [line:591] -  To User: ---------检测到当前酒店设施-商务中心下无子节点，请问对于该意图有什么其他的子需求吗-----


----------------------------------------
> Fri, 04 Sep 202014:30:10 - DEBUG - base_rp_db.py - [line:595] -  ----USER: 没了-----


----------------------------------------
> Fri, 04 Sep 202014:30:10 - INFO - base_rp_db.py - [line:721] -  -----当前指针点为酒店设施-洗衣服务


----------------------------------------
> Fri, 04 Sep 202014:30:10 - INFO - base_rp_db.py - [line:871] -  ---模板树中对应酒店设施-洗衣服务意图无约束----


----------------------------------------
> Fri, 04 Sep 202014:30:10 - INFO - base_rp_db.py - [line:874] -  ----正在需求模式库中查找所有对应酒店设施-洗衣服务的模式或子模式约束...----


----------------------------------------
> Fri, 04 Sep 202014:30:10 - DEBUG - base_rp_db.py - [line:879] -  ----------Round:15----------


----------------------------------------
> Fri, 04 Sep 202014:30:10 - INFO - base_rp_db.py - [line:882] -  ----需求模式库中酒店设施-洗衣服务的约束为空.----


----------------------------------------
> Fri, 04 Sep 202014:30:10 - INFO - base_rp_db.py - [line:885] -  content酒店设施-洗衣服务

----------------------------------------
> Fri, 04 Sep 202014:30:10 - INFO - base_rp_db.py - [line:888] -  restricts:[]

----------------------------------------
> Fri, 04 Sep 202014:30:10 - DEBUG - base_rp_db.py - [line:891] -  To user:对于酒店设施-洗衣服务部分是否满意?


----------------------------------------
> Fri, 04 Sep 202014:30:10 - DEBUG - base_rp_db.py - [line:987] -  USER: 我觉得应该有如下修改：


----------------------------------------
> Fri, 04 Sep 202014:30:10 - INFO - base_rp_db.py - [line:1007] -  --------Round End---------


----------------------------------------
> Fri, 04 Sep 202014:30:10 - DEBUG - base_rp_db.py - [line:584] -  ----------Round:16----------


----------------------------------------
> Fri, 04 Sep 202014:30:10 - DEBUG - base_rp_db.py - [line:591] -  To User: ---------检测到当前酒店设施-洗衣服务下无子节点，请问对于该意图有什么其他的子需求吗-----


----------------------------------------
> Fri, 04 Sep 202014:30:10 - DEBUG - base_rp_db.py - [line:595] -  ----USER: 没了-----


----------------------------------------
> Fri, 04 Sep 202014:30:10 - INFO - base_rp_db.py - [line:1064] -  ---未使用模式库或模式库或需求知识图谱中无推荐菜-松肉意图----


----------------------------------------
> Fri, 04 Sep 202014:30:10 - INFO - base_rp_db.py - [line:1068] -  ----------Round:17----------


----------------------------------------
> Fri, 04 Sep 202014:30:10 - DEBUG - base_rp_db.py - [line:1071] -  To User: 无法匹配推荐菜-松肉


----------------------------------------
> Fri, 04 Sep 202014:30:10 - DEBUG - base_rp_db.py - [line:1075] -  To User: 你对推荐菜-松肉的约束是什么？


----------------------------------------
> Fri, 04 Sep 202014:30:10 - DEBUG - base_rp_db.py - [line:1110] -  USER: 我都无所谓


----------------------------------------
> Fri, 04 Sep 202014:30:10 - DEBUG - base_rp_db.py - [line:584] -  ----------Round:18----------


----------------------------------------
> Fri, 04 Sep 202014:30:10 - DEBUG - base_rp_db.py - [line:591] -  To User: ---------检测到当前推荐菜-松肉下无子节点，请问对于该意图有什么其他的子需求吗-----


----------------------------------------
> Fri, 04 Sep 202014:30:10 - DEBUG - base_rp_db.py - [line:595] -  ----USER: 没了-----


----------------------------------------
> Fri, 04 Sep 202014:30:10 - INFO - base_rp_db.py - [line:353] -  Generate Result:{'id': 0, 'goal': {'goalId': 25313, 'content': '旅行', 'parentId': -1, 'requireId': 4742, 'restricts': [], 'optTargets': [], 'hasMatched': False, 'rpId': -1}, 'children': [{'id': 25314, 'goal': {'goalId': 25314, 'content': '餐馆', 'parentId': 25313, 'requireId': 4742, 'restricts': [{'goalId': 25314, 'key': '人均消费', 'valueType': 'region', 'minValue': 50.0, 'maxValue': 100.0, 'unit': '元', 'value': ''}], 'optTargets': [], 'hasMatched': False, 'rpId': -1}, 'children': [{'id': 25315, 'goal': {'goalId': 25315, 'content': '推荐菜-松肉', 'parentId': 25314, 'requireId': 4742, 'restricts': [], 'optTargets': [], 'hasMatched': False, 'rpId': -1}, 'children': []}]}, {'id': 25316, 'goal': {'goalId': 25316, 'content': '酒店', 'parentId': 25313, 'requireId': 4742, 'restricts': [{'goalId': 25316, 'key': '价格', 'valueType': 'region', 'minValue': 100.0, 'maxValue': 200.0, 'unit': '元', 'value': ''}, {'goalId': 25316, 'key': '酒店类型', 'valueType': 'enum', 'minValue': 0.0, 'maxValue': 999.0, 'unit': '', 'value': '豪华型'}], 'optTargets': [], 'hasMatched': False, 'rpId': -1}, 'children': [{'id': 25317, 'goal': {'goalId': 25317, 'content': '酒店设施-商务中心', 'parentId': 25316, 'requireId': 4742, 'restricts': [], 'optTargets': [], 'hasMatched': False, 'rpId': -1}, 'children': []}, {'id': 25318, 'goal': {'goalId': 25318, 'content': '酒店设施-洗衣服务', 'parentId': 25316, 'requireId': 4742, 'restricts': [], 'optTargets': [], 'hasMatched': False, 'rpId': -1}, 'children': []}]}], 'requireInfo': {'userId': 'test_require1', 'requireId': 4742, 'timestamp': '2020-06-06T11:01:38.000+0800', 'state': 0, 'serviceSchemeUrl': None}, 'contexts': {}}

----------------------------------------
> Fri, 04 Sep 202014:30:10 - INFO - core_tree_pid_k2_e2_mod_3.py - [line:170] -  5048

----------------------------------------
> Fri, 04 Sep 202014:30:10 - INFO - core_tree_pid_k2_e2_mod_3.py - [line:180] -  --------对话已结束------------

