----------------------------------------
> Fri, 04 Sep 202014:34:25 - INFO - core_tree_pid_k2_e2_mod_2.py - [line:134] -  Start of program

----------------------------------------
> Fri, 04 Sep 202014:34:25 - INFO - core_tree_pid_k2_e2_mod_2.py - [line:138] -  test_id:


----------------------------------------
> Fri, 04 Sep 202014:34:25 - INFO - core_tree_pid_k2_e2_mod_2.py - [line:139] -  3151

----------------------------------------
> Fri, 04 Sep 202014:34:25 - INFO - core_tree_pid_k2_e2_mod_2.py - [line:143] -  ------Round:1---------


----------------------------------------
> Fri, 04 Sep 202014:34:25 - DEBUG - core_tree_pid_k2_e2_mod_2.py - [line:145] -  您好，很高兴为您服务

----------------------------------------
> Fri, 04 Sep 202014:34:25 - DEBUG - core_tree_pid_k2_e2_mod_2.py - [line:150] -  USER: 我要去旅行

----------------------------------------
> Fri, 04 Sep 202014:34:25 - INFO - base_rp_db.py - [line:330] -  Model:{'id': 11845, 'goal': {'goalId': 11845, 'content': '旅行', 'parentId': -1, 'requireId': -1, 'restricts': [], 'optTargets': [], 'hasMatched': False, 'rpId': 1515}, 'children': [{'id': 11848, 'goal': {'goalId': 11848, 'content': '景点', 'parentId': 11845, 'requireId': -1, 'restricts': [{'goalId': 11848, 'key': '游玩时间', 'valueType': 'region', 'minValue': 3.0, 'maxValue': 6.0, 'unit': '小时', 'value': ''}, {'goalId': 11848, 'key': '评分', 'valueType': 'region', 'minValue': 4.0, 'maxValue': 9999.0, 'unit': '分', 'value': ''}, {'goalId': 11848, 'key': '门票', 'valueType': 'region', 'minValue': 200.0, 'maxValue': 9999.0, 'unit': '分', 'value': ''}], 'optTargets': [], 'hasMatched': False, 'rpId': 1515}, 'children': []}, {'id': 11852, 'goal': {'goalId': 11852, 'content': '酒店', 'parentId': 11845, 'requireId': -1, 'restricts': [{'goalId': 11852, 'key': '价格', 'valueType': 'region', 'minValue': 300.0, 'maxValue': 400.0, 'unit': '元', 'value': ''}, {'goalId': 11852, 'key': '酒店类型', 'valueType': 'enum', 'minValue': 0.0, 'maxValue': 999.0, 'unit': '', 'value': '舒适型'}], 'optTargets': [], 'hasMatched': False, 'rpId': 1515}, 'children': []}, {'id': 11854, 'goal': {'goalId': 11854, 'content': '餐馆', 'parentId': 11845, 'requireId': -1, 'restricts': [], 'optTargets': [], 'hasMatched': False, 'rpId': 1515}, 'children': []}]}

----------------------------------------
> Fri, 04 Sep 202014:34:25 - INFO - base_rp_db.py - [line:462] -  rps_db length: 1

----------------------------------------
> Fri, 04 Sep 202014:34:25 - INFO - base_rp_db.py - [line:462] -  rps_db length: 1

----------------------------------------
> Fri, 04 Sep 202014:34:25 - INFO - base_rp_db.py - [line:871] -  ---模板树中对应旅行意图无约束----


----------------------------------------
> Fri, 04 Sep 202014:34:25 - INFO - base_rp_db.py - [line:874] -  ----正在需求模式库中查找所有对应旅行的模式或子模式约束...----


----------------------------------------
> Fri, 04 Sep 202014:34:25 - DEBUG - base_rp_db.py - [line:879] -  ----------Round:2----------


----------------------------------------
> Fri, 04 Sep 202014:34:25 - INFO - base_rp_db.py - [line:882] -  ----需求模式库中旅行的约束为空.----


----------------------------------------
> Fri, 04 Sep 202014:34:25 - INFO - base_rp_db.py - [line:885] -  content旅行

----------------------------------------
> Fri, 04 Sep 202014:34:25 - INFO - base_rp_db.py - [line:888] -  restricts:[]

----------------------------------------
> Fri, 04 Sep 202014:34:25 - DEBUG - base_rp_db.py - [line:891] -  To user:对于旅行部分是否满意?


----------------------------------------
> Fri, 04 Sep 202014:34:25 - DEBUG - base_rp_db.py - [line:987] -  USER: 我觉得应该有如下修改：


----------------------------------------
> Fri, 04 Sep 202014:34:25 - INFO - base_rp_db.py - [line:1007] -  --------Round End---------


----------------------------------------
> Fri, 04 Sep 202014:34:25 - INFO - base_rp_db.py - [line:462] -  rps_db length: 4

----------------------------------------
> Fri, 04 Sep 202014:34:25 - INFO - base_rp_db.py - [line:462] -  rps_db length: 3

----------------------------------------
> Fri, 04 Sep 202014:34:25 - DEBUG - base_rp_db.py - [line:662] -  ----------Round:3----------


----------------------------------------
> Fri, 04 Sep 202014:34:25 - DEBUG - base_rp_db.py - [line:665] -  请问您对于景点是否需要？


----------------------------------------
> Fri, 04 Sep 202014:34:25 - DEBUG - base_rp_db.py - [line:668] -  USER: 需要


----------------------------------------
> Fri, 04 Sep 202014:34:25 - INFO - base_rp_db.py - [line:941] -  ----------Round:4----------


----------------------------------------
> Fri, 04 Sep 202014:34:25 - DEBUG - base_rp_db.py - [line:944] -  在需求模式库中对景点进行查找...

----------------------------------------
> Fri, 04 Sep 202014:34:25 - DEBUG - base_rp_db.py - [line:947] -  对于景点的约束这样如何:


----------------------------------------
> Fri, 04 Sep 202014:34:26 - DEBUG - base_rp_db.py - [line:958] -  景点的游玩时间范围, 1到2小时


----------------------------------------
> Fri, 04 Sep 202014:34:26 - DEBUG - base_rp_db.py - [line:958] -  景点的评分范围, 4到9999分


----------------------------------------
> Fri, 04 Sep 202014:34:26 - DEBUG - base_rp_db.py - [line:958] -  景点的门票范围, 50到100元


----------------------------------------
> Fri, 04 Sep 202014:34:26 - DEBUG - base_rp_db.py - [line:984] -  To user:对于景点部分是否满意?


----------------------------------------
> Fri, 04 Sep 202014:34:26 - DEBUG - base_rp_db.py - [line:987] -  USER: 我觉得应该有如下修改：


----------------------------------------
> Fri, 04 Sep 202014:34:26 - DEBUG - base_rp_db.py - [line:998] -  景点的游玩时间范围, 1到2小时


----------------------------------------
> Fri, 04 Sep 202014:34:26 - INFO - base_rp_db.py - [line:1007] -  --------Round End---------


----------------------------------------
> Fri, 04 Sep 202014:34:26 - DEBUG - base_rp_db.py - [line:584] -  ----------Round:5----------


----------------------------------------
> Fri, 04 Sep 202014:34:26 - DEBUG - base_rp_db.py - [line:591] -  To User: ---------检测到当前景点下无子节点，请问对于该意图有什么其他的子需求吗-----


----------------------------------------
> Fri, 04 Sep 202014:34:26 - DEBUG - base_rp_db.py - [line:595] -  ----USER: 没了-----


----------------------------------------
> Fri, 04 Sep 202014:34:26 - DEBUG - base_rp_db.py - [line:662] -  ----------Round:6----------


----------------------------------------
> Fri, 04 Sep 202014:34:26 - DEBUG - base_rp_db.py - [line:665] -  请问您对于酒店是否需要？


----------------------------------------
> Fri, 04 Sep 202014:34:26 - DEBUG - base_rp_db.py - [line:668] -  USER: 需要


----------------------------------------
> Fri, 04 Sep 202014:34:26 - INFO - base_rp_db.py - [line:941] -  ----------Round:7----------


----------------------------------------
> Fri, 04 Sep 202014:34:26 - DEBUG - base_rp_db.py - [line:944] -  在需求模式库中对酒店进行查找...

----------------------------------------
> Fri, 04 Sep 202014:34:26 - DEBUG - base_rp_db.py - [line:947] -  对于酒店的约束这样如何:


----------------------------------------
> Fri, 04 Sep 202014:34:26 - DEBUG - base_rp_db.py - [line:958] -  酒店的价格范围, 300到400元


----------------------------------------
> Fri, 04 Sep 202014:34:26 - DEBUG - base_rp_db.py - [line:958] -  酒店的评分范围, 4到9999分


----------------------------------------
> Fri, 04 Sep 202014:34:26 - DEBUG - base_rp_db.py - [line:975] -  酒店的酒店类型：豪华型


----------------------------------------
> Fri, 04 Sep 202014:34:26 - DEBUG - base_rp_db.py - [line:984] -  To user:对于酒店部分是否满意?


----------------------------------------
> Fri, 04 Sep 202014:34:26 - DEBUG - base_rp_db.py - [line:987] -  USER: 我觉得应该有如下修改：


----------------------------------------
> Fri, 04 Sep 202014:34:26 - DEBUG - base_rp_db.py - [line:1004] -  酒店的酒店类型：高档型


----------------------------------------
> Fri, 04 Sep 202014:34:26 - DEBUG - base_rp_db.py - [line:998] -  酒店的评分范围, 4到9999分


----------------------------------------
> Fri, 04 Sep 202014:34:26 - INFO - base_rp_db.py - [line:1007] -  --------Round End---------


----------------------------------------
> Fri, 04 Sep 202014:34:26 - DEBUG - base_rp_db.py - [line:584] -  ----------Round:8----------


----------------------------------------
> Fri, 04 Sep 202014:34:26 - DEBUG - base_rp_db.py - [line:591] -  To User: ---------检测到当前酒店下无子节点，请问对于该意图有什么其他的子需求吗-----


----------------------------------------
> Fri, 04 Sep 202014:34:26 - DEBUG - base_rp_db.py - [line:600] -  USER: 我还需要酒店设施-叫醒服务


----------------------------------------
> Fri, 04 Sep 202014:34:26 - DEBUG - base_rp_db.py - [line:606] -  ----------Round:9----------


----------------------------------------
> Fri, 04 Sep 202014:34:26 - DEBUG - base_rp_db.py - [line:612] -  To User: 请问对于酒店意图有什么其他的子需求吗-----


----------------------------------------
> Fri, 04 Sep 202014:34:26 - DEBUG - base_rp_db.py - [line:600] -  USER: 我还需要酒店设施-商务中心


----------------------------------------
> Fri, 04 Sep 202014:34:26 - DEBUG - base_rp_db.py - [line:606] -  ----------Round:10----------


----------------------------------------
> Fri, 04 Sep 202014:34:26 - DEBUG - base_rp_db.py - [line:612] -  To User: 请问对于酒店意图有什么其他的子需求吗-----


----------------------------------------
> Fri, 04 Sep 202014:34:26 - DEBUG - base_rp_db.py - [line:615] -  ----USER: 没了-----


----------------------------------------
> Fri, 04 Sep 202014:34:26 - DEBUG - base_rp_db.py - [line:662] -  ----------Round:11----------


----------------------------------------
> Fri, 04 Sep 202014:34:26 - DEBUG - base_rp_db.py - [line:665] -  请问您对于餐馆是否需要？


----------------------------------------
> Fri, 04 Sep 202014:34:26 - DEBUG - base_rp_db.py - [line:668] -  USER: 需要


----------------------------------------
> Fri, 04 Sep 202014:34:26 - INFO - base_rp_db.py - [line:871] -  ---模板树中对应餐馆意图无约束----


----------------------------------------
> Fri, 04 Sep 202014:34:26 - INFO - base_rp_db.py - [line:874] -  ----正在需求模式库中查找所有对应餐馆的模式或子模式约束...----


----------------------------------------
> Fri, 04 Sep 202014:34:26 - INFO - base_rp_db.py - [line:896] -  ----------Round:12----------


----------------------------------------
> Fri, 04 Sep 202014:34:26 - DEBUG - base_rp_db.py - [line:899] -  To User:对于餐馆的约束这样如何:


----------------------------------------
> Fri, 04 Sep 202014:34:26 - DEBUG - base_rp_db.py - [line:910] -  餐馆的人均消费范围, 50到100元


----------------------------------------
> Fri, 04 Sep 202014:34:26 - DEBUG - base_rp_db.py - [line:910] -  餐馆的评分范围, 4到9999分


----------------------------------------
> Fri, 04 Sep 202014:34:26 - DEBUG - base_rp_db.py - [line:936] -  To user:对于餐馆部分是否满意?


----------------------------------------
> Fri, 04 Sep 202014:34:26 - DEBUG - base_rp_db.py - [line:987] -  USER: 我觉得应该有如下修改：


----------------------------------------
> Fri, 04 Sep 202014:34:26 - DEBUG - base_rp_db.py - [line:998] -  餐馆的人均消费范围, 100到150元


----------------------------------------
> Fri, 04 Sep 202014:34:26 - INFO - base_rp_db.py - [line:1007] -  --------Round End---------


----------------------------------------
> Fri, 04 Sep 202014:34:26 - DEBUG - base_rp_db.py - [line:584] -  ----------Round:13----------


----------------------------------------
> Fri, 04 Sep 202014:34:26 - DEBUG - base_rp_db.py - [line:591] -  To User: ---------检测到当前餐馆下无子节点，请问对于该意图有什么其他的子需求吗-----


----------------------------------------
> Fri, 04 Sep 202014:34:26 - DEBUG - base_rp_db.py - [line:600] -  USER: 我还需要推荐菜-草莓


----------------------------------------
> Fri, 04 Sep 202014:34:26 - DEBUG - base_rp_db.py - [line:606] -  ----------Round:14----------


----------------------------------------
> Fri, 04 Sep 202014:34:26 - DEBUG - base_rp_db.py - [line:612] -  To User: 请问对于餐馆意图有什么其他的子需求吗-----


----------------------------------------
> Fri, 04 Sep 202014:34:26 - DEBUG - base_rp_db.py - [line:615] -  ----USER: 没了-----


----------------------------------------
> Fri, 04 Sep 202014:34:26 - DEBUG - base_rp_db.py - [line:756] -  ----------Round:15----------


----------------------------------------
> Fri, 04 Sep 202014:34:26 - DEBUG - base_rp_db.py - [line:762] -  To User: 你对旅行还有什么新需求吗？


----------------------------------------
> Fri, 04 Sep 202014:34:27 - DEBUG - base_rp_db.py - [line:767] -  USER: 我要加入地铁


----------------------------------------
> Fri, 04 Sep 202014:34:27 - INFO - base_rp_db.py - [line:871] -  ---模板树中对应地铁意图无约束----


----------------------------------------
> Fri, 04 Sep 202014:34:27 - INFO - base_rp_db.py - [line:874] -  ----正在需求模式库中查找所有对应地铁的模式或子模式约束...----


----------------------------------------
> Fri, 04 Sep 202014:34:27 - INFO - base_rp_db.py - [line:896] -  ----------Round:16----------


----------------------------------------
> Fri, 04 Sep 202014:34:27 - DEBUG - base_rp_db.py - [line:899] -  To User:对于地铁的约束这样如何:


----------------------------------------
> Fri, 04 Sep 202014:34:27 - DEBUG - base_rp_db.py - [line:927] -  地铁的目的地：北京香江戴斯酒店


----------------------------------------
> Fri, 04 Sep 202014:34:27 - DEBUG - base_rp_db.py - [line:927] -  地铁的出发地：天安门广场


----------------------------------------
> Fri, 04 Sep 202014:34:27 - DEBUG - base_rp_db.py - [line:936] -  To user:对于地铁部分是否满意?


----------------------------------------
> Fri, 04 Sep 202014:34:27 - DEBUG - base_rp_db.py - [line:987] -  USER: 我觉得应该有如下修改：


----------------------------------------
> Fri, 04 Sep 202014:34:27 - DEBUG - base_rp_db.py - [line:1004] -  地铁的目的地：乐多港奇幻乐园


----------------------------------------
> Fri, 04 Sep 202014:34:27 - DEBUG - base_rp_db.py - [line:1004] -  地铁的出发地：北京明豪戴斯酒店


----------------------------------------
> Fri, 04 Sep 202014:34:27 - INFO - base_rp_db.py - [line:1007] -  --------Round End---------


----------------------------------------
> Fri, 04 Sep 202014:34:27 - DEBUG - base_rp_db.py - [line:584] -  ----------Round:17----------


----------------------------------------
> Fri, 04 Sep 202014:34:27 - DEBUG - base_rp_db.py - [line:591] -  To User: ---------检测到当前地铁下无子节点，请问对于该意图有什么其他的子需求吗-----


----------------------------------------
> Fri, 04 Sep 202014:34:27 - DEBUG - base_rp_db.py - [line:595] -  ----USER: 没了-----


----------------------------------------
> Fri, 04 Sep 202014:34:27 - DEBUG - base_rp_db.py - [line:781] -  ----------Round:18----------


----------------------------------------
> Fri, 04 Sep 202014:34:27 - DEBUG - base_rp_db.py - [line:787] -  To User: 你对旅行还有什么新需求吗？


----------------------------------------
> Fri, 04 Sep 202014:34:27 - DEBUG - base_rp_db.py - [line:790] -  USER: 没有了


----------------------------------------
> Fri, 04 Sep 202014:34:27 - INFO - base_rp_db.py - [line:462] -  rps_db length: 3

----------------------------------------
> Fri, 04 Sep 202014:34:27 - INFO - base_rp_db.py - [line:462] -  rps_db length: 3

----------------------------------------
> Fri, 04 Sep 202014:34:27 - INFO - base_rp_db.py - [line:721] -  -----当前指针点为酒店设施-叫醒服务


----------------------------------------
> Fri, 04 Sep 202014:34:27 - INFO - base_rp_db.py - [line:871] -  ---模板树中对应酒店设施-叫醒服务意图无约束----


----------------------------------------
> Fri, 04 Sep 202014:34:27 - INFO - base_rp_db.py - [line:874] -  ----正在需求模式库中查找所有对应酒店设施-叫醒服务的模式或子模式约束...----


----------------------------------------
> Fri, 04 Sep 202014:34:27 - DEBUG - base_rp_db.py - [line:879] -  ----------Round:19----------


----------------------------------------
> Fri, 04 Sep 202014:34:27 - INFO - base_rp_db.py - [line:882] -  ----需求模式库中酒店设施-叫醒服务的约束为空.----


----------------------------------------
> Fri, 04 Sep 202014:34:27 - INFO - base_rp_db.py - [line:885] -  content酒店设施-叫醒服务

----------------------------------------
> Fri, 04 Sep 202014:34:27 - INFO - base_rp_db.py - [line:888] -  restricts:[]

----------------------------------------
> Fri, 04 Sep 202014:34:27 - DEBUG - base_rp_db.py - [line:891] -  To user:对于酒店设施-叫醒服务部分是否满意?


----------------------------------------
> Fri, 04 Sep 202014:34:27 - DEBUG - base_rp_db.py - [line:987] -  USER: 我觉得应该有如下修改：


----------------------------------------
> Fri, 04 Sep 202014:34:27 - INFO - base_rp_db.py - [line:1007] -  --------Round End---------


----------------------------------------
> Fri, 04 Sep 202014:34:27 - DEBUG - base_rp_db.py - [line:584] -  ----------Round:20----------


----------------------------------------
> Fri, 04 Sep 202014:34:27 - DEBUG - base_rp_db.py - [line:591] -  To User: ---------检测到当前酒店设施-叫醒服务下无子节点，请问对于该意图有什么其他的子需求吗-----


----------------------------------------
> Fri, 04 Sep 202014:34:27 - DEBUG - base_rp_db.py - [line:595] -  ----USER: 没了-----


----------------------------------------
> Fri, 04 Sep 202014:34:27 - INFO - base_rp_db.py - [line:721] -  -----当前指针点为酒店设施-商务中心


----------------------------------------
> Fri, 04 Sep 202014:34:27 - INFO - base_rp_db.py - [line:871] -  ---模板树中对应酒店设施-商务中心意图无约束----


----------------------------------------
> Fri, 04 Sep 202014:34:27 - INFO - base_rp_db.py - [line:874] -  ----正在需求模式库中查找所有对应酒店设施-商务中心的模式或子模式约束...----


----------------------------------------
> Fri, 04 Sep 202014:34:27 - DEBUG - base_rp_db.py - [line:879] -  ----------Round:21----------


----------------------------------------
> Fri, 04 Sep 202014:34:27 - INFO - base_rp_db.py - [line:882] -  ----需求模式库中酒店设施-商务中心的约束为空.----


----------------------------------------
> Fri, 04 Sep 202014:34:27 - INFO - base_rp_db.py - [line:885] -  content酒店设施-商务中心

----------------------------------------
> Fri, 04 Sep 202014:34:27 - INFO - base_rp_db.py - [line:888] -  restricts:[]

----------------------------------------
> Fri, 04 Sep 202014:34:27 - DEBUG - base_rp_db.py - [line:891] -  To user:对于酒店设施-商务中心部分是否满意?


----------------------------------------
> Fri, 04 Sep 202014:34:27 - DEBUG - base_rp_db.py - [line:987] -  USER: 我觉得应该有如下修改：


----------------------------------------
> Fri, 04 Sep 202014:34:27 - INFO - base_rp_db.py - [line:1007] -  --------Round End---------


----------------------------------------
> Fri, 04 Sep 202014:34:27 - DEBUG - base_rp_db.py - [line:584] -  ----------Round:22----------


----------------------------------------
> Fri, 04 Sep 202014:34:27 - DEBUG - base_rp_db.py - [line:591] -  To User: ---------检测到当前酒店设施-商务中心下无子节点，请问对于该意图有什么其他的子需求吗-----


----------------------------------------
> Fri, 04 Sep 202014:34:27 - DEBUG - base_rp_db.py - [line:595] -  ----USER: 没了-----


----------------------------------------
> Fri, 04 Sep 202014:34:28 - INFO - base_rp_db.py - [line:1064] -  ---未使用模式库或模式库或需求知识图谱中无推荐菜-草莓意图----


----------------------------------------
> Fri, 04 Sep 202014:34:28 - INFO - base_rp_db.py - [line:1068] -  ----------Round:23----------


----------------------------------------
> Fri, 04 Sep 202014:34:28 - DEBUG - base_rp_db.py - [line:1071] -  To User: 无法匹配推荐菜-草莓


----------------------------------------
> Fri, 04 Sep 202014:34:28 - DEBUG - base_rp_db.py - [line:1075] -  To User: 你对推荐菜-草莓的约束是什么？


----------------------------------------
> Fri, 04 Sep 202014:34:28 - DEBUG - base_rp_db.py - [line:1110] -  USER: 我都无所谓


----------------------------------------
> Fri, 04 Sep 202014:34:28 - DEBUG - base_rp_db.py - [line:584] -  ----------Round:24----------


----------------------------------------
> Fri, 04 Sep 202014:34:28 - DEBUG - base_rp_db.py - [line:591] -  To User: ---------检测到当前推荐菜-草莓下无子节点，请问对于该意图有什么其他的子需求吗-----


----------------------------------------
> Fri, 04 Sep 202014:34:28 - DEBUG - base_rp_db.py - [line:595] -  ----USER: 没了-----


----------------------------------------
> Fri, 04 Sep 202014:34:28 - INFO - base_rp_db.py - [line:353] -  Generate Result:{'id': 0, 'goal': {'goalId': 15945, 'content': '旅行', 'parentId': -1, 'requireId': 2845, 'restricts': [], 'optTargets': [], 'hasMatched': False, 'rpId': -1}, 'children': [{'id': 15946, 'goal': {'goalId': 15946, 'content': '酒店', 'parentId': 15945, 'requireId': 2845, 'restricts': [{'goalId': 15946, 'key': '酒店类型', 'valueType': 'enum', 'minValue': 0.0, 'maxValue': 999.0, 'unit': '', 'value': '高档型'}, {'goalId': 15946, 'key': '评分', 'valueType': 'region', 'minValue': 4.0, 'maxValue': 9999.0, 'unit': '分', 'value': ''}], 'optTargets': [], 'hasMatched': False, 'rpId': -1}, 'children': [{'id': 15947, 'goal': {'goalId': 15947, 'content': '酒店设施-叫醒服务', 'parentId': 15946, 'requireId': 2845, 'restricts': [], 'optTargets': [], 'hasMatched': False, 'rpId': -1}, 'children': []}, {'id': 15948, 'goal': {'goalId': 15948, 'content': '酒店设施-商务中心', 'parentId': 15946, 'requireId': 2845, 'restricts': [], 'optTargets': [], 'hasMatched': False, 'rpId': -1}, 'children': []}]}, {'id': 15949, 'goal': {'goalId': 15949, 'content': '餐馆', 'parentId': 15945, 'requireId': 2845, 'restricts': [{'goalId': 15949, 'key': '人均消费', 'valueType': 'region', 'minValue': 100.0, 'maxValue': 150.0, 'unit': '元', 'value': ''}], 'optTargets': [], 'hasMatched': False, 'rpId': -1}, 'children': [{'id': 15950, 'goal': {'goalId': 15950, 'content': '推荐菜-草莓', 'parentId': 15949, 'requireId': 2845, 'restricts': [], 'optTargets': [], 'hasMatched': False, 'rpId': -1}, 'children': []}]}, {'id': 15951, 'goal': {'goalId': 15951, 'content': '景点', 'parentId': 15945, 'requireId': 2845, 'restricts': [{'goalId': 15951, 'key': '游玩时间', 'valueType': 'region', 'minValue': 1.0, 'maxValue': 2.0, 'unit': '小时', 'value': ''}], 'optTargets': [], 'hasMatched': False, 'rpId': -1}, 'children': []}, {'id': 15952, 'goal': {'goalId': 15952, 'content': '地铁', 'parentId': 15945, 'requireId': 2845, 'restricts': [{'goalId': 15952, 'key': '目的地', 'valueType': 'enum', 'minValue': 0.0, 'maxValue': 999.0, 'unit': '', 'value': '乐多港奇幻乐园'}, {'goalId': 15952, 'key': '出发地', 'valueType': 'enum', 'minValue': 0.0, 'maxValue': 999.0, 'unit': '', 'value': '北京明豪戴斯酒店'}], 'optTargets': [], 'hasMatched': False, 'rpId': -1}, 'children': []}], 'requireInfo': {'userId': 'test_require1', 'requireId': 2845, 'timestamp': '2020-06-06T11:00:34.000+0800', 'state': 0, 'serviceSchemeUrl': None}, 'contexts': {}}

----------------------------------------
> Fri, 04 Sep 202014:34:28 - INFO - core_tree_pid_k2_e2_mod_2.py - [line:170] -  3151

----------------------------------------
> Fri, 04 Sep 202014:34:28 - INFO - core_tree_pid_k2_e2_mod_2.py - [line:180] -  --------对话已结束------------

