----------------------------------------
> Fri, 04 Sep 202014:13:33 - INFO - core_tree_pid_k2_e2_mod_3.py - [line:134] -  Start of program

----------------------------------------
> Fri, 04 Sep 202014:13:33 - INFO - core_tree_pid_k2_e2_mod_3.py - [line:138] -  test_id:


----------------------------------------
> Fri, 04 Sep 202014:13:33 - INFO - core_tree_pid_k2_e2_mod_3.py - [line:139] -  4338

----------------------------------------
> Fri, 04 Sep 202014:13:33 - INFO - core_tree_pid_k2_e2_mod_3.py - [line:143] -  ------Round:1---------


----------------------------------------
> Fri, 04 Sep 202014:13:33 - DEBUG - core_tree_pid_k2_e2_mod_3.py - [line:145] -  您好，很高兴为您服务

----------------------------------------
> Fri, 04 Sep 202014:13:33 - DEBUG - core_tree_pid_k2_e2_mod_3.py - [line:150] -  USER: 我要去旅行

----------------------------------------
> Fri, 04 Sep 202014:13:33 - INFO - base_rp_db.py - [line:330] -  Model:{'id': 9740, 'goal': {'goalId': 9740, 'content': '旅行', 'parentId': -1, 'requireId': -1, 'restricts': [], 'optTargets': [], 'hasMatched': False, 'rpId': 992}, 'children': [{'id': 9741, 'goal': {'goalId': 9741, 'content': '景点', 'parentId': 9740, 'requireId': -1, 'restricts': [{'goalId': 9741, 'key': '评分', 'valueType': 'region', 'minValue': 4.0, 'maxValue': 9999.0, 'unit': '分', 'value': ''}, {'goalId': 9741, 'key': '门票', 'valueType': 'region', 'minValue': 20.0, 'maxValue': 50.0, 'unit': '元', 'value': ''}, {'goalId': 9741, 'key': '游玩时间', 'valueType': 'enum', 'minValue': 0.0, 'maxValue': 999.0, 'unit': '', 'value': '1小时'}], 'optTargets': [], 'hasMatched': False, 'rpId': 992}, 'children': []}, {'id': 9742, 'goal': {'goalId': 9742, 'content': '酒店', 'parentId': 9740, 'requireId': -1, 'restricts': [], 'optTargets': [], 'hasMatched': False, 'rpId': 992}, 'children': [{'id': 9743, 'goal': {'goalId': 9743, 'content': '酒店设施-无烟房', 'parentId': 9742, 'requireId': -1, 'restricts': [], 'optTargets': [], 'hasMatched': False, 'rpId': 992}, 'children': []}]}]}

----------------------------------------
> Fri, 04 Sep 202014:13:33 - INFO - base_rp_db.py - [line:462] -  rps_db length: 1

----------------------------------------
> Fri, 04 Sep 202014:13:33 - INFO - base_rp_db.py - [line:462] -  rps_db length: 1

----------------------------------------
> Fri, 04 Sep 202014:13:33 - INFO - base_rp_db.py - [line:871] -  ---模板树中对应旅行意图无约束----


----------------------------------------
> Fri, 04 Sep 202014:13:33 - INFO - base_rp_db.py - [line:874] -  ----正在需求模式库中查找所有对应旅行的模式或子模式约束...----


----------------------------------------
> Fri, 04 Sep 202014:13:33 - DEBUG - base_rp_db.py - [line:879] -  ----------Round:2----------


----------------------------------------
> Fri, 04 Sep 202014:13:33 - INFO - base_rp_db.py - [line:882] -  ----需求模式库中旅行的约束为空.----


----------------------------------------
> Fri, 04 Sep 202014:13:33 - INFO - base_rp_db.py - [line:885] -  content旅行

----------------------------------------
> Fri, 04 Sep 202014:13:33 - INFO - base_rp_db.py - [line:888] -  restricts:[]

----------------------------------------
> Fri, 04 Sep 202014:13:33 - DEBUG - base_rp_db.py - [line:891] -  To user:对于旅行部分是否满意?


----------------------------------------
> Fri, 04 Sep 202014:13:33 - DEBUG - base_rp_db.py - [line:987] -  USER: 我觉得应该有如下修改：


----------------------------------------
> Fri, 04 Sep 202014:13:33 - INFO - base_rp_db.py - [line:1007] -  --------Round End---------


----------------------------------------
> Fri, 04 Sep 202014:13:34 - INFO - base_rp_db.py - [line:462] -  rps_db length: 4

----------------------------------------
> Fri, 04 Sep 202014:13:34 - INFO - base_rp_db.py - [line:462] -  rps_db length: 2

----------------------------------------
> Fri, 04 Sep 202014:13:34 - DEBUG - base_rp_db.py - [line:662] -  ----------Round:3----------


----------------------------------------
> Fri, 04 Sep 202014:13:34 - DEBUG - base_rp_db.py - [line:665] -  请问您对于景点是否需要？


----------------------------------------
> Fri, 04 Sep 202014:13:34 - DEBUG - base_rp_db.py - [line:668] -  USER: 需要


----------------------------------------
> Fri, 04 Sep 202014:13:34 - INFO - base_rp_db.py - [line:941] -  ----------Round:4----------


----------------------------------------
> Fri, 04 Sep 202014:13:34 - DEBUG - base_rp_db.py - [line:944] -  在需求模式库中对景点进行查找...

----------------------------------------
> Fri, 04 Sep 202014:13:34 - DEBUG - base_rp_db.py - [line:947] -  对于景点的约束这样如何:


----------------------------------------
> Fri, 04 Sep 202014:13:34 - DEBUG - base_rp_db.py - [line:958] -  景点的游玩时间范围, 1到2小时


----------------------------------------
> Fri, 04 Sep 202014:13:34 - DEBUG - base_rp_db.py - [line:958] -  景点的评分范围, 4到9999分


----------------------------------------
> Fri, 04 Sep 202014:13:34 - DEBUG - base_rp_db.py - [line:958] -  景点的门票范围, 50到100元


----------------------------------------
> Fri, 04 Sep 202014:13:34 - DEBUG - base_rp_db.py - [line:984] -  To user:对于景点部分是否满意?


----------------------------------------
> Fri, 04 Sep 202014:13:34 - DEBUG - base_rp_db.py - [line:987] -  USER: 我觉得应该有如下修改：


----------------------------------------
> Fri, 04 Sep 202014:13:34 - DEBUG - base_rp_db.py - [line:1004] -  景点的评分：5分


----------------------------------------
> Fri, 04 Sep 202014:13:34 - DEBUG - base_rp_db.py - [line:1004] -  景点的游玩时间：2小时


----------------------------------------
> Fri, 04 Sep 202014:13:34 - INFO - base_rp_db.py - [line:1007] -  --------Round End---------


----------------------------------------
> Fri, 04 Sep 202014:13:34 - DEBUG - base_rp_db.py - [line:584] -  ----------Round:5----------


----------------------------------------
> Fri, 04 Sep 202014:13:34 - DEBUG - base_rp_db.py - [line:591] -  To User: ---------检测到当前景点下无子节点，请问对于该意图有什么其他的子需求吗-----


----------------------------------------
> Fri, 04 Sep 202014:13:34 - DEBUG - base_rp_db.py - [line:595] -  ----USER: 没了-----


----------------------------------------
> Fri, 04 Sep 202014:13:34 - DEBUG - base_rp_db.py - [line:662] -  ----------Round:6----------


----------------------------------------
> Fri, 04 Sep 202014:13:34 - DEBUG - base_rp_db.py - [line:665] -  请问您对于酒店是否需要？


----------------------------------------
> Fri, 04 Sep 202014:13:34 - DEBUG - base_rp_db.py - [line:668] -  USER: 需要


----------------------------------------
> Fri, 04 Sep 202014:13:34 - INFO - base_rp_db.py - [line:871] -  ---模板树中对应酒店意图无约束----


----------------------------------------
> Fri, 04 Sep 202014:13:34 - INFO - base_rp_db.py - [line:874] -  ----正在需求模式库中查找所有对应酒店的模式或子模式约束...----


----------------------------------------
> Fri, 04 Sep 202014:13:34 - INFO - base_rp_db.py - [line:896] -  ----------Round:7----------


----------------------------------------
> Fri, 04 Sep 202014:13:34 - DEBUG - base_rp_db.py - [line:899] -  To User:对于酒店的约束这样如何:


----------------------------------------
> Fri, 04 Sep 202014:13:34 - DEBUG - base_rp_db.py - [line:910] -  酒店的价格范围, 300到400元


----------------------------------------
> Fri, 04 Sep 202014:13:34 - DEBUG - base_rp_db.py - [line:910] -  酒店的评分范围, 4到9999分


----------------------------------------
> Fri, 04 Sep 202014:13:34 - DEBUG - base_rp_db.py - [line:927] -  酒店的酒店类型：豪华型


----------------------------------------
> Fri, 04 Sep 202014:13:34 - DEBUG - base_rp_db.py - [line:936] -  To user:对于酒店部分是否满意?


----------------------------------------
> Fri, 04 Sep 202014:13:34 - DEBUG - base_rp_db.py - [line:987] -  USER: 我觉得应该有如下修改：


----------------------------------------
> Fri, 04 Sep 202014:13:34 - DEBUG - base_rp_db.py - [line:998] -  酒店的价格范围, 100到200元


----------------------------------------
> Fri, 04 Sep 202014:13:34 - DEBUG - base_rp_db.py - [line:1004] -  酒店的酒店类型：高档型


----------------------------------------
> Fri, 04 Sep 202014:13:34 - INFO - base_rp_db.py - [line:1007] -  --------Round End---------


----------------------------------------
> Fri, 04 Sep 202014:13:34 - DEBUG - base_rp_db.py - [line:756] -  ----------Round:8----------


----------------------------------------
> Fri, 04 Sep 202014:13:34 - DEBUG - base_rp_db.py - [line:762] -  To User: 你对旅行还有什么新需求吗？


----------------------------------------
> Fri, 04 Sep 202014:13:34 - DEBUG - base_rp_db.py - [line:767] -  USER: 我要加入餐馆


----------------------------------------
> Fri, 04 Sep 202014:13:34 - INFO - base_rp_db.py - [line:871] -  ---模板树中对应餐馆意图无约束----


----------------------------------------
> Fri, 04 Sep 202014:13:34 - INFO - base_rp_db.py - [line:874] -  ----正在需求模式库中查找所有对应餐馆的模式或子模式约束...----


----------------------------------------
> Fri, 04 Sep 202014:13:34 - INFO - base_rp_db.py - [line:896] -  ----------Round:9----------


----------------------------------------
> Fri, 04 Sep 202014:13:34 - DEBUG - base_rp_db.py - [line:899] -  To User:对于餐馆的约束这样如何:


----------------------------------------
> Fri, 04 Sep 202014:13:34 - DEBUG - base_rp_db.py - [line:910] -  餐馆的人均消费范围, 50到100元


----------------------------------------
> Fri, 04 Sep 202014:13:34 - DEBUG - base_rp_db.py - [line:910] -  餐馆的评分范围, 4到9999分


----------------------------------------
> Fri, 04 Sep 202014:13:34 - DEBUG - base_rp_db.py - [line:936] -  To user:对于餐馆部分是否满意?


----------------------------------------
> Fri, 04 Sep 202014:13:34 - DEBUG - base_rp_db.py - [line:987] -  USER: 我觉得应该有如下修改：


----------------------------------------
> Fri, 04 Sep 202014:13:34 - DEBUG - base_rp_db.py - [line:998] -  餐馆的评分范围, 4到9999分


----------------------------------------
> Fri, 04 Sep 202014:13:34 - INFO - base_rp_db.py - [line:1007] -  --------Round End---------


----------------------------------------
> Fri, 04 Sep 202014:13:34 - DEBUG - base_rp_db.py - [line:584] -  ----------Round:10----------


----------------------------------------
> Fri, 04 Sep 202014:13:34 - DEBUG - base_rp_db.py - [line:591] -  To User: ---------检测到当前餐馆下无子节点，请问对于该意图有什么其他的子需求吗-----


----------------------------------------
> Fri, 04 Sep 202014:13:34 - DEBUG - base_rp_db.py - [line:600] -  USER: 我还需要推荐菜-瑞典肉丸


----------------------------------------
> Fri, 04 Sep 202014:13:34 - DEBUG - base_rp_db.py - [line:606] -  ----------Round:11----------


----------------------------------------
> Fri, 04 Sep 202014:13:34 - DEBUG - base_rp_db.py - [line:612] -  To User: 请问对于餐馆意图有什么其他的子需求吗-----


----------------------------------------
> Fri, 04 Sep 202014:13:34 - DEBUG - base_rp_db.py - [line:615] -  ----USER: 没了-----


----------------------------------------
> Fri, 04 Sep 202014:13:34 - DEBUG - base_rp_db.py - [line:781] -  ----------Round:12----------


----------------------------------------
> Fri, 04 Sep 202014:13:34 - DEBUG - base_rp_db.py - [line:787] -  To User: 你对旅行还有什么新需求吗？


----------------------------------------
> Fri, 04 Sep 202014:13:34 - DEBUG - base_rp_db.py - [line:767] -  USER: 我要加入地铁


----------------------------------------
> Fri, 04 Sep 202014:13:34 - INFO - base_rp_db.py - [line:871] -  ---模板树中对应地铁意图无约束----


----------------------------------------
> Fri, 04 Sep 202014:13:34 - INFO - base_rp_db.py - [line:874] -  ----正在需求模式库中查找所有对应地铁的模式或子模式约束...----


----------------------------------------
> Fri, 04 Sep 202014:13:34 - INFO - base_rp_db.py - [line:896] -  ----------Round:13----------


----------------------------------------
> Fri, 04 Sep 202014:13:34 - DEBUG - base_rp_db.py - [line:899] -  To User:对于地铁的约束这样如何:


----------------------------------------
> Fri, 04 Sep 202014:13:34 - DEBUG - base_rp_db.py - [line:927] -  地铁的目的地：北京香江戴斯酒店


----------------------------------------
> Fri, 04 Sep 202014:13:34 - DEBUG - base_rp_db.py - [line:927] -  地铁的出发地：天安门广场


----------------------------------------
> Fri, 04 Sep 202014:13:34 - DEBUG - base_rp_db.py - [line:936] -  To user:对于地铁部分是否满意?


----------------------------------------
> Fri, 04 Sep 202014:13:34 - DEBUG - base_rp_db.py - [line:987] -  USER: 我觉得应该有如下修改：


----------------------------------------
> Fri, 04 Sep 202014:13:34 - DEBUG - base_rp_db.py - [line:1004] -  地铁的目的地：北京布提克精品酒店


----------------------------------------
> Fri, 04 Sep 202014:13:34 - DEBUG - base_rp_db.py - [line:1004] -  地铁的出发地：宜家家居餐厅


----------------------------------------
> Fri, 04 Sep 202014:13:34 - INFO - base_rp_db.py - [line:1007] -  --------Round End---------


----------------------------------------
> Fri, 04 Sep 202014:13:34 - DEBUG - base_rp_db.py - [line:584] -  ----------Round:14----------


----------------------------------------
> Fri, 04 Sep 202014:13:34 - DEBUG - base_rp_db.py - [line:591] -  To User: ---------检测到当前地铁下无子节点，请问对于该意图有什么其他的子需求吗-----


----------------------------------------
> Fri, 04 Sep 202014:13:34 - DEBUG - base_rp_db.py - [line:595] -  ----USER: 没了-----


----------------------------------------
> Fri, 04 Sep 202014:13:34 - DEBUG - base_rp_db.py - [line:781] -  ----------Round:15----------


----------------------------------------
> Fri, 04 Sep 202014:13:34 - DEBUG - base_rp_db.py - [line:787] -  To User: 你对旅行还有什么新需求吗？


----------------------------------------
> Fri, 04 Sep 202014:13:34 - DEBUG - base_rp_db.py - [line:790] -  USER: 没有了


----------------------------------------
> Fri, 04 Sep 202014:13:34 - INFO - base_rp_db.py - [line:462] -  rps_db length: 1

----------------------------------------
> Fri, 04 Sep 202014:13:34 - INFO - base_rp_db.py - [line:462] -  rps_db length: 2

----------------------------------------
> Fri, 04 Sep 202014:13:34 - DEBUG - base_rp_db.py - [line:673] -  ----------Round:16----------


----------------------------------------
> Fri, 04 Sep 202014:13:34 - DEBUG - base_rp_db.py - [line:676] -  请问您对于酒店设施-无烟房是否需要？


----------------------------------------
> Fri, 04 Sep 202014:13:34 - DEBUG - base_rp_db.py - [line:679] -  USER: 不需要


----------------------------------------
> Fri, 04 Sep 202014:13:34 - DEBUG - base_rp_db.py - [line:623] -  ----------Round:17----------


----------------------------------------
> Fri, 04 Sep 202014:13:34 - DEBUG - base_rp_db.py - [line:629] -  To User: 你对酒店还有什么新需求吗？


----------------------------------------
> Fri, 04 Sep 202014:13:34 - DEBUG - base_rp_db.py - [line:653] -  USER: 没有了


----------------------------------------
> Fri, 04 Sep 202014:13:34 - INFO - base_rp_db.py - [line:1064] -  ---未使用模式库或模式库或需求知识图谱中无推荐菜-瑞典肉丸意图----


----------------------------------------
> Fri, 04 Sep 202014:13:34 - INFO - base_rp_db.py - [line:1068] -  ----------Round:18----------


----------------------------------------
> Fri, 04 Sep 202014:13:34 - DEBUG - base_rp_db.py - [line:1071] -  To User: 无法匹配推荐菜-瑞典肉丸


----------------------------------------
> Fri, 04 Sep 202014:13:34 - DEBUG - base_rp_db.py - [line:1075] -  To User: 你对推荐菜-瑞典肉丸的约束是什么？


----------------------------------------
> Fri, 04 Sep 202014:13:34 - DEBUG - base_rp_db.py - [line:1110] -  USER: 我都无所谓


----------------------------------------
> Fri, 04 Sep 202014:13:34 - DEBUG - base_rp_db.py - [line:584] -  ----------Round:19----------


----------------------------------------
> Fri, 04 Sep 202014:13:34 - DEBUG - base_rp_db.py - [line:591] -  To User: ---------检测到当前推荐菜-瑞典肉丸下无子节点，请问对于该意图有什么其他的子需求吗-----


----------------------------------------
> Fri, 04 Sep 202014:13:34 - DEBUG - base_rp_db.py - [line:595] -  ----USER: 没了-----


----------------------------------------
> Fri, 04 Sep 202014:13:34 - INFO - base_rp_db.py - [line:353] -  Generate Result:{'id': 0, 'goal': {'goalId': 21874, 'content': '旅行', 'parentId': -1, 'requireId': 4032, 'restricts': [], 'optTargets': [], 'hasMatched': False, 'rpId': -1}, 'children': [{'id': 21875, 'goal': {'goalId': 21875, 'content': '景点', 'parentId': 21874, 'requireId': 4032, 'restricts': [{'goalId': 21875, 'key': '评分', 'valueType': 'enum', 'minValue': 0.0, 'maxValue': 999.0, 'unit': '', 'value': '5分'}, {'goalId': 21875, 'key': '游玩时间', 'valueType': 'enum', 'minValue': 0.0, 'maxValue': 999.0, 'unit': '', 'value': '2小时'}], 'optTargets': [], 'hasMatched': False, 'rpId': -1}, 'children': []}, {'id': 21876, 'goal': {'goalId': 21876, 'content': '餐馆', 'parentId': 21874, 'requireId': 4032, 'restricts': [{'goalId': 21876, 'key': '评分', 'valueType': 'region', 'minValue': 4.0, 'maxValue': 9999.0, 'unit': '分', 'value': ''}], 'optTargets': [], 'hasMatched': False, 'rpId': -1}, 'children': [{'id': 21877, 'goal': {'goalId': 21877, 'content': '推荐菜-瑞典肉丸', 'parentId': 21876, 'requireId': 4032, 'restricts': [], 'optTargets': [], 'hasMatched': False, 'rpId': -1}, 'children': []}]}, {'id': 21878, 'goal': {'goalId': 21878, 'content': '酒店', 'parentId': 21874, 'requireId': 4032, 'restricts': [{'goalId': 21878, 'key': '价格', 'valueType': 'region', 'minValue': 100.0, 'maxValue': 200.0, 'unit': '元', 'value': ''}, {'goalId': 21878, 'key': '酒店类型', 'valueType': 'enum', 'minValue': 0.0, 'maxValue': 999.0, 'unit': '', 'value': '高档型'}], 'optTargets': [], 'hasMatched': False, 'rpId': -1}, 'children': []}, {'id': 21879, 'goal': {'goalId': 21879, 'content': '地铁', 'parentId': 21874, 'requireId': 4032, 'restricts': [{'goalId': 21879, 'key': '目的地', 'valueType': 'enum', 'minValue': 0.0, 'maxValue': 999.0, 'unit': '', 'value': '北京布提克精品酒店'}, {'goalId': 21879, 'key': '出发地', 'valueType': 'enum', 'minValue': 0.0, 'maxValue': 999.0, 'unit': '', 'value': '宜家家居餐厅'}], 'optTargets': [], 'hasMatched': False, 'rpId': -1}, 'children': []}], 'requireInfo': {'userId': 'test_require1', 'requireId': 4032, 'timestamp': '2020-06-06T11:01:14.000+0800', 'state': 0, 'serviceSchemeUrl': None}, 'contexts': {}}

----------------------------------------
> Fri, 04 Sep 202014:13:34 - INFO - core_tree_pid_k2_e2_mod_3.py - [line:170] -  4338

----------------------------------------
> Fri, 04 Sep 202014:13:34 - INFO - core_tree_pid_k2_e2_mod_3.py - [line:180] -  --------对话已结束------------

