----------------------------------------
> Fri, 04 Sep 202014:10:50 - INFO - core_tree_pid_k2_e2_mod_1.py - [line:134] -  Start of program

----------------------------------------
> Fri, 04 Sep 202014:10:50 - INFO - core_tree_pid_k2_e2_mod_1.py - [line:138] -  test_id:


----------------------------------------
> Fri, 04 Sep 202014:10:50 - INFO - core_tree_pid_k2_e2_mod_1.py - [line:139] -  242

----------------------------------------
> Fri, 04 Sep 202014:10:50 - INFO - core_tree_pid_k2_e2_mod_1.py - [line:143] -  ------Round:1---------


----------------------------------------
> Fri, 04 Sep 202014:10:50 - DEBUG - core_tree_pid_k2_e2_mod_1.py - [line:145] -  您好，很高兴为您服务

----------------------------------------
> Fri, 04 Sep 202014:10:50 - DEBUG - core_tree_pid_k2_e2_mod_1.py - [line:150] -  USER: 我要去旅行

----------------------------------------
> Fri, 04 Sep 202014:10:50 - INFO - base_rp_db.py - [line:330] -  Model:{'id': 7647, 'goal': {'goalId': 7647, 'content': '旅行', 'parentId': -1, 'requireId': -1, 'restricts': [], 'optTargets': [], 'hasMatched': False, 'rpId': 316}, 'children': [{'id': 7648, 'goal': {'goalId': 7648, 'content': '景点', 'parentId': 7647, 'requireId': -1, 'restricts': [{'goalId': 7648, 'key': '游玩时间', 'valueType': 'region', 'minValue': 1.0, 'maxValue': 2.0, 'unit': '小时', 'value': ''}, {'goalId': 7648, 'key': '评分', 'valueType': 'region', 'minValue': 4.0, 'maxValue': 9999.0, 'unit': '分', 'value': ''}, {'goalId': 7648, 'key': '门票', 'valueType': 'region', 'minValue': 150.0, 'maxValue': 200.0, 'unit': '元', 'value': ''}], 'optTargets': [], 'hasMatched': False, 'rpId': 316}, 'children': []}, {'id': 7655, 'goal': {'goalId': 7655, 'content': '酒店', 'parentId': 7647, 'requireId': -1, 'restricts': [{'goalId': 7655, 'key': '价格', 'valueType': 'region', 'minValue': 200.0, 'maxValue': 300.0, 'unit': '元', 'value': ''}, {'goalId': 7655, 'key': '评分', 'valueType': 'enum', 'minValue': 0.0, 'maxValue': 999.0, 'unit': '', 'value': '5分'}, {'goalId': 7655, 'key': '酒店类型', 'valueType': 'enum', 'minValue': 0.0, 'maxValue': 999.0, 'unit': '', 'value': '舒适型'}], 'optTargets': [], 'hasMatched': False, 'rpId': 316}, 'children': []}]}

----------------------------------------
> Fri, 04 Sep 202014:10:50 - INFO - base_rp_db.py - [line:462] -  rps_db length: 1

----------------------------------------
> Fri, 04 Sep 202014:10:50 - INFO - base_rp_db.py - [line:462] -  rps_db length: 1

----------------------------------------
> Fri, 04 Sep 202014:10:50 - INFO - base_rp_db.py - [line:871] -  ---模板树中对应旅行意图无约束----


----------------------------------------
> Fri, 04 Sep 202014:10:50 - INFO - base_rp_db.py - [line:874] -  ----正在需求模式库中查找所有对应旅行的模式或子模式约束...----


----------------------------------------
> Fri, 04 Sep 202014:10:50 - DEBUG - base_rp_db.py - [line:879] -  ----------Round:2----------


----------------------------------------
> Fri, 04 Sep 202014:10:50 - INFO - base_rp_db.py - [line:882] -  ----需求模式库中旅行的约束为空.----


----------------------------------------
> Fri, 04 Sep 202014:10:50 - INFO - base_rp_db.py - [line:885] -  content旅行

----------------------------------------
> Fri, 04 Sep 202014:10:50 - INFO - base_rp_db.py - [line:888] -  restricts:[]

----------------------------------------
> Fri, 04 Sep 202014:10:50 - DEBUG - base_rp_db.py - [line:891] -  To user:对于旅行部分是否满意?


----------------------------------------
> Fri, 04 Sep 202014:10:50 - DEBUG - base_rp_db.py - [line:987] -  USER: 我觉得应该有如下修改：


----------------------------------------
> Fri, 04 Sep 202014:10:50 - INFO - base_rp_db.py - [line:1007] -  --------Round End---------


----------------------------------------
> Fri, 04 Sep 202014:10:50 - INFO - base_rp_db.py - [line:462] -  rps_db length: 3

----------------------------------------
> Fri, 04 Sep 202014:10:50 - INFO - base_rp_db.py - [line:462] -  rps_db length: 2

----------------------------------------
> Fri, 04 Sep 202014:10:50 - DEBUG - base_rp_db.py - [line:662] -  ----------Round:3----------


----------------------------------------
> Fri, 04 Sep 202014:10:50 - DEBUG - base_rp_db.py - [line:665] -  请问您对于景点是否需要？


----------------------------------------
> Fri, 04 Sep 202014:10:50 - DEBUG - base_rp_db.py - [line:668] -  USER: 需要


----------------------------------------
> Fri, 04 Sep 202014:10:50 - INFO - base_rp_db.py - [line:941] -  ----------Round:4----------


----------------------------------------
> Fri, 04 Sep 202014:10:50 - DEBUG - base_rp_db.py - [line:944] -  在需求模式库中对景点进行查找...

----------------------------------------
> Fri, 04 Sep 202014:10:50 - DEBUG - base_rp_db.py - [line:947] -  对于景点的约束这样如何:


----------------------------------------
> Fri, 04 Sep 202014:10:50 - DEBUG - base_rp_db.py - [line:958] -  景点的游玩时间范围, 1到2小时


----------------------------------------
> Fri, 04 Sep 202014:10:50 - DEBUG - base_rp_db.py - [line:958] -  景点的评分范围, 4到9999分


----------------------------------------
> Fri, 04 Sep 202014:10:50 - DEBUG - base_rp_db.py - [line:958] -  景点的门票范围, 50到100元


----------------------------------------
> Fri, 04 Sep 202014:10:50 - DEBUG - base_rp_db.py - [line:984] -  To user:对于景点部分是否满意?


----------------------------------------
> Fri, 04 Sep 202014:10:50 - DEBUG - base_rp_db.py - [line:987] -  USER: 我觉得应该有如下修改：


----------------------------------------
> Fri, 04 Sep 202014:10:50 - DEBUG - base_rp_db.py - [line:1004] -  景点的名称：韩美林艺术馆


----------------------------------------
> Fri, 04 Sep 202014:10:50 - DEBUG - base_rp_db.py - [line:1004] -  景点的游玩时间：1小时


----------------------------------------
> Fri, 04 Sep 202014:10:50 - DEBUG - base_rp_db.py - [line:998] -  景点的评分范围, 4到9999分


----------------------------------------
> Fri, 04 Sep 202014:10:50 - DEBUG - base_rp_db.py - [line:998] -  景点的门票范围, 0到0元


----------------------------------------
> Fri, 04 Sep 202014:10:50 - INFO - base_rp_db.py - [line:1007] -  --------Round End---------


----------------------------------------
> Fri, 04 Sep 202014:10:50 - DEBUG - base_rp_db.py - [line:584] -  ----------Round:5----------


----------------------------------------
> Fri, 04 Sep 202014:10:50 - DEBUG - base_rp_db.py - [line:591] -  To User: ---------检测到当前景点下无子节点，请问对于该意图有什么其他的子需求吗-----


----------------------------------------
> Fri, 04 Sep 202014:10:50 - DEBUG - base_rp_db.py - [line:595] -  ----USER: 没了-----


----------------------------------------
> Fri, 04 Sep 202014:10:50 - DEBUG - base_rp_db.py - [line:662] -  ----------Round:6----------


----------------------------------------
> Fri, 04 Sep 202014:10:50 - DEBUG - base_rp_db.py - [line:665] -  请问您对于酒店是否需要？


----------------------------------------
> Fri, 04 Sep 202014:10:50 - DEBUG - base_rp_db.py - [line:668] -  USER: 需要


----------------------------------------
> Fri, 04 Sep 202014:10:50 - INFO - base_rp_db.py - [line:941] -  ----------Round:7----------


----------------------------------------
> Fri, 04 Sep 202014:10:50 - DEBUG - base_rp_db.py - [line:944] -  在需求模式库中对酒店进行查找...

----------------------------------------
> Fri, 04 Sep 202014:10:50 - DEBUG - base_rp_db.py - [line:947] -  对于酒店的约束这样如何:


----------------------------------------
> Fri, 04 Sep 202014:10:50 - DEBUG - base_rp_db.py - [line:958] -  酒店的价格范围, 300到400元


----------------------------------------
> Fri, 04 Sep 202014:10:50 - DEBUG - base_rp_db.py - [line:958] -  酒店的评分范围, 4到9999分


----------------------------------------
> Fri, 04 Sep 202014:10:50 - DEBUG - base_rp_db.py - [line:975] -  酒店的酒店类型：豪华型


----------------------------------------
> Fri, 04 Sep 202014:10:50 - DEBUG - base_rp_db.py - [line:984] -  To user:对于酒店部分是否满意?


----------------------------------------
> Fri, 04 Sep 202014:10:50 - DEBUG - base_rp_db.py - [line:987] -  USER: 我觉得应该有如下修改：


----------------------------------------
> Fri, 04 Sep 202014:10:50 - DEBUG - base_rp_db.py - [line:998] -  酒店的价格范围, 200到300元


----------------------------------------
> Fri, 04 Sep 202014:10:50 - DEBUG - base_rp_db.py - [line:1004] -  酒店的名称：北京美第奇精选酒店


----------------------------------------
> Fri, 04 Sep 202014:10:50 - DEBUG - base_rp_db.py - [line:1004] -  酒店的源领域：景点


----------------------------------------
> Fri, 04 Sep 202014:10:50 - DEBUG - base_rp_db.py - [line:1004] -  酒店的酒店类型：高档型


----------------------------------------
> Fri, 04 Sep 202014:10:50 - INFO - base_rp_db.py - [line:1007] -  --------Round End---------


----------------------------------------
> Fri, 04 Sep 202014:10:50 - DEBUG - base_rp_db.py - [line:584] -  ----------Round:8----------


----------------------------------------
> Fri, 04 Sep 202014:10:50 - DEBUG - base_rp_db.py - [line:591] -  To User: ---------检测到当前酒店下无子节点，请问对于该意图有什么其他的子需求吗-----


----------------------------------------
> Fri, 04 Sep 202014:10:50 - DEBUG - base_rp_db.py - [line:600] -  USER: 我还需要接机服务


----------------------------------------
> Fri, 04 Sep 202014:10:50 - DEBUG - base_rp_db.py - [line:606] -  ----------Round:9----------


----------------------------------------
> Fri, 04 Sep 202014:10:50 - DEBUG - base_rp_db.py - [line:612] -  To User: 请问对于酒店意图有什么其他的子需求吗-----


----------------------------------------
> Fri, 04 Sep 202014:10:50 - DEBUG - base_rp_db.py - [line:600] -  USER: 我还需要行李寄存


----------------------------------------
> Fri, 04 Sep 202014:10:50 - DEBUG - base_rp_db.py - [line:606] -  ----------Round:10----------


----------------------------------------
> Fri, 04 Sep 202014:10:50 - DEBUG - base_rp_db.py - [line:612] -  To User: 请问对于酒店意图有什么其他的子需求吗-----


----------------------------------------
> Fri, 04 Sep 202014:10:50 - DEBUG - base_rp_db.py - [line:600] -  USER: 我还需要24小时热水


----------------------------------------
> Fri, 04 Sep 202014:10:50 - DEBUG - base_rp_db.py - [line:606] -  ----------Round:11----------


----------------------------------------
> Fri, 04 Sep 202014:10:50 - DEBUG - base_rp_db.py - [line:612] -  To User: 请问对于酒店意图有什么其他的子需求吗-----


----------------------------------------
> Fri, 04 Sep 202014:10:50 - DEBUG - base_rp_db.py - [line:615] -  ----USER: 没了-----


----------------------------------------
> Fri, 04 Sep 202014:10:50 - DEBUG - base_rp_db.py - [line:756] -  ----------Round:12----------


----------------------------------------
> Fri, 04 Sep 202014:10:50 - DEBUG - base_rp_db.py - [line:762] -  To User: 你对旅行还有什么新需求吗？


----------------------------------------
> Fri, 04 Sep 202014:10:50 - DEBUG - base_rp_db.py - [line:767] -  USER: 我要加入餐馆


----------------------------------------
> Fri, 04 Sep 202014:10:50 - INFO - base_rp_db.py - [line:941] -  ----------Round:13----------


----------------------------------------
> Fri, 04 Sep 202014:10:50 - DEBUG - base_rp_db.py - [line:944] -  在需求模式库中对餐馆进行查找...

----------------------------------------
> Fri, 04 Sep 202014:10:50 - DEBUG - base_rp_db.py - [line:947] -  对于餐馆的约束这样如何:


----------------------------------------
> Fri, 04 Sep 202014:10:50 - DEBUG - base_rp_db.py - [line:958] -  餐馆的人均消费范围, 50到100元


----------------------------------------
> Fri, 04 Sep 202014:10:50 - DEBUG - base_rp_db.py - [line:958] -  餐馆的评分范围, 4到9999分


----------------------------------------
> Fri, 04 Sep 202014:10:50 - DEBUG - base_rp_db.py - [line:984] -  To user:对于餐馆部分是否满意?


----------------------------------------
> Fri, 04 Sep 202014:10:50 - DEBUG - base_rp_db.py - [line:987] -  USER: 我觉得应该有如下修改：


----------------------------------------
> Fri, 04 Sep 202014:10:50 - DEBUG - base_rp_db.py - [line:998] -  餐馆的人均消费范围, 100到150元


----------------------------------------
> Fri, 04 Sep 202014:10:50 - DEBUG - base_rp_db.py - [line:1004] -  餐馆的源领域：景点


----------------------------------------
> Fri, 04 Sep 202014:10:50 - DEBUG - base_rp_db.py - [line:998] -  餐馆的评分范围, 4到9999分


----------------------------------------
> Fri, 04 Sep 202014:10:50 - INFO - base_rp_db.py - [line:1007] -  --------Round End---------


----------------------------------------
> Fri, 04 Sep 202014:10:50 - DEBUG - base_rp_db.py - [line:584] -  ----------Round:14----------


----------------------------------------
> Fri, 04 Sep 202014:10:50 - DEBUG - base_rp_db.py - [line:591] -  To User: ---------检测到当前餐馆下无子节点，请问对于该意图有什么其他的子需求吗-----


----------------------------------------
> Fri, 04 Sep 202014:10:50 - DEBUG - base_rp_db.py - [line:600] -  USER: 我还需要梨球果仁虾


----------------------------------------
> Fri, 04 Sep 202014:10:50 - DEBUG - base_rp_db.py - [line:606] -  ----------Round:15----------


----------------------------------------
> Fri, 04 Sep 202014:10:50 - DEBUG - base_rp_db.py - [line:612] -  To User: 请问对于餐馆意图有什么其他的子需求吗-----


----------------------------------------
> Fri, 04 Sep 202014:10:50 - DEBUG - base_rp_db.py - [line:615] -  ----USER: 没了-----


----------------------------------------
> Fri, 04 Sep 202014:10:50 - DEBUG - base_rp_db.py - [line:781] -  ----------Round:16----------


----------------------------------------
> Fri, 04 Sep 202014:10:50 - DEBUG - base_rp_db.py - [line:787] -  To User: 你对旅行还有什么新需求吗？


----------------------------------------
> Fri, 04 Sep 202014:10:50 - DEBUG - base_rp_db.py - [line:790] -  USER: 没有了


----------------------------------------
> Fri, 04 Sep 202014:10:50 - INFO - base_rp_db.py - [line:462] -  rps_db length: 4

----------------------------------------
> Fri, 04 Sep 202014:10:50 - INFO - base_rp_db.py - [line:462] -  rps_db length: 4

----------------------------------------
> Fri, 04 Sep 202014:10:50 - INFO - base_rp_db.py - [line:721] -  -----当前指针点为接机服务


----------------------------------------
> Fri, 04 Sep 202014:10:50 - INFO - base_rp_db.py - [line:871] -  ---模板树中对应接机服务意图无约束----


----------------------------------------
> Fri, 04 Sep 202014:10:50 - INFO - base_rp_db.py - [line:874] -  ----正在需求模式库中查找所有对应接机服务的模式或子模式约束...----


----------------------------------------
> Fri, 04 Sep 202014:10:50 - DEBUG - base_rp_db.py - [line:879] -  ----------Round:17----------


----------------------------------------
> Fri, 04 Sep 202014:10:50 - INFO - base_rp_db.py - [line:882] -  ----需求模式库中接机服务的约束为空.----


----------------------------------------
> Fri, 04 Sep 202014:10:50 - INFO - base_rp_db.py - [line:885] -  content接机服务

----------------------------------------
> Fri, 04 Sep 202014:10:50 - INFO - base_rp_db.py - [line:888] -  restricts:[]

----------------------------------------
> Fri, 04 Sep 202014:10:50 - DEBUG - base_rp_db.py - [line:891] -  To user:对于接机服务部分是否满意?


----------------------------------------
> Fri, 04 Sep 202014:10:50 - DEBUG - base_rp_db.py - [line:987] -  USER: 我觉得应该有如下修改：


----------------------------------------
> Fri, 04 Sep 202014:10:50 - INFO - base_rp_db.py - [line:1007] -  --------Round End---------


----------------------------------------
> Fri, 04 Sep 202014:10:50 - DEBUG - base_rp_db.py - [line:584] -  ----------Round:18----------


----------------------------------------
> Fri, 04 Sep 202014:10:50 - DEBUG - base_rp_db.py - [line:591] -  To User: ---------检测到当前接机服务下无子节点，请问对于该意图有什么其他的子需求吗-----


----------------------------------------
> Fri, 04 Sep 202014:10:50 - DEBUG - base_rp_db.py - [line:595] -  ----USER: 没了-----


----------------------------------------
> Fri, 04 Sep 202014:10:50 - INFO - base_rp_db.py - [line:721] -  -----当前指针点为行李寄存


----------------------------------------
> Fri, 04 Sep 202014:10:50 - INFO - base_rp_db.py - [line:871] -  ---模板树中对应行李寄存意图无约束----


----------------------------------------
> Fri, 04 Sep 202014:10:50 - INFO - base_rp_db.py - [line:874] -  ----正在需求模式库中查找所有对应行李寄存的模式或子模式约束...----


----------------------------------------
> Fri, 04 Sep 202014:10:50 - DEBUG - base_rp_db.py - [line:879] -  ----------Round:19----------


----------------------------------------
> Fri, 04 Sep 202014:10:50 - INFO - base_rp_db.py - [line:882] -  ----需求模式库中行李寄存的约束为空.----


----------------------------------------
> Fri, 04 Sep 202014:10:50 - INFO - base_rp_db.py - [line:885] -  content行李寄存

----------------------------------------
> Fri, 04 Sep 202014:10:50 - INFO - base_rp_db.py - [line:888] -  restricts:[]

----------------------------------------
> Fri, 04 Sep 202014:10:51 - DEBUG - base_rp_db.py - [line:891] -  To user:对于行李寄存部分是否满意?


----------------------------------------
> Fri, 04 Sep 202014:10:51 - DEBUG - base_rp_db.py - [line:987] -  USER: 我觉得应该有如下修改：


----------------------------------------
> Fri, 04 Sep 202014:10:51 - INFO - base_rp_db.py - [line:1007] -  --------Round End---------


----------------------------------------
> Fri, 04 Sep 202014:10:51 - DEBUG - base_rp_db.py - [line:584] -  ----------Round:20----------


----------------------------------------
> Fri, 04 Sep 202014:10:51 - DEBUG - base_rp_db.py - [line:591] -  To User: ---------检测到当前行李寄存下无子节点，请问对于该意图有什么其他的子需求吗-----


----------------------------------------
> Fri, 04 Sep 202014:10:51 - DEBUG - base_rp_db.py - [line:595] -  ----USER: 没了-----


----------------------------------------
> Fri, 04 Sep 202014:10:51 - INFO - base_rp_db.py - [line:721] -  -----当前指针点为24小时热水


----------------------------------------
> Fri, 04 Sep 202014:10:51 - INFO - base_rp_db.py - [line:871] -  ---模板树中对应24小时热水意图无约束----


----------------------------------------
> Fri, 04 Sep 202014:10:51 - INFO - base_rp_db.py - [line:874] -  ----正在需求模式库中查找所有对应24小时热水的模式或子模式约束...----


----------------------------------------
> Fri, 04 Sep 202014:10:51 - DEBUG - base_rp_db.py - [line:879] -  ----------Round:21----------


----------------------------------------
> Fri, 04 Sep 202014:10:51 - INFO - base_rp_db.py - [line:882] -  ----需求模式库中24小时热水的约束为空.----


----------------------------------------
> Fri, 04 Sep 202014:10:51 - INFO - base_rp_db.py - [line:885] -  content24小时热水

----------------------------------------
> Fri, 04 Sep 202014:10:51 - INFO - base_rp_db.py - [line:888] -  restricts:[]

----------------------------------------
> Fri, 04 Sep 202014:10:51 - DEBUG - base_rp_db.py - [line:891] -  To user:对于24小时热水部分是否满意?


----------------------------------------
> Fri, 04 Sep 202014:10:51 - DEBUG - base_rp_db.py - [line:987] -  USER: 我觉得应该有如下修改：


----------------------------------------
> Fri, 04 Sep 202014:10:51 - INFO - base_rp_db.py - [line:1007] -  --------Round End---------


----------------------------------------
> Fri, 04 Sep 202014:10:51 - DEBUG - base_rp_db.py - [line:584] -  ----------Round:22----------


----------------------------------------
> Fri, 04 Sep 202014:10:51 - DEBUG - base_rp_db.py - [line:591] -  To User: ---------检测到当前24小时热水下无子节点，请问对于该意图有什么其他的子需求吗-----


----------------------------------------
> Fri, 04 Sep 202014:10:51 - DEBUG - base_rp_db.py - [line:595] -  ----USER: 没了-----


----------------------------------------
> Fri, 04 Sep 202014:10:51 - INFO - base_rp_db.py - [line:871] -  ---模板树中对应梨球果仁虾意图无约束----


----------------------------------------
> Fri, 04 Sep 202014:10:51 - INFO - base_rp_db.py - [line:874] -  ----正在需求模式库中查找所有对应梨球果仁虾的模式或子模式约束...----


----------------------------------------
> Fri, 04 Sep 202014:10:51 - DEBUG - base_rp_db.py - [line:879] -  ----------Round:23----------


----------------------------------------
> Fri, 04 Sep 202014:10:51 - INFO - base_rp_db.py - [line:882] -  ----需求模式库中梨球果仁虾的约束为空.----


----------------------------------------
> Fri, 04 Sep 202014:10:51 - INFO - base_rp_db.py - [line:885] -  content梨球果仁虾

----------------------------------------
> Fri, 04 Sep 202014:10:51 - INFO - base_rp_db.py - [line:888] -  restricts:[]

----------------------------------------
> Fri, 04 Sep 202014:10:51 - DEBUG - base_rp_db.py - [line:891] -  To user:对于梨球果仁虾部分是否满意?


----------------------------------------
> Fri, 04 Sep 202014:10:51 - DEBUG - base_rp_db.py - [line:987] -  USER: 我觉得应该有如下修改：


----------------------------------------
> Fri, 04 Sep 202014:10:51 - INFO - base_rp_db.py - [line:1007] -  --------Round End---------


----------------------------------------
> Fri, 04 Sep 202014:10:51 - DEBUG - base_rp_db.py - [line:584] -  ----------Round:24----------


----------------------------------------
> Fri, 04 Sep 202014:10:51 - DEBUG - base_rp_db.py - [line:591] -  To User: ---------检测到当前梨球果仁虾下无子节点，请问对于该意图有什么其他的子需求吗-----


----------------------------------------
> Fri, 04 Sep 202014:10:51 - DEBUG - base_rp_db.py - [line:595] -  ----USER: 没了-----


----------------------------------------
> Fri, 04 Sep 202014:10:51 - INFO - base_rp_db.py - [line:353] -  Generate Result:{'id': 0, 'goal': {'goalId': 3297, 'content': '旅行', 'parentId': -1, 'requireId': 482, 'restricts': [], 'optTargets': [], 'hasMatched': False, 'rpId': -1}, 'children': [{'id': 3298, 'goal': {'goalId': 3298, 'content': '酒店', 'parentId': 3297, 'requireId': 482, 'restricts': [{'goalId': 3298, 'key': '价格', 'valueType': 'region', 'minValue': 200.0, 'maxValue': 300.0, 'unit': '元', 'value': ''}, {'goalId': 3298, 'key': '名称', 'valueType': 'enum', 'minValue': 0.0, 'maxValue': 999.0, 'unit': '', 'value': '北京美第奇精选酒店'}, {'goalId': 3298, 'key': '源领域', 'valueType': 'enum', 'minValue': 0.0, 'maxValue': 999.0, 'unit': '', 'value': '景点'}, {'goalId': 3298, 'key': '酒店类型', 'valueType': 'enum', 'minValue': 0.0, 'maxValue': 999.0, 'unit': '', 'value': '高档型'}], 'optTargets': [], 'hasMatched': False, 'rpId': -1}, 'children': [{'id': 3299, 'goal': {'goalId': 3299, 'content': '接机服务', 'parentId': 3298, 'requireId': 482, 'restricts': [], 'optTargets': [], 'hasMatched': False, 'rpId': -1}, 'children': []}, {'id': 3300, 'goal': {'goalId': 3300, 'content': '行李寄存', 'parentId': 3298, 'requireId': 482, 'restricts': [], 'optTargets': [], 'hasMatched': False, 'rpId': -1}, 'children': []}, {'id': 3301, 'goal': {'goalId': 3301, 'content': '24小时热水', 'parentId': 3298, 'requireId': 482, 'restricts': [], 'optTargets': [], 'hasMatched': False, 'rpId': -1}, 'children': []}]}, {'id': 3302, 'goal': {'goalId': 3302, 'content': '餐馆', 'parentId': 3297, 'requireId': 482, 'restricts': [{'goalId': 3302, 'key': '人均消费', 'valueType': 'region', 'minValue': 100.0, 'maxValue': 150.0, 'unit': '元', 'value': ''}, {'goalId': 3302, 'key': '源领域', 'valueType': 'enum', 'minValue': 0.0, 'maxValue': 999.0, 'unit': '', 'value': '景点'}, {'goalId': 3302, 'key': '评分', 'valueType': 'region', 'minValue': 4.0, 'maxValue': 9999.0, 'unit': '分', 'value': ''}], 'optTargets': [], 'hasMatched': False, 'rpId': -1}, 'children': [{'id': 3303, 'goal': {'goalId': 3303, 'content': '梨球果仁虾', 'parentId': 3302, 'requireId': 482, 'restricts': [], 'optTargets': [], 'hasMatched': False, 'rpId': -1}, 'children': []}]}, {'id': 3304, 'goal': {'goalId': 3304, 'content': '景点', 'parentId': 3297, 'requireId': 482, 'restricts': [{'goalId': 3304, 'key': '名称', 'valueType': 'enum', 'minValue': 0.0, 'maxValue': 999.0, 'unit': '', 'value': '韩美林艺术馆'}, {'goalId': 3304, 'key': '游玩时间', 'valueType': 'enum', 'minValue': 0.0, 'maxValue': 999.0, 'unit': '', 'value': '1小时'}, {'goalId': 3304, 'key': '评分', 'valueType': 'region', 'minValue': 4.0, 'maxValue': 9999.0, 'unit': '分', 'value': ''}, {'goalId': 3304, 'key': '门票', 'valueType': 'region', 'minValue': 0.0, 'maxValue': 0.0, 'unit': '元', 'value': ''}], 'optTargets': [], 'hasMatched': False, 'rpId': -1}, 'children': []}], 'requireInfo': {'userId': 'test_require1', 'requireId': 482, 'timestamp': '2020-04-28T11:30:11.000+0800', 'state': 0, 'serviceSchemeUrl': None}, 'contexts': {}}

----------------------------------------
> Fri, 04 Sep 202014:10:51 - INFO - core_tree_pid_k2_e2_mod_1.py - [line:170] -  242

----------------------------------------
> Fri, 04 Sep 202014:10:51 - INFO - core_tree_pid_k2_e2_mod_1.py - [line:180] -  --------对话已结束------------

