----------------------------------------
> Fri, 04 Sep 202014:55:04 - INFO - core_tree_pid_k2_e2_mod_1.py - [line:134] -  Start of program

----------------------------------------
> Fri, 04 Sep 202014:55:04 - INFO - core_tree_pid_k2_e2_mod_1.py - [line:138] -  test_id:


----------------------------------------
> Fri, 04 Sep 202014:55:04 - INFO - core_tree_pid_k2_e2_mod_1.py - [line:139] -  1655

----------------------------------------
> Fri, 04 Sep 202014:55:04 - INFO - core_tree_pid_k2_e2_mod_1.py - [line:143] -  ------Round:1---------


----------------------------------------
> Fri, 04 Sep 202014:55:04 - DEBUG - core_tree_pid_k2_e2_mod_1.py - [line:145] -  您好，很高兴为您服务

----------------------------------------
> Fri, 04 Sep 202014:55:04 - DEBUG - core_tree_pid_k2_e2_mod_1.py - [line:150] -  USER: 我要去旅行

----------------------------------------
> Fri, 04 Sep 202014:55:04 - INFO - base_rp_db.py - [line:330] -  Model:{'id': 12627, 'goal': {'goalId': 12627, 'content': '旅行', 'parentId': -1, 'requireId': -1, 'restricts': [], 'optTargets': [], 'hasMatched': False, 'rpId': 1729}, 'children': [{'id': 12628, 'goal': {'goalId': 12628, 'content': '酒店', 'parentId': 12627, 'requireId': -1, 'restricts': [], 'optTargets': [], 'hasMatched': False, 'rpId': 1729}, 'children': [{'id': 12629, 'goal': {'goalId': 12629, 'content': '酒店设施-叫醒服务', 'parentId': 12628, 'requireId': -1, 'restricts': [], 'optTargets': [], 'hasMatched': False, 'rpId': 1729}, 'children': []}]}, {'id': 12630, 'goal': {'goalId': 12630, 'content': '餐馆', 'parentId': 12627, 'requireId': -1, 'restricts': [], 'optTargets': [], 'hasMatched': False, 'rpId': 1729}, 'children': []}]}

----------------------------------------
> Fri, 04 Sep 202014:55:04 - INFO - base_rp_db.py - [line:462] -  rps_db length: 1

----------------------------------------
> Fri, 04 Sep 202014:55:04 - INFO - base_rp_db.py - [line:462] -  rps_db length: 1

----------------------------------------
> Fri, 04 Sep 202014:55:04 - INFO - base_rp_db.py - [line:871] -  ---模板树中对应旅行意图无约束----


----------------------------------------
> Fri, 04 Sep 202014:55:04 - INFO - base_rp_db.py - [line:874] -  ----正在需求模式库中查找所有对应旅行的模式或子模式约束...----


----------------------------------------
> Fri, 04 Sep 202014:55:04 - DEBUG - base_rp_db.py - [line:879] -  ----------Round:2----------


----------------------------------------
> Fri, 04 Sep 202014:55:04 - INFO - base_rp_db.py - [line:882] -  ----需求模式库中旅行的约束为空.----


----------------------------------------
> Fri, 04 Sep 202014:55:04 - INFO - base_rp_db.py - [line:885] -  content旅行

----------------------------------------
> Fri, 04 Sep 202014:55:04 - INFO - base_rp_db.py - [line:888] -  restricts:[]

----------------------------------------
> Fri, 04 Sep 202014:55:04 - DEBUG - base_rp_db.py - [line:891] -  To user:对于旅行部分是否满意?


----------------------------------------
> Fri, 04 Sep 202014:55:04 - DEBUG - base_rp_db.py - [line:987] -  USER: 我觉得应该有如下修改：


----------------------------------------
> Fri, 04 Sep 202014:55:04 - INFO - base_rp_db.py - [line:1007] -  --------Round End---------


----------------------------------------
> Fri, 04 Sep 202014:55:05 - INFO - base_rp_db.py - [line:462] -  rps_db length: 4

----------------------------------------
> Fri, 04 Sep 202014:55:05 - INFO - base_rp_db.py - [line:462] -  rps_db length: 2

----------------------------------------
> Fri, 04 Sep 202014:55:05 - DEBUG - base_rp_db.py - [line:662] -  ----------Round:3----------


----------------------------------------
> Fri, 04 Sep 202014:55:05 - DEBUG - base_rp_db.py - [line:665] -  请问您对于酒店是否需要？


----------------------------------------
> Fri, 04 Sep 202014:55:05 - DEBUG - base_rp_db.py - [line:668] -  USER: 需要


----------------------------------------
> Fri, 04 Sep 202014:55:05 - INFO - base_rp_db.py - [line:871] -  ---模板树中对应酒店意图无约束----


----------------------------------------
> Fri, 04 Sep 202014:55:05 - INFO - base_rp_db.py - [line:874] -  ----正在需求模式库中查找所有对应酒店的模式或子模式约束...----


----------------------------------------
> Fri, 04 Sep 202014:55:05 - INFO - base_rp_db.py - [line:896] -  ----------Round:4----------


----------------------------------------
> Fri, 04 Sep 202014:55:05 - DEBUG - base_rp_db.py - [line:899] -  To User:对于酒店的约束这样如何:


----------------------------------------
> Fri, 04 Sep 202014:55:05 - DEBUG - base_rp_db.py - [line:910] -  酒店的价格范围, 300到400元


----------------------------------------
> Fri, 04 Sep 202014:55:05 - DEBUG - base_rp_db.py - [line:910] -  酒店的评分范围, 4到9999分


----------------------------------------
> Fri, 04 Sep 202014:55:05 - DEBUG - base_rp_db.py - [line:927] -  酒店的酒店类型：豪华型


----------------------------------------
> Fri, 04 Sep 202014:55:05 - DEBUG - base_rp_db.py - [line:936] -  To user:对于酒店部分是否满意?


----------------------------------------
> Fri, 04 Sep 202014:55:05 - DEBUG - base_rp_db.py - [line:987] -  USER: 我觉得应该有如下修改：


----------------------------------------
> Fri, 04 Sep 202014:55:05 - DEBUG - base_rp_db.py - [line:998] -  酒店的价格范围, 100到200元


----------------------------------------
> Fri, 04 Sep 202014:55:05 - INFO - base_rp_db.py - [line:1007] -  --------Round End---------


----------------------------------------
> Fri, 04 Sep 202014:55:05 - DEBUG - base_rp_db.py - [line:662] -  ----------Round:5----------


----------------------------------------
> Fri, 04 Sep 202014:55:05 - DEBUG - base_rp_db.py - [line:665] -  请问您对于餐馆是否需要？


----------------------------------------
> Fri, 04 Sep 202014:55:05 - DEBUG - base_rp_db.py - [line:668] -  USER: 需要


----------------------------------------
> Fri, 04 Sep 202014:55:05 - INFO - base_rp_db.py - [line:871] -  ---模板树中对应餐馆意图无约束----


----------------------------------------
> Fri, 04 Sep 202014:55:05 - INFO - base_rp_db.py - [line:874] -  ----正在需求模式库中查找所有对应餐馆的模式或子模式约束...----


----------------------------------------
> Fri, 04 Sep 202014:55:05 - INFO - base_rp_db.py - [line:896] -  ----------Round:6----------


----------------------------------------
> Fri, 04 Sep 202014:55:05 - DEBUG - base_rp_db.py - [line:899] -  To User:对于餐馆的约束这样如何:


----------------------------------------
> Fri, 04 Sep 202014:55:05 - DEBUG - base_rp_db.py - [line:910] -  餐馆的人均消费范围, 50到100元


----------------------------------------
> Fri, 04 Sep 202014:55:05 - DEBUG - base_rp_db.py - [line:910] -  餐馆的评分范围, 4到9999分


----------------------------------------
> Fri, 04 Sep 202014:55:05 - DEBUG - base_rp_db.py - [line:936] -  To user:对于餐馆部分是否满意?


----------------------------------------
> Fri, 04 Sep 202014:55:05 - DEBUG - base_rp_db.py - [line:987] -  USER: 我觉得应该有如下修改：


----------------------------------------
> Fri, 04 Sep 202014:55:05 - DEBUG - base_rp_db.py - [line:998] -  餐馆的评分范围, 4到9999分


----------------------------------------
> Fri, 04 Sep 202014:55:05 - INFO - base_rp_db.py - [line:1007] -  --------Round End---------


----------------------------------------
> Fri, 04 Sep 202014:55:05 - DEBUG - base_rp_db.py - [line:584] -  ----------Round:7----------


----------------------------------------
> Fri, 04 Sep 202014:55:05 - DEBUG - base_rp_db.py - [line:591] -  To User: ---------检测到当前餐馆下无子节点，请问对于该意图有什么其他的子需求吗-----


----------------------------------------
> Fri, 04 Sep 202014:55:05 - DEBUG - base_rp_db.py - [line:600] -  USER: 我还需要推荐菜-寿司


----------------------------------------
> Fri, 04 Sep 202014:55:05 - DEBUG - base_rp_db.py - [line:606] -  ----------Round:8----------


----------------------------------------
> Fri, 04 Sep 202014:55:05 - DEBUG - base_rp_db.py - [line:612] -  To User: 请问对于餐馆意图有什么其他的子需求吗-----


----------------------------------------
> Fri, 04 Sep 202014:55:05 - DEBUG - base_rp_db.py - [line:615] -  ----USER: 没了-----


----------------------------------------
> Fri, 04 Sep 202014:55:05 - DEBUG - base_rp_db.py - [line:756] -  ----------Round:9----------


----------------------------------------
> Fri, 04 Sep 202014:55:05 - DEBUG - base_rp_db.py - [line:762] -  To User: 你对旅行还有什么新需求吗？


----------------------------------------
> Fri, 04 Sep 202014:55:05 - DEBUG - base_rp_db.py - [line:767] -  USER: 我要加入地铁


----------------------------------------
> Fri, 04 Sep 202014:55:05 - INFO - base_rp_db.py - [line:871] -  ---模板树中对应地铁意图无约束----


----------------------------------------
> Fri, 04 Sep 202014:55:06 - INFO - base_rp_db.py - [line:874] -  ----正在需求模式库中查找所有对应地铁的模式或子模式约束...----


----------------------------------------
> Fri, 04 Sep 202014:55:06 - INFO - base_rp_db.py - [line:896] -  ----------Round:10----------


----------------------------------------
> Fri, 04 Sep 202014:55:06 - DEBUG - base_rp_db.py - [line:899] -  To User:对于地铁的约束这样如何:


----------------------------------------
> Fri, 04 Sep 202014:55:06 - DEBUG - base_rp_db.py - [line:927] -  地铁的目的地：北京香江戴斯酒店


----------------------------------------
> Fri, 04 Sep 202014:55:06 - DEBUG - base_rp_db.py - [line:927] -  地铁的出发地：天安门广场


----------------------------------------
> Fri, 04 Sep 202014:55:06 - DEBUG - base_rp_db.py - [line:936] -  To user:对于地铁部分是否满意?


----------------------------------------
> Fri, 04 Sep 202014:55:06 - DEBUG - base_rp_db.py - [line:987] -  USER: 我觉得应该有如下修改：


----------------------------------------
> Fri, 04 Sep 202014:55:06 - DEBUG - base_rp_db.py - [line:1004] -  地铁的目的地：如家快捷酒店(北京欢乐谷西直河康化桥店)


----------------------------------------
> Fri, 04 Sep 202014:55:06 - DEBUG - base_rp_db.py - [line:1004] -  地铁的出发地：松子日本料理(亮马桥店)


----------------------------------------
> Fri, 04 Sep 202014:55:06 - INFO - base_rp_db.py - [line:1007] -  --------Round End---------


----------------------------------------
> Fri, 04 Sep 202014:55:06 - DEBUG - base_rp_db.py - [line:584] -  ----------Round:11----------


----------------------------------------
> Fri, 04 Sep 202014:55:06 - DEBUG - base_rp_db.py - [line:591] -  To User: ---------检测到当前地铁下无子节点，请问对于该意图有什么其他的子需求吗-----


----------------------------------------
> Fri, 04 Sep 202014:55:06 - DEBUG - base_rp_db.py - [line:595] -  ----USER: 没了-----


----------------------------------------
> Fri, 04 Sep 202014:55:06 - DEBUG - base_rp_db.py - [line:781] -  ----------Round:12----------


----------------------------------------
> Fri, 04 Sep 202014:55:06 - DEBUG - base_rp_db.py - [line:787] -  To User: 你对旅行还有什么新需求吗？


----------------------------------------
> Fri, 04 Sep 202014:55:06 - DEBUG - base_rp_db.py - [line:767] -  USER: 我要加入出租


----------------------------------------
> Fri, 04 Sep 202014:55:06 - INFO - base_rp_db.py - [line:871] -  ---模板树中对应出租意图无约束----


----------------------------------------
> Fri, 04 Sep 202014:55:06 - INFO - base_rp_db.py - [line:874] -  ----正在需求模式库中查找所有对应出租的模式或子模式约束...----


----------------------------------------
> Fri, 04 Sep 202014:55:06 - INFO - base_rp_db.py - [line:896] -  ----------Round:13----------


----------------------------------------
> Fri, 04 Sep 202014:55:06 - DEBUG - base_rp_db.py - [line:899] -  To User:对于出租的约束这样如何:


----------------------------------------
> Fri, 04 Sep 202014:55:06 - DEBUG - base_rp_db.py - [line:927] -  出租的目的地：天安门广场


----------------------------------------
> Fri, 04 Sep 202014:55:06 - DEBUG - base_rp_db.py - [line:927] -  出租的出发地：北京鹏润国际大酒店


----------------------------------------
> Fri, 04 Sep 202014:55:06 - DEBUG - base_rp_db.py - [line:936] -  To user:对于出租部分是否满意?


----------------------------------------
> Fri, 04 Sep 202014:55:06 - DEBUG - base_rp_db.py - [line:987] -  USER: 我觉得应该有如下修改：


----------------------------------------
> Fri, 04 Sep 202014:55:06 - INFO - base_rp_db.py - [line:1007] -  --------Round End---------


----------------------------------------
> Fri, 04 Sep 202014:55:06 - DEBUG - base_rp_db.py - [line:584] -  ----------Round:14----------


----------------------------------------
> Fri, 04 Sep 202014:55:06 - DEBUG - base_rp_db.py - [line:591] -  To User: ---------检测到当前出租下无子节点，请问对于该意图有什么其他的子需求吗-----


----------------------------------------
> Fri, 04 Sep 202014:55:06 - DEBUG - base_rp_db.py - [line:595] -  ----USER: 没了-----


----------------------------------------
> Fri, 04 Sep 202014:55:06 - DEBUG - base_rp_db.py - [line:781] -  ----------Round:15----------


----------------------------------------
> Fri, 04 Sep 202014:55:06 - DEBUG - base_rp_db.py - [line:787] -  To User: 你对旅行还有什么新需求吗？


----------------------------------------
> Fri, 04 Sep 202014:55:06 - DEBUG - base_rp_db.py - [line:790] -  USER: 没有了


----------------------------------------
> Fri, 04 Sep 202014:55:06 - INFO - base_rp_db.py - [line:462] -  rps_db length: 3

----------------------------------------
> Fri, 04 Sep 202014:55:06 - INFO - base_rp_db.py - [line:462] -  rps_db length: 2

----------------------------------------
> Fri, 04 Sep 202014:55:06 - DEBUG - base_rp_db.py - [line:673] -  ----------Round:16----------


----------------------------------------
> Fri, 04 Sep 202014:55:06 - DEBUG - base_rp_db.py - [line:676] -  请问您对于酒店设施-叫醒服务是否需要？


----------------------------------------
> Fri, 04 Sep 202014:55:06 - DEBUG - base_rp_db.py - [line:679] -  USER: 不需要


----------------------------------------
> Fri, 04 Sep 202014:55:06 - DEBUG - base_rp_db.py - [line:623] -  ----------Round:17----------


----------------------------------------
> Fri, 04 Sep 202014:55:07 - DEBUG - base_rp_db.py - [line:629] -  To User: 你对酒店还有什么新需求吗？


----------------------------------------
> Fri, 04 Sep 202014:55:07 - DEBUG - base_rp_db.py - [line:634] -  USER: 我要加入酒店设施-收费停车位


----------------------------------------
> Fri, 04 Sep 202014:55:07 - INFO - base_rp_db.py - [line:871] -  ---模板树中对应酒店设施-收费停车位意图无约束----


----------------------------------------
> Fri, 04 Sep 202014:55:07 - INFO - base_rp_db.py - [line:874] -  ----正在需求模式库中查找所有对应酒店设施-收费停车位的模式或子模式约束...----


----------------------------------------
> Fri, 04 Sep 202014:55:07 - DEBUG - base_rp_db.py - [line:879] -  ----------Round:18----------


----------------------------------------
> Fri, 04 Sep 202014:55:07 - INFO - base_rp_db.py - [line:882] -  ----需求模式库中酒店设施-收费停车位的约束为空.----


----------------------------------------
> Fri, 04 Sep 202014:55:07 - INFO - base_rp_db.py - [line:885] -  content酒店设施-收费停车位

----------------------------------------
> Fri, 04 Sep 202014:55:07 - INFO - base_rp_db.py - [line:888] -  restricts:[]

----------------------------------------
> Fri, 04 Sep 202014:55:07 - DEBUG - base_rp_db.py - [line:891] -  To user:对于酒店设施-收费停车位部分是否满意?


----------------------------------------
> Fri, 04 Sep 202014:55:07 - DEBUG - base_rp_db.py - [line:987] -  USER: 我觉得应该有如下修改：


----------------------------------------
> Fri, 04 Sep 202014:55:07 - INFO - base_rp_db.py - [line:1007] -  --------Round End---------


----------------------------------------
> Fri, 04 Sep 202014:55:07 - DEBUG - base_rp_db.py - [line:584] -  ----------Round:19----------


----------------------------------------
> Fri, 04 Sep 202014:55:07 - DEBUG - base_rp_db.py - [line:591] -  To User: ---------检测到当前酒店设施-收费停车位下无子节点，请问对于该意图有什么其他的子需求吗-----


----------------------------------------
> Fri, 04 Sep 202014:55:07 - DEBUG - base_rp_db.py - [line:595] -  ----USER: 没了-----


----------------------------------------
> Fri, 04 Sep 202014:55:07 - DEBUG - base_rp_db.py - [line:644] -  ----------Round:20----------


----------------------------------------
> Fri, 04 Sep 202014:55:07 - DEBUG - base_rp_db.py - [line:650] -  To User: 你对酒店还有什么新需求吗？


----------------------------------------
> Fri, 04 Sep 202014:55:07 - DEBUG - base_rp_db.py - [line:634] -  USER: 我要加入酒店设施-行李寄存


----------------------------------------
> Fri, 04 Sep 202014:55:07 - INFO - base_rp_db.py - [line:871] -  ---模板树中对应酒店设施-行李寄存意图无约束----


----------------------------------------
> Fri, 04 Sep 202014:55:07 - INFO - base_rp_db.py - [line:874] -  ----正在需求模式库中查找所有对应酒店设施-行李寄存的模式或子模式约束...----


----------------------------------------
> Fri, 04 Sep 202014:55:07 - DEBUG - base_rp_db.py - [line:879] -  ----------Round:21----------


----------------------------------------
> Fri, 04 Sep 202014:55:07 - INFO - base_rp_db.py - [line:882] -  ----需求模式库中酒店设施-行李寄存的约束为空.----


----------------------------------------
> Fri, 04 Sep 202014:55:07 - INFO - base_rp_db.py - [line:885] -  content酒店设施-行李寄存

----------------------------------------
> Fri, 04 Sep 202014:55:07 - INFO - base_rp_db.py - [line:888] -  restricts:[]

----------------------------------------
> Fri, 04 Sep 202014:55:07 - DEBUG - base_rp_db.py - [line:891] -  To user:对于酒店设施-行李寄存部分是否满意?


----------------------------------------
> Fri, 04 Sep 202014:55:07 - DEBUG - base_rp_db.py - [line:987] -  USER: 我觉得应该有如下修改：


----------------------------------------
> Fri, 04 Sep 202014:55:07 - INFO - base_rp_db.py - [line:1007] -  --------Round End---------


----------------------------------------
> Fri, 04 Sep 202014:55:07 - DEBUG - base_rp_db.py - [line:584] -  ----------Round:22----------


----------------------------------------
> Fri, 04 Sep 202014:55:07 - DEBUG - base_rp_db.py - [line:591] -  To User: ---------检测到当前酒店设施-行李寄存下无子节点，请问对于该意图有什么其他的子需求吗-----


----------------------------------------
> Fri, 04 Sep 202014:55:07 - DEBUG - base_rp_db.py - [line:595] -  ----USER: 没了-----


----------------------------------------
> Fri, 04 Sep 202014:55:07 - DEBUG - base_rp_db.py - [line:644] -  ----------Round:23----------


----------------------------------------
> Fri, 04 Sep 202014:55:07 - DEBUG - base_rp_db.py - [line:650] -  To User: 你对酒店还有什么新需求吗？


----------------------------------------
> Fri, 04 Sep 202014:55:07 - DEBUG - base_rp_db.py - [line:653] -  USER: 没有了


----------------------------------------
> Fri, 04 Sep 202014:55:07 - INFO - base_rp_db.py - [line:1064] -  ---未使用模式库或模式库或需求知识图谱中无推荐菜-寿司意图----


----------------------------------------
> Fri, 04 Sep 202014:55:07 - INFO - base_rp_db.py - [line:1068] -  ----------Round:24----------


----------------------------------------
> Fri, 04 Sep 202014:55:07 - DEBUG - base_rp_db.py - [line:1071] -  To User: 无法匹配推荐菜-寿司


----------------------------------------
> Fri, 04 Sep 202014:55:07 - DEBUG - base_rp_db.py - [line:1075] -  To User: 你对推荐菜-寿司的约束是什么？


----------------------------------------
> Fri, 04 Sep 202014:55:07 - DEBUG - base_rp_db.py - [line:1110] -  USER: 我都无所谓


----------------------------------------
> Fri, 04 Sep 202014:55:07 - DEBUG - base_rp_db.py - [line:584] -  ----------Round:25----------


----------------------------------------
> Fri, 04 Sep 202014:55:07 - DEBUG - base_rp_db.py - [line:591] -  To User: ---------检测到当前推荐菜-寿司下无子节点，请问对于该意图有什么其他的子需求吗-----


----------------------------------------
> Fri, 04 Sep 202014:55:07 - DEBUG - base_rp_db.py - [line:595] -  ----USER: 没了-----


----------------------------------------
> Fri, 04 Sep 202014:55:07 - INFO - base_rp_db.py - [line:353] -  Generate Result:{'id': 0, 'goal': {'goalId': 8582, 'content': '旅行', 'parentId': -1, 'requireId': 1349, 'restricts': [], 'optTargets': [], 'hasMatched': False, 'rpId': -1}, 'children': [{'id': 8583, 'goal': {'goalId': 8583, 'content': '餐馆', 'parentId': 8582, 'requireId': 1349, 'restricts': [{'goalId': 8583, 'key': '评分', 'valueType': 'region', 'minValue': 4.0, 'maxValue': 9999.0, 'unit': '分', 'value': ''}], 'optTargets': [], 'hasMatched': False, 'rpId': -1}, 'children': [{'id': 8584, 'goal': {'goalId': 8584, 'content': '推荐菜-寿司', 'parentId': 8583, 'requireId': 1349, 'restricts': [], 'optTargets': [], 'hasMatched': False, 'rpId': -1}, 'children': []}]}, {'id': 8585, 'goal': {'goalId': 8585, 'content': '酒店', 'parentId': 8582, 'requireId': 1349, 'restricts': [{'goalId': 8585, 'key': '价格', 'valueType': 'region', 'minValue': 100.0, 'maxValue': 200.0, 'unit': '元', 'value': ''}], 'optTargets': [], 'hasMatched': False, 'rpId': -1}, 'children': [{'id': 8586, 'goal': {'goalId': 8586, 'content': '酒店设施-收费停车位', 'parentId': 8585, 'requireId': 1349, 'restricts': [], 'optTargets': [], 'hasMatched': False, 'rpId': -1}, 'children': []}, {'id': 8587, 'goal': {'goalId': 8587, 'content': '酒店设施-行李寄存', 'parentId': 8585, 'requireId': 1349, 'restricts': [], 'optTargets': [], 'hasMatched': False, 'rpId': -1}, 'children': []}]}, {'id': 8588, 'goal': {'goalId': 8588, 'content': '地铁', 'parentId': 8582, 'requireId': 1349, 'restricts': [{'goalId': 8588, 'key': '目的地', 'valueType': 'enum', 'minValue': 0.0, 'maxValue': 999.0, 'unit': '', 'value': '如家快捷酒店(北京欢乐谷西直河康化桥店)'}, {'goalId': 8588, 'key': '出发地', 'valueType': 'enum', 'minValue': 0.0, 'maxValue': 999.0, 'unit': '', 'value': '松子日本料理(亮马桥店)'}], 'optTargets': [], 'hasMatched': False, 'rpId': -1}, 'children': []}, {'id': 8589, 'goal': {'goalId': 8589, 'content': '出租', 'parentId': 8582, 'requireId': 1349, 'restricts': [], 'optTargets': [], 'hasMatched': False, 'rpId': -1}, 'children': []}], 'requireInfo': {'userId': 'test_require1', 'requireId': 1349, 'timestamp': '2020-06-06T10:59:38.000+0800', 'state': 0, 'serviceSchemeUrl': None}, 'contexts': {}}

----------------------------------------
> Fri, 04 Sep 202014:55:08 - INFO - core_tree_pid_k2_e2_mod_1.py - [line:170] -  1655

----------------------------------------
> Fri, 04 Sep 202014:55:08 - INFO - core_tree_pid_k2_e2_mod_1.py - [line:180] -  --------对话已结束------------

