----------------------------------------
> Fri, 04 Sep 202014:39:33 - INFO - core_tree_pid_k2_e2_mod_1.py - [line:134] -  Start of program

----------------------------------------
> Fri, 04 Sep 202014:39:33 - INFO - core_tree_pid_k2_e2_mod_1.py - [line:138] -  test_id:


----------------------------------------
> Fri, 04 Sep 202014:39:33 - INFO - core_tree_pid_k2_e2_mod_1.py - [line:139] -  1310

----------------------------------------
> Fri, 04 Sep 202014:39:33 - INFO - core_tree_pid_k2_e2_mod_1.py - [line:143] -  ------Round:1---------


----------------------------------------
> Fri, 04 Sep 202014:39:33 - DEBUG - core_tree_pid_k2_e2_mod_1.py - [line:145] -  您好，很高兴为您服务

----------------------------------------
> Fri, 04 Sep 202014:39:33 - DEBUG - core_tree_pid_k2_e2_mod_1.py - [line:150] -  USER: 我要去旅行

----------------------------------------
> Fri, 04 Sep 202014:39:33 - INFO - base_rp_db.py - [line:330] -  Model:{'id': 11321, 'goal': {'goalId': 11321, 'content': '旅行', 'parentId': -1, 'requireId': -1, 'restricts': [], 'optTargets': [], 'hasMatched': False, 'rpId': 1384}, 'children': [{'id': 11322, 'goal': {'goalId': 11322, 'content': '景点', 'parentId': 11321, 'requireId': -1, 'restricts': [{'goalId': 11322, 'key': '评分', 'valueType': 'region', 'minValue': 4.0, 'maxValue': 9999.0, 'unit': '分', 'value': ''}, {'goalId': 11322, 'key': '门票', 'valueType': 'region', 'minValue': 200.0, 'maxValue': 9999.0, 'unit': '分', 'value': ''}, {'goalId': 11322, 'key': '游玩时间', 'valueType': 'enum', 'minValue': 0.0, 'maxValue': 999.0, 'unit': '', 'value': '2小时'}], 'optTargets': [], 'hasMatched': False, 'rpId': 1384}, 'children': []}, {'id': 11323, 'goal': {'goalId': 11323, 'content': '酒店', 'parentId': 11321, 'requireId': -1, 'restricts': [{'goalId': 11323, 'key': '价格', 'valueType': 'region', 'minValue': 200.0, 'maxValue': 300.0, 'unit': '元', 'value': ''}, {'goalId': 11323, 'key': '酒店类型', 'valueType': 'enum', 'minValue': 0.0, 'maxValue': 999.0, 'unit': '', 'value': '豪华型'}], 'optTargets': [], 'hasMatched': False, 'rpId': 1384}, 'children': []}, {'id': 11324, 'goal': {'goalId': 11324, 'content': '餐馆', 'parentId': 11321, 'requireId': -1, 'restricts': [], 'optTargets': [], 'hasMatched': False, 'rpId': 1384}, 'children': []}]}

----------------------------------------
> Fri, 04 Sep 202014:39:33 - INFO - base_rp_db.py - [line:462] -  rps_db length: 1

----------------------------------------
> Fri, 04 Sep 202014:39:33 - INFO - base_rp_db.py - [line:462] -  rps_db length: 1

----------------------------------------
> Fri, 04 Sep 202014:39:33 - INFO - base_rp_db.py - [line:871] -  ---模板树中对应旅行意图无约束----


----------------------------------------
> Fri, 04 Sep 202014:39:33 - INFO - base_rp_db.py - [line:874] -  ----正在需求模式库中查找所有对应旅行的模式或子模式约束...----


----------------------------------------
> Fri, 04 Sep 202014:39:33 - DEBUG - base_rp_db.py - [line:879] -  ----------Round:2----------


----------------------------------------
> Fri, 04 Sep 202014:39:33 - INFO - base_rp_db.py - [line:882] -  ----需求模式库中旅行的约束为空.----


----------------------------------------
> Fri, 04 Sep 202014:39:34 - INFO - base_rp_db.py - [line:885] -  content旅行

----------------------------------------
> Fri, 04 Sep 202014:39:34 - INFO - base_rp_db.py - [line:888] -  restricts:[]

----------------------------------------
> Fri, 04 Sep 202014:39:34 - DEBUG - base_rp_db.py - [line:891] -  To user:对于旅行部分是否满意?


----------------------------------------
> Fri, 04 Sep 202014:39:34 - DEBUG - base_rp_db.py - [line:987] -  USER: 我觉得应该有如下修改：


----------------------------------------
> Fri, 04 Sep 202014:39:34 - INFO - base_rp_db.py - [line:1007] -  --------Round End---------


----------------------------------------
> Fri, 04 Sep 202014:39:34 - INFO - base_rp_db.py - [line:462] -  rps_db length: 3

----------------------------------------
> Fri, 04 Sep 202014:39:34 - INFO - base_rp_db.py - [line:462] -  rps_db length: 3

----------------------------------------
> Fri, 04 Sep 202014:39:34 - DEBUG - base_rp_db.py - [line:662] -  ----------Round:3----------


----------------------------------------
> Fri, 04 Sep 202014:39:34 - DEBUG - base_rp_db.py - [line:665] -  请问您对于景点是否需要？


----------------------------------------
> Fri, 04 Sep 202014:39:34 - DEBUG - base_rp_db.py - [line:668] -  USER: 需要


----------------------------------------
> Fri, 04 Sep 202014:39:34 - INFO - base_rp_db.py - [line:941] -  ----------Round:4----------


----------------------------------------
> Fri, 04 Sep 202014:39:34 - DEBUG - base_rp_db.py - [line:944] -  在需求模式库中对景点进行查找...

----------------------------------------
> Fri, 04 Sep 202014:39:34 - DEBUG - base_rp_db.py - [line:947] -  对于景点的约束这样如何:


----------------------------------------
> Fri, 04 Sep 202014:39:34 - DEBUG - base_rp_db.py - [line:958] -  景点的游玩时间范围, 1到2小时


----------------------------------------
> Fri, 04 Sep 202014:39:34 - DEBUG - base_rp_db.py - [line:958] -  景点的评分范围, 4到9999分


----------------------------------------
> Fri, 04 Sep 202014:39:34 - DEBUG - base_rp_db.py - [line:958] -  景点的门票范围, 50到100元


----------------------------------------
> Fri, 04 Sep 202014:39:34 - DEBUG - base_rp_db.py - [line:984] -  To user:对于景点部分是否满意?


----------------------------------------
> Fri, 04 Sep 202014:39:34 - DEBUG - base_rp_db.py - [line:987] -  USER: 我觉得应该有如下修改：


----------------------------------------
> Fri, 04 Sep 202014:39:34 - DEBUG - base_rp_db.py - [line:998] -  景点的游玩时间范围, 1到4小时


----------------------------------------
> Fri, 04 Sep 202014:39:34 - DEBUG - base_rp_db.py - [line:998] -  景点的评分范围, 4到9999分


----------------------------------------
> Fri, 04 Sep 202014:39:34 - INFO - base_rp_db.py - [line:1007] -  --------Round End---------


----------------------------------------
> Fri, 04 Sep 202014:39:34 - DEBUG - base_rp_db.py - [line:584] -  ----------Round:5----------


----------------------------------------
> Fri, 04 Sep 202014:39:34 - DEBUG - base_rp_db.py - [line:591] -  To User: ---------检测到当前景点下无子节点，请问对于该意图有什么其他的子需求吗-----


----------------------------------------
> Fri, 04 Sep 202014:39:34 - DEBUG - base_rp_db.py - [line:595] -  ----USER: 没了-----


----------------------------------------
> Fri, 04 Sep 202014:39:34 - DEBUG - base_rp_db.py - [line:662] -  ----------Round:6----------


----------------------------------------
> Fri, 04 Sep 202014:39:34 - DEBUG - base_rp_db.py - [line:665] -  请问您对于酒店是否需要？


----------------------------------------
> Fri, 04 Sep 202014:39:34 - DEBUG - base_rp_db.py - [line:668] -  USER: 需要


----------------------------------------
> Fri, 04 Sep 202014:39:34 - INFO - base_rp_db.py - [line:941] -  ----------Round:7----------


----------------------------------------
> Fri, 04 Sep 202014:39:34 - DEBUG - base_rp_db.py - [line:944] -  在需求模式库中对酒店进行查找...

----------------------------------------
> Fri, 04 Sep 202014:39:34 - DEBUG - base_rp_db.py - [line:947] -  对于酒店的约束这样如何:


----------------------------------------
> Fri, 04 Sep 202014:39:34 - DEBUG - base_rp_db.py - [line:958] -  酒店的价格范围, 300到400元


----------------------------------------
> Fri, 04 Sep 202014:39:34 - DEBUG - base_rp_db.py - [line:958] -  酒店的评分范围, 4到9999分


----------------------------------------
> Fri, 04 Sep 202014:39:34 - DEBUG - base_rp_db.py - [line:975] -  酒店的酒店类型：豪华型


----------------------------------------
> Fri, 04 Sep 202014:39:34 - DEBUG - base_rp_db.py - [line:984] -  To user:对于酒店部分是否满意?


----------------------------------------
> Fri, 04 Sep 202014:39:34 - DEBUG - base_rp_db.py - [line:987] -  USER: 我觉得应该有如下修改：


----------------------------------------
> Fri, 04 Sep 202014:39:34 - DEBUG - base_rp_db.py - [line:998] -  酒店的价格范围, 600到700元


----------------------------------------
> Fri, 04 Sep 202014:39:34 - DEBUG - base_rp_db.py - [line:1004] -  酒店的酒店类型：经济型


----------------------------------------
> Fri, 04 Sep 202014:39:34 - INFO - base_rp_db.py - [line:1007] -  --------Round End---------


----------------------------------------
> Fri, 04 Sep 202014:39:34 - DEBUG - base_rp_db.py - [line:584] -  ----------Round:8----------


----------------------------------------
> Fri, 04 Sep 202014:39:34 - DEBUG - base_rp_db.py - [line:591] -  To User: ---------检测到当前酒店下无子节点，请问对于该意图有什么其他的子需求吗-----


----------------------------------------
> Fri, 04 Sep 202014:39:34 - DEBUG - base_rp_db.py - [line:600] -  USER: 我还需要酒店设施-叫醒服务


----------------------------------------
> Fri, 04 Sep 202014:39:34 - DEBUG - base_rp_db.py - [line:606] -  ----------Round:9----------


----------------------------------------
> Fri, 04 Sep 202014:39:34 - DEBUG - base_rp_db.py - [line:612] -  To User: 请问对于酒店意图有什么其他的子需求吗-----


----------------------------------------
> Fri, 04 Sep 202014:39:34 - DEBUG - base_rp_db.py - [line:600] -  USER: 我还需要酒店设施-早餐服务免费


----------------------------------------
> Fri, 04 Sep 202014:39:34 - DEBUG - base_rp_db.py - [line:606] -  ----------Round:10----------


----------------------------------------
> Fri, 04 Sep 202014:39:34 - DEBUG - base_rp_db.py - [line:612] -  To User: 请问对于酒店意图有什么其他的子需求吗-----


----------------------------------------
> Fri, 04 Sep 202014:39:35 - DEBUG - base_rp_db.py - [line:615] -  ----USER: 没了-----


----------------------------------------
> Fri, 04 Sep 202014:39:35 - DEBUG - base_rp_db.py - [line:662] -  ----------Round:11----------


----------------------------------------
> Fri, 04 Sep 202014:39:35 - DEBUG - base_rp_db.py - [line:665] -  请问您对于餐馆是否需要？


----------------------------------------
> Fri, 04 Sep 202014:39:35 - DEBUG - base_rp_db.py - [line:668] -  USER: 需要


----------------------------------------
> Fri, 04 Sep 202014:39:35 - INFO - base_rp_db.py - [line:871] -  ---模板树中对应餐馆意图无约束----


----------------------------------------
> Fri, 04 Sep 202014:39:35 - INFO - base_rp_db.py - [line:874] -  ----正在需求模式库中查找所有对应餐馆的模式或子模式约束...----


----------------------------------------
> Fri, 04 Sep 202014:39:35 - INFO - base_rp_db.py - [line:896] -  ----------Round:12----------


----------------------------------------
> Fri, 04 Sep 202014:39:35 - DEBUG - base_rp_db.py - [line:899] -  To User:对于餐馆的约束这样如何:


----------------------------------------
> Fri, 04 Sep 202014:39:35 - DEBUG - base_rp_db.py - [line:910] -  餐馆的人均消费范围, 50到100元


----------------------------------------
> Fri, 04 Sep 202014:39:35 - DEBUG - base_rp_db.py - [line:910] -  餐馆的评分范围, 4到9999分


----------------------------------------
> Fri, 04 Sep 202014:39:35 - DEBUG - base_rp_db.py - [line:936] -  To user:对于餐馆部分是否满意?


----------------------------------------
> Fri, 04 Sep 202014:39:35 - DEBUG - base_rp_db.py - [line:987] -  USER: 我觉得应该有如下修改：


----------------------------------------
> Fri, 04 Sep 202014:39:35 - INFO - base_rp_db.py - [line:1007] -  --------Round End---------


----------------------------------------
> Fri, 04 Sep 202014:39:35 - DEBUG - base_rp_db.py - [line:584] -  ----------Round:13----------


----------------------------------------
> Fri, 04 Sep 202014:39:35 - DEBUG - base_rp_db.py - [line:591] -  To User: ---------检测到当前餐馆下无子节点，请问对于该意图有什么其他的子需求吗-----


----------------------------------------
> Fri, 04 Sep 202014:39:35 - DEBUG - base_rp_db.py - [line:595] -  ----USER: 没了-----


----------------------------------------
> Fri, 04 Sep 202014:39:35 - DEBUG - base_rp_db.py - [line:756] -  ----------Round:14----------


----------------------------------------
> Fri, 04 Sep 202014:39:35 - DEBUG - base_rp_db.py - [line:762] -  To User: 你对旅行还有什么新需求吗？


----------------------------------------
> Fri, 04 Sep 202014:39:35 - DEBUG - base_rp_db.py - [line:790] -  USER: 没有了


----------------------------------------
> Fri, 04 Sep 202014:39:35 - INFO - base_rp_db.py - [line:462] -  rps_db length: 2

----------------------------------------
> Fri, 04 Sep 202014:39:35 - INFO - base_rp_db.py - [line:462] -  rps_db length: 2

----------------------------------------
> Fri, 04 Sep 202014:39:35 - INFO - base_rp_db.py - [line:721] -  -----当前指针点为酒店设施-叫醒服务


----------------------------------------
> Fri, 04 Sep 202014:39:35 - INFO - base_rp_db.py - [line:871] -  ---模板树中对应酒店设施-叫醒服务意图无约束----


----------------------------------------
> Fri, 04 Sep 202014:39:35 - INFO - base_rp_db.py - [line:874] -  ----正在需求模式库中查找所有对应酒店设施-叫醒服务的模式或子模式约束...----


----------------------------------------
> Fri, 04 Sep 202014:39:35 - DEBUG - base_rp_db.py - [line:879] -  ----------Round:15----------


----------------------------------------
> Fri, 04 Sep 202014:39:35 - INFO - base_rp_db.py - [line:882] -  ----需求模式库中酒店设施-叫醒服务的约束为空.----


----------------------------------------
> Fri, 04 Sep 202014:39:35 - INFO - base_rp_db.py - [line:885] -  content酒店设施-叫醒服务

----------------------------------------
> Fri, 04 Sep 202014:39:35 - INFO - base_rp_db.py - [line:888] -  restricts:[]

----------------------------------------
> Fri, 04 Sep 202014:39:35 - DEBUG - base_rp_db.py - [line:891] -  To user:对于酒店设施-叫醒服务部分是否满意?


----------------------------------------
> Fri, 04 Sep 202014:39:35 - DEBUG - base_rp_db.py - [line:987] -  USER: 我觉得应该有如下修改：


----------------------------------------
> Fri, 04 Sep 202014:39:35 - INFO - base_rp_db.py - [line:1007] -  --------Round End---------


----------------------------------------
> Fri, 04 Sep 202014:39:35 - DEBUG - base_rp_db.py - [line:584] -  ----------Round:16----------


----------------------------------------
> Fri, 04 Sep 202014:39:35 - DEBUG - base_rp_db.py - [line:591] -  To User: ---------检测到当前酒店设施-叫醒服务下无子节点，请问对于该意图有什么其他的子需求吗-----


----------------------------------------
> Fri, 04 Sep 202014:39:35 - DEBUG - base_rp_db.py - [line:595] -  ----USER: 没了-----


----------------------------------------
> Fri, 04 Sep 202014:39:35 - INFO - base_rp_db.py - [line:721] -  -----当前指针点为酒店设施-早餐服务免费


----------------------------------------
> Fri, 04 Sep 202014:39:35 - INFO - base_rp_db.py - [line:871] -  ---模板树中对应酒店设施-早餐服务免费意图无约束----


----------------------------------------
> Fri, 04 Sep 202014:39:35 - INFO - base_rp_db.py - [line:874] -  ----正在需求模式库中查找所有对应酒店设施-早餐服务免费的模式或子模式约束...----


----------------------------------------
> Fri, 04 Sep 202014:39:35 - DEBUG - base_rp_db.py - [line:879] -  ----------Round:17----------


----------------------------------------
> Fri, 04 Sep 202014:39:35 - INFO - base_rp_db.py - [line:882] -  ----需求模式库中酒店设施-早餐服务免费的约束为空.----


----------------------------------------
> Fri, 04 Sep 202014:39:35 - INFO - base_rp_db.py - [line:885] -  content酒店设施-早餐服务免费

----------------------------------------
> Fri, 04 Sep 202014:39:35 - INFO - base_rp_db.py - [line:888] -  restricts:[]

----------------------------------------
> Fri, 04 Sep 202014:39:35 - DEBUG - base_rp_db.py - [line:891] -  To user:对于酒店设施-早餐服务免费部分是否满意?


----------------------------------------
> Fri, 04 Sep 202014:39:36 - DEBUG - base_rp_db.py - [line:987] -  USER: 我觉得应该有如下修改：


----------------------------------------
> Fri, 04 Sep 202014:39:36 - INFO - base_rp_db.py - [line:1007] -  --------Round End---------


----------------------------------------
> Fri, 04 Sep 202014:39:36 - DEBUG - base_rp_db.py - [line:584] -  ----------Round:18----------


----------------------------------------
> Fri, 04 Sep 202014:39:36 - DEBUG - base_rp_db.py - [line:591] -  To User: ---------检测到当前酒店设施-早餐服务免费下无子节点，请问对于该意图有什么其他的子需求吗-----


----------------------------------------
> Fri, 04 Sep 202014:39:36 - DEBUG - base_rp_db.py - [line:595] -  ----USER: 没了-----


----------------------------------------
> Fri, 04 Sep 202014:39:36 - INFO - base_rp_db.py - [line:353] -  Generate Result:{'id': 0, 'goal': {'goalId': 5902, 'content': '旅行', 'parentId': -1, 'requireId': 1004, 'restricts': [], 'optTargets': [], 'hasMatched': False, 'rpId': -1}, 'children': [{'id': 5903, 'goal': {'goalId': 5903, 'content': '景点', 'parentId': 5902, 'requireId': 1004, 'restricts': [{'goalId': 5903, 'key': '游玩时间', 'valueType': 'region', 'minValue': 1.0, 'maxValue': 4.0, 'unit': '小时', 'value': ''}, {'goalId': 5903, 'key': '评分', 'valueType': 'region', 'minValue': 4.0, 'maxValue': 9999.0, 'unit': '分', 'value': ''}], 'optTargets': [], 'hasMatched': False, 'rpId': -1}, 'children': []}, {'id': 5904, 'goal': {'goalId': 5904, 'content': '餐馆', 'parentId': 5902, 'requireId': 1004, 'restricts': [], 'optTargets': [], 'hasMatched': False, 'rpId': -1}, 'children': []}, {'id': 5905, 'goal': {'goalId': 5905, 'content': '酒店', 'parentId': 5902, 'requireId': 1004, 'restricts': [{'goalId': 5905, 'key': '价格', 'valueType': 'region', 'minValue': 600.0, 'maxValue': 700.0, 'unit': '元', 'value': ''}, {'goalId': 5905, 'key': '酒店类型', 'valueType': 'enum', 'minValue': 0.0, 'maxValue': 999.0, 'unit': '', 'value': '经济型'}], 'optTargets': [], 'hasMatched': False, 'rpId': -1}, 'children': [{'id': 5906, 'goal': {'goalId': 5906, 'content': '酒店设施-叫醒服务', 'parentId': 5905, 'requireId': 1004, 'restricts': [], 'optTargets': [], 'hasMatched': False, 'rpId': -1}, 'children': []}, {'id': 5907, 'goal': {'goalId': 5907, 'content': '酒店设施-早餐服务免费', 'parentId': 5905, 'requireId': 1004, 'restricts': [], 'optTargets': [], 'hasMatched': False, 'rpId': -1}, 'children': []}]}], 'requireInfo': {'userId': 'test_require1', 'requireId': 1004, 'timestamp': '2020-05-30T14:12:45.000+0800', 'state': 0, 'serviceSchemeUrl': None}, 'contexts': {}}

----------------------------------------
> Fri, 04 Sep 202014:39:36 - INFO - core_tree_pid_k2_e2_mod_1.py - [line:170] -  1310

----------------------------------------
> Fri, 04 Sep 202014:39:36 - INFO - core_tree_pid_k2_e2_mod_1.py - [line:180] -  --------对话已结束------------

