----------------------------------------
> Fri, 04 Sep 202014:28:11 - INFO - core_tree_pid_k2_e2_mod_1.py - [line:134] -  Start of program

----------------------------------------
> Fri, 04 Sep 202014:28:11 - INFO - core_tree_pid_k2_e2_mod_1.py - [line:138] -  test_id:


----------------------------------------
> Fri, 04 Sep 202014:28:11 - INFO - core_tree_pid_k2_e2_mod_1.py - [line:139] -  999

----------------------------------------
> Fri, 04 Sep 202014:28:11 - INFO - core_tree_pid_k2_e2_mod_1.py - [line:143] -  ------Round:1---------


----------------------------------------
> Fri, 04 Sep 202014:28:11 - DEBUG - core_tree_pid_k2_e2_mod_1.py - [line:145] -  您好，很高兴为您服务

----------------------------------------
> Fri, 04 Sep 202014:28:11 - DEBUG - core_tree_pid_k2_e2_mod_1.py - [line:150] -  USER: 我要去旅行

----------------------------------------
> Fri, 04 Sep 202014:28:11 - INFO - base_rp_db.py - [line:330] -  Model:{'id': 10075, 'goal': {'goalId': 10075, 'content': '旅行', 'parentId': -1, 'requireId': -1, 'restricts': [], 'optTargets': [], 'hasMatched': False, 'rpId': 1073}, 'children': [{'id': 10077, 'goal': {'goalId': 10077, 'content': '景点', 'parentId': 10075, 'requireId': -1, 'restricts': [{'goalId': 10077, 'key': '评分', 'valueType': 'region', 'minValue': 4.0, 'maxValue': 9999.0, 'unit': '分', 'value': ''}, {'goalId': 10077, 'key': '门票', 'valueType': 'region', 'minValue': 20.0, 'maxValue': 50.0, 'unit': '元', 'value': ''}, {'goalId': 10077, 'key': '游玩时间', 'valueType': 'enum', 'minValue': 0.0, 'maxValue': 999.0, 'unit': '', 'value': '1小时'}], 'optTargets': [], 'hasMatched': False, 'rpId': 1073}, 'children': []}, {'id': 10080, 'goal': {'goalId': 10080, 'content': '酒店', 'parentId': 10075, 'requireId': -1, 'restricts': [{'goalId': 10080, 'key': '价格', 'valueType': 'region', 'minValue': 500.0, 'maxValue': 600.0, 'unit': '元', 'value': ''}, {'goalId': 10080, 'key': '酒店类型', 'valueType': 'enum', 'minValue': 0.0, 'maxValue': 999.0, 'unit': '', 'value': '经济型'}], 'optTargets': [], 'hasMatched': False, 'rpId': 1073}, 'children': []}, {'id': 10085, 'goal': {'goalId': 10085, 'content': '餐馆', 'parentId': 10075, 'requireId': -1, 'restricts': [], 'optTargets': [], 'hasMatched': False, 'rpId': 1073}, 'children': []}]}

----------------------------------------
> Fri, 04 Sep 202014:28:11 - INFO - base_rp_db.py - [line:462] -  rps_db length: 1

----------------------------------------
> Fri, 04 Sep 202014:28:11 - INFO - base_rp_db.py - [line:462] -  rps_db length: 1

----------------------------------------
> Fri, 04 Sep 202014:28:11 - INFO - base_rp_db.py - [line:871] -  ---模板树中对应旅行意图无约束----


----------------------------------------
> Fri, 04 Sep 202014:28:11 - INFO - base_rp_db.py - [line:874] -  ----正在需求模式库中查找所有对应旅行的模式或子模式约束...----


----------------------------------------
> Fri, 04 Sep 202014:28:11 - DEBUG - base_rp_db.py - [line:879] -  ----------Round:2----------


----------------------------------------
> Fri, 04 Sep 202014:28:11 - INFO - base_rp_db.py - [line:882] -  ----需求模式库中旅行的约束为空.----


----------------------------------------
> Fri, 04 Sep 202014:28:11 - INFO - base_rp_db.py - [line:885] -  content旅行

----------------------------------------
> Fri, 04 Sep 202014:28:11 - INFO - base_rp_db.py - [line:888] -  restricts:[]

----------------------------------------
> Fri, 04 Sep 202014:28:11 - DEBUG - base_rp_db.py - [line:891] -  To user:对于旅行部分是否满意?


----------------------------------------
> Fri, 04 Sep 202014:28:11 - DEBUG - base_rp_db.py - [line:987] -  USER: 我觉得应该有如下修改：


----------------------------------------
> Fri, 04 Sep 202014:28:11 - INFO - base_rp_db.py - [line:1007] -  --------Round End---------


----------------------------------------
> Fri, 04 Sep 202014:28:11 - INFO - base_rp_db.py - [line:462] -  rps_db length: 1

----------------------------------------
> Fri, 04 Sep 202014:28:11 - INFO - base_rp_db.py - [line:462] -  rps_db length: 3

----------------------------------------
> Fri, 04 Sep 202014:28:11 - DEBUG - base_rp_db.py - [line:673] -  ----------Round:3----------


----------------------------------------
> Fri, 04 Sep 202014:28:11 - DEBUG - base_rp_db.py - [line:676] -  请问您对于景点是否需要？


----------------------------------------
> Fri, 04 Sep 202014:28:11 - DEBUG - base_rp_db.py - [line:679] -  USER: 不需要


----------------------------------------
> Fri, 04 Sep 202014:28:11 - DEBUG - base_rp_db.py - [line:662] -  ----------Round:4----------


----------------------------------------
> Fri, 04 Sep 202014:28:11 - DEBUG - base_rp_db.py - [line:665] -  请问您对于酒店是否需要？


----------------------------------------
> Fri, 04 Sep 202014:28:11 - DEBUG - base_rp_db.py - [line:668] -  USER: 需要


----------------------------------------
> Fri, 04 Sep 202014:28:12 - INFO - base_rp_db.py - [line:941] -  ----------Round:5----------


----------------------------------------
> Fri, 04 Sep 202014:28:12 - DEBUG - base_rp_db.py - [line:944] -  在需求模式库中对酒店进行查找...

----------------------------------------
> Fri, 04 Sep 202014:28:12 - DEBUG - base_rp_db.py - [line:947] -  对于酒店的约束这样如何:


----------------------------------------
> Fri, 04 Sep 202014:28:12 - DEBUG - base_rp_db.py - [line:958] -  酒店的价格范围, 300到400元


----------------------------------------
> Fri, 04 Sep 202014:28:12 - DEBUG - base_rp_db.py - [line:958] -  酒店的评分范围, 4到9999分


----------------------------------------
> Fri, 04 Sep 202014:28:12 - DEBUG - base_rp_db.py - [line:975] -  酒店的酒店类型：豪华型


----------------------------------------
> Fri, 04 Sep 202014:28:12 - DEBUG - base_rp_db.py - [line:984] -  To user:对于酒店部分是否满意?


----------------------------------------
> Fri, 04 Sep 202014:28:12 - DEBUG - base_rp_db.py - [line:987] -  USER: 我觉得应该有如下修改：


----------------------------------------
> Fri, 04 Sep 202014:28:12 - DEBUG - base_rp_db.py - [line:998] -  酒店的价格范围, 400到500元


----------------------------------------
> Fri, 04 Sep 202014:28:12 - INFO - base_rp_db.py - [line:1007] -  --------Round End---------


----------------------------------------
> Fri, 04 Sep 202014:28:12 - DEBUG - base_rp_db.py - [line:584] -  ----------Round:6----------


----------------------------------------
> Fri, 04 Sep 202014:28:12 - DEBUG - base_rp_db.py - [line:591] -  To User: ---------检测到当前酒店下无子节点，请问对于该意图有什么其他的子需求吗-----


----------------------------------------
> Fri, 04 Sep 202014:28:12 - DEBUG - base_rp_db.py - [line:600] -  USER: 我还需要酒店设施-24小时热水


----------------------------------------
> Fri, 04 Sep 202014:28:12 - DEBUG - base_rp_db.py - [line:606] -  ----------Round:7----------


----------------------------------------
> Fri, 04 Sep 202014:28:12 - DEBUG - base_rp_db.py - [line:612] -  To User: 请问对于酒店意图有什么其他的子需求吗-----


----------------------------------------
> Fri, 04 Sep 202014:28:12 - DEBUG - base_rp_db.py - [line:600] -  USER: 我还需要酒店设施-公共区域和部分房间提供wifi


----------------------------------------
> Fri, 04 Sep 202014:28:12 - DEBUG - base_rp_db.py - [line:606] -  ----------Round:8----------


----------------------------------------
> Fri, 04 Sep 202014:28:12 - DEBUG - base_rp_db.py - [line:612] -  To User: 请问对于酒店意图有什么其他的子需求吗-----


----------------------------------------
> Fri, 04 Sep 202014:28:12 - DEBUG - base_rp_db.py - [line:615] -  ----USER: 没了-----


----------------------------------------
> Fri, 04 Sep 202014:28:12 - DEBUG - base_rp_db.py - [line:673] -  ----------Round:9----------


----------------------------------------
> Fri, 04 Sep 202014:28:12 - DEBUG - base_rp_db.py - [line:676] -  请问您对于餐馆是否需要？


----------------------------------------
> Fri, 04 Sep 202014:28:12 - DEBUG - base_rp_db.py - [line:679] -  USER: 不需要


----------------------------------------
> Fri, 04 Sep 202014:28:12 - DEBUG - base_rp_db.py - [line:756] -  ----------Round:10----------


----------------------------------------
> Fri, 04 Sep 202014:28:12 - DEBUG - base_rp_db.py - [line:762] -  To User: 你对旅行还有什么新需求吗？


----------------------------------------
> Fri, 04 Sep 202014:28:12 - DEBUG - base_rp_db.py - [line:790] -  USER: 没有了


----------------------------------------
> Fri, 04 Sep 202014:28:12 - INFO - base_rp_db.py - [line:462] -  rps_db length: 2

----------------------------------------
> Fri, 04 Sep 202014:28:12 - INFO - base_rp_db.py - [line:462] -  rps_db length: 2

----------------------------------------
> Fri, 04 Sep 202014:28:12 - INFO - base_rp_db.py - [line:721] -  -----当前指针点为酒店设施-24小时热水


----------------------------------------
> Fri, 04 Sep 202014:28:12 - INFO - base_rp_db.py - [line:871] -  ---模板树中对应酒店设施-24小时热水意图无约束----


----------------------------------------
> Fri, 04 Sep 202014:28:12 - INFO - base_rp_db.py - [line:874] -  ----正在需求模式库中查找所有对应酒店设施-24小时热水的模式或子模式约束...----


----------------------------------------
> Fri, 04 Sep 202014:28:12 - DEBUG - base_rp_db.py - [line:879] -  ----------Round:11----------


----------------------------------------
> Fri, 04 Sep 202014:28:12 - INFO - base_rp_db.py - [line:882] -  ----需求模式库中酒店设施-24小时热水的约束为空.----


----------------------------------------
> Fri, 04 Sep 202014:28:12 - INFO - base_rp_db.py - [line:885] -  content酒店设施-24小时热水

----------------------------------------
> Fri, 04 Sep 202014:28:12 - INFO - base_rp_db.py - [line:888] -  restricts:[]

----------------------------------------
> Fri, 04 Sep 202014:28:12 - DEBUG - base_rp_db.py - [line:891] -  To user:对于酒店设施-24小时热水部分是否满意?


----------------------------------------
> Fri, 04 Sep 202014:28:12 - DEBUG - base_rp_db.py - [line:987] -  USER: 我觉得应该有如下修改：


----------------------------------------
> Fri, 04 Sep 202014:28:12 - INFO - base_rp_db.py - [line:1007] -  --------Round End---------


----------------------------------------
> Fri, 04 Sep 202014:28:12 - DEBUG - base_rp_db.py - [line:584] -  ----------Round:12----------


----------------------------------------
> Fri, 04 Sep 202014:28:12 - DEBUG - base_rp_db.py - [line:591] -  To User: ---------检测到当前酒店设施-24小时热水下无子节点，请问对于该意图有什么其他的子需求吗-----


----------------------------------------
> Fri, 04 Sep 202014:28:12 - DEBUG - base_rp_db.py - [line:595] -  ----USER: 没了-----


----------------------------------------
> Fri, 04 Sep 202014:28:12 - INFO - base_rp_db.py - [line:721] -  -----当前指针点为酒店设施-公共区域和部分房间提供wifi


----------------------------------------
> Fri, 04 Sep 202014:28:12 - INFO - base_rp_db.py - [line:871] -  ---模板树中对应酒店设施-公共区域和部分房间提供wifi意图无约束----


----------------------------------------
> Fri, 04 Sep 202014:28:12 - INFO - base_rp_db.py - [line:874] -  ----正在需求模式库中查找所有对应酒店设施-公共区域和部分房间提供wifi的模式或子模式约束...----


----------------------------------------
> Fri, 04 Sep 202014:28:12 - DEBUG - base_rp_db.py - [line:879] -  ----------Round:13----------


----------------------------------------
> Fri, 04 Sep 202014:28:12 - INFO - base_rp_db.py - [line:882] -  ----需求模式库中酒店设施-公共区域和部分房间提供wifi的约束为空.----


----------------------------------------
> Fri, 04 Sep 202014:28:12 - INFO - base_rp_db.py - [line:885] -  content酒店设施-公共区域和部分房间提供wifi

----------------------------------------
> Fri, 04 Sep 202014:28:12 - INFO - base_rp_db.py - [line:888] -  restricts:[]

----------------------------------------
> Fri, 04 Sep 202014:28:12 - DEBUG - base_rp_db.py - [line:891] -  To user:对于酒店设施-公共区域和部分房间提供wifi部分是否满意?


----------------------------------------
> Fri, 04 Sep 202014:28:12 - DEBUG - base_rp_db.py - [line:987] -  USER: 我觉得应该有如下修改：


----------------------------------------
> Fri, 04 Sep 202014:28:12 - INFO - base_rp_db.py - [line:1007] -  --------Round End---------


----------------------------------------
> Fri, 04 Sep 202014:28:12 - DEBUG - base_rp_db.py - [line:584] -  ----------Round:14----------


----------------------------------------
> Fri, 04 Sep 202014:28:12 - DEBUG - base_rp_db.py - [line:591] -  To User: ---------检测到当前酒店设施-公共区域和部分房间提供wifi下无子节点，请问对于该意图有什么其他的子需求吗-----


----------------------------------------
> Fri, 04 Sep 202014:28:12 - DEBUG - base_rp_db.py - [line:595] -  ----USER: 没了-----


----------------------------------------
> Fri, 04 Sep 202014:28:13 - INFO - base_rp_db.py - [line:353] -  Generate Result:{'id': 0, 'goal': {'goalId': 4352, 'content': '旅行', 'parentId': -1, 'requireId': 693, 'restricts': [], 'optTargets': [], 'hasMatched': False, 'rpId': -1}, 'children': [{'id': 4353, 'goal': {'goalId': 4353, 'content': '酒店', 'parentId': 4352, 'requireId': 693, 'restricts': [{'goalId': 4353, 'key': '价格', 'valueType': 'region', 'minValue': 400.0, 'maxValue': 500.0, 'unit': '元', 'value': ''}], 'optTargets': [], 'hasMatched': False, 'rpId': -1}, 'children': [{'id': 4354, 'goal': {'goalId': 4354, 'content': '酒店设施-24小时热水', 'parentId': 4353, 'requireId': 693, 'restricts': [], 'optTargets': [], 'hasMatched': False, 'rpId': -1}, 'children': []}, {'id': 4355, 'goal': {'goalId': 4355, 'content': '酒店设施-公共区域和部分房间提供wifi', 'parentId': 4353, 'requireId': 693, 'restricts': [], 'optTargets': [], 'hasMatched': False, 'rpId': -1}, 'children': []}]}], 'requireInfo': {'userId': 'test_require1', 'requireId': 693, 'timestamp': '2020-05-30T14:12:35.000+0800', 'state': 0, 'serviceSchemeUrl': None}, 'contexts': {}}

----------------------------------------
> Fri, 04 Sep 202014:28:13 - INFO - core_tree_pid_k2_e2_mod_1.py - [line:170] -  999

----------------------------------------
> Fri, 04 Sep 202014:28:13 - INFO - core_tree_pid_k2_e2_mod_1.py - [line:180] -  --------对话已结束------------

