----------------------------------------
> Fri, 04 Sep 202014:23:01 - INFO - core_tree_pid_k2_e2_mod_3.py - [line:134] -  Start of program

----------------------------------------
> Fri, 04 Sep 202014:23:01 - INFO - core_tree_pid_k2_e2_mod_3.py - [line:138] -  test_id:


----------------------------------------
> Fri, 04 Sep 202014:23:01 - INFO - core_tree_pid_k2_e2_mod_3.py - [line:139] -  4797

----------------------------------------
> Fri, 04 Sep 202014:23:01 - INFO - core_tree_pid_k2_e2_mod_3.py - [line:143] -  ------Round:1---------


----------------------------------------
> Fri, 04 Sep 202014:23:01 - DEBUG - core_tree_pid_k2_e2_mod_3.py - [line:145] -  您好，很高兴为您服务

----------------------------------------
> Fri, 04 Sep 202014:23:01 - DEBUG - core_tree_pid_k2_e2_mod_3.py - [line:150] -  USER: 我要去旅行

----------------------------------------
> Fri, 04 Sep 202014:23:01 - INFO - base_rp_db.py - [line:330] -  Model:{'id': 11588, 'goal': {'goalId': 11588, 'content': '旅行', 'parentId': -1, 'requireId': -1, 'restricts': [], 'optTargets': [], 'hasMatched': False, 'rpId': 1451}, 'children': [{'id': 11590, 'goal': {'goalId': 11590, 'content': '景点', 'parentId': 11588, 'requireId': -1, 'restricts': [{'goalId': 11590, 'key': '游玩时间', 'valueType': 'region', 'minValue': 3.0, 'maxValue': 5.0, 'unit': '小时', 'value': ''}, {'goalId': 11590, 'key': '评分', 'valueType': 'enum', 'minValue': 0.0, 'maxValue': 999.0, 'unit': '', 'value': '5分'}, {'goalId': 11590, 'key': '门票', 'valueType': 'region', 'minValue': 200.0, 'maxValue': 9999.0, 'unit': '分', 'value': ''}], 'optTargets': [], 'hasMatched': False, 'rpId': 1451}, 'children': []}, {'id': 11594, 'goal': {'goalId': 11594, 'content': '酒店', 'parentId': 11588, 'requireId': -1, 'restricts': [{'goalId': 11594, 'key': '评分', 'valueType': 'region', 'minValue': 4.0, 'maxValue': 9999.0, 'unit': '分', 'value': ''}, {'goalId': 11594, 'key': '价格', 'valueType': 'region', 'minValue': 500.0, 'maxValue': 600.0, 'unit': '元', 'value': ''}, {'goalId': 11594, 'key': '酒店类型', 'valueType': 'enum', 'minValue': 0.0, 'maxValue': 999.0, 'unit': '', 'value': '经济型'}], 'optTargets': [], 'hasMatched': False, 'rpId': 1451}, 'children': []}, {'id': 11600, 'goal': {'goalId': 11600, 'content': '餐馆', 'parentId': 11588, 'requireId': -1, 'restricts': [], 'optTargets': [], 'hasMatched': False, 'rpId': 1451}, 'children': []}]}

----------------------------------------
> Fri, 04 Sep 202014:23:01 - INFO - base_rp_db.py - [line:462] -  rps_db length: 1

----------------------------------------
> Fri, 04 Sep 202014:23:01 - INFO - base_rp_db.py - [line:462] -  rps_db length: 1

----------------------------------------
> Fri, 04 Sep 202014:23:01 - INFO - base_rp_db.py - [line:871] -  ---模板树中对应旅行意图无约束----


----------------------------------------
> Fri, 04 Sep 202014:23:01 - INFO - base_rp_db.py - [line:874] -  ----正在需求模式库中查找所有对应旅行的模式或子模式约束...----


----------------------------------------
> Fri, 04 Sep 202014:23:01 - DEBUG - base_rp_db.py - [line:879] -  ----------Round:2----------


----------------------------------------
> Fri, 04 Sep 202014:23:01 - INFO - base_rp_db.py - [line:882] -  ----需求模式库中旅行的约束为空.----


----------------------------------------
> Fri, 04 Sep 202014:23:01 - INFO - base_rp_db.py - [line:885] -  content旅行

----------------------------------------
> Fri, 04 Sep 202014:23:01 - INFO - base_rp_db.py - [line:888] -  restricts:[]

----------------------------------------
> Fri, 04 Sep 202014:23:01 - DEBUG - base_rp_db.py - [line:891] -  To user:对于旅行部分是否满意?


----------------------------------------
> Fri, 04 Sep 202014:23:01 - DEBUG - base_rp_db.py - [line:987] -  USER: 我觉得应该有如下修改：


----------------------------------------
> Fri, 04 Sep 202014:23:01 - INFO - base_rp_db.py - [line:1007] -  --------Round End---------


----------------------------------------
> Fri, 04 Sep 202014:23:01 - INFO - base_rp_db.py - [line:462] -  rps_db length: 3

----------------------------------------
> Fri, 04 Sep 202014:23:01 - INFO - base_rp_db.py - [line:462] -  rps_db length: 3

----------------------------------------
> Fri, 04 Sep 202014:23:01 - DEBUG - base_rp_db.py - [line:662] -  ----------Round:3----------


----------------------------------------
> Fri, 04 Sep 202014:23:01 - DEBUG - base_rp_db.py - [line:665] -  请问您对于景点是否需要？


----------------------------------------
> Fri, 04 Sep 202014:23:01 - DEBUG - base_rp_db.py - [line:668] -  USER: 需要


----------------------------------------
> Fri, 04 Sep 202014:23:01 - INFO - base_rp_db.py - [line:941] -  ----------Round:4----------


----------------------------------------
> Fri, 04 Sep 202014:23:01 - DEBUG - base_rp_db.py - [line:944] -  在需求模式库中对景点进行查找...

----------------------------------------
> Fri, 04 Sep 202014:23:01 - DEBUG - base_rp_db.py - [line:947] -  对于景点的约束这样如何:


----------------------------------------
> Fri, 04 Sep 202014:23:01 - DEBUG - base_rp_db.py - [line:958] -  景点的游玩时间范围, 1到2小时


----------------------------------------
> Fri, 04 Sep 202014:23:01 - DEBUG - base_rp_db.py - [line:958] -  景点的评分范围, 4到9999分


----------------------------------------
> Fri, 04 Sep 202014:23:01 - DEBUG - base_rp_db.py - [line:958] -  景点的门票范围, 50到100元


----------------------------------------
> Fri, 04 Sep 202014:23:01 - DEBUG - base_rp_db.py - [line:984] -  To user:对于景点部分是否满意?


----------------------------------------
> Fri, 04 Sep 202014:23:01 - DEBUG - base_rp_db.py - [line:987] -  USER: 我觉得应该有如下修改：


----------------------------------------
> Fri, 04 Sep 202014:23:01 - DEBUG - base_rp_db.py - [line:998] -  景点的游玩时间范围, 2到3小时


----------------------------------------
> Fri, 04 Sep 202014:23:02 - DEBUG - base_rp_db.py - [line:998] -  景点的门票范围, 0到0元


----------------------------------------
> Fri, 04 Sep 202014:23:02 - INFO - base_rp_db.py - [line:1007] -  --------Round End---------


----------------------------------------
> Fri, 04 Sep 202014:23:02 - DEBUG - base_rp_db.py - [line:584] -  ----------Round:5----------


----------------------------------------
> Fri, 04 Sep 202014:23:02 - DEBUG - base_rp_db.py - [line:591] -  To User: ---------检测到当前景点下无子节点，请问对于该意图有什么其他的子需求吗-----


----------------------------------------
> Fri, 04 Sep 202014:23:02 - DEBUG - base_rp_db.py - [line:595] -  ----USER: 没了-----


----------------------------------------
> Fri, 04 Sep 202014:23:02 - DEBUG - base_rp_db.py - [line:673] -  ----------Round:6----------


----------------------------------------
> Fri, 04 Sep 202014:23:02 - DEBUG - base_rp_db.py - [line:676] -  请问您对于酒店是否需要？


----------------------------------------
> Fri, 04 Sep 202014:23:02 - DEBUG - base_rp_db.py - [line:679] -  USER: 不需要


----------------------------------------
> Fri, 04 Sep 202014:23:02 - DEBUG - base_rp_db.py - [line:662] -  ----------Round:7----------


----------------------------------------
> Fri, 04 Sep 202014:23:02 - DEBUG - base_rp_db.py - [line:665] -  请问您对于餐馆是否需要？


----------------------------------------
> Fri, 04 Sep 202014:23:02 - DEBUG - base_rp_db.py - [line:668] -  USER: 需要


----------------------------------------
> Fri, 04 Sep 202014:23:02 - INFO - base_rp_db.py - [line:871] -  ---模板树中对应餐馆意图无约束----


----------------------------------------
> Fri, 04 Sep 202014:23:02 - INFO - base_rp_db.py - [line:874] -  ----正在需求模式库中查找所有对应餐馆的模式或子模式约束...----


----------------------------------------
> Fri, 04 Sep 202014:23:02 - INFO - base_rp_db.py - [line:896] -  ----------Round:8----------


----------------------------------------
> Fri, 04 Sep 202014:23:02 - DEBUG - base_rp_db.py - [line:899] -  To User:对于餐馆的约束这样如何:


----------------------------------------
> Fri, 04 Sep 202014:23:02 - DEBUG - base_rp_db.py - [line:910] -  餐馆的人均消费范围, 50到100元


----------------------------------------
> Fri, 04 Sep 202014:23:02 - DEBUG - base_rp_db.py - [line:910] -  餐馆的评分范围, 4到9999分


----------------------------------------
> Fri, 04 Sep 202014:23:02 - DEBUG - base_rp_db.py - [line:936] -  To user:对于餐馆部分是否满意?


----------------------------------------
> Fri, 04 Sep 202014:23:02 - DEBUG - base_rp_db.py - [line:987] -  USER: 我觉得应该有如下修改：


----------------------------------------
> Fri, 04 Sep 202014:23:02 - DEBUG - base_rp_db.py - [line:998] -  餐馆的评分范围, 4到9999分


----------------------------------------
> Fri, 04 Sep 202014:23:02 - INFO - base_rp_db.py - [line:1007] -  --------Round End---------


----------------------------------------
> Fri, 04 Sep 202014:23:02 - DEBUG - base_rp_db.py - [line:584] -  ----------Round:9----------


----------------------------------------
> Fri, 04 Sep 202014:23:02 - DEBUG - base_rp_db.py - [line:591] -  To User: ---------检测到当前餐馆下无子节点，请问对于该意图有什么其他的子需求吗-----


----------------------------------------
> Fri, 04 Sep 202014:23:02 - DEBUG - base_rp_db.py - [line:600] -  USER: 我还需要推荐菜-新西兰精选羊肉


----------------------------------------
> Fri, 04 Sep 202014:23:02 - DEBUG - base_rp_db.py - [line:606] -  ----------Round:10----------


----------------------------------------
> Fri, 04 Sep 202014:23:02 - DEBUG - base_rp_db.py - [line:612] -  To User: 请问对于餐馆意图有什么其他的子需求吗-----


----------------------------------------
> Fri, 04 Sep 202014:23:02 - DEBUG - base_rp_db.py - [line:615] -  ----USER: 没了-----


----------------------------------------
> Fri, 04 Sep 202014:23:02 - DEBUG - base_rp_db.py - [line:756] -  ----------Round:11----------


----------------------------------------
> Fri, 04 Sep 202014:23:02 - DEBUG - base_rp_db.py - [line:762] -  To User: 你对旅行还有什么新需求吗？


----------------------------------------
> Fri, 04 Sep 202014:23:02 - DEBUG - base_rp_db.py - [line:767] -  USER: 我要加入出租


----------------------------------------
> Fri, 04 Sep 202014:23:02 - INFO - base_rp_db.py - [line:871] -  ---模板树中对应出租意图无约束----


----------------------------------------
> Fri, 04 Sep 202014:23:02 - INFO - base_rp_db.py - [line:874] -  ----正在需求模式库中查找所有对应出租的模式或子模式约束...----


----------------------------------------
> Fri, 04 Sep 202014:23:02 - INFO - base_rp_db.py - [line:896] -  ----------Round:12----------


----------------------------------------
> Fri, 04 Sep 202014:23:02 - DEBUG - base_rp_db.py - [line:899] -  To User:对于出租的约束这样如何:


----------------------------------------
> Fri, 04 Sep 202014:23:02 - DEBUG - base_rp_db.py - [line:927] -  出租的目的地：天安门广场


----------------------------------------
> Fri, 04 Sep 202014:23:02 - DEBUG - base_rp_db.py - [line:927] -  出租的出发地：北京鹏润国际大酒店


----------------------------------------
> Fri, 04 Sep 202014:23:02 - DEBUG - base_rp_db.py - [line:936] -  To user:对于出租部分是否满意?


----------------------------------------
> Fri, 04 Sep 202014:23:02 - DEBUG - base_rp_db.py - [line:987] -  USER: 我觉得应该有如下修改：


----------------------------------------
> Fri, 04 Sep 202014:23:02 - DEBUG - base_rp_db.py - [line:1004] -  出租的目的地：什刹海


----------------------------------------
> Fri, 04 Sep 202014:23:02 - DEBUG - base_rp_db.py - [line:1004] -  出租的出发地：护国寺小吃店（护国寺总店）


----------------------------------------
> Fri, 04 Sep 202014:23:02 - INFO - base_rp_db.py - [line:1007] -  --------Round End---------


----------------------------------------
> Fri, 04 Sep 202014:23:02 - DEBUG - base_rp_db.py - [line:584] -  ----------Round:13----------


----------------------------------------
> Fri, 04 Sep 202014:23:02 - DEBUG - base_rp_db.py - [line:591] -  To User: ---------检测到当前出租下无子节点，请问对于该意图有什么其他的子需求吗-----


----------------------------------------
> Fri, 04 Sep 202014:23:02 - DEBUG - base_rp_db.py - [line:595] -  ----USER: 没了-----


----------------------------------------
> Fri, 04 Sep 202014:23:02 - DEBUG - base_rp_db.py - [line:781] -  ----------Round:14----------


----------------------------------------
> Fri, 04 Sep 202014:23:02 - DEBUG - base_rp_db.py - [line:787] -  To User: 你对旅行还有什么新需求吗？


----------------------------------------
> Fri, 04 Sep 202014:23:02 - DEBUG - base_rp_db.py - [line:790] -  USER: 没有了


----------------------------------------
> Fri, 04 Sep 202014:23:02 - INFO - base_rp_db.py - [line:462] -  rps_db length: 1

----------------------------------------
> Fri, 04 Sep 202014:23:02 - INFO - base_rp_db.py - [line:462] -  rps_db length: 1

----------------------------------------
> Fri, 04 Sep 202014:23:02 - INFO - base_rp_db.py - [line:721] -  -----当前指针点为推荐菜-新西兰精选羊肉


----------------------------------------
> Fri, 04 Sep 202014:23:02 - INFO - base_rp_db.py - [line:1064] -  ---未使用模式库或模式库或需求知识图谱中无推荐菜-新西兰精选羊肉意图----


----------------------------------------
> Fri, 04 Sep 202014:23:02 - INFO - base_rp_db.py - [line:1068] -  ----------Round:15----------


----------------------------------------
> Fri, 04 Sep 202014:23:02 - DEBUG - base_rp_db.py - [line:1071] -  To User: 无法匹配推荐菜-新西兰精选羊肉


----------------------------------------
> Fri, 04 Sep 202014:23:02 - DEBUG - base_rp_db.py - [line:1075] -  To User: 你对推荐菜-新西兰精选羊肉的约束是什么？


----------------------------------------
> Fri, 04 Sep 202014:23:02 - DEBUG - base_rp_db.py - [line:1110] -  USER: 我都无所谓


----------------------------------------
> Fri, 04 Sep 202014:23:02 - DEBUG - base_rp_db.py - [line:584] -  ----------Round:16----------


----------------------------------------
> Fri, 04 Sep 202014:23:02 - DEBUG - base_rp_db.py - [line:591] -  To User: ---------检测到当前推荐菜-新西兰精选羊肉下无子节点，请问对于该意图有什么其他的子需求吗-----


----------------------------------------
> Fri, 04 Sep 202014:23:02 - DEBUG - base_rp_db.py - [line:595] -  ----USER: 没了-----


----------------------------------------
> Fri, 04 Sep 202014:23:02 - INFO - base_rp_db.py - [line:353] -  Generate Result:{'id': 0, 'goal': {'goalId': 24118, 'content': '旅行', 'parentId': -1, 'requireId': 4491, 'restricts': [], 'optTargets': [], 'hasMatched': False, 'rpId': -1}, 'children': [{'id': 24119, 'goal': {'goalId': 24119, 'content': '餐馆', 'parentId': 24118, 'requireId': 4491, 'restricts': [{'goalId': 24119, 'key': '评分', 'valueType': 'region', 'minValue': 4.0, 'maxValue': 9999.0, 'unit': '分', 'value': ''}], 'optTargets': [], 'hasMatched': False, 'rpId': -1}, 'children': [{'id': 24120, 'goal': {'goalId': 24120, 'content': '推荐菜-新西兰精选羊肉', 'parentId': 24119, 'requireId': 4491, 'restricts': [], 'optTargets': [], 'hasMatched': False, 'rpId': -1}, 'children': []}]}, {'id': 24121, 'goal': {'goalId': 24121, 'content': '景点', 'parentId': 24118, 'requireId': 4491, 'restricts': [{'goalId': 24121, 'key': '游玩时间', 'valueType': 'region', 'minValue': 2.0, 'maxValue': 3.0, 'unit': '小时', 'value': ''}, {'goalId': 24121, 'key': '门票', 'valueType': 'region', 'minValue': 0.0, 'maxValue': 0.0, 'unit': '元', 'value': ''}], 'optTargets': [], 'hasMatched': False, 'rpId': -1}, 'children': []}, {'id': 24122, 'goal': {'goalId': 24122, 'content': '出租', 'parentId': 24118, 'requireId': 4491, 'restricts': [{'goalId': 24122, 'key': '目的地', 'valueType': 'enum', 'minValue': 0.0, 'maxValue': 999.0, 'unit': '', 'value': '什刹海'}, {'goalId': 24122, 'key': '出发地', 'valueType': 'enum', 'minValue': 0.0, 'maxValue': 999.0, 'unit': '', 'value': '护国寺小吃店（护国寺总店）'}], 'optTargets': [], 'hasMatched': False, 'rpId': -1}, 'children': []}], 'requireInfo': {'userId': 'test_require1', 'requireId': 4491, 'timestamp': '2020-06-06T11:01:30.000+0800', 'state': 0, 'serviceSchemeUrl': None}, 'contexts': {}}

----------------------------------------
> Fri, 04 Sep 202014:23:02 - INFO - core_tree_pid_k2_e2_mod_3.py - [line:170] -  4797

----------------------------------------
> Fri, 04 Sep 202014:23:02 - INFO - core_tree_pid_k2_e2_mod_3.py - [line:180] -  --------对话已结束------------

