----------------------------------------
> Fri, 04 Sep 202014:12:49 - INFO - core_tree_pid_k2_e2_mod_3.py - [line:134] -  Start of program

----------------------------------------
> Fri, 04 Sep 202014:12:49 - INFO - core_tree_pid_k2_e2_mod_3.py - [line:138] -  test_id:


----------------------------------------
> Fri, 04 Sep 202014:12:49 - INFO - core_tree_pid_k2_e2_mod_3.py - [line:139] -  4290

----------------------------------------
> Fri, 04 Sep 202014:12:49 - INFO - core_tree_pid_k2_e2_mod_3.py - [line:143] -  ------Round:1---------


----------------------------------------
> Fri, 04 Sep 202014:12:49 - DEBUG - core_tree_pid_k2_e2_mod_3.py - [line:145] -  您好，很高兴为您服务

----------------------------------------
> Fri, 04 Sep 202014:12:49 - DEBUG - core_tree_pid_k2_e2_mod_3.py - [line:150] -  USER: 我要去旅行

----------------------------------------
> Fri, 04 Sep 202014:12:50 - INFO - base_rp_db.py - [line:330] -  Model:{'id': 9541, 'goal': {'goalId': 9541, 'content': '旅行', 'parentId': -1, 'requireId': -1, 'restricts': [], 'optTargets': [], 'hasMatched': False, 'rpId': 944}, 'children': [{'id': 9543, 'goal': {'goalId': 9543, 'content': '景点', 'parentId': 9541, 'requireId': -1, 'restricts': [], 'optTargets': [], 'hasMatched': False, 'rpId': 944}, 'children': []}, {'id': 9546, 'goal': {'goalId': 9546, 'content': '酒店', 'parentId': 9541, 'requireId': -1, 'restricts': [], 'optTargets': [], 'hasMatched': False, 'rpId': 944}, 'children': [{'id': 9548, 'goal': {'goalId': 9548, 'content': '酒店设施-中式餐厅', 'parentId': 9546, 'requireId': -1, 'restricts': [], 'optTargets': [], 'hasMatched': False, 'rpId': 944}, 'children': []}]}, {'id': 9549, 'goal': {'goalId': 9549, 'content': '餐馆', 'parentId': 9541, 'requireId': -1, 'restricts': [], 'optTargets': [], 'hasMatched': False, 'rpId': 944}, 'children': []}]}

----------------------------------------
> Fri, 04 Sep 202014:12:50 - INFO - base_rp_db.py - [line:462] -  rps_db length: 1

----------------------------------------
> Fri, 04 Sep 202014:12:50 - INFO - base_rp_db.py - [line:462] -  rps_db length: 1

----------------------------------------
> Fri, 04 Sep 202014:12:50 - INFO - base_rp_db.py - [line:871] -  ---模板树中对应旅行意图无约束----


----------------------------------------
> Fri, 04 Sep 202014:12:50 - INFO - base_rp_db.py - [line:874] -  ----正在需求模式库中查找所有对应旅行的模式或子模式约束...----


----------------------------------------
> Fri, 04 Sep 202014:12:50 - DEBUG - base_rp_db.py - [line:879] -  ----------Round:2----------


----------------------------------------
> Fri, 04 Sep 202014:12:50 - INFO - base_rp_db.py - [line:882] -  ----需求模式库中旅行的约束为空.----


----------------------------------------
> Fri, 04 Sep 202014:12:50 - INFO - base_rp_db.py - [line:885] -  content旅行

----------------------------------------
> Fri, 04 Sep 202014:12:50 - INFO - base_rp_db.py - [line:888] -  restricts:[]

----------------------------------------
> Fri, 04 Sep 202014:12:50 - DEBUG - base_rp_db.py - [line:891] -  To user:对于旅行部分是否满意?


----------------------------------------
> Fri, 04 Sep 202014:12:50 - DEBUG - base_rp_db.py - [line:987] -  USER: 我觉得应该有如下修改：


----------------------------------------
> Fri, 04 Sep 202014:12:50 - INFO - base_rp_db.py - [line:1007] -  --------Round End---------


----------------------------------------
> Fri, 04 Sep 202014:12:50 - INFO - base_rp_db.py - [line:462] -  rps_db length: 3

----------------------------------------
> Fri, 04 Sep 202014:12:50 - INFO - base_rp_db.py - [line:462] -  rps_db length: 3

----------------------------------------
> Fri, 04 Sep 202014:12:50 - DEBUG - base_rp_db.py - [line:662] -  ----------Round:3----------


----------------------------------------
> Fri, 04 Sep 202014:12:50 - DEBUG - base_rp_db.py - [line:665] -  请问您对于景点是否需要？


----------------------------------------
> Fri, 04 Sep 202014:12:50 - DEBUG - base_rp_db.py - [line:668] -  USER: 需要


----------------------------------------
> Fri, 04 Sep 202014:12:50 - INFO - base_rp_db.py - [line:871] -  ---模板树中对应景点意图无约束----


----------------------------------------
> Fri, 04 Sep 202014:12:50 - INFO - base_rp_db.py - [line:874] -  ----正在需求模式库中查找所有对应景点的模式或子模式约束...----


----------------------------------------
> Fri, 04 Sep 202014:12:50 - INFO - base_rp_db.py - [line:896] -  ----------Round:4----------


----------------------------------------
> Fri, 04 Sep 202014:12:50 - DEBUG - base_rp_db.py - [line:899] -  To User:对于景点的约束这样如何:


----------------------------------------
> Fri, 04 Sep 202014:12:50 - DEBUG - base_rp_db.py - [line:910] -  景点的游玩时间范围, 1到2小时


----------------------------------------
> Fri, 04 Sep 202014:12:50 - DEBUG - base_rp_db.py - [line:910] -  景点的评分范围, 4到9999分


----------------------------------------
> Fri, 04 Sep 202014:12:50 - DEBUG - base_rp_db.py - [line:910] -  景点的门票范围, 50到100元


----------------------------------------
> Fri, 04 Sep 202014:12:50 - DEBUG - base_rp_db.py - [line:936] -  To user:对于景点部分是否满意?


----------------------------------------
> Fri, 04 Sep 202014:12:50 - DEBUG - base_rp_db.py - [line:987] -  USER: 我觉得应该有如下修改：


----------------------------------------
> Fri, 04 Sep 202014:12:50 - DEBUG - base_rp_db.py - [line:998] -  景点的门票范围, 0到0元


----------------------------------------
> Fri, 04 Sep 202014:12:50 - INFO - base_rp_db.py - [line:1007] -  --------Round End---------


----------------------------------------
> Fri, 04 Sep 202014:12:50 - DEBUG - base_rp_db.py - [line:584] -  ----------Round:5----------


----------------------------------------
> Fri, 04 Sep 202014:12:50 - DEBUG - base_rp_db.py - [line:591] -  To User: ---------检测到当前景点下无子节点，请问对于该意图有什么其他的子需求吗-----


----------------------------------------
> Fri, 04 Sep 202014:12:50 - DEBUG - base_rp_db.py - [line:595] -  ----USER: 没了-----


----------------------------------------
> Fri, 04 Sep 202014:12:50 - DEBUG - base_rp_db.py - [line:662] -  ----------Round:6----------


----------------------------------------
> Fri, 04 Sep 202014:12:50 - DEBUG - base_rp_db.py - [line:665] -  请问您对于酒店是否需要？


----------------------------------------
> Fri, 04 Sep 202014:12:50 - DEBUG - base_rp_db.py - [line:668] -  USER: 需要


----------------------------------------
> Fri, 04 Sep 202014:12:50 - INFO - base_rp_db.py - [line:871] -  ---模板树中对应酒店意图无约束----


----------------------------------------
> Fri, 04 Sep 202014:12:50 - INFO - base_rp_db.py - [line:874] -  ----正在需求模式库中查找所有对应酒店的模式或子模式约束...----


----------------------------------------
> Fri, 04 Sep 202014:12:50 - INFO - base_rp_db.py - [line:896] -  ----------Round:7----------


----------------------------------------
> Fri, 04 Sep 202014:12:50 - DEBUG - base_rp_db.py - [line:899] -  To User:对于酒店的约束这样如何:


----------------------------------------
> Fri, 04 Sep 202014:12:50 - DEBUG - base_rp_db.py - [line:910] -  酒店的价格范围, 300到400元


----------------------------------------
> Fri, 04 Sep 202014:12:50 - DEBUG - base_rp_db.py - [line:910] -  酒店的评分范围, 4到9999分


----------------------------------------
> Fri, 04 Sep 202014:12:50 - DEBUG - base_rp_db.py - [line:927] -  酒店的酒店类型：豪华型


----------------------------------------
> Fri, 04 Sep 202014:12:50 - DEBUG - base_rp_db.py - [line:936] -  To user:对于酒店部分是否满意?


----------------------------------------
> Fri, 04 Sep 202014:12:50 - DEBUG - base_rp_db.py - [line:987] -  USER: 我觉得应该有如下修改：


----------------------------------------
> Fri, 04 Sep 202014:12:50 - DEBUG - base_rp_db.py - [line:998] -  酒店的评分范围, 4到9999分


----------------------------------------
> Fri, 04 Sep 202014:12:50 - DEBUG - base_rp_db.py - [line:1004] -  酒店的酒店类型：舒适型


----------------------------------------
> Fri, 04 Sep 202014:12:50 - INFO - base_rp_db.py - [line:1007] -  --------Round End---------


----------------------------------------
> Fri, 04 Sep 202014:12:50 - DEBUG - base_rp_db.py - [line:662] -  ----------Round:8----------


----------------------------------------
> Fri, 04 Sep 202014:12:50 - DEBUG - base_rp_db.py - [line:665] -  请问您对于餐馆是否需要？


----------------------------------------
> Fri, 04 Sep 202014:12:50 - DEBUG - base_rp_db.py - [line:668] -  USER: 需要


----------------------------------------
> Fri, 04 Sep 202014:12:50 - INFO - base_rp_db.py - [line:871] -  ---模板树中对应餐馆意图无约束----


----------------------------------------
> Fri, 04 Sep 202014:12:50 - INFO - base_rp_db.py - [line:874] -  ----正在需求模式库中查找所有对应餐馆的模式或子模式约束...----


----------------------------------------
> Fri, 04 Sep 202014:12:50 - INFO - base_rp_db.py - [line:896] -  ----------Round:9----------


----------------------------------------
> Fri, 04 Sep 202014:12:50 - DEBUG - base_rp_db.py - [line:899] -  To User:对于餐馆的约束这样如何:


----------------------------------------
> Fri, 04 Sep 202014:12:50 - DEBUG - base_rp_db.py - [line:910] -  餐馆的人均消费范围, 50到100元


----------------------------------------
> Fri, 04 Sep 202014:12:50 - DEBUG - base_rp_db.py - [line:910] -  餐馆的评分范围, 4到9999分


----------------------------------------
> Fri, 04 Sep 202014:12:50 - DEBUG - base_rp_db.py - [line:936] -  To user:对于餐馆部分是否满意?


----------------------------------------
> Fri, 04 Sep 202014:12:50 - DEBUG - base_rp_db.py - [line:987] -  USER: 我觉得应该有如下修改：


----------------------------------------
> Fri, 04 Sep 202014:12:50 - DEBUG - base_rp_db.py - [line:998] -  餐馆的人均消费范围, 50到100元


----------------------------------------
> Fri, 04 Sep 202014:12:50 - INFO - base_rp_db.py - [line:1007] -  --------Round End---------


----------------------------------------
> Fri, 04 Sep 202014:12:50 - DEBUG - base_rp_db.py - [line:584] -  ----------Round:10----------


----------------------------------------
> Fri, 04 Sep 202014:12:50 - DEBUG - base_rp_db.py - [line:591] -  To User: ---------检测到当前餐馆下无子节点，请问对于该意图有什么其他的子需求吗-----


----------------------------------------
> Fri, 04 Sep 202014:12:50 - DEBUG - base_rp_db.py - [line:600] -  USER: 我还需要推荐菜-贝勒烤肉


----------------------------------------
> Fri, 04 Sep 202014:12:50 - DEBUG - base_rp_db.py - [line:606] -  ----------Round:11----------


----------------------------------------
> Fri, 04 Sep 202014:12:50 - DEBUG - base_rp_db.py - [line:612] -  To User: 请问对于餐馆意图有什么其他的子需求吗-----


----------------------------------------
> Fri, 04 Sep 202014:12:50 - DEBUG - base_rp_db.py - [line:615] -  ----USER: 没了-----


----------------------------------------
> Fri, 04 Sep 202014:12:50 - DEBUG - base_rp_db.py - [line:756] -  ----------Round:12----------


----------------------------------------
> Fri, 04 Sep 202014:12:50 - DEBUG - base_rp_db.py - [line:762] -  To User: 你对旅行还有什么新需求吗？


----------------------------------------
> Fri, 04 Sep 202014:12:50 - DEBUG - base_rp_db.py - [line:790] -  USER: 没有了


----------------------------------------
> Fri, 04 Sep 202014:12:50 - INFO - base_rp_db.py - [line:462] -  rps_db length: 4

----------------------------------------
> Fri, 04 Sep 202014:12:50 - INFO - base_rp_db.py - [line:462] -  rps_db length: 2

----------------------------------------
> Fri, 04 Sep 202014:12:50 - DEBUG - base_rp_db.py - [line:673] -  ----------Round:13----------


----------------------------------------
> Fri, 04 Sep 202014:12:50 - DEBUG - base_rp_db.py - [line:676] -  请问您对于酒店设施-中式餐厅是否需要？


----------------------------------------
> Fri, 04 Sep 202014:12:50 - DEBUG - base_rp_db.py - [line:679] -  USER: 不需要


----------------------------------------
> Fri, 04 Sep 202014:12:50 - DEBUG - base_rp_db.py - [line:623] -  ----------Round:14----------


----------------------------------------
> Fri, 04 Sep 202014:12:50 - DEBUG - base_rp_db.py - [line:629] -  To User: 你对酒店还有什么新需求吗？


----------------------------------------
> Fri, 04 Sep 202014:12:50 - DEBUG - base_rp_db.py - [line:634] -  USER: 我要加入酒店设施-叫醒服务


----------------------------------------
> Fri, 04 Sep 202014:12:50 - INFO - base_rp_db.py - [line:871] -  ---模板树中对应酒店设施-叫醒服务意图无约束----


----------------------------------------
> Fri, 04 Sep 202014:12:50 - INFO - base_rp_db.py - [line:874] -  ----正在需求模式库中查找所有对应酒店设施-叫醒服务的模式或子模式约束...----


----------------------------------------
> Fri, 04 Sep 202014:12:50 - DEBUG - base_rp_db.py - [line:879] -  ----------Round:15----------


----------------------------------------
> Fri, 04 Sep 202014:12:50 - INFO - base_rp_db.py - [line:882] -  ----需求模式库中酒店设施-叫醒服务的约束为空.----


----------------------------------------
> Fri, 04 Sep 202014:12:50 - INFO - base_rp_db.py - [line:885] -  content酒店设施-叫醒服务

----------------------------------------
> Fri, 04 Sep 202014:12:50 - INFO - base_rp_db.py - [line:888] -  restricts:[]

----------------------------------------
> Fri, 04 Sep 202014:12:50 - DEBUG - base_rp_db.py - [line:891] -  To user:对于酒店设施-叫醒服务部分是否满意?


----------------------------------------
> Fri, 04 Sep 202014:12:50 - DEBUG - base_rp_db.py - [line:987] -  USER: 我觉得应该有如下修改：


----------------------------------------
> Fri, 04 Sep 202014:12:50 - INFO - base_rp_db.py - [line:1007] -  --------Round End---------


----------------------------------------
> Fri, 04 Sep 202014:12:50 - DEBUG - base_rp_db.py - [line:584] -  ----------Round:16----------


----------------------------------------
> Fri, 04 Sep 202014:12:50 - DEBUG - base_rp_db.py - [line:591] -  To User: ---------检测到当前酒店设施-叫醒服务下无子节点，请问对于该意图有什么其他的子需求吗-----


----------------------------------------
> Fri, 04 Sep 202014:12:50 - DEBUG - base_rp_db.py - [line:595] -  ----USER: 没了-----


----------------------------------------
> Fri, 04 Sep 202014:12:50 - DEBUG - base_rp_db.py - [line:644] -  ----------Round:17----------


----------------------------------------
> Fri, 04 Sep 202014:12:50 - DEBUG - base_rp_db.py - [line:650] -  To User: 你对酒店还有什么新需求吗？


----------------------------------------
> Fri, 04 Sep 202014:12:50 - DEBUG - base_rp_db.py - [line:634] -  USER: 我要加入酒店设施-商务中心


----------------------------------------
> Fri, 04 Sep 202014:12:50 - INFO - base_rp_db.py - [line:871] -  ---模板树中对应酒店设施-商务中心意图无约束----


----------------------------------------
> Fri, 04 Sep 202014:12:50 - INFO - base_rp_db.py - [line:874] -  ----正在需求模式库中查找所有对应酒店设施-商务中心的模式或子模式约束...----


----------------------------------------
> Fri, 04 Sep 202014:12:50 - DEBUG - base_rp_db.py - [line:879] -  ----------Round:18----------


----------------------------------------
> Fri, 04 Sep 202014:12:50 - INFO - base_rp_db.py - [line:882] -  ----需求模式库中酒店设施-商务中心的约束为空.----


----------------------------------------
> Fri, 04 Sep 202014:12:50 - INFO - base_rp_db.py - [line:885] -  content酒店设施-商务中心

----------------------------------------
> Fri, 04 Sep 202014:12:50 - INFO - base_rp_db.py - [line:888] -  restricts:[]

----------------------------------------
> Fri, 04 Sep 202014:12:50 - DEBUG - base_rp_db.py - [line:891] -  To user:对于酒店设施-商务中心部分是否满意?


----------------------------------------
> Fri, 04 Sep 202014:12:50 - DEBUG - base_rp_db.py - [line:987] -  USER: 我觉得应该有如下修改：


----------------------------------------
> Fri, 04 Sep 202014:12:50 - INFO - base_rp_db.py - [line:1007] -  --------Round End---------


----------------------------------------
> Fri, 04 Sep 202014:12:50 - DEBUG - base_rp_db.py - [line:584] -  ----------Round:19----------


----------------------------------------
> Fri, 04 Sep 202014:12:50 - DEBUG - base_rp_db.py - [line:591] -  To User: ---------检测到当前酒店设施-商务中心下无子节点，请问对于该意图有什么其他的子需求吗-----


----------------------------------------
> Fri, 04 Sep 202014:12:50 - DEBUG - base_rp_db.py - [line:595] -  ----USER: 没了-----


----------------------------------------
> Fri, 04 Sep 202014:12:50 - DEBUG - base_rp_db.py - [line:644] -  ----------Round:20----------


----------------------------------------
> Fri, 04 Sep 202014:12:50 - DEBUG - base_rp_db.py - [line:650] -  To User: 你对酒店还有什么新需求吗？


----------------------------------------
> Fri, 04 Sep 202014:12:50 - DEBUG - base_rp_db.py - [line:634] -  USER: 我要加入酒店设施-吹风机


----------------------------------------
> Fri, 04 Sep 202014:12:50 - INFO - base_rp_db.py - [line:871] -  ---模板树中对应酒店设施-吹风机意图无约束----


----------------------------------------
> Fri, 04 Sep 202014:12:50 - INFO - base_rp_db.py - [line:874] -  ----正在需求模式库中查找所有对应酒店设施-吹风机的模式或子模式约束...----


----------------------------------------
> Fri, 04 Sep 202014:12:50 - DEBUG - base_rp_db.py - [line:879] -  ----------Round:21----------


----------------------------------------
> Fri, 04 Sep 202014:12:50 - INFO - base_rp_db.py - [line:882] -  ----需求模式库中酒店设施-吹风机的约束为空.----


----------------------------------------
> Fri, 04 Sep 202014:12:50 - INFO - base_rp_db.py - [line:885] -  content酒店设施-吹风机

----------------------------------------
> Fri, 04 Sep 202014:12:50 - INFO - base_rp_db.py - [line:888] -  restricts:[]

----------------------------------------
> Fri, 04 Sep 202014:12:50 - DEBUG - base_rp_db.py - [line:891] -  To user:对于酒店设施-吹风机部分是否满意?


----------------------------------------
> Fri, 04 Sep 202014:12:50 - DEBUG - base_rp_db.py - [line:987] -  USER: 我觉得应该有如下修改：


----------------------------------------
> Fri, 04 Sep 202014:12:50 - INFO - base_rp_db.py - [line:1007] -  --------Round End---------


----------------------------------------
> Fri, 04 Sep 202014:12:50 - DEBUG - base_rp_db.py - [line:584] -  ----------Round:22----------


----------------------------------------
> Fri, 04 Sep 202014:12:50 - DEBUG - base_rp_db.py - [line:591] -  To User: ---------检测到当前酒店设施-吹风机下无子节点，请问对于该意图有什么其他的子需求吗-----


----------------------------------------
> Fri, 04 Sep 202014:12:50 - DEBUG - base_rp_db.py - [line:595] -  ----USER: 没了-----


----------------------------------------
> Fri, 04 Sep 202014:12:50 - DEBUG - base_rp_db.py - [line:644] -  ----------Round:23----------


----------------------------------------
> Fri, 04 Sep 202014:12:50 - DEBUG - base_rp_db.py - [line:650] -  To User: 你对酒店还有什么新需求吗？


----------------------------------------
> Fri, 04 Sep 202014:12:50 - DEBUG - base_rp_db.py - [line:653] -  USER: 没有了


----------------------------------------
> Fri, 04 Sep 202014:12:50 - INFO - base_rp_db.py - [line:1064] -  ---未使用模式库或模式库或需求知识图谱中无推荐菜-贝勒烤肉意图----


----------------------------------------
> Fri, 04 Sep 202014:12:50 - INFO - base_rp_db.py - [line:1068] -  ----------Round:24----------


----------------------------------------
> Fri, 04 Sep 202014:12:50 - DEBUG - base_rp_db.py - [line:1071] -  To User: 无法匹配推荐菜-贝勒烤肉


----------------------------------------
> Fri, 04 Sep 202014:12:50 - DEBUG - base_rp_db.py - [line:1075] -  To User: 你对推荐菜-贝勒烤肉的约束是什么？


----------------------------------------
> Fri, 04 Sep 202014:12:50 - DEBUG - base_rp_db.py - [line:1110] -  USER: 我都无所谓


----------------------------------------
> Fri, 04 Sep 202014:12:50 - DEBUG - base_rp_db.py - [line:584] -  ----------Round:25----------


----------------------------------------
> Fri, 04 Sep 202014:12:50 - DEBUG - base_rp_db.py - [line:591] -  To User: ---------检测到当前推荐菜-贝勒烤肉下无子节点，请问对于该意图有什么其他的子需求吗-----


----------------------------------------
> Fri, 04 Sep 202014:12:50 - DEBUG - base_rp_db.py - [line:595] -  ----USER: 没了-----


----------------------------------------
> Fri, 04 Sep 202014:12:50 - INFO - base_rp_db.py - [line:353] -  Generate Result:{'id': 0, 'goal': {'goalId': 21645, 'content': '旅行', 'parentId': -1, 'requireId': 3984, 'restricts': [], 'optTargets': [], 'hasMatched': False, 'rpId': -1}, 'children': [{'id': 21646, 'goal': {'goalId': 21646, 'content': '餐馆', 'parentId': 21645, 'requireId': 3984, 'restricts': [{'goalId': 21646, 'key': '人均消费', 'valueType': 'region', 'minValue': 50.0, 'maxValue': 100.0, 'unit': '元', 'value': ''}], 'optTargets': [], 'hasMatched': False, 'rpId': -1}, 'children': [{'id': 21647, 'goal': {'goalId': 21647, 'content': '推荐菜-贝勒烤肉', 'parentId': 21646, 'requireId': 3984, 'restricts': [], 'optTargets': [], 'hasMatched': False, 'rpId': -1}, 'children': []}]}, {'id': 21648, 'goal': {'goalId': 21648, 'content': '酒店', 'parentId': 21645, 'requireId': 3984, 'restricts': [{'goalId': 21648, 'key': '评分', 'valueType': 'region', 'minValue': 4.0, 'maxValue': 9999.0, 'unit': '分', 'value': ''}, {'goalId': 21648, 'key': '酒店类型', 'valueType': 'enum', 'minValue': 0.0, 'maxValue': 999.0, 'unit': '', 'value': '舒适型'}], 'optTargets': [], 'hasMatched': False, 'rpId': -1}, 'children': [{'id': 21649, 'goal': {'goalId': 21649, 'content': '酒店设施-叫醒服务', 'parentId': 21648, 'requireId': 3984, 'restricts': [], 'optTargets': [], 'hasMatched': False, 'rpId': -1}, 'children': []}, {'id': 21650, 'goal': {'goalId': 21650, 'content': '酒店设施-商务中心', 'parentId': 21648, 'requireId': 3984, 'restricts': [], 'optTargets': [], 'hasMatched': False, 'rpId': -1}, 'children': []}, {'id': 21651, 'goal': {'goalId': 21651, 'content': '酒店设施-吹风机', 'parentId': 21648, 'requireId': 3984, 'restricts': [], 'optTargets': [], 'hasMatched': False, 'rpId': -1}, 'children': []}]}, {'id': 21652, 'goal': {'goalId': 21652, 'content': '景点', 'parentId': 21645, 'requireId': 3984, 'restricts': [{'goalId': 21652, 'key': '门票', 'valueType': 'region', 'minValue': 0.0, 'maxValue': 0.0, 'unit': '元', 'value': ''}], 'optTargets': [], 'hasMatched': False, 'rpId': -1}, 'children': []}], 'requireInfo': {'userId': 'test_require1', 'requireId': 3984, 'timestamp': '2020-06-06T11:01:11.000+0800', 'state': 0, 'serviceSchemeUrl': None}, 'contexts': {}}

----------------------------------------
> Fri, 04 Sep 202014:12:50 - INFO - core_tree_pid_k2_e2_mod_3.py - [line:170] -  4290

----------------------------------------
> Fri, 04 Sep 202014:12:50 - INFO - core_tree_pid_k2_e2_mod_3.py - [line:180] -  --------对话已结束------------

