----------------------------------------
> Fri, 04 Sep 202014:22:11 - INFO - core_tree_pid_k2_e2_mod_3.py - [line:134] -  Start of program

----------------------------------------
> Fri, 04 Sep 202014:22:11 - INFO - core_tree_pid_k2_e2_mod_3.py - [line:138] -  test_id:


----------------------------------------
> Fri, 04 Sep 202014:22:11 - INFO - core_tree_pid_k2_e2_mod_3.py - [line:139] -  4764

----------------------------------------
> Fri, 04 Sep 202014:22:11 - INFO - core_tree_pid_k2_e2_mod_3.py - [line:143] -  ------Round:1---------


----------------------------------------
> Fri, 04 Sep 202014:22:11 - DEBUG - core_tree_pid_k2_e2_mod_3.py - [line:145] -  您好，很高兴为您服务

----------------------------------------
> Fri, 04 Sep 202014:22:11 - DEBUG - core_tree_pid_k2_e2_mod_3.py - [line:150] -  USER: 我要去旅行

----------------------------------------
> Fri, 04 Sep 202014:22:12 - INFO - base_rp_db.py - [line:330] -  Model:{'id': 11450, 'goal': {'goalId': 11450, 'content': '旅行', 'parentId': -1, 'requireId': -1, 'restricts': [], 'optTargets': [], 'hasMatched': False, 'rpId': 1418}, 'children': [{'id': 11452, 'goal': {'goalId': 11452, 'content': '景点', 'parentId': 11450, 'requireId': -1, 'restricts': [{'goalId': 11452, 'key': '游玩时间', 'valueType': 'region', 'minValue': 2.0, 'maxValue': 4.0, 'unit': '小时', 'value': ''}, {'goalId': 11452, 'key': '门票', 'valueType': 'region', 'minValue': 0.0, 'maxValue': 20.0, 'unit': '分', 'value': ''}, {'goalId': 11452, 'key': '评分', 'valueType': 'region', 'minValue': 4.0, 'maxValue': 9999.0, 'unit': '分', 'value': ''}], 'optTargets': [], 'hasMatched': False, 'rpId': 1418}, 'children': []}, {'id': 11457, 'goal': {'goalId': 11457, 'content': '酒店', 'parentId': 11450, 'requireId': -1, 'restricts': [{'goalId': 11457, 'key': '价格', 'valueType': 'region', 'minValue': 300.0, 'maxValue': 400.0, 'unit': '元', 'value': ''}, {'goalId': 11457, 'key': '酒店类型', 'valueType': 'enum', 'minValue': 0.0, 'maxValue': 999.0, 'unit': '', 'value': '舒适型'}], 'optTargets': [], 'hasMatched': False, 'rpId': 1418}, 'children': []}, {'id': 11459, 'goal': {'goalId': 11459, 'content': '餐馆', 'parentId': 11450, 'requireId': -1, 'restricts': [], 'optTargets': [], 'hasMatched': False, 'rpId': 1418}, 'children': []}]}

----------------------------------------
> Fri, 04 Sep 202014:22:12 - INFO - base_rp_db.py - [line:462] -  rps_db length: 1

----------------------------------------
> Fri, 04 Sep 202014:22:12 - INFO - base_rp_db.py - [line:462] -  rps_db length: 1

----------------------------------------
> Fri, 04 Sep 202014:22:12 - INFO - base_rp_db.py - [line:871] -  ---模板树中对应旅行意图无约束----


----------------------------------------
> Fri, 04 Sep 202014:22:12 - INFO - base_rp_db.py - [line:874] -  ----正在需求模式库中查找所有对应旅行的模式或子模式约束...----


----------------------------------------
> Fri, 04 Sep 202014:22:12 - DEBUG - base_rp_db.py - [line:879] -  ----------Round:2----------


----------------------------------------
> Fri, 04 Sep 202014:22:12 - INFO - base_rp_db.py - [line:882] -  ----需求模式库中旅行的约束为空.----


----------------------------------------
> Fri, 04 Sep 202014:22:12 - INFO - base_rp_db.py - [line:885] -  content旅行

----------------------------------------
> Fri, 04 Sep 202014:22:12 - INFO - base_rp_db.py - [line:888] -  restricts:[]

----------------------------------------
> Fri, 04 Sep 202014:22:12 - DEBUG - base_rp_db.py - [line:891] -  To user:对于旅行部分是否满意?


----------------------------------------
> Fri, 04 Sep 202014:22:12 - DEBUG - base_rp_db.py - [line:987] -  USER: 我觉得应该有如下修改：


----------------------------------------
> Fri, 04 Sep 202014:22:12 - INFO - base_rp_db.py - [line:1007] -  --------Round End---------


----------------------------------------
> Fri, 04 Sep 202014:22:12 - INFO - base_rp_db.py - [line:462] -  rps_db length: 2

----------------------------------------
> Fri, 04 Sep 202014:22:12 - INFO - base_rp_db.py - [line:462] -  rps_db length: 3

----------------------------------------
> Fri, 04 Sep 202014:22:12 - DEBUG - base_rp_db.py - [line:662] -  ----------Round:3----------


----------------------------------------
> Fri, 04 Sep 202014:22:12 - DEBUG - base_rp_db.py - [line:665] -  请问您对于景点是否需要？


----------------------------------------
> Fri, 04 Sep 202014:22:12 - DEBUG - base_rp_db.py - [line:668] -  USER: 需要


----------------------------------------
> Fri, 04 Sep 202014:22:12 - INFO - base_rp_db.py - [line:941] -  ----------Round:4----------


----------------------------------------
> Fri, 04 Sep 202014:22:12 - DEBUG - base_rp_db.py - [line:944] -  在需求模式库中对景点进行查找...

----------------------------------------
> Fri, 04 Sep 202014:22:12 - DEBUG - base_rp_db.py - [line:947] -  对于景点的约束这样如何:


----------------------------------------
> Fri, 04 Sep 202014:22:12 - DEBUG - base_rp_db.py - [line:958] -  景点的游玩时间范围, 1到2小时


----------------------------------------
> Fri, 04 Sep 202014:22:12 - DEBUG - base_rp_db.py - [line:958] -  景点的评分范围, 4到9999分


----------------------------------------
> Fri, 04 Sep 202014:22:12 - DEBUG - base_rp_db.py - [line:958] -  景点的门票范围, 50到100元


----------------------------------------
> Fri, 04 Sep 202014:22:12 - DEBUG - base_rp_db.py - [line:984] -  To user:对于景点部分是否满意?


----------------------------------------
> Fri, 04 Sep 202014:22:12 - DEBUG - base_rp_db.py - [line:987] -  USER: 我觉得应该有如下修改：


----------------------------------------
> Fri, 04 Sep 202014:22:12 - INFO - base_rp_db.py - [line:1007] -  --------Round End---------


----------------------------------------
> Fri, 04 Sep 202014:22:12 - DEBUG - base_rp_db.py - [line:584] -  ----------Round:5----------


----------------------------------------
> Fri, 04 Sep 202014:22:12 - DEBUG - base_rp_db.py - [line:591] -  To User: ---------检测到当前景点下无子节点，请问对于该意图有什么其他的子需求吗-----


----------------------------------------
> Fri, 04 Sep 202014:22:12 - DEBUG - base_rp_db.py - [line:595] -  ----USER: 没了-----


----------------------------------------
> Fri, 04 Sep 202014:22:12 - DEBUG - base_rp_db.py - [line:662] -  ----------Round:6----------


----------------------------------------
> Fri, 04 Sep 202014:22:12 - DEBUG - base_rp_db.py - [line:665] -  请问您对于酒店是否需要？


----------------------------------------
> Fri, 04 Sep 202014:22:12 - DEBUG - base_rp_db.py - [line:668] -  USER: 需要


----------------------------------------
> Fri, 04 Sep 202014:22:12 - INFO - base_rp_db.py - [line:941] -  ----------Round:7----------


----------------------------------------
> Fri, 04 Sep 202014:22:12 - DEBUG - base_rp_db.py - [line:944] -  在需求模式库中对酒店进行查找...

----------------------------------------
> Fri, 04 Sep 202014:22:12 - DEBUG - base_rp_db.py - [line:947] -  对于酒店的约束这样如何:


----------------------------------------
> Fri, 04 Sep 202014:22:12 - DEBUG - base_rp_db.py - [line:958] -  酒店的价格范围, 300到400元


----------------------------------------
> Fri, 04 Sep 202014:22:12 - DEBUG - base_rp_db.py - [line:958] -  酒店的评分范围, 4到9999分


----------------------------------------
> Fri, 04 Sep 202014:22:12 - DEBUG - base_rp_db.py - [line:975] -  酒店的酒店类型：豪华型


----------------------------------------
> Fri, 04 Sep 202014:22:12 - DEBUG - base_rp_db.py - [line:984] -  To user:对于酒店部分是否满意?


----------------------------------------
> Fri, 04 Sep 202014:22:12 - DEBUG - base_rp_db.py - [line:987] -  USER: 我觉得应该有如下修改：


----------------------------------------
> Fri, 04 Sep 202014:22:12 - DEBUG - base_rp_db.py - [line:1004] -  酒店的酒店类型：豪华型


----------------------------------------
> Fri, 04 Sep 202014:22:12 - INFO - base_rp_db.py - [line:1007] -  --------Round End---------


----------------------------------------
> Fri, 04 Sep 202014:22:12 - DEBUG - base_rp_db.py - [line:584] -  ----------Round:8----------


----------------------------------------
> Fri, 04 Sep 202014:22:12 - DEBUG - base_rp_db.py - [line:591] -  To User: ---------检测到当前酒店下无子节点，请问对于该意图有什么其他的子需求吗-----


----------------------------------------
> Fri, 04 Sep 202014:22:12 - DEBUG - base_rp_db.py - [line:600] -  USER: 我还需要酒店设施-健身房


----------------------------------------
> Fri, 04 Sep 202014:22:12 - DEBUG - base_rp_db.py - [line:606] -  ----------Round:9----------


----------------------------------------
> Fri, 04 Sep 202014:22:12 - DEBUG - base_rp_db.py - [line:612] -  To User: 请问对于酒店意图有什么其他的子需求吗-----


----------------------------------------
> Fri, 04 Sep 202014:22:12 - DEBUG - base_rp_db.py - [line:600] -  USER: 我还需要酒店设施-残疾人设施


----------------------------------------
> Fri, 04 Sep 202014:22:12 - DEBUG - base_rp_db.py - [line:606] -  ----------Round:10----------


----------------------------------------
> Fri, 04 Sep 202014:22:12 - DEBUG - base_rp_db.py - [line:612] -  To User: 请问对于酒店意图有什么其他的子需求吗-----


----------------------------------------
> Fri, 04 Sep 202014:22:12 - DEBUG - base_rp_db.py - [line:615] -  ----USER: 没了-----


----------------------------------------
> Fri, 04 Sep 202014:22:12 - DEBUG - base_rp_db.py - [line:673] -  ----------Round:11----------


----------------------------------------
> Fri, 04 Sep 202014:22:12 - DEBUG - base_rp_db.py - [line:676] -  请问您对于餐馆是否需要？


----------------------------------------
> Fri, 04 Sep 202014:22:12 - DEBUG - base_rp_db.py - [line:679] -  USER: 不需要


----------------------------------------
> Fri, 04 Sep 202014:22:12 - DEBUG - base_rp_db.py - [line:756] -  ----------Round:12----------


----------------------------------------
> Fri, 04 Sep 202014:22:12 - DEBUG - base_rp_db.py - [line:762] -  To User: 你对旅行还有什么新需求吗？


----------------------------------------
> Fri, 04 Sep 202014:22:12 - DEBUG - base_rp_db.py - [line:790] -  USER: 没有了


----------------------------------------
> Fri, 04 Sep 202014:22:13 - INFO - base_rp_db.py - [line:462] -  rps_db length: 2

----------------------------------------
> Fri, 04 Sep 202014:22:13 - INFO - base_rp_db.py - [line:462] -  rps_db length: 2

----------------------------------------
> Fri, 04 Sep 202014:22:13 - INFO - base_rp_db.py - [line:721] -  -----当前指针点为酒店设施-健身房


----------------------------------------
> Fri, 04 Sep 202014:22:13 - INFO - base_rp_db.py - [line:871] -  ---模板树中对应酒店设施-健身房意图无约束----


----------------------------------------
> Fri, 04 Sep 202014:22:13 - INFO - base_rp_db.py - [line:874] -  ----正在需求模式库中查找所有对应酒店设施-健身房的模式或子模式约束...----


----------------------------------------
> Fri, 04 Sep 202014:22:13 - DEBUG - base_rp_db.py - [line:879] -  ----------Round:13----------


----------------------------------------
> Fri, 04 Sep 202014:22:13 - INFO - base_rp_db.py - [line:882] -  ----需求模式库中酒店设施-健身房的约束为空.----


----------------------------------------
> Fri, 04 Sep 202014:22:13 - INFO - base_rp_db.py - [line:885] -  content酒店设施-健身房

----------------------------------------
> Fri, 04 Sep 202014:22:13 - INFO - base_rp_db.py - [line:888] -  restricts:[]

----------------------------------------
> Fri, 04 Sep 202014:22:13 - DEBUG - base_rp_db.py - [line:891] -  To user:对于酒店设施-健身房部分是否满意?


----------------------------------------
> Fri, 04 Sep 202014:22:13 - DEBUG - base_rp_db.py - [line:987] -  USER: 我觉得应该有如下修改：


----------------------------------------
> Fri, 04 Sep 202014:22:13 - INFO - base_rp_db.py - [line:1007] -  --------Round End---------


----------------------------------------
> Fri, 04 Sep 202014:22:13 - DEBUG - base_rp_db.py - [line:584] -  ----------Round:14----------


----------------------------------------
> Fri, 04 Sep 202014:22:13 - DEBUG - base_rp_db.py - [line:591] -  To User: ---------检测到当前酒店设施-健身房下无子节点，请问对于该意图有什么其他的子需求吗-----


----------------------------------------
> Fri, 04 Sep 202014:22:13 - DEBUG - base_rp_db.py - [line:595] -  ----USER: 没了-----


----------------------------------------
> Fri, 04 Sep 202014:22:13 - INFO - base_rp_db.py - [line:721] -  -----当前指针点为酒店设施-残疾人设施


----------------------------------------
> Fri, 04 Sep 202014:22:13 - INFO - base_rp_db.py - [line:871] -  ---模板树中对应酒店设施-残疾人设施意图无约束----


----------------------------------------
> Fri, 04 Sep 202014:22:13 - INFO - base_rp_db.py - [line:874] -  ----正在需求模式库中查找所有对应酒店设施-残疾人设施的模式或子模式约束...----


----------------------------------------
> Fri, 04 Sep 202014:22:13 - DEBUG - base_rp_db.py - [line:879] -  ----------Round:15----------


----------------------------------------
> Fri, 04 Sep 202014:22:13 - INFO - base_rp_db.py - [line:882] -  ----需求模式库中酒店设施-残疾人设施的约束为空.----


----------------------------------------
> Fri, 04 Sep 202014:22:13 - INFO - base_rp_db.py - [line:885] -  content酒店设施-残疾人设施

----------------------------------------
> Fri, 04 Sep 202014:22:13 - INFO - base_rp_db.py - [line:888] -  restricts:[]

----------------------------------------
> Fri, 04 Sep 202014:22:13 - DEBUG - base_rp_db.py - [line:891] -  To user:对于酒店设施-残疾人设施部分是否满意?


----------------------------------------
> Fri, 04 Sep 202014:22:13 - DEBUG - base_rp_db.py - [line:987] -  USER: 我觉得应该有如下修改：


----------------------------------------
> Fri, 04 Sep 202014:22:13 - INFO - base_rp_db.py - [line:1007] -  --------Round End---------


----------------------------------------
> Fri, 04 Sep 202014:22:13 - DEBUG - base_rp_db.py - [line:584] -  ----------Round:16----------


----------------------------------------
> Fri, 04 Sep 202014:22:13 - DEBUG - base_rp_db.py - [line:591] -  To User: ---------检测到当前酒店设施-残疾人设施下无子节点，请问对于该意图有什么其他的子需求吗-----


----------------------------------------
> Fri, 04 Sep 202014:22:13 - DEBUG - base_rp_db.py - [line:595] -  ----USER: 没了-----


----------------------------------------
> Fri, 04 Sep 202014:22:13 - INFO - base_rp_db.py - [line:353] -  Generate Result:{'id': 0, 'goal': {'goalId': 23962, 'content': '旅行', 'parentId': -1, 'requireId': 4458, 'restricts': [], 'optTargets': [], 'hasMatched': False, 'rpId': -1}, 'children': [{'id': 23963, 'goal': {'goalId': 23963, 'content': '景点', 'parentId': 23962, 'requireId': 4458, 'restricts': [], 'optTargets': [], 'hasMatched': False, 'rpId': -1}, 'children': []}, {'id': 23964, 'goal': {'goalId': 23964, 'content': '酒店', 'parentId': 23962, 'requireId': 4458, 'restricts': [{'goalId': 23964, 'key': '酒店类型', 'valueType': 'enum', 'minValue': 0.0, 'maxValue': 999.0, 'unit': '', 'value': '豪华型'}], 'optTargets': [], 'hasMatched': False, 'rpId': -1}, 'children': [{'id': 23965, 'goal': {'goalId': 23965, 'content': '酒店设施-健身房', 'parentId': 23964, 'requireId': 4458, 'restricts': [], 'optTargets': [], 'hasMatched': False, 'rpId': -1}, 'children': []}, {'id': 23966, 'goal': {'goalId': 23966, 'content': '酒店设施-残疾人设施', 'parentId': 23964, 'requireId': 4458, 'restricts': [], 'optTargets': [], 'hasMatched': False, 'rpId': -1}, 'children': []}]}], 'requireInfo': {'userId': 'test_require1', 'requireId': 4458, 'timestamp': '2020-06-06T11:01:29.000+0800', 'state': 0, 'serviceSchemeUrl': None}, 'contexts': {}}

----------------------------------------
> Fri, 04 Sep 202014:22:13 - INFO - core_tree_pid_k2_e2_mod_3.py - [line:170] -  4764

----------------------------------------
> Fri, 04 Sep 202014:22:13 - INFO - core_tree_pid_k2_e2_mod_3.py - [line:180] -  --------对话已结束------------

