----------------------------------------
> Fri, 04 Sep 202014:09:57 - INFO - core_tree_pid_k2_e2_mod_1.py - [line:134] -  Start of program

----------------------------------------
> Fri, 04 Sep 202014:09:57 - INFO - core_tree_pid_k2_e2_mod_1.py - [line:138] -  test_id:


----------------------------------------
> Fri, 04 Sep 202014:09:57 - INFO - core_tree_pid_k2_e2_mod_1.py - [line:139] -  170

----------------------------------------
> Fri, 04 Sep 202014:09:57 - INFO - core_tree_pid_k2_e2_mod_1.py - [line:143] -  ------Round:1---------


----------------------------------------
> Fri, 04 Sep 202014:09:57 - DEBUG - core_tree_pid_k2_e2_mod_1.py - [line:145] -  您好，很高兴为您服务

----------------------------------------
> Fri, 04 Sep 202014:09:57 - DEBUG - core_tree_pid_k2_e2_mod_1.py - [line:150] -  USER: 我要去旅行

----------------------------------------
> Fri, 04 Sep 202014:09:57 - INFO - base_rp_db.py - [line:330] -  Model:{'id': 7431, 'goal': {'goalId': 7431, 'content': '旅行', 'parentId': -1, 'requireId': -1, 'restricts': [], 'optTargets': [], 'hasMatched': False, 'rpId': 244}, 'children': [{'id': 7435, 'goal': {'goalId': 7435, 'content': '景点', 'parentId': 7431, 'requireId': -1, 'restricts': [], 'optTargets': [], 'hasMatched': False, 'rpId': 244}, 'children': []}, {'id': 7439, 'goal': {'goalId': 7439, 'content': '酒店', 'parentId': 7431, 'requireId': -1, 'restricts': [{'goalId': 7439, 'key': '评分', 'valueType': 'region', 'minValue': 4.0, 'maxValue': 9999.0, 'unit': '分', 'value': ''}, {'goalId': 7439, 'key': '价格', 'valueType': 'region', 'minValue': 500.0, 'maxValue': 600.0, 'unit': '元', 'value': ''}, {'goalId': 7439, 'key': '酒店类型', 'valueType': 'enum', 'minValue': 0.0, 'maxValue': 999.0, 'unit': '', 'value': '经济型'}], 'optTargets': [], 'hasMatched': False, 'rpId': 244}, 'children': []}]}

----------------------------------------
> Fri, 04 Sep 202014:09:57 - INFO - base_rp_db.py - [line:462] -  rps_db length: 1

----------------------------------------
> Fri, 04 Sep 202014:09:57 - INFO - base_rp_db.py - [line:462] -  rps_db length: 1

----------------------------------------
> Fri, 04 Sep 202014:09:57 - INFO - base_rp_db.py - [line:871] -  ---模板树中对应旅行意图无约束----


----------------------------------------
> Fri, 04 Sep 202014:09:57 - INFO - base_rp_db.py - [line:874] -  ----正在需求模式库中查找所有对应旅行的模式或子模式约束...----


----------------------------------------
> Fri, 04 Sep 202014:09:57 - DEBUG - base_rp_db.py - [line:879] -  ----------Round:2----------


----------------------------------------
> Fri, 04 Sep 202014:09:57 - INFO - base_rp_db.py - [line:882] -  ----需求模式库中旅行的约束为空.----


----------------------------------------
> Fri, 04 Sep 202014:09:57 - INFO - base_rp_db.py - [line:885] -  content旅行

----------------------------------------
> Fri, 04 Sep 202014:09:57 - INFO - base_rp_db.py - [line:888] -  restricts:[]

----------------------------------------
> Fri, 04 Sep 202014:09:57 - DEBUG - base_rp_db.py - [line:891] -  To user:对于旅行部分是否满意?


----------------------------------------
> Fri, 04 Sep 202014:09:57 - DEBUG - base_rp_db.py - [line:987] -  USER: 我觉得应该有如下修改：


----------------------------------------
> Fri, 04 Sep 202014:09:57 - INFO - base_rp_db.py - [line:1007] -  --------Round End---------


----------------------------------------
> Fri, 04 Sep 202014:09:57 - INFO - base_rp_db.py - [line:462] -  rps_db length: 4

----------------------------------------
> Fri, 04 Sep 202014:09:57 - INFO - base_rp_db.py - [line:462] -  rps_db length: 2

----------------------------------------
> Fri, 04 Sep 202014:09:57 - DEBUG - base_rp_db.py - [line:662] -  ----------Round:3----------


----------------------------------------
> Fri, 04 Sep 202014:09:57 - DEBUG - base_rp_db.py - [line:665] -  请问您对于景点是否需要？


----------------------------------------
> Fri, 04 Sep 202014:09:57 - DEBUG - base_rp_db.py - [line:668] -  USER: 需要


----------------------------------------
> Fri, 04 Sep 202014:09:57 - INFO - base_rp_db.py - [line:871] -  ---模板树中对应景点意图无约束----


----------------------------------------
> Fri, 04 Sep 202014:09:57 - INFO - base_rp_db.py - [line:874] -  ----正在需求模式库中查找所有对应景点的模式或子模式约束...----


----------------------------------------
> Fri, 04 Sep 202014:09:57 - INFO - base_rp_db.py - [line:896] -  ----------Round:4----------


----------------------------------------
> Fri, 04 Sep 202014:09:57 - DEBUG - base_rp_db.py - [line:899] -  To User:对于景点的约束这样如何:


----------------------------------------
> Fri, 04 Sep 202014:09:57 - DEBUG - base_rp_db.py - [line:910] -  景点的游玩时间范围, 1到2小时


----------------------------------------
> Fri, 04 Sep 202014:09:57 - DEBUG - base_rp_db.py - [line:910] -  景点的评分范围, 4到9999分


----------------------------------------
> Fri, 04 Sep 202014:09:57 - DEBUG - base_rp_db.py - [line:910] -  景点的门票范围, 50到100元


----------------------------------------
> Fri, 04 Sep 202014:09:57 - DEBUG - base_rp_db.py - [line:936] -  To user:对于景点部分是否满意?


----------------------------------------
> Fri, 04 Sep 202014:09:57 - DEBUG - base_rp_db.py - [line:987] -  USER: 我觉得应该有如下修改：


----------------------------------------
> Fri, 04 Sep 202014:09:57 - DEBUG - base_rp_db.py - [line:998] -  景点的游玩时间范围, 2到3小时


----------------------------------------
> Fri, 04 Sep 202014:09:57 - DEBUG - base_rp_db.py - [line:1004] -  景点的源领域：酒店


----------------------------------------
> Fri, 04 Sep 202014:09:57 - INFO - base_rp_db.py - [line:1007] -  --------Round End---------


----------------------------------------
> Fri, 04 Sep 202014:09:57 - DEBUG - base_rp_db.py - [line:584] -  ----------Round:5----------


----------------------------------------
> Fri, 04 Sep 202014:09:57 - DEBUG - base_rp_db.py - [line:591] -  To User: ---------检测到当前景点下无子节点，请问对于该意图有什么其他的子需求吗-----


----------------------------------------
> Fri, 04 Sep 202014:09:57 - DEBUG - base_rp_db.py - [line:595] -  ----USER: 没了-----


----------------------------------------
> Fri, 04 Sep 202014:09:57 - DEBUG - base_rp_db.py - [line:662] -  ----------Round:6----------


----------------------------------------
> Fri, 04 Sep 202014:09:57 - DEBUG - base_rp_db.py - [line:665] -  请问您对于酒店是否需要？


----------------------------------------
> Fri, 04 Sep 202014:09:57 - DEBUG - base_rp_db.py - [line:668] -  USER: 需要


----------------------------------------
> Fri, 04 Sep 202014:09:57 - INFO - base_rp_db.py - [line:941] -  ----------Round:7----------


----------------------------------------
> Fri, 04 Sep 202014:09:57 - DEBUG - base_rp_db.py - [line:944] -  在需求模式库中对酒店进行查找...

----------------------------------------
> Fri, 04 Sep 202014:09:57 - DEBUG - base_rp_db.py - [line:947] -  对于酒店的约束这样如何:


----------------------------------------
> Fri, 04 Sep 202014:09:57 - DEBUG - base_rp_db.py - [line:958] -  酒店的价格范围, 300到400元


----------------------------------------
> Fri, 04 Sep 202014:09:57 - DEBUG - base_rp_db.py - [line:958] -  酒店的评分范围, 4到9999分


----------------------------------------
> Fri, 04 Sep 202014:09:57 - DEBUG - base_rp_db.py - [line:975] -  酒店的酒店类型：豪华型


----------------------------------------
> Fri, 04 Sep 202014:09:57 - DEBUG - base_rp_db.py - [line:984] -  To user:对于酒店部分是否满意?


----------------------------------------
> Fri, 04 Sep 202014:09:57 - DEBUG - base_rp_db.py - [line:987] -  USER: 我觉得应该有如下修改：


----------------------------------------
> Fri, 04 Sep 202014:09:57 - DEBUG - base_rp_db.py - [line:998] -  酒店的价格范围, 700到800元


----------------------------------------
> Fri, 04 Sep 202014:09:57 - DEBUG - base_rp_db.py - [line:1004] -  酒店的名称：北京鹏润国际大酒店


----------------------------------------
> Fri, 04 Sep 202014:09:57 - INFO - base_rp_db.py - [line:1007] -  --------Round End---------


----------------------------------------
> Fri, 04 Sep 202014:09:57 - DEBUG - base_rp_db.py - [line:584] -  ----------Round:8----------


----------------------------------------
> Fri, 04 Sep 202014:09:57 - DEBUG - base_rp_db.py - [line:591] -  To User: ---------检测到当前酒店下无子节点，请问对于该意图有什么其他的子需求吗-----


----------------------------------------
> Fri, 04 Sep 202014:09:57 - DEBUG - base_rp_db.py - [line:595] -  ----USER: 没了-----


----------------------------------------
> Fri, 04 Sep 202014:09:57 - DEBUG - base_rp_db.py - [line:756] -  ----------Round:9----------


----------------------------------------
> Fri, 04 Sep 202014:09:57 - DEBUG - base_rp_db.py - [line:762] -  To User: 你对旅行还有什么新需求吗？


----------------------------------------
> Fri, 04 Sep 202014:09:57 - DEBUG - base_rp_db.py - [line:767] -  USER: 我要加入餐馆


----------------------------------------
> Fri, 04 Sep 202014:09:57 - INFO - base_rp_db.py - [line:941] -  ----------Round:10----------


----------------------------------------
> Fri, 04 Sep 202014:09:57 - DEBUG - base_rp_db.py - [line:944] -  在需求模式库中对餐馆进行查找...

----------------------------------------
> Fri, 04 Sep 202014:09:57 - DEBUG - base_rp_db.py - [line:947] -  对于餐馆的约束这样如何:


----------------------------------------
> Fri, 04 Sep 202014:09:57 - DEBUG - base_rp_db.py - [line:958] -  餐馆的人均消费范围, 50到100元


----------------------------------------
> Fri, 04 Sep 202014:09:57 - DEBUG - base_rp_db.py - [line:958] -  餐馆的评分范围, 4到9999分


----------------------------------------
> Fri, 04 Sep 202014:09:57 - DEBUG - base_rp_db.py - [line:984] -  To user:对于餐馆部分是否满意?


----------------------------------------
> Fri, 04 Sep 202014:09:57 - DEBUG - base_rp_db.py - [line:987] -  USER: 我觉得应该有如下修改：


----------------------------------------
> Fri, 04 Sep 202014:09:57 - INFO - base_rp_db.py - [line:1007] -  --------Round End---------


----------------------------------------
> Fri, 04 Sep 202014:09:57 - DEBUG - base_rp_db.py - [line:584] -  ----------Round:11----------


----------------------------------------
> Fri, 04 Sep 202014:09:57 - DEBUG - base_rp_db.py - [line:591] -  To User: ---------检测到当前餐馆下无子节点，请问对于该意图有什么其他的子需求吗-----


----------------------------------------
> Fri, 04 Sep 202014:09:57 - DEBUG - base_rp_db.py - [line:600] -  USER: 我还需要现磨豆浆


----------------------------------------
> Fri, 04 Sep 202014:09:57 - DEBUG - base_rp_db.py - [line:606] -  ----------Round:12----------


----------------------------------------
> Fri, 04 Sep 202014:09:57 - DEBUG - base_rp_db.py - [line:612] -  To User: 请问对于餐馆意图有什么其他的子需求吗-----


----------------------------------------
> Fri, 04 Sep 202014:09:57 - DEBUG - base_rp_db.py - [line:615] -  ----USER: 没了-----


----------------------------------------
> Fri, 04 Sep 202014:09:57 - DEBUG - base_rp_db.py - [line:781] -  ----------Round:13----------


----------------------------------------
> Fri, 04 Sep 202014:09:57 - DEBUG - base_rp_db.py - [line:787] -  To User: 你对旅行还有什么新需求吗？


----------------------------------------
> Fri, 04 Sep 202014:09:57 - DEBUG - base_rp_db.py - [line:767] -  USER: 我要加入地铁


----------------------------------------
> Fri, 04 Sep 202014:09:57 - INFO - base_rp_db.py - [line:941] -  ----------Round:14----------


----------------------------------------
> Fri, 04 Sep 202014:09:57 - DEBUG - base_rp_db.py - [line:944] -  在需求模式库中对地铁进行查找...

----------------------------------------
> Fri, 04 Sep 202014:09:57 - DEBUG - base_rp_db.py - [line:947] -  对于地铁的约束这样如何:


----------------------------------------
> Fri, 04 Sep 202014:09:57 - DEBUG - base_rp_db.py - [line:975] -  地铁的目的地：北京香江戴斯酒店


----------------------------------------
> Fri, 04 Sep 202014:09:57 - DEBUG - base_rp_db.py - [line:975] -  地铁的出发地：天安门广场


----------------------------------------
> Fri, 04 Sep 202014:09:57 - DEBUG - base_rp_db.py - [line:984] -  To user:对于地铁部分是否满意?


----------------------------------------
> Fri, 04 Sep 202014:09:57 - DEBUG - base_rp_db.py - [line:987] -  USER: 我觉得应该有如下修改：


----------------------------------------
> Fri, 04 Sep 202014:09:57 - DEBUG - base_rp_db.py - [line:1004] -  地铁的出发地：北京鹏润国际大酒店


----------------------------------------
> Fri, 04 Sep 202014:09:57 - DEBUG - base_rp_db.py - [line:1004] -  地铁的目的地：永和大王


----------------------------------------
> Fri, 04 Sep 202014:09:57 - INFO - base_rp_db.py - [line:1007] -  --------Round End---------


----------------------------------------
> Fri, 04 Sep 202014:09:57 - DEBUG - base_rp_db.py - [line:584] -  ----------Round:15----------


----------------------------------------
> Fri, 04 Sep 202014:09:57 - DEBUG - base_rp_db.py - [line:591] -  To User: ---------检测到当前地铁下无子节点，请问对于该意图有什么其他的子需求吗-----


----------------------------------------
> Fri, 04 Sep 202014:09:57 - DEBUG - base_rp_db.py - [line:595] -  ----USER: 没了-----


----------------------------------------
> Fri, 04 Sep 202014:09:57 - DEBUG - base_rp_db.py - [line:781] -  ----------Round:16----------


----------------------------------------
> Fri, 04 Sep 202014:09:57 - DEBUG - base_rp_db.py - [line:787] -  To User: 你对旅行还有什么新需求吗？


----------------------------------------
> Fri, 04 Sep 202014:09:57 - DEBUG - base_rp_db.py - [line:790] -  USER: 没有了


----------------------------------------
> Fri, 04 Sep 202014:09:57 - INFO - base_rp_db.py - [line:462] -  rps_db length: 1

----------------------------------------
> Fri, 04 Sep 202014:09:57 - INFO - base_rp_db.py - [line:462] -  rps_db length: 1

----------------------------------------
> Fri, 04 Sep 202014:09:57 - INFO - base_rp_db.py - [line:721] -  -----当前指针点为现磨豆浆


----------------------------------------
> Fri, 04 Sep 202014:09:57 - INFO - base_rp_db.py - [line:1064] -  ---未使用模式库或模式库或需求知识图谱中无现磨豆浆意图----


----------------------------------------
> Fri, 04 Sep 202014:09:57 - INFO - base_rp_db.py - [line:1068] -  ----------Round:17----------


----------------------------------------
> Fri, 04 Sep 202014:09:57 - DEBUG - base_rp_db.py - [line:1071] -  To User: 无法匹配现磨豆浆


----------------------------------------
> Fri, 04 Sep 202014:09:57 - DEBUG - base_rp_db.py - [line:1075] -  To User: 你对现磨豆浆的约束是什么？


----------------------------------------
> Fri, 04 Sep 202014:09:57 - DEBUG - base_rp_db.py - [line:1110] -  USER: 我都无所谓


----------------------------------------
> Fri, 04 Sep 202014:09:57 - DEBUG - base_rp_db.py - [line:584] -  ----------Round:18----------


----------------------------------------
> Fri, 04 Sep 202014:09:57 - DEBUG - base_rp_db.py - [line:591] -  To User: ---------检测到当前现磨豆浆下无子节点，请问对于该意图有什么其他的子需求吗-----


----------------------------------------
> Fri, 04 Sep 202014:09:57 - DEBUG - base_rp_db.py - [line:595] -  ----USER: 没了-----


----------------------------------------
> Fri, 04 Sep 202014:09:57 - INFO - base_rp_db.py - [line:353] -  Generate Result:{'id': 0, 'goal': {'goalId': 3343, 'content': '旅行', 'parentId': -1, 'requireId': 490, 'restricts': [], 'optTargets': [], 'hasMatched': False, 'rpId': -1}, 'children': [{'id': 3344, 'goal': {'goalId': 3344, 'content': '酒店', 'parentId': 3343, 'requireId': 490, 'restricts': [{'goalId': 3344, 'key': '价格', 'valueType': 'region', 'minValue': 700.0, 'maxValue': 800.0, 'unit': '元', 'value': ''}, {'goalId': 3344, 'key': '名称', 'valueType': 'enum', 'minValue': 0.0, 'maxValue': 999.0, 'unit': '', 'value': '北京鹏润国际大酒店'}], 'optTargets': [], 'hasMatched': False, 'rpId': -1}, 'children': []}, {'id': 3345, 'goal': {'goalId': 3345, 'content': '景点', 'parentId': 3343, 'requireId': 490, 'restricts': [{'goalId': 3345, 'key': '游玩时间', 'valueType': 'region', 'minValue': 2.0, 'maxValue': 3.0, 'unit': '小时', 'value': ''}, {'goalId': 3345, 'key': '源领域', 'valueType': 'enum', 'minValue': 0.0, 'maxValue': 999.0, 'unit': '', 'value': '酒店'}], 'optTargets': [], 'hasMatched': False, 'rpId': -1}, 'children': []}, {'id': 3346, 'goal': {'goalId': 3346, 'content': '餐馆', 'parentId': 3343, 'requireId': 490, 'restricts': [], 'optTargets': [], 'hasMatched': False, 'rpId': -1}, 'children': [{'id': 3347, 'goal': {'goalId': 3347, 'content': '现磨豆浆', 'parentId': 3346, 'requireId': 490, 'restricts': [], 'optTargets': [], 'hasMatched': False, 'rpId': -1}, 'children': []}]}, {'id': 3348, 'goal': {'goalId': 3348, 'content': '地铁', 'parentId': 3343, 'requireId': 490, 'restricts': [{'goalId': 3348, 'key': '出发地', 'valueType': 'enum', 'minValue': 0.0, 'maxValue': 999.0, 'unit': '', 'value': '北京鹏润国际大酒店'}, {'goalId': 3348, 'key': '目的地', 'valueType': 'enum', 'minValue': 0.0, 'maxValue': 999.0, 'unit': '', 'value': '永和大王'}], 'optTargets': [], 'hasMatched': False, 'rpId': -1}, 'children': []}], 'requireInfo': {'userId': 'test_require1', 'requireId': 490, 'timestamp': '2020-04-28T11:30:12.000+0800', 'state': 0, 'serviceSchemeUrl': None}, 'contexts': {}}

----------------------------------------
> Fri, 04 Sep 202014:09:57 - INFO - core_tree_pid_k2_e2_mod_1.py - [line:170] -  170

----------------------------------------
> Fri, 04 Sep 202014:09:57 - INFO - core_tree_pid_k2_e2_mod_1.py - [line:180] -  --------对话已结束------------

