----------------------------------------
> Fri, 04 Sep 202014:43:11 - INFO - core_tree_pid_k2_e2_mod_2.py - [line:134] -  Start of program

----------------------------------------
> Fri, 04 Sep 202014:43:11 - INFO - core_tree_pid_k2_e2_mod_2.py - [line:138] -  test_id:


----------------------------------------
> Fri, 04 Sep 202014:43:11 - INFO - core_tree_pid_k2_e2_mod_2.py - [line:139] -  3370

----------------------------------------
> Fri, 04 Sep 202014:43:12 - INFO - core_tree_pid_k2_e2_mod_2.py - [line:143] -  ------Round:1---------


----------------------------------------
> Fri, 04 Sep 202014:43:12 - DEBUG - core_tree_pid_k2_e2_mod_2.py - [line:145] -  您好，很高兴为您服务

----------------------------------------
> Fri, 04 Sep 202014:43:12 - DEBUG - core_tree_pid_k2_e2_mod_2.py - [line:150] -  USER: 我要去旅行

----------------------------------------
> Fri, 04 Sep 202014:43:12 - INFO - base_rp_db.py - [line:330] -  Model:{'id': 12645, 'goal': {'goalId': 12645, 'content': '旅行', 'parentId': -1, 'requireId': -1, 'restricts': [], 'optTargets': [], 'hasMatched': False, 'rpId': 1734}, 'children': [{'id': 12646, 'goal': {'goalId': 12646, 'content': '酒店', 'parentId': 12645, 'requireId': -1, 'restricts': [], 'optTargets': [], 'hasMatched': False, 'rpId': 1734}, 'children': [{'id': 12647, 'goal': {'goalId': 12647, 'content': '酒店设施-国际长途电话', 'parentId': 12646, 'requireId': -1, 'restricts': [], 'optTargets': [], 'hasMatched': False, 'rpId': 1734}, 'children': []}, {'id': 12648, 'goal': {'goalId': 12648, 'content': '酒店设施-无烟房', 'parentId': 12646, 'requireId': -1, 'restricts': [], 'optTargets': [], 'hasMatched': False, 'rpId': 1734}, 'children': []}]}]}

----------------------------------------
> Fri, 04 Sep 202014:43:12 - INFO - base_rp_db.py - [line:462] -  rps_db length: 1

----------------------------------------
> Fri, 04 Sep 202014:43:12 - INFO - base_rp_db.py - [line:462] -  rps_db length: 1

----------------------------------------
> Fri, 04 Sep 202014:43:12 - INFO - base_rp_db.py - [line:871] -  ---模板树中对应旅行意图无约束----


----------------------------------------
> Fri, 04 Sep 202014:43:12 - INFO - base_rp_db.py - [line:874] -  ----正在需求模式库中查找所有对应旅行的模式或子模式约束...----


----------------------------------------
> Fri, 04 Sep 202014:43:12 - DEBUG - base_rp_db.py - [line:879] -  ----------Round:2----------


----------------------------------------
> Fri, 04 Sep 202014:43:12 - INFO - base_rp_db.py - [line:882] -  ----需求模式库中旅行的约束为空.----


----------------------------------------
> Fri, 04 Sep 202014:43:12 - INFO - base_rp_db.py - [line:885] -  content旅行

----------------------------------------
> Fri, 04 Sep 202014:43:12 - INFO - base_rp_db.py - [line:888] -  restricts:[]

----------------------------------------
> Fri, 04 Sep 202014:43:12 - DEBUG - base_rp_db.py - [line:891] -  To user:对于旅行部分是否满意?


----------------------------------------
> Fri, 04 Sep 202014:43:12 - DEBUG - base_rp_db.py - [line:987] -  USER: 我觉得应该有如下修改：


----------------------------------------
> Fri, 04 Sep 202014:43:12 - INFO - base_rp_db.py - [line:1007] -  --------Round End---------


----------------------------------------
> Fri, 04 Sep 202014:43:12 - INFO - base_rp_db.py - [line:462] -  rps_db length: 1

----------------------------------------
> Fri, 04 Sep 202014:43:12 - INFO - base_rp_db.py - [line:462] -  rps_db length: 1

----------------------------------------
> Fri, 04 Sep 202014:43:12 - DEBUG - base_rp_db.py - [line:662] -  ----------Round:3----------


----------------------------------------
> Fri, 04 Sep 202014:43:12 - DEBUG - base_rp_db.py - [line:665] -  请问您对于酒店是否需要？


----------------------------------------
> Fri, 04 Sep 202014:43:12 - DEBUG - base_rp_db.py - [line:668] -  USER: 需要


----------------------------------------
> Fri, 04 Sep 202014:43:12 - INFO - base_rp_db.py - [line:871] -  ---模板树中对应酒店意图无约束----


----------------------------------------
> Fri, 04 Sep 202014:43:12 - INFO - base_rp_db.py - [line:874] -  ----正在需求模式库中查找所有对应酒店的模式或子模式约束...----


----------------------------------------
> Fri, 04 Sep 202014:43:12 - INFO - base_rp_db.py - [line:896] -  ----------Round:4----------


----------------------------------------
> Fri, 04 Sep 202014:43:12 - DEBUG - base_rp_db.py - [line:899] -  To User:对于酒店的约束这样如何:


----------------------------------------
> Fri, 04 Sep 202014:43:12 - DEBUG - base_rp_db.py - [line:910] -  酒店的价格范围, 300到400元


----------------------------------------
> Fri, 04 Sep 202014:43:12 - DEBUG - base_rp_db.py - [line:910] -  酒店的评分范围, 4到9999分


----------------------------------------
> Fri, 04 Sep 202014:43:12 - DEBUG - base_rp_db.py - [line:927] -  酒店的酒店类型：豪华型


----------------------------------------
> Fri, 04 Sep 202014:43:13 - DEBUG - base_rp_db.py - [line:936] -  To user:对于酒店部分是否满意?


----------------------------------------
> Fri, 04 Sep 202014:43:13 - DEBUG - base_rp_db.py - [line:987] -  USER: 我觉得应该有如下修改：


----------------------------------------
> Fri, 04 Sep 202014:43:13 - DEBUG - base_rp_db.py - [line:998] -  酒店的价格范围, 300到400元


----------------------------------------
> Fri, 04 Sep 202014:43:13 - DEBUG - base_rp_db.py - [line:1004] -  酒店的酒店类型：豪华型


----------------------------------------
> Fri, 04 Sep 202014:43:13 - INFO - base_rp_db.py - [line:1007] -  --------Round End---------


----------------------------------------
> Fri, 04 Sep 202014:43:13 - DEBUG - base_rp_db.py - [line:756] -  ----------Round:5----------


----------------------------------------
> Fri, 04 Sep 202014:43:13 - DEBUG - base_rp_db.py - [line:762] -  To User: 你对旅行还有什么新需求吗？


----------------------------------------
> Fri, 04 Sep 202014:43:13 - DEBUG - base_rp_db.py - [line:790] -  USER: 没有了


----------------------------------------
> Fri, 04 Sep 202014:43:13 - INFO - base_rp_db.py - [line:353] -  Generate Result:{'id': 0, 'goal': {'goalId': 17044, 'content': '旅行', 'parentId': -1, 'requireId': 3064, 'restricts': [], 'optTargets': [], 'hasMatched': False, 'rpId': -1}, 'children': [{'id': 17045, 'goal': {'goalId': 17045, 'content': '酒店', 'parentId': 17044, 'requireId': 3064, 'restricts': [{'goalId': 17045, 'key': '价格', 'valueType': 'region', 'minValue': 300.0, 'maxValue': 400.0, 'unit': '元', 'value': ''}, {'goalId': 17045, 'key': '酒店类型', 'valueType': 'enum', 'minValue': 0.0, 'maxValue': 999.0, 'unit': '', 'value': '豪华型'}], 'optTargets': [], 'hasMatched': False, 'rpId': -1}, 'children': []}], 'requireInfo': {'userId': 'test_require1', 'requireId': 3064, 'timestamp': '2020-06-06T11:00:41.000+0800', 'state': 0, 'serviceSchemeUrl': None}, 'contexts': {}}

----------------------------------------
> Fri, 04 Sep 202014:43:13 - INFO - core_tree_pid_k2_e2_mod_2.py - [line:170] -  3370

----------------------------------------
> Fri, 04 Sep 202014:43:13 - INFO - core_tree_pid_k2_e2_mod_2.py - [line:180] -  --------对话已结束------------

