----------------------------------------
> Fri, 04 Sep 202014:31:31 - INFO - core_tree_pid_k2_e2_mod_3.py - [line:134] -  Start of program

----------------------------------------
> Fri, 04 Sep 202014:31:31 - INFO - core_tree_pid_k2_e2_mod_3.py - [line:138] -  test_id:


----------------------------------------
> Fri, 04 Sep 202014:31:31 - INFO - core_tree_pid_k2_e2_mod_3.py - [line:139] -  5090

----------------------------------------
> Fri, 04 Sep 202014:31:31 - INFO - core_tree_pid_k2_e2_mod_3.py - [line:143] -  ------Round:1---------


----------------------------------------
> Fri, 04 Sep 202014:31:31 - DEBUG - core_tree_pid_k2_e2_mod_3.py - [line:145] -  您好，很高兴为您服务

----------------------------------------
> Fri, 04 Sep 202014:31:31 - DEBUG - core_tree_pid_k2_e2_mod_3.py - [line:150] -  USER: 我要去旅行

----------------------------------------
> Fri, 04 Sep 202014:31:31 - INFO - base_rp_db.py - [line:330] -  Model:{'id': 12681, 'goal': {'goalId': 12681, 'content': '旅行', 'parentId': -1, 'requireId': -1, 'restricts': [], 'optTargets': [], 'hasMatched': False, 'rpId': 1744}, 'children': [{'id': 12682, 'goal': {'goalId': 12682, 'content': '酒店', 'parentId': 12681, 'requireId': -1, 'restricts': [], 'optTargets': [], 'hasMatched': False, 'rpId': 1744}, 'children': [{'id': 12683, 'goal': {'goalId': 12683, 'content': '酒店设施-早餐服务', 'parentId': 12682, 'requireId': -1, 'restricts': [], 'optTargets': [], 'hasMatched': False, 'rpId': 1744}, 'children': []}]}, {'id': 12684, 'goal': {'goalId': 12684, 'content': '餐馆', 'parentId': 12681, 'requireId': -1, 'restricts': [], 'optTargets': [], 'hasMatched': False, 'rpId': 1744}, 'children': []}]}

----------------------------------------
> Fri, 04 Sep 202014:31:31 - INFO - base_rp_db.py - [line:462] -  rps_db length: 1

----------------------------------------
> Fri, 04 Sep 202014:31:31 - INFO - base_rp_db.py - [line:462] -  rps_db length: 1

----------------------------------------
> Fri, 04 Sep 202014:31:31 - INFO - base_rp_db.py - [line:871] -  ---模板树中对应旅行意图无约束----


----------------------------------------
> Fri, 04 Sep 202014:31:31 - INFO - base_rp_db.py - [line:874] -  ----正在需求模式库中查找所有对应旅行的模式或子模式约束...----


----------------------------------------
> Fri, 04 Sep 202014:31:31 - DEBUG - base_rp_db.py - [line:879] -  ----------Round:2----------


----------------------------------------
> Fri, 04 Sep 202014:31:31 - INFO - base_rp_db.py - [line:882] -  ----需求模式库中旅行的约束为空.----


----------------------------------------
> Fri, 04 Sep 202014:31:31 - INFO - base_rp_db.py - [line:885] -  content旅行

----------------------------------------
> Fri, 04 Sep 202014:31:31 - INFO - base_rp_db.py - [line:888] -  restricts:[]

----------------------------------------
> Fri, 04 Sep 202014:31:31 - DEBUG - base_rp_db.py - [line:891] -  To user:对于旅行部分是否满意?


----------------------------------------
> Fri, 04 Sep 202014:31:31 - DEBUG - base_rp_db.py - [line:987] -  USER: 我觉得应该有如下修改：


----------------------------------------
> Fri, 04 Sep 202014:31:32 - INFO - base_rp_db.py - [line:1007] -  --------Round End---------


----------------------------------------
> Fri, 04 Sep 202014:31:32 - INFO - base_rp_db.py - [line:462] -  rps_db length: 2

----------------------------------------
> Fri, 04 Sep 202014:31:32 - INFO - base_rp_db.py - [line:462] -  rps_db length: 2

----------------------------------------
> Fri, 04 Sep 202014:31:32 - DEBUG - base_rp_db.py - [line:662] -  ----------Round:3----------


----------------------------------------
> Fri, 04 Sep 202014:31:32 - DEBUG - base_rp_db.py - [line:665] -  请问您对于酒店是否需要？


----------------------------------------
> Fri, 04 Sep 202014:31:32 - DEBUG - base_rp_db.py - [line:668] -  USER: 需要


----------------------------------------
> Fri, 04 Sep 202014:31:32 - INFO - base_rp_db.py - [line:871] -  ---模板树中对应酒店意图无约束----


----------------------------------------
> Fri, 04 Sep 202014:31:32 - INFO - base_rp_db.py - [line:874] -  ----正在需求模式库中查找所有对应酒店的模式或子模式约束...----


----------------------------------------
> Fri, 04 Sep 202014:31:32 - INFO - base_rp_db.py - [line:896] -  ----------Round:4----------


----------------------------------------
> Fri, 04 Sep 202014:31:32 - DEBUG - base_rp_db.py - [line:899] -  To User:对于酒店的约束这样如何:


----------------------------------------
> Fri, 04 Sep 202014:31:32 - DEBUG - base_rp_db.py - [line:910] -  酒店的价格范围, 300到400元


----------------------------------------
> Fri, 04 Sep 202014:31:32 - DEBUG - base_rp_db.py - [line:910] -  酒店的评分范围, 4到9999分


----------------------------------------
> Fri, 04 Sep 202014:31:32 - DEBUG - base_rp_db.py - [line:927] -  酒店的酒店类型：豪华型


----------------------------------------
> Fri, 04 Sep 202014:31:32 - DEBUG - base_rp_db.py - [line:936] -  To user:对于酒店部分是否满意?


----------------------------------------
> Fri, 04 Sep 202014:31:32 - DEBUG - base_rp_db.py - [line:987] -  USER: 我觉得应该有如下修改：


----------------------------------------
> Fri, 04 Sep 202014:31:32 - DEBUG - base_rp_db.py - [line:998] -  酒店的价格范围, 600到700元


----------------------------------------
> Fri, 04 Sep 202014:31:32 - DEBUG - base_rp_db.py - [line:1004] -  酒店的酒店类型：豪华型


----------------------------------------
> Fri, 04 Sep 202014:31:32 - INFO - base_rp_db.py - [line:1007] -  --------Round End---------


----------------------------------------
> Fri, 04 Sep 202014:31:32 - DEBUG - base_rp_db.py - [line:673] -  ----------Round:5----------


----------------------------------------
> Fri, 04 Sep 202014:31:32 - DEBUG - base_rp_db.py - [line:676] -  请问您对于餐馆是否需要？


----------------------------------------
> Fri, 04 Sep 202014:31:32 - DEBUG - base_rp_db.py - [line:679] -  USER: 不需要


----------------------------------------
> Fri, 04 Sep 202014:31:32 - DEBUG - base_rp_db.py - [line:756] -  ----------Round:6----------


----------------------------------------
> Fri, 04 Sep 202014:31:32 - DEBUG - base_rp_db.py - [line:762] -  To User: 你对旅行还有什么新需求吗？


----------------------------------------
> Fri, 04 Sep 202014:31:32 - DEBUG - base_rp_db.py - [line:767] -  USER: 我要加入景点


----------------------------------------
> Fri, 04 Sep 202014:31:32 - INFO - base_rp_db.py - [line:871] -  ---模板树中对应景点意图无约束----


----------------------------------------
> Fri, 04 Sep 202014:31:32 - INFO - base_rp_db.py - [line:874] -  ----正在需求模式库中查找所有对应景点的模式或子模式约束...----


----------------------------------------
> Fri, 04 Sep 202014:31:32 - INFO - base_rp_db.py - [line:896] -  ----------Round:7----------


----------------------------------------
> Fri, 04 Sep 202014:31:32 - DEBUG - base_rp_db.py - [line:899] -  To User:对于景点的约束这样如何:


----------------------------------------
> Fri, 04 Sep 202014:31:32 - DEBUG - base_rp_db.py - [line:910] -  景点的游玩时间范围, 1到2小时


----------------------------------------
> Fri, 04 Sep 202014:31:32 - DEBUG - base_rp_db.py - [line:910] -  景点的评分范围, 4到9999分


----------------------------------------
> Fri, 04 Sep 202014:31:32 - DEBUG - base_rp_db.py - [line:910] -  景点的门票范围, 50到100元


----------------------------------------
> Fri, 04 Sep 202014:31:32 - DEBUG - base_rp_db.py - [line:936] -  To user:对于景点部分是否满意?


----------------------------------------
> Fri, 04 Sep 202014:31:32 - DEBUG - base_rp_db.py - [line:987] -  USER: 我觉得应该有如下修改：


----------------------------------------
> Fri, 04 Sep 202014:31:32 - DEBUG - base_rp_db.py - [line:1004] -  景点的评分：5分


----------------------------------------
> Fri, 04 Sep 202014:31:32 - DEBUG - base_rp_db.py - [line:998] -  景点的游玩时间范围, 1到2小时


----------------------------------------
> Fri, 04 Sep 202014:31:32 - DEBUG - base_rp_db.py - [line:998] -  景点的门票范围, 20到50元


----------------------------------------
> Fri, 04 Sep 202014:31:32 - INFO - base_rp_db.py - [line:1007] -  --------Round End---------


----------------------------------------
> Fri, 04 Sep 202014:31:32 - DEBUG - base_rp_db.py - [line:584] -  ----------Round:8----------


----------------------------------------
> Fri, 04 Sep 202014:31:32 - DEBUG - base_rp_db.py - [line:591] -  To User: ---------检测到当前景点下无子节点，请问对于该意图有什么其他的子需求吗-----


----------------------------------------
> Fri, 04 Sep 202014:31:32 - DEBUG - base_rp_db.py - [line:595] -  ----USER: 没了-----


----------------------------------------
> Fri, 04 Sep 202014:31:32 - DEBUG - base_rp_db.py - [line:781] -  ----------Round:9----------


----------------------------------------
> Fri, 04 Sep 202014:31:32 - DEBUG - base_rp_db.py - [line:787] -  To User: 你对旅行还有什么新需求吗？


----------------------------------------
> Fri, 04 Sep 202014:31:32 - DEBUG - base_rp_db.py - [line:790] -  USER: 没有了


----------------------------------------
> Fri, 04 Sep 202014:31:32 - INFO - base_rp_db.py - [line:353] -  Generate Result:{'id': 0, 'goal': {'goalId': 25527, 'content': '旅行', 'parentId': -1, 'requireId': 4784, 'restricts': [], 'optTargets': [], 'hasMatched': False, 'rpId': -1}, 'children': [{'id': 25528, 'goal': {'goalId': 25528, 'content': '酒店', 'parentId': 25527, 'requireId': 4784, 'restricts': [{'goalId': 25528, 'key': '价格', 'valueType': 'region', 'minValue': 600.0, 'maxValue': 700.0, 'unit': '元', 'value': ''}, {'goalId': 25528, 'key': '酒店类型', 'valueType': 'enum', 'minValue': 0.0, 'maxValue': 999.0, 'unit': '', 'value': '豪华型'}], 'optTargets': [], 'hasMatched': False, 'rpId': -1}, 'children': []}, {'id': 25529, 'goal': {'goalId': 25529, 'content': '景点', 'parentId': 25527, 'requireId': 4784, 'restricts': [{'goalId': 25529, 'key': '评分', 'valueType': 'enum', 'minValue': 0.0, 'maxValue': 999.0, 'unit': '', 'value': '5分'}, {'goalId': 25529, 'key': '游玩时间', 'valueType': 'region', 'minValue': 1.0, 'maxValue': 2.0, 'unit': '小时', 'value': ''}, {'goalId': 25529, 'key': '门票', 'valueType': 'region', 'minValue': 20.0, 'maxValue': 50.0, 'unit': '元', 'value': ''}], 'optTargets': [], 'hasMatched': False, 'rpId': -1}, 'children': []}], 'requireInfo': {'userId': 'test_require1', 'requireId': 4784, 'timestamp': '2020-06-06T11:01:39.000+0800', 'state': 0, 'serviceSchemeUrl': None}, 'contexts': {}}

----------------------------------------
> Fri, 04 Sep 202014:31:32 - INFO - core_tree_pid_k2_e2_mod_3.py - [line:170] -  5090

----------------------------------------
> Fri, 04 Sep 202014:31:32 - INFO - core_tree_pid_k2_e2_mod_3.py - [line:180] -  --------对话已结束------------

