----------------------------------------
> Fri, 04 Sep 202014:30:55 - INFO - core_tree_pid_k2_e2_mod_3.py - [line:134] -  Start of program

----------------------------------------
> Fri, 04 Sep 202014:30:55 - INFO - core_tree_pid_k2_e2_mod_3.py - [line:138] -  test_id:


----------------------------------------
> Fri, 04 Sep 202014:30:55 - INFO - core_tree_pid_k2_e2_mod_3.py - [line:139] -  5071

----------------------------------------
> Fri, 04 Sep 202014:30:55 - INFO - core_tree_pid_k2_e2_mod_3.py - [line:143] -  ------Round:1---------


----------------------------------------
> Fri, 04 Sep 202014:30:55 - DEBUG - core_tree_pid_k2_e2_mod_3.py - [line:145] -  您好，很高兴为您服务

----------------------------------------
> Fri, 04 Sep 202014:30:55 - DEBUG - core_tree_pid_k2_e2_mod_3.py - [line:150] -  USER: 我要去旅行

----------------------------------------
> Fri, 04 Sep 202014:30:56 - INFO - base_rp_db.py - [line:330] -  Model:{'id': 12613, 'goal': {'goalId': 12613, 'content': '旅行', 'parentId': -1, 'requireId': -1, 'restricts': [], 'optTargets': [], 'hasMatched': False, 'rpId': 1725}, 'children': [{'id': 12614, 'goal': {'goalId': 12614, 'content': '酒店', 'parentId': 12613, 'requireId': -1, 'restricts': [], 'optTargets': [], 'hasMatched': False, 'rpId': 1725}, 'children': [{'id': 12615, 'goal': {'goalId': 12615, 'content': '酒店设施-免费市内电话', 'parentId': 12614, 'requireId': -1, 'restricts': [], 'optTargets': [], 'hasMatched': False, 'rpId': 1725}, 'children': []}]}]}

----------------------------------------
> Fri, 04 Sep 202014:30:56 - INFO - base_rp_db.py - [line:462] -  rps_db length: 1

----------------------------------------
> Fri, 04 Sep 202014:30:56 - INFO - base_rp_db.py - [line:462] -  rps_db length: 1

----------------------------------------
> Fri, 04 Sep 202014:30:56 - INFO - base_rp_db.py - [line:871] -  ---模板树中对应旅行意图无约束----


----------------------------------------
> Fri, 04 Sep 202014:30:56 - INFO - base_rp_db.py - [line:874] -  ----正在需求模式库中查找所有对应旅行的模式或子模式约束...----


----------------------------------------
> Fri, 04 Sep 202014:30:56 - DEBUG - base_rp_db.py - [line:879] -  ----------Round:2----------


----------------------------------------
> Fri, 04 Sep 202014:30:56 - INFO - base_rp_db.py - [line:882] -  ----需求模式库中旅行的约束为空.----


----------------------------------------
> Fri, 04 Sep 202014:30:56 - INFO - base_rp_db.py - [line:885] -  content旅行

----------------------------------------
> Fri, 04 Sep 202014:30:56 - INFO - base_rp_db.py - [line:888] -  restricts:[]

----------------------------------------
> Fri, 04 Sep 202014:30:56 - DEBUG - base_rp_db.py - [line:891] -  To user:对于旅行部分是否满意?


----------------------------------------
> Fri, 04 Sep 202014:30:56 - DEBUG - base_rp_db.py - [line:987] -  USER: 我觉得应该有如下修改：


----------------------------------------
> Fri, 04 Sep 202014:30:56 - INFO - base_rp_db.py - [line:1007] -  --------Round End---------


----------------------------------------
> Fri, 04 Sep 202014:30:56 - INFO - base_rp_db.py - [line:462] -  rps_db length: 3

----------------------------------------
> Fri, 04 Sep 202014:30:56 - INFO - base_rp_db.py - [line:462] -  rps_db length: 1

----------------------------------------
> Fri, 04 Sep 202014:30:56 - DEBUG - base_rp_db.py - [line:662] -  ----------Round:3----------


----------------------------------------
> Fri, 04 Sep 202014:30:56 - DEBUG - base_rp_db.py - [line:665] -  请问您对于酒店是否需要？


----------------------------------------
> Fri, 04 Sep 202014:30:56 - DEBUG - base_rp_db.py - [line:668] -  USER: 需要


----------------------------------------
> Fri, 04 Sep 202014:30:56 - INFO - base_rp_db.py - [line:871] -  ---模板树中对应酒店意图无约束----


----------------------------------------
> Fri, 04 Sep 202014:30:56 - INFO - base_rp_db.py - [line:874] -  ----正在需求模式库中查找所有对应酒店的模式或子模式约束...----


----------------------------------------
> Fri, 04 Sep 202014:30:56 - INFO - base_rp_db.py - [line:896] -  ----------Round:4----------


----------------------------------------
> Fri, 04 Sep 202014:30:56 - DEBUG - base_rp_db.py - [line:899] -  To User:对于酒店的约束这样如何:


----------------------------------------
> Fri, 04 Sep 202014:30:56 - DEBUG - base_rp_db.py - [line:910] -  酒店的价格范围, 300到400元


----------------------------------------
> Fri, 04 Sep 202014:30:56 - DEBUG - base_rp_db.py - [line:910] -  酒店的评分范围, 4到9999分


----------------------------------------
> Fri, 04 Sep 202014:30:56 - DEBUG - base_rp_db.py - [line:927] -  酒店的酒店类型：豪华型


----------------------------------------
> Fri, 04 Sep 202014:30:56 - DEBUG - base_rp_db.py - [line:936] -  To user:对于酒店部分是否满意?


----------------------------------------
> Fri, 04 Sep 202014:30:56 - DEBUG - base_rp_db.py - [line:987] -  USER: 我觉得应该有如下修改：


----------------------------------------
> Fri, 04 Sep 202014:30:56 - DEBUG - base_rp_db.py - [line:998] -  酒店的价格范围, 300到400元


----------------------------------------
> Fri, 04 Sep 202014:30:56 - INFO - base_rp_db.py - [line:1007] -  --------Round End---------


----------------------------------------
> Fri, 04 Sep 202014:30:56 - DEBUG - base_rp_db.py - [line:756] -  ----------Round:5----------


----------------------------------------
> Fri, 04 Sep 202014:30:56 - DEBUG - base_rp_db.py - [line:762] -  To User: 你对旅行还有什么新需求吗？


----------------------------------------
> Fri, 04 Sep 202014:30:56 - DEBUG - base_rp_db.py - [line:767] -  USER: 我要加入餐馆


----------------------------------------
> Fri, 04 Sep 202014:30:56 - INFO - base_rp_db.py - [line:871] -  ---模板树中对应餐馆意图无约束----


----------------------------------------
> Fri, 04 Sep 202014:30:56 - INFO - base_rp_db.py - [line:874] -  ----正在需求模式库中查找所有对应餐馆的模式或子模式约束...----


----------------------------------------
> Fri, 04 Sep 202014:30:56 - INFO - base_rp_db.py - [line:896] -  ----------Round:6----------


----------------------------------------
> Fri, 04 Sep 202014:30:56 - DEBUG - base_rp_db.py - [line:899] -  To User:对于餐馆的约束这样如何:


----------------------------------------
> Fri, 04 Sep 202014:30:56 - DEBUG - base_rp_db.py - [line:910] -  餐馆的人均消费范围, 50到100元


----------------------------------------
> Fri, 04 Sep 202014:30:56 - DEBUG - base_rp_db.py - [line:910] -  餐馆的评分范围, 4到9999分


----------------------------------------
> Fri, 04 Sep 202014:30:56 - DEBUG - base_rp_db.py - [line:936] -  To user:对于餐馆部分是否满意?


----------------------------------------
> Fri, 04 Sep 202014:30:56 - DEBUG - base_rp_db.py - [line:987] -  USER: 我觉得应该有如下修改：


----------------------------------------
> Fri, 04 Sep 202014:30:56 - DEBUG - base_rp_db.py - [line:998] -  餐馆的人均消费范围, 100到150元


----------------------------------------
> Fri, 04 Sep 202014:30:56 - DEBUG - base_rp_db.py - [line:998] -  餐馆的评分范围, 4到9999分


----------------------------------------
> Fri, 04 Sep 202014:30:56 - INFO - base_rp_db.py - [line:1007] -  --------Round End---------


----------------------------------------
> Fri, 04 Sep 202014:30:56 - DEBUG - base_rp_db.py - [line:584] -  ----------Round:7----------


----------------------------------------
> Fri, 04 Sep 202014:30:56 - DEBUG - base_rp_db.py - [line:591] -  To User: ---------检测到当前餐馆下无子节点，请问对于该意图有什么其他的子需求吗-----


----------------------------------------
> Fri, 04 Sep 202014:30:56 - DEBUG - base_rp_db.py - [line:600] -  USER: 我还需要推荐菜-炸窝头


----------------------------------------
> Fri, 04 Sep 202014:30:56 - DEBUG - base_rp_db.py - [line:606] -  ----------Round:8----------


----------------------------------------
> Fri, 04 Sep 202014:30:56 - DEBUG - base_rp_db.py - [line:612] -  To User: 请问对于餐馆意图有什么其他的子需求吗-----


----------------------------------------
> Fri, 04 Sep 202014:30:56 - DEBUG - base_rp_db.py - [line:615] -  ----USER: 没了-----


----------------------------------------
> Fri, 04 Sep 202014:30:57 - DEBUG - base_rp_db.py - [line:781] -  ----------Round:9----------


----------------------------------------
> Fri, 04 Sep 202014:30:57 - DEBUG - base_rp_db.py - [line:787] -  To User: 你对旅行还有什么新需求吗？


----------------------------------------
> Fri, 04 Sep 202014:30:57 - DEBUG - base_rp_db.py - [line:767] -  USER: 我要加入景点


----------------------------------------
> Fri, 04 Sep 202014:30:57 - INFO - base_rp_db.py - [line:871] -  ---模板树中对应景点意图无约束----


----------------------------------------
> Fri, 04 Sep 202014:30:57 - INFO - base_rp_db.py - [line:874] -  ----正在需求模式库中查找所有对应景点的模式或子模式约束...----


----------------------------------------
> Fri, 04 Sep 202014:30:57 - INFO - base_rp_db.py - [line:896] -  ----------Round:10----------


----------------------------------------
> Fri, 04 Sep 202014:30:57 - DEBUG - base_rp_db.py - [line:899] -  To User:对于景点的约束这样如何:


----------------------------------------
> Fri, 04 Sep 202014:30:57 - DEBUG - base_rp_db.py - [line:910] -  景点的游玩时间范围, 1到2小时


----------------------------------------
> Fri, 04 Sep 202014:30:57 - DEBUG - base_rp_db.py - [line:910] -  景点的评分范围, 4到9999分


----------------------------------------
> Fri, 04 Sep 202014:30:57 - DEBUG - base_rp_db.py - [line:910] -  景点的门票范围, 50到100元


----------------------------------------
> Fri, 04 Sep 202014:30:57 - DEBUG - base_rp_db.py - [line:936] -  To user:对于景点部分是否满意?


----------------------------------------
> Fri, 04 Sep 202014:30:57 - DEBUG - base_rp_db.py - [line:987] -  USER: 我觉得应该有如下修改：


----------------------------------------
> Fri, 04 Sep 202014:30:57 - DEBUG - base_rp_db.py - [line:998] -  景点的游玩时间范围, 4到6小时


----------------------------------------
> Fri, 04 Sep 202014:30:57 - DEBUG - base_rp_db.py - [line:998] -  景点的门票范围, 20到50元


----------------------------------------
> Fri, 04 Sep 202014:30:57 - INFO - base_rp_db.py - [line:1007] -  --------Round End---------


----------------------------------------
> Fri, 04 Sep 202014:30:57 - DEBUG - base_rp_db.py - [line:584] -  ----------Round:11----------


----------------------------------------
> Fri, 04 Sep 202014:30:57 - DEBUG - base_rp_db.py - [line:591] -  To User: ---------检测到当前景点下无子节点，请问对于该意图有什么其他的子需求吗-----


----------------------------------------
> Fri, 04 Sep 202014:30:57 - DEBUG - base_rp_db.py - [line:595] -  ----USER: 没了-----


----------------------------------------
> Fri, 04 Sep 202014:30:57 - DEBUG - base_rp_db.py - [line:781] -  ----------Round:12----------


----------------------------------------
> Fri, 04 Sep 202014:30:57 - DEBUG - base_rp_db.py - [line:787] -  To User: 你对旅行还有什么新需求吗？


----------------------------------------
> Fri, 04 Sep 202014:30:57 - DEBUG - base_rp_db.py - [line:790] -  USER: 没有了


----------------------------------------
> Fri, 04 Sep 202014:30:57 - INFO - base_rp_db.py - [line:462] -  rps_db length: 3

----------------------------------------
> Fri, 04 Sep 202014:30:57 - INFO - base_rp_db.py - [line:462] -  rps_db length: 2

----------------------------------------
> Fri, 04 Sep 202014:30:57 - DEBUG - base_rp_db.py - [line:673] -  ----------Round:13----------


----------------------------------------
> Fri, 04 Sep 202014:30:57 - DEBUG - base_rp_db.py - [line:676] -  请问您对于酒店设施-免费市内电话是否需要？


----------------------------------------
> Fri, 04 Sep 202014:30:57 - DEBUG - base_rp_db.py - [line:679] -  USER: 不需要


----------------------------------------
> Fri, 04 Sep 202014:30:57 - DEBUG - base_rp_db.py - [line:623] -  ----------Round:14----------


----------------------------------------
> Fri, 04 Sep 202014:30:57 - DEBUG - base_rp_db.py - [line:629] -  To User: 你对酒店还有什么新需求吗？


----------------------------------------
> Fri, 04 Sep 202014:30:57 - DEBUG - base_rp_db.py - [line:634] -  USER: 我要加入酒店设施-公共区域提供wifi


----------------------------------------
> Fri, 04 Sep 202014:30:57 - INFO - base_rp_db.py - [line:871] -  ---模板树中对应酒店设施-公共区域提供wifi意图无约束----


----------------------------------------
> Fri, 04 Sep 202014:30:57 - INFO - base_rp_db.py - [line:874] -  ----正在需求模式库中查找所有对应酒店设施-公共区域提供wifi的模式或子模式约束...----


----------------------------------------
> Fri, 04 Sep 202014:30:57 - DEBUG - base_rp_db.py - [line:879] -  ----------Round:15----------


----------------------------------------
> Fri, 04 Sep 202014:30:57 - INFO - base_rp_db.py - [line:882] -  ----需求模式库中酒店设施-公共区域提供wifi的约束为空.----


----------------------------------------
> Fri, 04 Sep 202014:30:57 - INFO - base_rp_db.py - [line:885] -  content酒店设施-公共区域提供wifi

----------------------------------------
> Fri, 04 Sep 202014:30:57 - INFO - base_rp_db.py - [line:888] -  restricts:[]

----------------------------------------
> Fri, 04 Sep 202014:30:57 - DEBUG - base_rp_db.py - [line:891] -  To user:对于酒店设施-公共区域提供wifi部分是否满意?


----------------------------------------
> Fri, 04 Sep 202014:30:57 - DEBUG - base_rp_db.py - [line:987] -  USER: 我觉得应该有如下修改：


----------------------------------------
> Fri, 04 Sep 202014:30:57 - INFO - base_rp_db.py - [line:1007] -  --------Round End---------


----------------------------------------
> Fri, 04 Sep 202014:30:57 - DEBUG - base_rp_db.py - [line:584] -  ----------Round:16----------


----------------------------------------
> Fri, 04 Sep 202014:30:57 - DEBUG - base_rp_db.py - [line:591] -  To User: ---------检测到当前酒店设施-公共区域提供wifi下无子节点，请问对于该意图有什么其他的子需求吗-----


----------------------------------------
> Fri, 04 Sep 202014:30:57 - DEBUG - base_rp_db.py - [line:595] -  ----USER: 没了-----


----------------------------------------
> Fri, 04 Sep 202014:30:57 - DEBUG - base_rp_db.py - [line:644] -  ----------Round:17----------


----------------------------------------
> Fri, 04 Sep 202014:30:57 - DEBUG - base_rp_db.py - [line:650] -  To User: 你对酒店还有什么新需求吗？


----------------------------------------
> Fri, 04 Sep 202014:30:57 - DEBUG - base_rp_db.py - [line:634] -  USER: 我要加入酒店设施-早餐服务


----------------------------------------
> Fri, 04 Sep 202014:30:57 - INFO - base_rp_db.py - [line:871] -  ---模板树中对应酒店设施-早餐服务意图无约束----


----------------------------------------
> Fri, 04 Sep 202014:30:57 - INFO - base_rp_db.py - [line:874] -  ----正在需求模式库中查找所有对应酒店设施-早餐服务的模式或子模式约束...----


----------------------------------------
> Fri, 04 Sep 202014:30:57 - DEBUG - base_rp_db.py - [line:879] -  ----------Round:18----------


----------------------------------------
> Fri, 04 Sep 202014:30:57 - INFO - base_rp_db.py - [line:882] -  ----需求模式库中酒店设施-早餐服务的约束为空.----


----------------------------------------
> Fri, 04 Sep 202014:30:57 - INFO - base_rp_db.py - [line:885] -  content酒店设施-早餐服务

----------------------------------------
> Fri, 04 Sep 202014:30:57 - INFO - base_rp_db.py - [line:888] -  restricts:[]

----------------------------------------
> Fri, 04 Sep 202014:30:57 - DEBUG - base_rp_db.py - [line:891] -  To user:对于酒店设施-早餐服务部分是否满意?


----------------------------------------
> Fri, 04 Sep 202014:30:57 - DEBUG - base_rp_db.py - [line:987] -  USER: 我觉得应该有如下修改：


----------------------------------------
> Fri, 04 Sep 202014:30:57 - INFO - base_rp_db.py - [line:1007] -  --------Round End---------


----------------------------------------
> Fri, 04 Sep 202014:30:57 - DEBUG - base_rp_db.py - [line:584] -  ----------Round:19----------


----------------------------------------
> Fri, 04 Sep 202014:30:57 - DEBUG - base_rp_db.py - [line:591] -  To User: ---------检测到当前酒店设施-早餐服务下无子节点，请问对于该意图有什么其他的子需求吗-----


----------------------------------------
> Fri, 04 Sep 202014:30:57 - DEBUG - base_rp_db.py - [line:595] -  ----USER: 没了-----


----------------------------------------
> Fri, 04 Sep 202014:30:57 - DEBUG - base_rp_db.py - [line:644] -  ----------Round:20----------


----------------------------------------
> Fri, 04 Sep 202014:30:57 - DEBUG - base_rp_db.py - [line:650] -  To User: 你对酒店还有什么新需求吗？


----------------------------------------
> Fri, 04 Sep 202014:30:57 - DEBUG - base_rp_db.py - [line:653] -  USER: 没有了


----------------------------------------
> Fri, 04 Sep 202014:30:57 - INFO - base_rp_db.py - [line:1064] -  ---未使用模式库或模式库或需求知识图谱中无推荐菜-炸窝头意图----


----------------------------------------
> Fri, 04 Sep 202014:30:58 - INFO - base_rp_db.py - [line:1068] -  ----------Round:21----------


----------------------------------------
> Fri, 04 Sep 202014:30:58 - DEBUG - base_rp_db.py - [line:1071] -  To User: 无法匹配推荐菜-炸窝头


----------------------------------------
> Fri, 04 Sep 202014:30:58 - DEBUG - base_rp_db.py - [line:1075] -  To User: 你对推荐菜-炸窝头的约束是什么？


----------------------------------------
> Fri, 04 Sep 202014:30:58 - DEBUG - base_rp_db.py - [line:1110] -  USER: 我都无所谓


----------------------------------------
> Fri, 04 Sep 202014:30:58 - DEBUG - base_rp_db.py - [line:584] -  ----------Round:22----------


----------------------------------------
> Fri, 04 Sep 202014:30:58 - DEBUG - base_rp_db.py - [line:591] -  To User: ---------检测到当前推荐菜-炸窝头下无子节点，请问对于该意图有什么其他的子需求吗-----


----------------------------------------
> Fri, 04 Sep 202014:30:58 - DEBUG - base_rp_db.py - [line:595] -  ----USER: 没了-----


----------------------------------------
> Fri, 04 Sep 202014:30:58 - INFO - base_rp_db.py - [line:353] -  Generate Result:{'id': 0, 'goal': {'goalId': 25439, 'content': '旅行', 'parentId': -1, 'requireId': 4765, 'restricts': [], 'optTargets': [], 'hasMatched': False, 'rpId': -1}, 'children': [{'id': 25440, 'goal': {'goalId': 25440, 'content': '餐馆', 'parentId': 25439, 'requireId': 4765, 'restricts': [{'goalId': 25440, 'key': '人均消费', 'valueType': 'region', 'minValue': 100.0, 'maxValue': 150.0, 'unit': '元', 'value': ''}, {'goalId': 25440, 'key': '评分', 'valueType': 'region', 'minValue': 4.0, 'maxValue': 9999.0, 'unit': '分', 'value': ''}], 'optTargets': [], 'hasMatched': False, 'rpId': -1}, 'children': [{'id': 25441, 'goal': {'goalId': 25441, 'content': '推荐菜-炸窝头', 'parentId': 25440, 'requireId': 4765, 'restricts': [], 'optTargets': [], 'hasMatched': False, 'rpId': -1}, 'children': []}]}, {'id': 25442, 'goal': {'goalId': 25442, 'content': '酒店', 'parentId': 25439, 'requireId': 4765, 'restricts': [{'goalId': 25442, 'key': '价格', 'valueType': 'region', 'minValue': 300.0, 'maxValue': 400.0, 'unit': '元', 'value': ''}], 'optTargets': [], 'hasMatched': False, 'rpId': -1}, 'children': [{'id': 25443, 'goal': {'goalId': 25443, 'content': '酒店设施-公共区域提供wifi', 'parentId': 25442, 'requireId': 4765, 'restricts': [], 'optTargets': [], 'hasMatched': False, 'rpId': -1}, 'children': []}, {'id': 25444, 'goal': {'goalId': 25444, 'content': '酒店设施-早餐服务', 'parentId': 25442, 'requireId': 4765, 'restricts': [], 'optTargets': [], 'hasMatched': False, 'rpId': -1}, 'children': []}]}, {'id': 25445, 'goal': {'goalId': 25445, 'content': '景点', 'parentId': 25439, 'requireId': 4765, 'restricts': [{'goalId': 25445, 'key': '游玩时间', 'valueType': 'region', 'minValue': 4.0, 'maxValue': 6.0, 'unit': '小时', 'value': ''}, {'goalId': 25445, 'key': '门票', 'valueType': 'region', 'minValue': 20.0, 'maxValue': 50.0, 'unit': '元', 'value': ''}], 'optTargets': [], 'hasMatched': False, 'rpId': -1}, 'children': []}], 'requireInfo': {'userId': 'test_require1', 'requireId': 4765, 'timestamp': '2020-06-06T11:01:39.000+0800', 'state': 0, 'serviceSchemeUrl': None}, 'contexts': {}}

----------------------------------------
> Fri, 04 Sep 202014:30:58 - INFO - core_tree_pid_k2_e2_mod_3.py - [line:170] -  5071

----------------------------------------
> Fri, 04 Sep 202014:30:58 - INFO - core_tree_pid_k2_e2_mod_3.py - [line:180] -  --------对话已结束------------

