----------------------------------------
> Fri, 04 Sep 202014:11:37 - INFO - core_tree_pid_k2_e2_mod_1.py - [line:134] -  Start of program

----------------------------------------
> Fri, 04 Sep 202014:11:37 - INFO - core_tree_pid_k2_e2_mod_1.py - [line:138] -  test_id:


----------------------------------------
> Fri, 04 Sep 202014:11:37 - INFO - core_tree_pid_k2_e2_mod_1.py - [line:139] -  296

----------------------------------------
> Fri, 04 Sep 202014:11:37 - INFO - core_tree_pid_k2_e2_mod_1.py - [line:143] -  ------Round:1---------


----------------------------------------
> Fri, 04 Sep 202014:11:37 - DEBUG - core_tree_pid_k2_e2_mod_1.py - [line:145] -  您好，很高兴为您服务

----------------------------------------
> Fri, 04 Sep 202014:11:37 - DEBUG - core_tree_pid_k2_e2_mod_1.py - [line:150] -  USER: 我要去旅行

----------------------------------------
> Fri, 04 Sep 202014:11:38 - INFO - base_rp_db.py - [line:330] -  Model:{'id': 7808, 'goal': {'goalId': 7808, 'content': '旅行', 'parentId': -1, 'requireId': -1, 'restricts': [], 'optTargets': [], 'hasMatched': False, 'rpId': 370}, 'children': [{'id': 7811, 'goal': {'goalId': 7811, 'content': '景点', 'parentId': 7808, 'requireId': -1, 'restricts': [{'goalId': 7811, 'key': '游玩时间', 'valueType': 'region', 'minValue': 1.0, 'maxValue': 2.0, 'unit': '小时', 'value': ''}, {'goalId': 7811, 'key': '评分', 'valueType': 'region', 'minValue': 4.0, 'maxValue': 9999.0, 'unit': '分', 'value': ''}, {'goalId': 7811, 'key': '门票', 'valueType': 'region', 'minValue': 100.0, 'maxValue': 150.0, 'unit': '元', 'value': ''}], 'optTargets': [], 'hasMatched': False, 'rpId': 370}, 'children': []}, {'id': 7815, 'goal': {'goalId': 7815, 'content': '酒店', 'parentId': 7808, 'requireId': -1, 'restricts': [{'goalId': 7815, 'key': '价格', 'valueType': 'region', 'minValue': 300.0, 'maxValue': 400.0, 'unit': '元', 'value': ''}, {'goalId': 7815, 'key': '酒店类型', 'valueType': 'enum', 'minValue': 0.0, 'maxValue': 999.0, 'unit': '', 'value': '舒适型'}], 'optTargets': [], 'hasMatched': False, 'rpId': 370}, 'children': []}]}

----------------------------------------
> Fri, 04 Sep 202014:11:38 - INFO - base_rp_db.py - [line:462] -  rps_db length: 1

----------------------------------------
> Fri, 04 Sep 202014:11:38 - INFO - base_rp_db.py - [line:462] -  rps_db length: 1

----------------------------------------
> Fri, 04 Sep 202014:11:38 - INFO - base_rp_db.py - [line:871] -  ---模板树中对应旅行意图无约束----


----------------------------------------
> Fri, 04 Sep 202014:11:38 - INFO - base_rp_db.py - [line:874] -  ----正在需求模式库中查找所有对应旅行的模式或子模式约束...----


----------------------------------------
> Fri, 04 Sep 202014:11:38 - DEBUG - base_rp_db.py - [line:879] -  ----------Round:2----------


----------------------------------------
> Fri, 04 Sep 202014:11:38 - INFO - base_rp_db.py - [line:882] -  ----需求模式库中旅行的约束为空.----


----------------------------------------
> Fri, 04 Sep 202014:11:38 - INFO - base_rp_db.py - [line:885] -  content旅行

----------------------------------------
> Fri, 04 Sep 202014:11:38 - INFO - base_rp_db.py - [line:888] -  restricts:[]

----------------------------------------
> Fri, 04 Sep 202014:11:38 - DEBUG - base_rp_db.py - [line:891] -  To user:对于旅行部分是否满意?


----------------------------------------
> Fri, 04 Sep 202014:11:38 - DEBUG - base_rp_db.py - [line:987] -  USER: 我觉得应该有如下修改：


----------------------------------------
> Fri, 04 Sep 202014:11:38 - INFO - base_rp_db.py - [line:1007] -  --------Round End---------


----------------------------------------
> Fri, 04 Sep 202014:11:38 - INFO - base_rp_db.py - [line:462] -  rps_db length: 4

----------------------------------------
> Fri, 04 Sep 202014:11:38 - INFO - base_rp_db.py - [line:462] -  rps_db length: 2

----------------------------------------
> Fri, 04 Sep 202014:11:38 - DEBUG - base_rp_db.py - [line:662] -  ----------Round:3----------


----------------------------------------
> Fri, 04 Sep 202014:11:38 - DEBUG - base_rp_db.py - [line:665] -  请问您对于景点是否需要？


----------------------------------------
> Fri, 04 Sep 202014:11:38 - DEBUG - base_rp_db.py - [line:668] -  USER: 需要


----------------------------------------
> Fri, 04 Sep 202014:11:38 - INFO - base_rp_db.py - [line:941] -  ----------Round:4----------


----------------------------------------
> Fri, 04 Sep 202014:11:38 - DEBUG - base_rp_db.py - [line:944] -  在需求模式库中对景点进行查找...

----------------------------------------
> Fri, 04 Sep 202014:11:38 - DEBUG - base_rp_db.py - [line:947] -  对于景点的约束这样如何:


----------------------------------------
> Fri, 04 Sep 202014:11:38 - DEBUG - base_rp_db.py - [line:958] -  景点的游玩时间范围, 1到2小时


----------------------------------------
> Fri, 04 Sep 202014:11:38 - DEBUG - base_rp_db.py - [line:958] -  景点的评分范围, 4到9999分


----------------------------------------
> Fri, 04 Sep 202014:11:38 - DEBUG - base_rp_db.py - [line:958] -  景点的门票范围, 50到100元


----------------------------------------
> Fri, 04 Sep 202014:11:38 - DEBUG - base_rp_db.py - [line:984] -  To user:对于景点部分是否满意?


----------------------------------------
> Fri, 04 Sep 202014:11:38 - DEBUG - base_rp_db.py - [line:987] -  USER: 我觉得应该有如下修改：


----------------------------------------
> Fri, 04 Sep 202014:11:38 - DEBUG - base_rp_db.py - [line:1004] -  景点的游玩时间：1小时


----------------------------------------
> Fri, 04 Sep 202014:11:38 - DEBUG - base_rp_db.py - [line:998] -  景点的门票范围, 20到50元


----------------------------------------
> Fri, 04 Sep 202014:11:38 - INFO - base_rp_db.py - [line:1007] -  --------Round End---------


----------------------------------------
> Fri, 04 Sep 202014:11:38 - DEBUG - base_rp_db.py - [line:584] -  ----------Round:5----------


----------------------------------------
> Fri, 04 Sep 202014:11:38 - DEBUG - base_rp_db.py - [line:591] -  To User: ---------检测到当前景点下无子节点，请问对于该意图有什么其他的子需求吗-----


----------------------------------------
> Fri, 04 Sep 202014:11:38 - DEBUG - base_rp_db.py - [line:595] -  ----USER: 没了-----


----------------------------------------
> Fri, 04 Sep 202014:11:38 - DEBUG - base_rp_db.py - [line:662] -  ----------Round:6----------


----------------------------------------
> Fri, 04 Sep 202014:11:38 - DEBUG - base_rp_db.py - [line:665] -  请问您对于酒店是否需要？


----------------------------------------
> Fri, 04 Sep 202014:11:38 - DEBUG - base_rp_db.py - [line:668] -  USER: 需要


----------------------------------------
> Fri, 04 Sep 202014:11:38 - INFO - base_rp_db.py - [line:941] -  ----------Round:7----------


----------------------------------------
> Fri, 04 Sep 202014:11:38 - DEBUG - base_rp_db.py - [line:944] -  在需求模式库中对酒店进行查找...

----------------------------------------
> Fri, 04 Sep 202014:11:38 - DEBUG - base_rp_db.py - [line:947] -  对于酒店的约束这样如何:


----------------------------------------
> Fri, 04 Sep 202014:11:38 - DEBUG - base_rp_db.py - [line:958] -  酒店的价格范围, 300到400元


----------------------------------------
> Fri, 04 Sep 202014:11:38 - DEBUG - base_rp_db.py - [line:958] -  酒店的评分范围, 4到9999分


----------------------------------------
> Fri, 04 Sep 202014:11:38 - DEBUG - base_rp_db.py - [line:975] -  酒店的酒店类型：豪华型


----------------------------------------
> Fri, 04 Sep 202014:11:38 - DEBUG - base_rp_db.py - [line:984] -  To user:对于酒店部分是否满意?


----------------------------------------
> Fri, 04 Sep 202014:11:38 - DEBUG - base_rp_db.py - [line:987] -  USER: 我觉得应该有如下修改：


----------------------------------------
> Fri, 04 Sep 202014:11:38 - DEBUG - base_rp_db.py - [line:998] -  酒店的评分范围, 4到9999分


----------------------------------------
> Fri, 04 Sep 202014:11:38 - DEBUG - base_rp_db.py - [line:1004] -  酒店的酒店类型：经济型


----------------------------------------
> Fri, 04 Sep 202014:11:38 - INFO - base_rp_db.py - [line:1007] -  --------Round End---------


----------------------------------------
> Fri, 04 Sep 202014:11:38 - DEBUG - base_rp_db.py - [line:584] -  ----------Round:8----------


----------------------------------------
> Fri, 04 Sep 202014:11:38 - DEBUG - base_rp_db.py - [line:591] -  To User: ---------检测到当前酒店下无子节点，请问对于该意图有什么其他的子需求吗-----


----------------------------------------
> Fri, 04 Sep 202014:11:38 - DEBUG - base_rp_db.py - [line:600] -  USER: 我还需要叫醒服务


----------------------------------------
> Fri, 04 Sep 202014:11:38 - DEBUG - base_rp_db.py - [line:606] -  ----------Round:9----------


----------------------------------------
> Fri, 04 Sep 202014:11:38 - DEBUG - base_rp_db.py - [line:612] -  To User: 请问对于酒店意图有什么其他的子需求吗-----


----------------------------------------
> Fri, 04 Sep 202014:11:38 - DEBUG - base_rp_db.py - [line:600] -  USER: 我还需要无烟房


----------------------------------------
> Fri, 04 Sep 202014:11:38 - DEBUG - base_rp_db.py - [line:606] -  ----------Round:10----------


----------------------------------------
> Fri, 04 Sep 202014:11:38 - DEBUG - base_rp_db.py - [line:612] -  To User: 请问对于酒店意图有什么其他的子需求吗-----


----------------------------------------
> Fri, 04 Sep 202014:11:38 - DEBUG - base_rp_db.py - [line:600] -  USER: 我还需要公共区域和部分房间提供wifi


----------------------------------------
> Fri, 04 Sep 202014:11:38 - DEBUG - base_rp_db.py - [line:606] -  ----------Round:11----------


----------------------------------------
> Fri, 04 Sep 202014:11:38 - DEBUG - base_rp_db.py - [line:612] -  To User: 请问对于酒店意图有什么其他的子需求吗-----


----------------------------------------
> Fri, 04 Sep 202014:11:38 - DEBUG - base_rp_db.py - [line:600] -  USER: 我还需要国际长途电话


----------------------------------------
> Fri, 04 Sep 202014:11:38 - DEBUG - base_rp_db.py - [line:606] -  ----------Round:12----------


----------------------------------------
> Fri, 04 Sep 202014:11:38 - DEBUG - base_rp_db.py - [line:612] -  To User: 请问对于酒店意图有什么其他的子需求吗-----


----------------------------------------
> Fri, 04 Sep 202014:11:38 - DEBUG - base_rp_db.py - [line:615] -  ----USER: 没了-----


----------------------------------------
> Fri, 04 Sep 202014:11:38 - DEBUG - base_rp_db.py - [line:756] -  ----------Round:13----------


----------------------------------------
> Fri, 04 Sep 202014:11:38 - DEBUG - base_rp_db.py - [line:762] -  To User: 你对旅行还有什么新需求吗？


----------------------------------------
> Fri, 04 Sep 202014:11:38 - DEBUG - base_rp_db.py - [line:767] -  USER: 我要加入餐馆


----------------------------------------
> Fri, 04 Sep 202014:11:38 - INFO - base_rp_db.py - [line:941] -  ----------Round:14----------


----------------------------------------
> Fri, 04 Sep 202014:11:38 - DEBUG - base_rp_db.py - [line:944] -  在需求模式库中对餐馆进行查找...

----------------------------------------
> Fri, 04 Sep 202014:11:38 - DEBUG - base_rp_db.py - [line:947] -  对于餐馆的约束这样如何:


----------------------------------------
> Fri, 04 Sep 202014:11:38 - DEBUG - base_rp_db.py - [line:958] -  餐馆的人均消费范围, 50到100元


----------------------------------------
> Fri, 04 Sep 202014:11:38 - DEBUG - base_rp_db.py - [line:958] -  餐馆的评分范围, 4到9999分


----------------------------------------
> Fri, 04 Sep 202014:11:38 - DEBUG - base_rp_db.py - [line:984] -  To user:对于餐馆部分是否满意?


----------------------------------------
> Fri, 04 Sep 202014:11:38 - DEBUG - base_rp_db.py - [line:987] -  USER: 我觉得应该有如下修改：


----------------------------------------
> Fri, 04 Sep 202014:11:38 - DEBUG - base_rp_db.py - [line:998] -  餐馆的人均消费范围, 50到100元


----------------------------------------
> Fri, 04 Sep 202014:11:38 - INFO - base_rp_db.py - [line:1007] -  --------Round End---------


----------------------------------------
> Fri, 04 Sep 202014:11:38 - DEBUG - base_rp_db.py - [line:584] -  ----------Round:15----------


----------------------------------------
> Fri, 04 Sep 202014:11:38 - DEBUG - base_rp_db.py - [line:591] -  To User: ---------检测到当前餐馆下无子节点，请问对于该意图有什么其他的子需求吗-----


----------------------------------------
> Fri, 04 Sep 202014:11:38 - DEBUG - base_rp_db.py - [line:600] -  USER: 我还需要酱扒茄子


----------------------------------------
> Fri, 04 Sep 202014:11:38 - DEBUG - base_rp_db.py - [line:606] -  ----------Round:16----------


----------------------------------------
> Fri, 04 Sep 202014:11:38 - DEBUG - base_rp_db.py - [line:612] -  To User: 请问对于餐馆意图有什么其他的子需求吗-----


----------------------------------------
> Fri, 04 Sep 202014:11:38 - DEBUG - base_rp_db.py - [line:615] -  ----USER: 没了-----


----------------------------------------
> Fri, 04 Sep 202014:11:38 - DEBUG - base_rp_db.py - [line:781] -  ----------Round:17----------


----------------------------------------
> Fri, 04 Sep 202014:11:38 - DEBUG - base_rp_db.py - [line:787] -  To User: 你对旅行还有什么新需求吗？


----------------------------------------
> Fri, 04 Sep 202014:11:38 - DEBUG - base_rp_db.py - [line:767] -  USER: 我要加入地铁


----------------------------------------
> Fri, 04 Sep 202014:11:38 - INFO - base_rp_db.py - [line:941] -  ----------Round:18----------


----------------------------------------
> Fri, 04 Sep 202014:11:38 - DEBUG - base_rp_db.py - [line:944] -  在需求模式库中对地铁进行查找...

----------------------------------------
> Fri, 04 Sep 202014:11:38 - DEBUG - base_rp_db.py - [line:947] -  对于地铁的约束这样如何:


----------------------------------------
> Fri, 04 Sep 202014:11:38 - DEBUG - base_rp_db.py - [line:975] -  地铁的目的地：北京香江戴斯酒店


----------------------------------------
> Fri, 04 Sep 202014:11:38 - DEBUG - base_rp_db.py - [line:975] -  地铁的出发地：天安门广场


----------------------------------------
> Fri, 04 Sep 202014:11:38 - DEBUG - base_rp_db.py - [line:984] -  To user:对于地铁部分是否满意?


----------------------------------------
> Fri, 04 Sep 202014:11:38 - DEBUG - base_rp_db.py - [line:987] -  USER: 我觉得应该有如下修改：


----------------------------------------
> Fri, 04 Sep 202014:11:38 - DEBUG - base_rp_db.py - [line:1004] -  地铁的出发地：全聚德(朝阳北路店)


----------------------------------------
> Fri, 04 Sep 202014:11:38 - DEBUG - base_rp_db.py - [line:1004] -  地铁的目的地：布丁酒店(北京团结湖店)


----------------------------------------
> Fri, 04 Sep 202014:11:38 - INFO - base_rp_db.py - [line:1007] -  --------Round End---------


----------------------------------------
> Fri, 04 Sep 202014:11:38 - DEBUG - base_rp_db.py - [line:584] -  ----------Round:19----------


----------------------------------------
> Fri, 04 Sep 202014:11:38 - DEBUG - base_rp_db.py - [line:591] -  To User: ---------检测到当前地铁下无子节点，请问对于该意图有什么其他的子需求吗-----


----------------------------------------
> Fri, 04 Sep 202014:11:38 - DEBUG - base_rp_db.py - [line:595] -  ----USER: 没了-----


----------------------------------------
> Fri, 04 Sep 202014:11:38 - DEBUG - base_rp_db.py - [line:781] -  ----------Round:20----------


----------------------------------------
> Fri, 04 Sep 202014:11:38 - DEBUG - base_rp_db.py - [line:787] -  To User: 你对旅行还有什么新需求吗？


----------------------------------------
> Fri, 04 Sep 202014:11:38 - DEBUG - base_rp_db.py - [line:790] -  USER: 没有了


----------------------------------------
> Fri, 04 Sep 202014:11:38 - INFO - base_rp_db.py - [line:462] -  rps_db length: 5

----------------------------------------
> Fri, 04 Sep 202014:11:38 - INFO - base_rp_db.py - [line:462] -  rps_db length: 5

----------------------------------------
> Fri, 04 Sep 202014:11:38 - INFO - base_rp_db.py - [line:721] -  -----当前指针点为叫醒服务


----------------------------------------
> Fri, 04 Sep 202014:11:38 - INFO - base_rp_db.py - [line:871] -  ---模板树中对应叫醒服务意图无约束----


----------------------------------------
> Fri, 04 Sep 202014:11:38 - INFO - base_rp_db.py - [line:874] -  ----正在需求模式库中查找所有对应叫醒服务的模式或子模式约束...----


----------------------------------------
> Fri, 04 Sep 202014:11:38 - DEBUG - base_rp_db.py - [line:879] -  ----------Round:21----------


----------------------------------------
> Fri, 04 Sep 202014:11:38 - INFO - base_rp_db.py - [line:882] -  ----需求模式库中叫醒服务的约束为空.----


----------------------------------------
> Fri, 04 Sep 202014:11:38 - INFO - base_rp_db.py - [line:885] -  content叫醒服务

----------------------------------------
> Fri, 04 Sep 202014:11:38 - INFO - base_rp_db.py - [line:888] -  restricts:[]

----------------------------------------
> Fri, 04 Sep 202014:11:38 - DEBUG - base_rp_db.py - [line:891] -  To user:对于叫醒服务部分是否满意?


----------------------------------------
> Fri, 04 Sep 202014:11:38 - DEBUG - base_rp_db.py - [line:987] -  USER: 我觉得应该有如下修改：


----------------------------------------
> Fri, 04 Sep 202014:11:38 - INFO - base_rp_db.py - [line:1007] -  --------Round End---------


----------------------------------------
> Fri, 04 Sep 202014:11:38 - DEBUG - base_rp_db.py - [line:584] -  ----------Round:22----------


----------------------------------------
> Fri, 04 Sep 202014:11:38 - DEBUG - base_rp_db.py - [line:591] -  To User: ---------检测到当前叫醒服务下无子节点，请问对于该意图有什么其他的子需求吗-----


----------------------------------------
> Fri, 04 Sep 202014:11:38 - DEBUG - base_rp_db.py - [line:595] -  ----USER: 没了-----


----------------------------------------
> Fri, 04 Sep 202014:11:38 - INFO - base_rp_db.py - [line:721] -  -----当前指针点为无烟房


----------------------------------------
> Fri, 04 Sep 202014:11:38 - INFO - base_rp_db.py - [line:871] -  ---模板树中对应无烟房意图无约束----


----------------------------------------
> Fri, 04 Sep 202014:11:38 - INFO - base_rp_db.py - [line:874] -  ----正在需求模式库中查找所有对应无烟房的模式或子模式约束...----


----------------------------------------
> Fri, 04 Sep 202014:11:38 - DEBUG - base_rp_db.py - [line:879] -  ----------Round:23----------


----------------------------------------
> Fri, 04 Sep 202014:11:38 - INFO - base_rp_db.py - [line:882] -  ----需求模式库中无烟房的约束为空.----


----------------------------------------
> Fri, 04 Sep 202014:11:38 - INFO - base_rp_db.py - [line:885] -  content无烟房

----------------------------------------
> Fri, 04 Sep 202014:11:38 - INFO - base_rp_db.py - [line:888] -  restricts:[]

----------------------------------------
> Fri, 04 Sep 202014:11:38 - DEBUG - base_rp_db.py - [line:891] -  To user:对于无烟房部分是否满意?


----------------------------------------
> Fri, 04 Sep 202014:11:38 - DEBUG - base_rp_db.py - [line:987] -  USER: 我觉得应该有如下修改：


----------------------------------------
> Fri, 04 Sep 202014:11:38 - INFO - base_rp_db.py - [line:1007] -  --------Round End---------


----------------------------------------
> Fri, 04 Sep 202014:11:38 - DEBUG - base_rp_db.py - [line:584] -  ----------Round:24----------


----------------------------------------
> Fri, 04 Sep 202014:11:38 - DEBUG - base_rp_db.py - [line:591] -  To User: ---------检测到当前无烟房下无子节点，请问对于该意图有什么其他的子需求吗-----


----------------------------------------
> Fri, 04 Sep 202014:11:38 - DEBUG - base_rp_db.py - [line:595] -  ----USER: 没了-----


----------------------------------------
> Fri, 04 Sep 202014:11:38 - INFO - base_rp_db.py - [line:721] -  -----当前指针点为公共区域和部分房间提供wifi


----------------------------------------
> Fri, 04 Sep 202014:11:38 - INFO - base_rp_db.py - [line:871] -  ---模板树中对应公共区域和部分房间提供wifi意图无约束----


----------------------------------------
> Fri, 04 Sep 202014:11:38 - INFO - base_rp_db.py - [line:874] -  ----正在需求模式库中查找所有对应公共区域和部分房间提供wifi的模式或子模式约束...----


----------------------------------------
> Fri, 04 Sep 202014:11:39 - DEBUG - base_rp_db.py - [line:879] -  ----------Round:25----------


----------------------------------------
> Fri, 04 Sep 202014:11:39 - INFO - base_rp_db.py - [line:882] -  ----需求模式库中公共区域和部分房间提供wifi的约束为空.----


----------------------------------------
> Fri, 04 Sep 202014:11:39 - INFO - base_rp_db.py - [line:885] -  content公共区域和部分房间提供wifi

----------------------------------------
> Fri, 04 Sep 202014:11:39 - INFO - base_rp_db.py - [line:888] -  restricts:[]

----------------------------------------
> Fri, 04 Sep 202014:11:39 - DEBUG - base_rp_db.py - [line:891] -  To user:对于公共区域和部分房间提供wifi部分是否满意?


----------------------------------------
> Fri, 04 Sep 202014:11:39 - DEBUG - base_rp_db.py - [line:987] -  USER: 我觉得应该有如下修改：


----------------------------------------
> Fri, 04 Sep 202014:11:39 - INFO - base_rp_db.py - [line:1007] -  --------Round End---------


----------------------------------------
> Fri, 04 Sep 202014:11:39 - DEBUG - base_rp_db.py - [line:584] -  ----------Round:26----------


----------------------------------------
> Fri, 04 Sep 202014:11:39 - DEBUG - base_rp_db.py - [line:591] -  To User: ---------检测到当前公共区域和部分房间提供wifi下无子节点，请问对于该意图有什么其他的子需求吗-----


----------------------------------------
> Fri, 04 Sep 202014:11:39 - DEBUG - base_rp_db.py - [line:595] -  ----USER: 没了-----


----------------------------------------
> Fri, 04 Sep 202014:11:39 - INFO - base_rp_db.py - [line:721] -  -----当前指针点为国际长途电话


----------------------------------------
> Fri, 04 Sep 202014:11:39 - INFO - base_rp_db.py - [line:871] -  ---模板树中对应国际长途电话意图无约束----


----------------------------------------
> Fri, 04 Sep 202014:11:39 - INFO - base_rp_db.py - [line:874] -  ----正在需求模式库中查找所有对应国际长途电话的模式或子模式约束...----


----------------------------------------
> Fri, 04 Sep 202014:11:39 - DEBUG - base_rp_db.py - [line:879] -  ----------Round:27----------


----------------------------------------
> Fri, 04 Sep 202014:11:39 - INFO - base_rp_db.py - [line:882] -  ----需求模式库中国际长途电话的约束为空.----


----------------------------------------
> Fri, 04 Sep 202014:11:39 - INFO - base_rp_db.py - [line:885] -  content国际长途电话

----------------------------------------
> Fri, 04 Sep 202014:11:39 - INFO - base_rp_db.py - [line:888] -  restricts:[]

----------------------------------------
> Fri, 04 Sep 202014:11:39 - DEBUG - base_rp_db.py - [line:891] -  To user:对于国际长途电话部分是否满意?


----------------------------------------
> Fri, 04 Sep 202014:11:39 - DEBUG - base_rp_db.py - [line:987] -  USER: 我觉得应该有如下修改：


----------------------------------------
> Fri, 04 Sep 202014:11:39 - INFO - base_rp_db.py - [line:1007] -  --------Round End---------


----------------------------------------
> Fri, 04 Sep 202014:11:39 - DEBUG - base_rp_db.py - [line:584] -  ----------Round:28----------


----------------------------------------
> Fri, 04 Sep 202014:11:39 - DEBUG - base_rp_db.py - [line:591] -  To User: ---------检测到当前国际长途电话下无子节点，请问对于该意图有什么其他的子需求吗-----


----------------------------------------
> Fri, 04 Sep 202014:11:39 - DEBUG - base_rp_db.py - [line:595] -  ----USER: 没了-----


----------------------------------------
> Fri, 04 Sep 202014:11:39 - INFO - base_rp_db.py - [line:1064] -  ---未使用模式库或模式库或需求知识图谱中无酱扒茄子意图----


----------------------------------------
> Fri, 04 Sep 202014:11:39 - INFO - base_rp_db.py - [line:1068] -  ----------Round:29----------


----------------------------------------
> Fri, 04 Sep 202014:11:39 - DEBUG - base_rp_db.py - [line:1071] -  To User: 无法匹配酱扒茄子


----------------------------------------
> Fri, 04 Sep 202014:11:39 - DEBUG - base_rp_db.py - [line:1075] -  To User: 你对酱扒茄子的约束是什么？


----------------------------------------
> Fri, 04 Sep 202014:11:39 - DEBUG - base_rp_db.py - [line:1110] -  USER: 我都无所谓


----------------------------------------
> Fri, 04 Sep 202014:11:39 - DEBUG - base_rp_db.py - [line:584] -  ----------Round:30----------


----------------------------------------
> Fri, 04 Sep 202014:11:39 - DEBUG - base_rp_db.py - [line:591] -  To User: ---------检测到当前酱扒茄子下无子节点，请问对于该意图有什么其他的子需求吗-----


----------------------------------------
> Fri, 04 Sep 202014:11:39 - DEBUG - base_rp_db.py - [line:595] -  ----USER: 没了-----


----------------------------------------
> Fri, 04 Sep 202014:11:39 - INFO - base_rp_db.py - [line:353] -  Generate Result:{'id': 0, 'goal': {'goalId': 3508, 'content': '旅行', 'parentId': -1, 'requireId': 520, 'restricts': [], 'optTargets': [], 'hasMatched': False, 'rpId': -1}, 'children': [{'id': 3509, 'goal': {'goalId': 3509, 'content': '餐馆', 'parentId': 3508, 'requireId': 520, 'restricts': [{'goalId': 3509, 'key': '人均消费', 'valueType': 'region', 'minValue': 50.0, 'maxValue': 100.0, 'unit': '元', 'value': ''}], 'optTargets': [], 'hasMatched': False, 'rpId': -1}, 'children': [{'id': 3510, 'goal': {'goalId': 3510, 'content': '酱扒茄子', 'parentId': 3509, 'requireId': 520, 'restricts': [], 'optTargets': [], 'hasMatched': False, 'rpId': -1}, 'children': []}]}, {'id': 3511, 'goal': {'goalId': 3511, 'content': '酒店', 'parentId': 3508, 'requireId': 520, 'restricts': [{'goalId': 3511, 'key': '评分', 'valueType': 'region', 'minValue': 4.0, 'maxValue': 9999.0, 'unit': '分', 'value': ''}, {'goalId': 3511, 'key': '酒店类型', 'valueType': 'enum', 'minValue': 0.0, 'maxValue': 999.0, 'unit': '', 'value': '经济型'}], 'optTargets': [], 'hasMatched': False, 'rpId': -1}, 'children': [{'id': 3512, 'goal': {'goalId': 3512, 'content': '叫醒服务', 'parentId': 3511, 'requireId': 520, 'restricts': [], 'optTargets': [], 'hasMatched': False, 'rpId': -1}, 'children': []}, {'id': 3513, 'goal': {'goalId': 3513, 'content': '无烟房', 'parentId': 3511, 'requireId': 520, 'restricts': [], 'optTargets': [], 'hasMatched': False, 'rpId': -1}, 'children': []}, {'id': 3514, 'goal': {'goalId': 3514, 'content': '公共区域和部分房间提供wifi', 'parentId': 3511, 'requireId': 520, 'restricts': [], 'optTargets': [], 'hasMatched': False, 'rpId': -1}, 'children': []}, {'id': 3515, 'goal': {'goalId': 3515, 'content': '国际长途电话', 'parentId': 3511, 'requireId': 520, 'restricts': [], 'optTargets': [], 'hasMatched': False, 'rpId': -1}, 'children': []}]}, {'id': 3516, 'goal': {'goalId': 3516, 'content': '地铁', 'parentId': 3508, 'requireId': 520, 'restricts': [{'goalId': 3516, 'key': '出发地', 'valueType': 'enum', 'minValue': 0.0, 'maxValue': 999.0, 'unit': '', 'value': '全聚德(朝阳北路店)'}, {'goalId': 3516, 'key': '目的地', 'valueType': 'enum', 'minValue': 0.0, 'maxValue': 999.0, 'unit': '', 'value': '布丁酒店(北京团结湖店)'}], 'optTargets': [], 'hasMatched': False, 'rpId': -1}, 'children': []}, {'id': 3517, 'goal': {'goalId': 3517, 'content': '景点', 'parentId': 3508, 'requireId': 520, 'restricts': [{'goalId': 3517, 'key': '游玩时间', 'valueType': 'enum', 'minValue': 0.0, 'maxValue': 999.0, 'unit': '', 'value': '1小时'}, {'goalId': 3517, 'key': '门票', 'valueType': 'region', 'minValue': 20.0, 'maxValue': 50.0, 'unit': '元', 'value': ''}], 'optTargets': [], 'hasMatched': False, 'rpId': -1}, 'children': []}], 'requireInfo': {'userId': 'test_require1', 'requireId': 520, 'timestamp': '2020-04-28T11:30:13.000+0800', 'state': 0, 'serviceSchemeUrl': None}, 'contexts': {}}

----------------------------------------
> Fri, 04 Sep 202014:11:39 - INFO - core_tree_pid_k2_e2_mod_1.py - [line:170] -  296

----------------------------------------
> Fri, 04 Sep 202014:11:39 - INFO - core_tree_pid_k2_e2_mod_1.py - [line:180] -  --------对话已结束------------

