----------------------------------------
> Fri, 04 Sep 202015:02:57 - INFO - core_tree_pid_k2_e2_mod_1.py - [line:134] -  Start of program

----------------------------------------
> Fri, 04 Sep 202015:02:57 - INFO - core_tree_pid_k2_e2_mod_1.py - [line:138] -  test_id:


----------------------------------------
> Fri, 04 Sep 202015:02:57 - INFO - core_tree_pid_k2_e2_mod_1.py - [line:139] -  1816

----------------------------------------
> Fri, 04 Sep 202015:02:57 - INFO - core_tree_pid_k2_e2_mod_1.py - [line:143] -  ------Round:1---------


----------------------------------------
> Fri, 04 Sep 202015:02:57 - DEBUG - core_tree_pid_k2_e2_mod_1.py - [line:145] -  您好，很高兴为您服务

----------------------------------------
> Fri, 04 Sep 202015:02:57 - DEBUG - core_tree_pid_k2_e2_mod_1.py - [line:150] -  USER: 我要去旅行

----------------------------------------
> Fri, 04 Sep 202015:02:57 - INFO - base_rp_db.py - [line:330] -  Model:{'id': 7236, 'goal': {'goalId': 7236, 'content': '旅行', 'parentId': -1, 'requireId': -1, 'restricts': [], 'optTargets': [], 'hasMatched': False, 'rpId': 162}, 'children': [{'id': 7238, 'goal': {'goalId': 7238, 'content': '餐馆', 'parentId': 7236, 'requireId': -1, 'restricts': [], 'optTargets': [], 'hasMatched': False, 'rpId': 162}, 'children': [{'id': 7239, 'goal': {'goalId': 7239, 'content': '推荐菜-手抓饼', 'parentId': 7238, 'requireId': -1, 'restricts': [], 'optTargets': [], 'hasMatched': False, 'rpId': 162}, 'children': []}]}]}

----------------------------------------
> Fri, 04 Sep 202015:02:57 - INFO - base_rp_db.py - [line:462] -  rps_db length: 1

----------------------------------------
> Fri, 04 Sep 202015:02:57 - INFO - base_rp_db.py - [line:462] -  rps_db length: 1

----------------------------------------
> Fri, 04 Sep 202015:02:57 - INFO - base_rp_db.py - [line:871] -  ---模板树中对应旅行意图无约束----


----------------------------------------
> Fri, 04 Sep 202015:02:57 - INFO - base_rp_db.py - [line:874] -  ----正在需求模式库中查找所有对应旅行的模式或子模式约束...----


----------------------------------------
> Fri, 04 Sep 202015:02:57 - DEBUG - base_rp_db.py - [line:879] -  ----------Round:2----------


----------------------------------------
> Fri, 04 Sep 202015:02:57 - INFO - base_rp_db.py - [line:882] -  ----需求模式库中旅行的约束为空.----


----------------------------------------
> Fri, 04 Sep 202015:02:57 - INFO - base_rp_db.py - [line:885] -  content旅行

----------------------------------------
> Fri, 04 Sep 202015:02:58 - INFO - base_rp_db.py - [line:888] -  restricts:[]

----------------------------------------
> Fri, 04 Sep 202015:02:58 - DEBUG - base_rp_db.py - [line:891] -  To user:对于旅行部分是否满意?


----------------------------------------
> Fri, 04 Sep 202015:02:58 - DEBUG - base_rp_db.py - [line:987] -  USER: 我觉得应该有如下修改：


----------------------------------------
> Fri, 04 Sep 202015:02:58 - INFO - base_rp_db.py - [line:1007] -  --------Round End---------


----------------------------------------
> Fri, 04 Sep 202015:02:58 - INFO - base_rp_db.py - [line:462] -  rps_db length: 1

----------------------------------------
> Fri, 04 Sep 202015:02:58 - INFO - base_rp_db.py - [line:462] -  rps_db length: 1

----------------------------------------
> Fri, 04 Sep 202015:02:58 - DEBUG - base_rp_db.py - [line:673] -  ----------Round:3----------


----------------------------------------
> Fri, 04 Sep 202015:02:58 - DEBUG - base_rp_db.py - [line:676] -  请问您对于餐馆是否需要？


----------------------------------------
> Fri, 04 Sep 202015:02:58 - DEBUG - base_rp_db.py - [line:679] -  USER: 不需要


----------------------------------------
> Fri, 04 Sep 202015:02:58 - DEBUG - base_rp_db.py - [line:756] -  ----------Round:4----------


----------------------------------------
> Fri, 04 Sep 202015:02:58 - DEBUG - base_rp_db.py - [line:762] -  To User: 你对旅行还有什么新需求吗？


----------------------------------------
> Fri, 04 Sep 202015:02:58 - DEBUG - base_rp_db.py - [line:767] -  USER: 我要加入酒店


----------------------------------------
> Fri, 04 Sep 202015:02:58 - INFO - base_rp_db.py - [line:871] -  ---模板树中对应酒店意图无约束----


----------------------------------------
> Fri, 04 Sep 202015:02:58 - INFO - base_rp_db.py - [line:874] -  ----正在需求模式库中查找所有对应酒店的模式或子模式约束...----


----------------------------------------
> Fri, 04 Sep 202015:02:58 - INFO - base_rp_db.py - [line:896] -  ----------Round:5----------


----------------------------------------
> Fri, 04 Sep 202015:02:58 - DEBUG - base_rp_db.py - [line:899] -  To User:对于酒店的约束这样如何:


----------------------------------------
> Fri, 04 Sep 202015:02:58 - DEBUG - base_rp_db.py - [line:910] -  酒店的价格范围, 300到400元


----------------------------------------
> Fri, 04 Sep 202015:02:58 - DEBUG - base_rp_db.py - [line:910] -  酒店的评分范围, 4到9999分


----------------------------------------
> Fri, 04 Sep 202015:02:58 - DEBUG - base_rp_db.py - [line:927] -  酒店的酒店类型：豪华型


----------------------------------------
> Fri, 04 Sep 202015:02:58 - DEBUG - base_rp_db.py - [line:936] -  To user:对于酒店部分是否满意?


----------------------------------------
> Fri, 04 Sep 202015:02:58 - DEBUG - base_rp_db.py - [line:987] -  USER: 我觉得应该有如下修改：


----------------------------------------
> Fri, 04 Sep 202015:02:58 - DEBUG - base_rp_db.py - [line:998] -  酒店的价格范围, 400到500元


----------------------------------------
> Fri, 04 Sep 202015:02:58 - INFO - base_rp_db.py - [line:1007] -  --------Round End---------


----------------------------------------
> Fri, 04 Sep 202015:02:58 - DEBUG - base_rp_db.py - [line:584] -  ----------Round:6----------


----------------------------------------
> Fri, 04 Sep 202015:02:58 - DEBUG - base_rp_db.py - [line:591] -  To User: ---------检测到当前酒店下无子节点，请问对于该意图有什么其他的子需求吗-----


----------------------------------------
> Fri, 04 Sep 202015:02:58 - DEBUG - base_rp_db.py - [line:600] -  USER: 我还需要酒店设施-无烟房


----------------------------------------
> Fri, 04 Sep 202015:02:58 - DEBUG - base_rp_db.py - [line:606] -  ----------Round:7----------


----------------------------------------
> Fri, 04 Sep 202015:02:58 - DEBUG - base_rp_db.py - [line:612] -  To User: 请问对于酒店意图有什么其他的子需求吗-----


----------------------------------------
> Fri, 04 Sep 202015:02:58 - DEBUG - base_rp_db.py - [line:615] -  ----USER: 没了-----


----------------------------------------
> Fri, 04 Sep 202015:02:58 - DEBUG - base_rp_db.py - [line:781] -  ----------Round:8----------


----------------------------------------
> Fri, 04 Sep 202015:02:58 - DEBUG - base_rp_db.py - [line:787] -  To User: 你对旅行还有什么新需求吗？


----------------------------------------
> Fri, 04 Sep 202015:02:58 - DEBUG - base_rp_db.py - [line:790] -  USER: 没有了


----------------------------------------
> Fri, 04 Sep 202015:02:59 - INFO - base_rp_db.py - [line:462] -  rps_db length: 1

----------------------------------------
> Fri, 04 Sep 202015:02:59 - INFO - base_rp_db.py - [line:462] -  rps_db length: 1

----------------------------------------
> Fri, 04 Sep 202015:02:59 - INFO - base_rp_db.py - [line:721] -  -----当前指针点为酒店设施-无烟房


----------------------------------------
> Fri, 04 Sep 202015:02:59 - INFO - base_rp_db.py - [line:871] -  ---模板树中对应酒店设施-无烟房意图无约束----


----------------------------------------
> Fri, 04 Sep 202015:02:59 - INFO - base_rp_db.py - [line:874] -  ----正在需求模式库中查找所有对应酒店设施-无烟房的模式或子模式约束...----


----------------------------------------
> Fri, 04 Sep 202015:02:59 - DEBUG - base_rp_db.py - [line:879] -  ----------Round:9----------


----------------------------------------
> Fri, 04 Sep 202015:02:59 - INFO - base_rp_db.py - [line:882] -  ----需求模式库中酒店设施-无烟房的约束为空.----


----------------------------------------
> Fri, 04 Sep 202015:02:59 - INFO - base_rp_db.py - [line:885] -  content酒店设施-无烟房

----------------------------------------
> Fri, 04 Sep 202015:02:59 - INFO - base_rp_db.py - [line:888] -  restricts:[]

----------------------------------------
> Fri, 04 Sep 202015:02:59 - DEBUG - base_rp_db.py - [line:891] -  To user:对于酒店设施-无烟房部分是否满意?


----------------------------------------
> Fri, 04 Sep 202015:02:59 - DEBUG - base_rp_db.py - [line:987] -  USER: 我觉得应该有如下修改：


----------------------------------------
> Fri, 04 Sep 202015:02:59 - INFO - base_rp_db.py - [line:1007] -  --------Round End---------


----------------------------------------
> Fri, 04 Sep 202015:02:59 - DEBUG - base_rp_db.py - [line:584] -  ----------Round:10----------


----------------------------------------
> Fri, 04 Sep 202015:02:59 - DEBUG - base_rp_db.py - [line:591] -  To User: ---------检测到当前酒店设施-无烟房下无子节点，请问对于该意图有什么其他的子需求吗-----


----------------------------------------
> Fri, 04 Sep 202015:02:59 - DEBUG - base_rp_db.py - [line:595] -  ----USER: 没了-----


----------------------------------------
> Fri, 04 Sep 202015:02:59 - INFO - base_rp_db.py - [line:353] -  Generate Result:{'id': 0, 'goal': {'goalId': 9352, 'content': '旅行', 'parentId': -1, 'requireId': 1510, 'restricts': [], 'optTargets': [], 'hasMatched': False, 'rpId': -1}, 'children': [{'id': 9353, 'goal': {'goalId': 9353, 'content': '酒店', 'parentId': 9352, 'requireId': 1510, 'restricts': [{'goalId': 9353, 'key': '价格', 'valueType': 'region', 'minValue': 400.0, 'maxValue': 500.0, 'unit': '元', 'value': ''}], 'optTargets': [], 'hasMatched': False, 'rpId': -1}, 'children': [{'id': 9354, 'goal': {'goalId': 9354, 'content': '酒店设施-无烟房', 'parentId': 9353, 'requireId': 1510, 'restricts': [], 'optTargets': [], 'hasMatched': False, 'rpId': -1}, 'children': []}]}], 'requireInfo': {'userId': 'test_require1', 'requireId': 1510, 'timestamp': '2020-06-06T10:59:45.000+0800', 'state': 0, 'serviceSchemeUrl': None}, 'contexts': {}}

----------------------------------------
> Fri, 04 Sep 202015:02:59 - INFO - core_tree_pid_k2_e2_mod_1.py - [line:170] -  1816

----------------------------------------
> Fri, 04 Sep 202015:02:59 - INFO - core_tree_pid_k2_e2_mod_1.py - [line:180] -  --------对话已结束------------

