----------------------------------------
> Fri, 04 Sep 202014:14:20 - INFO - core_tree_pid_k2_e2_mod_1.py - [line:134] -  Start of program

----------------------------------------
> Fri, 04 Sep 202014:14:20 - INFO - core_tree_pid_k2_e2_mod_1.py - [line:138] -  test_id:


----------------------------------------
> Fri, 04 Sep 202014:14:20 - INFO - core_tree_pid_k2_e2_mod_1.py - [line:139] -  457

----------------------------------------
> Fri, 04 Sep 202014:14:20 - INFO - core_tree_pid_k2_e2_mod_1.py - [line:143] -  ------Round:1---------


----------------------------------------
> Fri, 04 Sep 202014:14:20 - DEBUG - core_tree_pid_k2_e2_mod_1.py - [line:145] -  您好，很高兴为您服务

----------------------------------------
> Fri, 04 Sep 202014:14:20 - DEBUG - core_tree_pid_k2_e2_mod_1.py - [line:150] -  USER: 我要去旅行

----------------------------------------
> Fri, 04 Sep 202014:14:20 - INFO - base_rp_db.py - [line:330] -  Model:{'id': 8289, 'goal': {'goalId': 8289, 'content': '旅行', 'parentId': -1, 'requireId': -1, 'restricts': [], 'optTargets': [], 'hasMatched': False, 'rpId': 531}, 'children': [{'id': 8292, 'goal': {'goalId': 8292, 'content': '景点', 'parentId': 8289, 'requireId': -1, 'restricts': [{'goalId': 8292, 'key': '游玩时间', 'valueType': 'region', 'minValue': 0.0, 'maxValue': 1.0, 'unit': '小时', 'value': ''}, {'goalId': 8292, 'key': '评分', 'valueType': 'region', 'minValue': 4.0, 'maxValue': 9999.0, 'unit': '分', 'value': ''}, {'goalId': 8292, 'key': '门票', 'valueType': 'region', 'minValue': 100.0, 'maxValue': 150.0, 'unit': '元', 'value': ''}], 'optTargets': [], 'hasMatched': False, 'rpId': 531}, 'children': []}, {'id': 8295, 'goal': {'goalId': 8295, 'content': '酒店', 'parentId': 8289, 'requireId': -1, 'restricts': [{'goalId': 8295, 'key': '价格', 'valueType': 'region', 'minValue': 1000.0, 'maxValue': 9999.0, 'unit': '分', 'value': ''}, {'goalId': 8295, 'key': '酒店类型', 'valueType': 'enum', 'minValue': 0.0, 'maxValue': 999.0, 'unit': '', 'value': '舒适型'}], 'optTargets': [], 'hasMatched': False, 'rpId': 531}, 'children': []}]}

----------------------------------------
> Fri, 04 Sep 202014:14:21 - INFO - base_rp_db.py - [line:462] -  rps_db length: 1

----------------------------------------
> Fri, 04 Sep 202014:14:21 - INFO - base_rp_db.py - [line:462] -  rps_db length: 1

----------------------------------------
> Fri, 04 Sep 202014:14:21 - INFO - base_rp_db.py - [line:871] -  ---模板树中对应旅行意图无约束----


----------------------------------------
> Fri, 04 Sep 202014:14:21 - INFO - base_rp_db.py - [line:874] -  ----正在需求模式库中查找所有对应旅行的模式或子模式约束...----


----------------------------------------
> Fri, 04 Sep 202014:14:21 - DEBUG - base_rp_db.py - [line:879] -  ----------Round:2----------


----------------------------------------
> Fri, 04 Sep 202014:14:21 - INFO - base_rp_db.py - [line:882] -  ----需求模式库中旅行的约束为空.----


----------------------------------------
> Fri, 04 Sep 202014:14:21 - INFO - base_rp_db.py - [line:885] -  content旅行

----------------------------------------
> Fri, 04 Sep 202014:14:21 - INFO - base_rp_db.py - [line:888] -  restricts:[]

----------------------------------------
> Fri, 04 Sep 202014:14:21 - DEBUG - base_rp_db.py - [line:891] -  To user:对于旅行部分是否满意?


----------------------------------------
> Fri, 04 Sep 202014:14:21 - DEBUG - base_rp_db.py - [line:987] -  USER: 我觉得应该有如下修改：


----------------------------------------
> Fri, 04 Sep 202014:14:21 - INFO - base_rp_db.py - [line:1007] -  --------Round End---------


----------------------------------------
> Fri, 04 Sep 202014:14:21 - INFO - base_rp_db.py - [line:462] -  rps_db length: 4

----------------------------------------
> Fri, 04 Sep 202014:14:21 - INFO - base_rp_db.py - [line:462] -  rps_db length: 2

----------------------------------------
> Fri, 04 Sep 202014:14:21 - DEBUG - base_rp_db.py - [line:662] -  ----------Round:3----------


----------------------------------------
> Fri, 04 Sep 202014:14:21 - DEBUG - base_rp_db.py - [line:665] -  请问您对于景点是否需要？


----------------------------------------
> Fri, 04 Sep 202014:14:21 - DEBUG - base_rp_db.py - [line:668] -  USER: 需要


----------------------------------------
> Fri, 04 Sep 202014:14:21 - INFO - base_rp_db.py - [line:941] -  ----------Round:4----------


----------------------------------------
> Fri, 04 Sep 202014:14:21 - DEBUG - base_rp_db.py - [line:944] -  在需求模式库中对景点进行查找...

----------------------------------------
> Fri, 04 Sep 202014:14:21 - DEBUG - base_rp_db.py - [line:947] -  对于景点的约束这样如何:


----------------------------------------
> Fri, 04 Sep 202014:14:21 - DEBUG - base_rp_db.py - [line:958] -  景点的游玩时间范围, 1到2小时


----------------------------------------
> Fri, 04 Sep 202014:14:21 - DEBUG - base_rp_db.py - [line:958] -  景点的评分范围, 4到9999分


----------------------------------------
> Fri, 04 Sep 202014:14:21 - DEBUG - base_rp_db.py - [line:958] -  景点的门票范围, 50到100元


----------------------------------------
> Fri, 04 Sep 202014:14:21 - DEBUG - base_rp_db.py - [line:984] -  To user:对于景点部分是否满意?


----------------------------------------
> Fri, 04 Sep 202014:14:21 - DEBUG - base_rp_db.py - [line:987] -  USER: 我觉得应该有如下修改：


----------------------------------------
> Fri, 04 Sep 202014:14:21 - DEBUG - base_rp_db.py - [line:1004] -  景点的名称：团城演武厅


----------------------------------------
> Fri, 04 Sep 202014:14:21 - DEBUG - base_rp_db.py - [line:1004] -  景点的评分：5分


----------------------------------------
> Fri, 04 Sep 202014:14:21 - DEBUG - base_rp_db.py - [line:998] -  景点的门票范围, 0到0元


----------------------------------------
> Fri, 04 Sep 202014:14:21 - INFO - base_rp_db.py - [line:1007] -  --------Round End---------


----------------------------------------
> Fri, 04 Sep 202014:14:21 - DEBUG - base_rp_db.py - [line:584] -  ----------Round:5----------


----------------------------------------
> Fri, 04 Sep 202014:14:21 - DEBUG - base_rp_db.py - [line:591] -  To User: ---------检测到当前景点下无子节点，请问对于该意图有什么其他的子需求吗-----


----------------------------------------
> Fri, 04 Sep 202014:14:21 - DEBUG - base_rp_db.py - [line:595] -  ----USER: 没了-----


----------------------------------------
> Fri, 04 Sep 202014:14:21 - DEBUG - base_rp_db.py - [line:662] -  ----------Round:6----------


----------------------------------------
> Fri, 04 Sep 202014:14:21 - DEBUG - base_rp_db.py - [line:665] -  请问您对于酒店是否需要？


----------------------------------------
> Fri, 04 Sep 202014:14:21 - DEBUG - base_rp_db.py - [line:668] -  USER: 需要


----------------------------------------
> Fri, 04 Sep 202014:14:21 - INFO - base_rp_db.py - [line:941] -  ----------Round:7----------


----------------------------------------
> Fri, 04 Sep 202014:14:21 - DEBUG - base_rp_db.py - [line:944] -  在需求模式库中对酒店进行查找...

----------------------------------------
> Fri, 04 Sep 202014:14:21 - DEBUG - base_rp_db.py - [line:947] -  对于酒店的约束这样如何:


----------------------------------------
> Fri, 04 Sep 202014:14:21 - DEBUG - base_rp_db.py - [line:958] -  酒店的价格范围, 300到400元


----------------------------------------
> Fri, 04 Sep 202014:14:21 - DEBUG - base_rp_db.py - [line:958] -  酒店的评分范围, 4到9999分


----------------------------------------
> Fri, 04 Sep 202014:14:21 - DEBUG - base_rp_db.py - [line:975] -  酒店的酒店类型：豪华型


----------------------------------------
> Fri, 04 Sep 202014:14:21 - DEBUG - base_rp_db.py - [line:984] -  To user:对于酒店部分是否满意?


----------------------------------------
> Fri, 04 Sep 202014:14:21 - DEBUG - base_rp_db.py - [line:987] -  USER: 我觉得应该有如下修改：


----------------------------------------
> Fri, 04 Sep 202014:14:21 - DEBUG - base_rp_db.py - [line:998] -  酒店的价格范围, 300到400元


----------------------------------------
> Fri, 04 Sep 202014:14:21 - DEBUG - base_rp_db.py - [line:1004] -  酒店的名称：时光漫步怀旧主题酒店(北京国家体育总局天坛店)


----------------------------------------
> Fri, 04 Sep 202014:14:21 - DEBUG - base_rp_db.py - [line:1004] -  酒店的评分：5分


----------------------------------------
> Fri, 04 Sep 202014:14:21 - INFO - base_rp_db.py - [line:1007] -  --------Round End---------


----------------------------------------
> Fri, 04 Sep 202014:14:21 - DEBUG - base_rp_db.py - [line:584] -  ----------Round:8----------


----------------------------------------
> Fri, 04 Sep 202014:14:21 - DEBUG - base_rp_db.py - [line:591] -  To User: ---------检测到当前酒店下无子节点，请问对于该意图有什么其他的子需求吗-----


----------------------------------------
> Fri, 04 Sep 202014:14:21 - DEBUG - base_rp_db.py - [line:595] -  ----USER: 没了-----


----------------------------------------
> Fri, 04 Sep 202014:14:21 - DEBUG - base_rp_db.py - [line:756] -  ----------Round:9----------


----------------------------------------
> Fri, 04 Sep 202014:14:21 - DEBUG - base_rp_db.py - [line:762] -  To User: 你对旅行还有什么新需求吗？


----------------------------------------
> Fri, 04 Sep 202014:14:21 - DEBUG - base_rp_db.py - [line:767] -  USER: 我要加入地铁


----------------------------------------
> Fri, 04 Sep 202014:14:21 - INFO - base_rp_db.py - [line:941] -  ----------Round:10----------


----------------------------------------
> Fri, 04 Sep 202014:14:21 - DEBUG - base_rp_db.py - [line:944] -  在需求模式库中对地铁进行查找...

----------------------------------------
> Fri, 04 Sep 202014:14:21 - DEBUG - base_rp_db.py - [line:947] -  对于地铁的约束这样如何:


----------------------------------------
> Fri, 04 Sep 202014:14:21 - DEBUG - base_rp_db.py - [line:975] -  地铁的目的地：北京香江戴斯酒店


----------------------------------------
> Fri, 04 Sep 202014:14:21 - DEBUG - base_rp_db.py - [line:975] -  地铁的出发地：天安门广场


----------------------------------------
> Fri, 04 Sep 202014:14:21 - DEBUG - base_rp_db.py - [line:984] -  To user:对于地铁部分是否满意?


----------------------------------------
> Fri, 04 Sep 202014:14:21 - DEBUG - base_rp_db.py - [line:987] -  USER: 我觉得应该有如下修改：


----------------------------------------
> Fri, 04 Sep 202014:14:21 - DEBUG - base_rp_db.py - [line:1004] -  地铁的出发地：时光漫步怀旧主题酒店(北京国家体育总局天坛店)


----------------------------------------
> Fri, 04 Sep 202014:14:21 - DEBUG - base_rp_db.py - [line:1004] -  地铁的目的地：团城演武厅


----------------------------------------
> Fri, 04 Sep 202014:14:21 - INFO - base_rp_db.py - [line:1007] -  --------Round End---------


----------------------------------------
> Fri, 04 Sep 202014:14:21 - DEBUG - base_rp_db.py - [line:584] -  ----------Round:11----------


----------------------------------------
> Fri, 04 Sep 202014:14:21 - DEBUG - base_rp_db.py - [line:591] -  To User: ---------检测到当前地铁下无子节点，请问对于该意图有什么其他的子需求吗-----


----------------------------------------
> Fri, 04 Sep 202014:14:21 - DEBUG - base_rp_db.py - [line:595] -  ----USER: 没了-----


----------------------------------------
> Fri, 04 Sep 202014:14:21 - DEBUG - base_rp_db.py - [line:781] -  ----------Round:12----------


----------------------------------------
> Fri, 04 Sep 202014:14:21 - DEBUG - base_rp_db.py - [line:787] -  To User: 你对旅行还有什么新需求吗？


----------------------------------------
> Fri, 04 Sep 202014:14:21 - DEBUG - base_rp_db.py - [line:767] -  USER: 我要加入餐馆


----------------------------------------
> Fri, 04 Sep 202014:14:21 - INFO - base_rp_db.py - [line:941] -  ----------Round:13----------


----------------------------------------
> Fri, 04 Sep 202014:14:21 - DEBUG - base_rp_db.py - [line:944] -  在需求模式库中对餐馆进行查找...

----------------------------------------
> Fri, 04 Sep 202014:14:21 - DEBUG - base_rp_db.py - [line:947] -  对于餐馆的约束这样如何:


----------------------------------------
> Fri, 04 Sep 202014:14:21 - DEBUG - base_rp_db.py - [line:958] -  餐馆的人均消费范围, 50到100元


----------------------------------------
> Fri, 04 Sep 202014:14:21 - DEBUG - base_rp_db.py - [line:958] -  餐馆的评分范围, 4到9999分


----------------------------------------
> Fri, 04 Sep 202014:14:21 - DEBUG - base_rp_db.py - [line:984] -  To user:对于餐馆部分是否满意?


----------------------------------------
> Fri, 04 Sep 202014:14:21 - DEBUG - base_rp_db.py - [line:987] -  USER: 我觉得应该有如下修改：


----------------------------------------
> Fri, 04 Sep 202014:14:21 - DEBUG - base_rp_db.py - [line:998] -  餐馆的人均消费范围, 50到100元


----------------------------------------
> Fri, 04 Sep 202014:14:21 - DEBUG - base_rp_db.py - [line:1004] -  餐馆的名称：庆丰包子铺 八达岭长城店(滚天沟停车场店)


----------------------------------------
> Fri, 04 Sep 202014:14:21 - DEBUG - base_rp_db.py - [line:998] -  餐馆的评分范围, 4到9999分


----------------------------------------
> Fri, 04 Sep 202014:14:21 - INFO - base_rp_db.py - [line:1007] -  --------Round End---------


----------------------------------------
> Fri, 04 Sep 202014:14:21 - DEBUG - base_rp_db.py - [line:584] -  ----------Round:14----------


----------------------------------------
> Fri, 04 Sep 202014:14:21 - DEBUG - base_rp_db.py - [line:591] -  To User: ---------检测到当前餐馆下无子节点，请问对于该意图有什么其他的子需求吗-----


----------------------------------------
> Fri, 04 Sep 202014:14:21 - DEBUG - base_rp_db.py - [line:600] -  USER: 我还需要主席套餐


----------------------------------------
> Fri, 04 Sep 202014:14:21 - DEBUG - base_rp_db.py - [line:606] -  ----------Round:15----------


----------------------------------------
> Fri, 04 Sep 202014:14:21 - DEBUG - base_rp_db.py - [line:612] -  To User: 请问对于餐馆意图有什么其他的子需求吗-----


----------------------------------------
> Fri, 04 Sep 202014:14:21 - DEBUG - base_rp_db.py - [line:615] -  ----USER: 没了-----


----------------------------------------
> Fri, 04 Sep 202014:14:21 - DEBUG - base_rp_db.py - [line:781] -  ----------Round:16----------


----------------------------------------
> Fri, 04 Sep 202014:14:21 - DEBUG - base_rp_db.py - [line:787] -  To User: 你对旅行还有什么新需求吗？


----------------------------------------
> Fri, 04 Sep 202014:14:21 - DEBUG - base_rp_db.py - [line:790] -  USER: 没有了


----------------------------------------
> Fri, 04 Sep 202014:14:21 - INFO - base_rp_db.py - [line:462] -  rps_db length: 1

----------------------------------------
> Fri, 04 Sep 202014:14:21 - INFO - base_rp_db.py - [line:462] -  rps_db length: 1

----------------------------------------
> Fri, 04 Sep 202014:14:21 - INFO - base_rp_db.py - [line:721] -  -----当前指针点为主席套餐


----------------------------------------
> Fri, 04 Sep 202014:14:21 - INFO - base_rp_db.py - [line:1064] -  ---未使用模式库或模式库或需求知识图谱中无主席套餐意图----


----------------------------------------
> Fri, 04 Sep 202014:14:21 - INFO - base_rp_db.py - [line:1068] -  ----------Round:17----------


----------------------------------------
> Fri, 04 Sep 202014:14:21 - DEBUG - base_rp_db.py - [line:1071] -  To User: 无法匹配主席套餐


----------------------------------------
> Fri, 04 Sep 202014:14:21 - DEBUG - base_rp_db.py - [line:1075] -  To User: 你对主席套餐的约束是什么？


----------------------------------------
> Fri, 04 Sep 202014:14:21 - DEBUG - base_rp_db.py - [line:1110] -  USER: 我都无所谓


----------------------------------------
> Fri, 04 Sep 202014:14:21 - DEBUG - base_rp_db.py - [line:584] -  ----------Round:18----------


----------------------------------------
> Fri, 04 Sep 202014:14:21 - DEBUG - base_rp_db.py - [line:591] -  To User: ---------检测到当前主席套餐下无子节点，请问对于该意图有什么其他的子需求吗-----


----------------------------------------
> Fri, 04 Sep 202014:14:21 - DEBUG - base_rp_db.py - [line:595] -  ----USER: 没了-----


----------------------------------------
> Fri, 04 Sep 202014:14:21 - INFO - base_rp_db.py - [line:353] -  Generate Result:{'id': 0, 'goal': {'goalId': 2170, 'content': '旅行', 'parentId': -1, 'requireId': 261, 'restricts': [], 'optTargets': [], 'hasMatched': False, 'rpId': -1}, 'children': [{'id': 2171, 'goal': {'goalId': 2171, 'content': '酒店', 'parentId': 2170, 'requireId': 261, 'restricts': [{'goalId': 2171, 'key': '价格', 'valueType': 'region', 'minValue': 300.0, 'maxValue': 400.0, 'unit': '元', 'value': ''}, {'goalId': 2171, 'key': '名称', 'valueType': 'enum', 'minValue': 0.0, 'maxValue': 999.0, 'unit': '', 'value': '时光漫步怀旧主题酒店(北京国家体育总局天坛店)'}, {'goalId': 2171, 'key': '评分', 'valueType': 'enum', 'minValue': 0.0, 'maxValue': 999.0, 'unit': '', 'value': '5分'}], 'optTargets': [], 'hasMatched': False, 'rpId': -1}, 'children': []}, {'id': 2172, 'goal': {'goalId': 2172, 'content': '景点', 'parentId': 2170, 'requireId': 261, 'restricts': [{'goalId': 2172, 'key': '名称', 'valueType': 'enum', 'minValue': 0.0, 'maxValue': 999.0, 'unit': '', 'value': '团城演武厅'}, {'goalId': 2172, 'key': '评分', 'valueType': 'enum', 'minValue': 0.0, 'maxValue': 999.0, 'unit': '', 'value': '5分'}, {'goalId': 2172, 'key': '门票', 'valueType': 'region', 'minValue': 0.0, 'maxValue': 0.0, 'unit': '元', 'value': ''}], 'optTargets': [], 'hasMatched': False, 'rpId': -1}, 'children': []}, {'id': 2173, 'goal': {'goalId': 2173, 'content': '地铁', 'parentId': 2170, 'requireId': 261, 'restricts': [{'goalId': 2173, 'key': '出发地', 'valueType': 'enum', 'minValue': 0.0, 'maxValue': 999.0, 'unit': '', 'value': '时光漫步怀旧主题酒店(北京国家体育总局天坛店)'}, {'goalId': 2173, 'key': '目的地', 'valueType': 'enum', 'minValue': 0.0, 'maxValue': 999.0, 'unit': '', 'value': '团城演武厅'}], 'optTargets': [], 'hasMatched': False, 'rpId': -1}, 'children': []}, {'id': 2174, 'goal': {'goalId': 2174, 'content': '餐馆', 'parentId': 2170, 'requireId': 261, 'restricts': [{'goalId': 2174, 'key': '人均消费', 'valueType': 'region', 'minValue': 50.0, 'maxValue': 100.0, 'unit': '元', 'value': ''}, {'goalId': 2174, 'key': '名称', 'valueType': 'enum', 'minValue': 0.0, 'maxValue': 999.0, 'unit': '', 'value': '庆丰包子铺 八达岭长城店(滚天沟停车场店)'}, {'goalId': 2174, 'key': '评分', 'valueType': 'region', 'minValue': 4.0, 'maxValue': 9999.0, 'unit': '分', 'value': ''}], 'optTargets': [], 'hasMatched': False, 'rpId': -1}, 'children': [{'id': 2175, 'goal': {'goalId': 2175, 'content': '主席套餐', 'parentId': 2174, 'requireId': 261, 'restricts': [], 'optTargets': [], 'hasMatched': False, 'rpId': -1}, 'children': []}]}], 'requireInfo': {'userId': 'test_require1', 'requireId': 261, 'timestamp': '2020-04-28T11:30:00.000+0800', 'state': 0, 'serviceSchemeUrl': None}, 'contexts': {}}

----------------------------------------
> Fri, 04 Sep 202014:14:21 - INFO - core_tree_pid_k2_e2_mod_1.py - [line:170] -  457

----------------------------------------
> Fri, 04 Sep 202014:14:21 - INFO - core_tree_pid_k2_e2_mod_1.py - [line:180] -  --------对话已结束------------

