----------------------------------------
> Fri, 04 Sep 202014:08:44 - INFO - core_tree_pid_k2_e2_mod_1.py - [line:134] -  Start of program

----------------------------------------
> Fri, 04 Sep 202014:08:44 - INFO - core_tree_pid_k2_e2_mod_1.py - [line:138] -  test_id:


----------------------------------------
> Fri, 04 Sep 202014:08:44 - INFO - core_tree_pid_k2_e2_mod_1.py - [line:139] -  46

----------------------------------------
> Fri, 04 Sep 202014:08:44 - INFO - core_tree_pid_k2_e2_mod_1.py - [line:143] -  ------Round:1---------


----------------------------------------
> Fri, 04 Sep 202014:08:44 - DEBUG - core_tree_pid_k2_e2_mod_1.py - [line:145] -  您好，很高兴为您服务

----------------------------------------
> Fri, 04 Sep 202014:08:44 - DEBUG - core_tree_pid_k2_e2_mod_1.py - [line:150] -  USER: 我要去旅行

----------------------------------------
> Fri, 04 Sep 202014:08:45 - INFO - base_rp_db.py - [line:330] -  Model:{'id': 7015, 'goal': {'goalId': 7015, 'content': '旅行', 'parentId': -1, 'requireId': -1, 'restricts': [], 'optTargets': [], 'hasMatched': False, 'rpId': 96}, 'children': [{'id': 7016, 'goal': {'goalId': 7016, 'content': '出租', 'parentId': 7015, 'requireId': -1, 'restricts': [{'goalId': 7016, 'key': '目的地', 'valueType': 'enum', 'minValue': 0.0, 'maxValue': 999.0, 'unit': '', 'value': '天安门广场'}, {'goalId': 7016, 'key': '出发地', 'valueType': 'enum', 'minValue': 0.0, 'maxValue': 999.0, 'unit': '', 'value': '北京鹏润国际大酒店'}], 'optTargets': [], 'hasMatched': False, 'rpId': 96}, 'children': []}, {'id': 7018, 'goal': {'goalId': 7018, 'content': '景点', 'parentId': 7015, 'requireId': -1, 'restricts': [{'goalId': 7018, 'key': '门票', 'valueType': 'enum', 'minValue': 0.0, 'maxValue': 999.0, 'unit': '', 'value': '不免费'}, {'goalId': 7018, 'key': '游玩时间', 'valueType': 'region', 'minValue': 2.0, 'maxValue': 4.0, 'unit': '小时', 'value': ''}, {'goalId': 7018, 'key': '评分', 'valueType': 'enum', 'minValue': 0.0, 'maxValue': 999.0, 'unit': '', 'value': '5分'}], 'optTargets': [], 'hasMatched': False, 'rpId': 96}, 'children': []}, {'id': 7023, 'goal': {'goalId': 7023, 'content': '酒店', 'parentId': 7015, 'requireId': -1, 'restricts': [], 'optTargets': [], 'hasMatched': False, 'rpId': 96}, 'children': []}, {'id': 7024, 'goal': {'goalId': 7024, 'content': '餐馆', 'parentId': 7015, 'requireId': -1, 'restricts': [], 'optTargets': [], 'hasMatched': False, 'rpId': 96}, 'children': []}]}

----------------------------------------
> Fri, 04 Sep 202014:08:45 - INFO - base_rp_db.py - [line:462] -  rps_db length: 1

----------------------------------------
> Fri, 04 Sep 202014:08:45 - INFO - base_rp_db.py - [line:462] -  rps_db length: 1

----------------------------------------
> Fri, 04 Sep 202014:08:45 - INFO - base_rp_db.py - [line:871] -  ---模板树中对应旅行意图无约束----


----------------------------------------
> Fri, 04 Sep 202014:08:45 - INFO - base_rp_db.py - [line:874] -  ----正在需求模式库中查找所有对应旅行的模式或子模式约束...----


----------------------------------------
> Fri, 04 Sep 202014:08:45 - DEBUG - base_rp_db.py - [line:879] -  ----------Round:2----------


----------------------------------------
> Fri, 04 Sep 202014:08:45 - INFO - base_rp_db.py - [line:882] -  ----需求模式库中旅行的约束为空.----


----------------------------------------
> Fri, 04 Sep 202014:08:45 - INFO - base_rp_db.py - [line:885] -  content旅行

----------------------------------------
> Fri, 04 Sep 202014:08:45 - INFO - base_rp_db.py - [line:888] -  restricts:[]

----------------------------------------
> Fri, 04 Sep 202014:08:45 - DEBUG - base_rp_db.py - [line:891] -  To user:对于旅行部分是否满意?


----------------------------------------
> Fri, 04 Sep 202014:08:45 - DEBUG - base_rp_db.py - [line:987] -  USER: 我觉得应该有如下修改：


----------------------------------------
> Fri, 04 Sep 202014:08:45 - INFO - base_rp_db.py - [line:1007] -  --------Round End---------


----------------------------------------
> Fri, 04 Sep 202014:08:45 - INFO - base_rp_db.py - [line:462] -  rps_db length: 2

----------------------------------------
> Fri, 04 Sep 202014:08:45 - INFO - base_rp_db.py - [line:462] -  rps_db length: 4

----------------------------------------
> Fri, 04 Sep 202014:08:45 - DEBUG - base_rp_db.py - [line:673] -  ----------Round:3----------


----------------------------------------
> Fri, 04 Sep 202014:08:45 - DEBUG - base_rp_db.py - [line:676] -  请问您对于出租是否需要？


----------------------------------------
> Fri, 04 Sep 202014:08:45 - DEBUG - base_rp_db.py - [line:679] -  USER: 不需要


----------------------------------------
> Fri, 04 Sep 202014:08:45 - DEBUG - base_rp_db.py - [line:662] -  ----------Round:4----------


----------------------------------------
> Fri, 04 Sep 202014:08:45 - DEBUG - base_rp_db.py - [line:665] -  请问您对于景点是否需要？


----------------------------------------
> Fri, 04 Sep 202014:08:45 - DEBUG - base_rp_db.py - [line:668] -  USER: 需要


----------------------------------------
> Fri, 04 Sep 202014:08:45 - INFO - base_rp_db.py - [line:941] -  ----------Round:5----------


----------------------------------------
> Fri, 04 Sep 202014:08:45 - DEBUG - base_rp_db.py - [line:944] -  在需求模式库中对景点进行查找...

----------------------------------------
> Fri, 04 Sep 202014:08:45 - DEBUG - base_rp_db.py - [line:947] -  对于景点的约束这样如何:


----------------------------------------
> Fri, 04 Sep 202014:08:45 - DEBUG - base_rp_db.py - [line:958] -  景点的游玩时间范围, 1到2小时


----------------------------------------
> Fri, 04 Sep 202014:08:45 - DEBUG - base_rp_db.py - [line:958] -  景点的评分范围, 4到9999分


----------------------------------------
> Fri, 04 Sep 202014:08:45 - DEBUG - base_rp_db.py - [line:958] -  景点的门票范围, 50到100元


----------------------------------------
> Fri, 04 Sep 202014:08:45 - DEBUG - base_rp_db.py - [line:984] -  To user:对于景点部分是否满意?


----------------------------------------
> Fri, 04 Sep 202014:08:45 - DEBUG - base_rp_db.py - [line:987] -  USER: 我觉得应该有如下修改：


----------------------------------------
> Fri, 04 Sep 202014:08:45 - DEBUG - base_rp_db.py - [line:1004] -  景点的名称：日坛公园


----------------------------------------
> Fri, 04 Sep 202014:08:45 - DEBUG - base_rp_db.py - [line:998] -  景点的游玩时间范围, 1到2小时


----------------------------------------
> Fri, 04 Sep 202014:08:45 - DEBUG - base_rp_db.py - [line:1004] -  景点的源领域：景点


----------------------------------------
> Fri, 04 Sep 202014:08:45 - DEBUG - base_rp_db.py - [line:998] -  景点的评分范围, 4到9999分


----------------------------------------
> Fri, 04 Sep 202014:08:45 - DEBUG - base_rp_db.py - [line:998] -  景点的门票范围, 20到50元


----------------------------------------
> Fri, 04 Sep 202014:08:45 - INFO - base_rp_db.py - [line:1007] -  --------Round End---------


----------------------------------------
> Fri, 04 Sep 202014:08:45 - DEBUG - base_rp_db.py - [line:584] -  ----------Round:6----------


----------------------------------------
> Fri, 04 Sep 202014:08:45 - DEBUG - base_rp_db.py - [line:591] -  To User: ---------检测到当前景点下无子节点，请问对于该意图有什么其他的子需求吗-----


----------------------------------------
> Fri, 04 Sep 202014:08:45 - DEBUG - base_rp_db.py - [line:595] -  ----USER: 没了-----


----------------------------------------
> Fri, 04 Sep 202014:08:45 - DEBUG - base_rp_db.py - [line:662] -  ----------Round:7----------


----------------------------------------
> Fri, 04 Sep 202014:08:45 - DEBUG - base_rp_db.py - [line:665] -  请问您对于酒店是否需要？


----------------------------------------
> Fri, 04 Sep 202014:08:45 - DEBUG - base_rp_db.py - [line:668] -  USER: 需要


----------------------------------------
> Fri, 04 Sep 202014:08:45 - INFO - base_rp_db.py - [line:871] -  ---模板树中对应酒店意图无约束----


----------------------------------------
> Fri, 04 Sep 202014:08:45 - INFO - base_rp_db.py - [line:874] -  ----正在需求模式库中查找所有对应酒店的模式或子模式约束...----


----------------------------------------
> Fri, 04 Sep 202014:08:45 - INFO - base_rp_db.py - [line:896] -  ----------Round:8----------


----------------------------------------
> Fri, 04 Sep 202014:08:45 - DEBUG - base_rp_db.py - [line:899] -  To User:对于酒店的约束这样如何:


----------------------------------------
> Fri, 04 Sep 202014:08:45 - DEBUG - base_rp_db.py - [line:910] -  酒店的价格范围, 300到400元


----------------------------------------
> Fri, 04 Sep 202014:08:45 - DEBUG - base_rp_db.py - [line:910] -  酒店的评分范围, 4到9999分


----------------------------------------
> Fri, 04 Sep 202014:08:45 - DEBUG - base_rp_db.py - [line:927] -  酒店的酒店类型：豪华型


----------------------------------------
> Fri, 04 Sep 202014:08:45 - DEBUG - base_rp_db.py - [line:936] -  To user:对于酒店部分是否满意?


----------------------------------------
> Fri, 04 Sep 202014:08:45 - DEBUG - base_rp_db.py - [line:987] -  USER: 我觉得应该有如下修改：


----------------------------------------
> Fri, 04 Sep 202014:08:45 - DEBUG - base_rp_db.py - [line:998] -  酒店的价格范围, 500到600元


----------------------------------------
> Fri, 04 Sep 202014:08:45 - INFO - base_rp_db.py - [line:1007] -  --------Round End---------


----------------------------------------
> Fri, 04 Sep 202014:08:45 - DEBUG - base_rp_db.py - [line:584] -  ----------Round:9----------


----------------------------------------
> Fri, 04 Sep 202014:08:45 - DEBUG - base_rp_db.py - [line:591] -  To User: ---------检测到当前酒店下无子节点，请问对于该意图有什么其他的子需求吗-----


----------------------------------------
> Fri, 04 Sep 202014:08:45 - DEBUG - base_rp_db.py - [line:600] -  USER: 我还需要西式餐厅


----------------------------------------
> Fri, 04 Sep 202014:08:45 - DEBUG - base_rp_db.py - [line:606] -  ----------Round:10----------


----------------------------------------
> Fri, 04 Sep 202014:08:45 - DEBUG - base_rp_db.py - [line:612] -  To User: 请问对于酒店意图有什么其他的子需求吗-----


----------------------------------------
> Fri, 04 Sep 202014:08:45 - DEBUG - base_rp_db.py - [line:615] -  ----USER: 没了-----


----------------------------------------
> Fri, 04 Sep 202014:08:45 - DEBUG - base_rp_db.py - [line:673] -  ----------Round:11----------


----------------------------------------
> Fri, 04 Sep 202014:08:45 - DEBUG - base_rp_db.py - [line:676] -  请问您对于餐馆是否需要？


----------------------------------------
> Fri, 04 Sep 202014:08:45 - DEBUG - base_rp_db.py - [line:679] -  USER: 不需要


----------------------------------------
> Fri, 04 Sep 202014:08:45 - DEBUG - base_rp_db.py - [line:756] -  ----------Round:12----------


----------------------------------------
> Fri, 04 Sep 202014:08:45 - DEBUG - base_rp_db.py - [line:762] -  To User: 你对旅行还有什么新需求吗？


----------------------------------------
> Fri, 04 Sep 202014:08:45 - DEBUG - base_rp_db.py - [line:790] -  USER: 没有了


----------------------------------------
> Fri, 04 Sep 202014:08:45 - INFO - base_rp_db.py - [line:462] -  rps_db length: 1

----------------------------------------
> Fri, 04 Sep 202014:08:45 - INFO - base_rp_db.py - [line:462] -  rps_db length: 1

----------------------------------------
> Fri, 04 Sep 202014:08:45 - INFO - base_rp_db.py - [line:721] -  -----当前指针点为西式餐厅


----------------------------------------
> Fri, 04 Sep 202014:08:45 - INFO - base_rp_db.py - [line:871] -  ---模板树中对应西式餐厅意图无约束----


----------------------------------------
> Fri, 04 Sep 202014:08:45 - INFO - base_rp_db.py - [line:874] -  ----正在需求模式库中查找所有对应西式餐厅的模式或子模式约束...----


----------------------------------------
> Fri, 04 Sep 202014:08:45 - DEBUG - base_rp_db.py - [line:879] -  ----------Round:13----------


----------------------------------------
> Fri, 04 Sep 202014:08:45 - INFO - base_rp_db.py - [line:882] -  ----需求模式库中西式餐厅的约束为空.----


----------------------------------------
> Fri, 04 Sep 202014:08:45 - INFO - base_rp_db.py - [line:885] -  content西式餐厅

----------------------------------------
> Fri, 04 Sep 202014:08:45 - INFO - base_rp_db.py - [line:888] -  restricts:[]

----------------------------------------
> Fri, 04 Sep 202014:08:45 - DEBUG - base_rp_db.py - [line:891] -  To user:对于西式餐厅部分是否满意?


----------------------------------------
> Fri, 04 Sep 202014:08:45 - DEBUG - base_rp_db.py - [line:987] -  USER: 我觉得应该有如下修改：


----------------------------------------
> Fri, 04 Sep 202014:08:45 - INFO - base_rp_db.py - [line:1007] -  --------Round End---------


----------------------------------------
> Fri, 04 Sep 202014:08:45 - DEBUG - base_rp_db.py - [line:584] -  ----------Round:14----------


----------------------------------------
> Fri, 04 Sep 202014:08:45 - DEBUG - base_rp_db.py - [line:591] -  To User: ---------检测到当前西式餐厅下无子节点，请问对于该意图有什么其他的子需求吗-----


----------------------------------------
> Fri, 04 Sep 202014:08:45 - DEBUG - base_rp_db.py - [line:595] -  ----USER: 没了-----


----------------------------------------
> Fri, 04 Sep 202014:08:45 - INFO - base_rp_db.py - [line:353] -  Generate Result:{'id': 0, 'goal': {'goalId': 3921, 'content': '旅行', 'parentId': -1, 'requireId': 604, 'restricts': [], 'optTargets': [], 'hasMatched': False, 'rpId': -1}, 'children': [{'id': 3922, 'goal': {'goalId': 3922, 'content': '景点', 'parentId': 3921, 'requireId': 604, 'restricts': [{'goalId': 3922, 'key': '名称', 'valueType': 'enum', 'minValue': 0.0, 'maxValue': 999.0, 'unit': '', 'value': '日坛公园'}, {'goalId': 3922, 'key': '游玩时间', 'valueType': 'region', 'minValue': 1.0, 'maxValue': 2.0, 'unit': '小时', 'value': ''}, {'goalId': 3922, 'key': '源领域', 'valueType': 'enum', 'minValue': 0.0, 'maxValue': 999.0, 'unit': '', 'value': '景点'}, {'goalId': 3922, 'key': '评分', 'valueType': 'region', 'minValue': 4.0, 'maxValue': 9999.0, 'unit': '分', 'value': ''}, {'goalId': 3922, 'key': '门票', 'valueType': 'region', 'minValue': 20.0, 'maxValue': 50.0, 'unit': '元', 'value': ''}], 'optTargets': [], 'hasMatched': False, 'rpId': -1}, 'children': []}, {'id': 3923, 'goal': {'goalId': 3923, 'content': '酒店', 'parentId': 3921, 'requireId': 604, 'restricts': [{'goalId': 3923, 'key': '价格', 'valueType': 'region', 'minValue': 500.0, 'maxValue': 600.0, 'unit': '元', 'value': ''}], 'optTargets': [], 'hasMatched': False, 'rpId': -1}, 'children': [{'id': 3924, 'goal': {'goalId': 3924, 'content': '西式餐厅', 'parentId': 3923, 'requireId': 604, 'restricts': [], 'optTargets': [], 'hasMatched': False, 'rpId': -1}, 'children': []}]}], 'requireInfo': {'userId': 'test_require1', 'requireId': 604, 'timestamp': '2020-04-28T11:30:16.000+0800', 'state': 0, 'serviceSchemeUrl': None}, 'contexts': {}}

----------------------------------------
> Fri, 04 Sep 202014:08:45 - INFO - core_tree_pid_k2_e2_mod_1.py - [line:170] -  46

----------------------------------------
> Fri, 04 Sep 202014:08:45 - INFO - core_tree_pid_k2_e2_mod_1.py - [line:180] -  --------对话已结束------------

