----------------------------------------
> Fri, 04 Sep 202014:14:08 - INFO - core_tree_pid_k2_e2_mod_1.py - [line:134] -  Start of program

----------------------------------------
> Fri, 04 Sep 202014:14:08 - INFO - core_tree_pid_k2_e2_mod_1.py - [line:138] -  test_id:


----------------------------------------
> Fri, 04 Sep 202014:14:08 - INFO - core_tree_pid_k2_e2_mod_1.py - [line:139] -  446

----------------------------------------
> Fri, 04 Sep 202014:14:08 - INFO - core_tree_pid_k2_e2_mod_1.py - [line:143] -  ------Round:1---------


----------------------------------------
> Fri, 04 Sep 202014:14:08 - DEBUG - core_tree_pid_k2_e2_mod_1.py - [line:145] -  您好，很高兴为您服务

----------------------------------------
> Fri, 04 Sep 202014:14:08 - DEBUG - core_tree_pid_k2_e2_mod_1.py - [line:150] -  USER: 我要去旅行

----------------------------------------
> Fri, 04 Sep 202014:14:08 - INFO - base_rp_db.py - [line:330] -  Model:{'id': 8259, 'goal': {'goalId': 8259, 'content': '旅行', 'parentId': -1, 'requireId': -1, 'restricts': [], 'optTargets': [], 'hasMatched': False, 'rpId': 520}, 'children': [{'id': 8260, 'goal': {'goalId': 8260, 'content': '景点', 'parentId': 8259, 'requireId': -1, 'restricts': [{'goalId': 8260, 'key': '游玩时间', 'valueType': 'region', 'minValue': 0.0, 'maxValue': 1.0, 'unit': '小时', 'value': ''}, {'goalId': 8260, 'key': '评分', 'valueType': 'region', 'minValue': 4.0, 'maxValue': 9999.0, 'unit': '分', 'value': ''}, {'goalId': 8260, 'key': '门票', 'valueType': 'region', 'minValue': 100.0, 'maxValue': 150.0, 'unit': '元', 'value': ''}], 'optTargets': [], 'hasMatched': False, 'rpId': 520}, 'children': []}, {'id': 8261, 'goal': {'goalId': 8261, 'content': '酒店', 'parentId': 8259, 'requireId': -1, 'restricts': [{'goalId': 8261, 'key': '价格', 'valueType': 'region', 'minValue': 500.0, 'maxValue': 600.0, 'unit': '元', 'value': ''}, {'goalId': 8261, 'key': '酒店类型', 'valueType': 'enum', 'minValue': 0.0, 'maxValue': 999.0, 'unit': '', 'value': '经济型'}], 'optTargets': [], 'hasMatched': False, 'rpId': 520}, 'children': []}]}

----------------------------------------
> Fri, 04 Sep 202014:14:09 - INFO - base_rp_db.py - [line:462] -  rps_db length: 1

----------------------------------------
> Fri, 04 Sep 202014:14:09 - INFO - base_rp_db.py - [line:462] -  rps_db length: 1

----------------------------------------
> Fri, 04 Sep 202014:14:09 - INFO - base_rp_db.py - [line:871] -  ---模板树中对应旅行意图无约束----


----------------------------------------
> Fri, 04 Sep 202014:14:09 - INFO - base_rp_db.py - [line:874] -  ----正在需求模式库中查找所有对应旅行的模式或子模式约束...----


----------------------------------------
> Fri, 04 Sep 202014:14:09 - DEBUG - base_rp_db.py - [line:879] -  ----------Round:2----------


----------------------------------------
> Fri, 04 Sep 202014:14:09 - INFO - base_rp_db.py - [line:882] -  ----需求模式库中旅行的约束为空.----


----------------------------------------
> Fri, 04 Sep 202014:14:09 - INFO - base_rp_db.py - [line:885] -  content旅行

----------------------------------------
> Fri, 04 Sep 202014:14:09 - INFO - base_rp_db.py - [line:888] -  restricts:[]

----------------------------------------
> Fri, 04 Sep 202014:14:09 - DEBUG - base_rp_db.py - [line:891] -  To user:对于旅行部分是否满意?


----------------------------------------
> Fri, 04 Sep 202014:14:09 - DEBUG - base_rp_db.py - [line:987] -  USER: 我觉得应该有如下修改：


----------------------------------------
> Fri, 04 Sep 202014:14:09 - INFO - base_rp_db.py - [line:1007] -  --------Round End---------


----------------------------------------
> Fri, 04 Sep 202014:14:09 - INFO - base_rp_db.py - [line:462] -  rps_db length: 4

----------------------------------------
> Fri, 04 Sep 202014:14:09 - INFO - base_rp_db.py - [line:462] -  rps_db length: 2

----------------------------------------
> Fri, 04 Sep 202014:14:09 - DEBUG - base_rp_db.py - [line:662] -  ----------Round:3----------


----------------------------------------
> Fri, 04 Sep 202014:14:09 - DEBUG - base_rp_db.py - [line:665] -  请问您对于景点是否需要？


----------------------------------------
> Fri, 04 Sep 202014:14:09 - DEBUG - base_rp_db.py - [line:668] -  USER: 需要


----------------------------------------
> Fri, 04 Sep 202014:14:09 - INFO - base_rp_db.py - [line:941] -  ----------Round:4----------


----------------------------------------
> Fri, 04 Sep 202014:14:09 - DEBUG - base_rp_db.py - [line:944] -  在需求模式库中对景点进行查找...

----------------------------------------
> Fri, 04 Sep 202014:14:09 - DEBUG - base_rp_db.py - [line:947] -  对于景点的约束这样如何:


----------------------------------------
> Fri, 04 Sep 202014:14:09 - DEBUG - base_rp_db.py - [line:958] -  景点的游玩时间范围, 1到2小时


----------------------------------------
> Fri, 04 Sep 202014:14:09 - DEBUG - base_rp_db.py - [line:958] -  景点的评分范围, 4到9999分


----------------------------------------
> Fri, 04 Sep 202014:14:09 - DEBUG - base_rp_db.py - [line:958] -  景点的门票范围, 50到100元


----------------------------------------
> Fri, 04 Sep 202014:14:09 - DEBUG - base_rp_db.py - [line:984] -  To user:对于景点部分是否满意?


----------------------------------------
> Fri, 04 Sep 202014:14:09 - DEBUG - base_rp_db.py - [line:987] -  USER: 我觉得应该有如下修改：


----------------------------------------
> Fri, 04 Sep 202014:14:09 - DEBUG - base_rp_db.py - [line:1004] -  景点的名称：张裕爱斐堡国际酒庄


----------------------------------------
> Fri, 04 Sep 202014:14:09 - DEBUG - base_rp_db.py - [line:998] -  景点的评分范围, 4到9999分


----------------------------------------
> Fri, 04 Sep 202014:14:09 - INFO - base_rp_db.py - [line:1007] -  --------Round End---------


----------------------------------------
> Fri, 04 Sep 202014:14:09 - DEBUG - base_rp_db.py - [line:584] -  ----------Round:5----------


----------------------------------------
> Fri, 04 Sep 202014:14:09 - DEBUG - base_rp_db.py - [line:591] -  To User: ---------检测到当前景点下无子节点，请问对于该意图有什么其他的子需求吗-----


----------------------------------------
> Fri, 04 Sep 202014:14:09 - DEBUG - base_rp_db.py - [line:595] -  ----USER: 没了-----


----------------------------------------
> Fri, 04 Sep 202014:14:09 - DEBUG - base_rp_db.py - [line:662] -  ----------Round:6----------


----------------------------------------
> Fri, 04 Sep 202014:14:09 - DEBUG - base_rp_db.py - [line:665] -  请问您对于酒店是否需要？


----------------------------------------
> Fri, 04 Sep 202014:14:09 - DEBUG - base_rp_db.py - [line:668] -  USER: 需要


----------------------------------------
> Fri, 04 Sep 202014:14:09 - INFO - base_rp_db.py - [line:941] -  ----------Round:7----------


----------------------------------------
> Fri, 04 Sep 202014:14:09 - DEBUG - base_rp_db.py - [line:944] -  在需求模式库中对酒店进行查找...

----------------------------------------
> Fri, 04 Sep 202014:14:09 - DEBUG - base_rp_db.py - [line:947] -  对于酒店的约束这样如何:


----------------------------------------
> Fri, 04 Sep 202014:14:09 - DEBUG - base_rp_db.py - [line:958] -  酒店的价格范围, 300到400元


----------------------------------------
> Fri, 04 Sep 202014:14:09 - DEBUG - base_rp_db.py - [line:958] -  酒店的评分范围, 4到9999分


----------------------------------------
> Fri, 04 Sep 202014:14:09 - DEBUG - base_rp_db.py - [line:975] -  酒店的酒店类型：豪华型


----------------------------------------
> Fri, 04 Sep 202014:14:09 - DEBUG - base_rp_db.py - [line:984] -  To user:对于酒店部分是否满意?


----------------------------------------
> Fri, 04 Sep 202014:14:09 - DEBUG - base_rp_db.py - [line:987] -  USER: 我觉得应该有如下修改：


----------------------------------------
> Fri, 04 Sep 202014:14:09 - DEBUG - base_rp_db.py - [line:998] -  酒店的价格范围, 500到600元


----------------------------------------
> Fri, 04 Sep 202014:14:09 - DEBUG - base_rp_db.py - [line:1004] -  酒店的名称：如家商旅酒店(北京牡丹园地铁站店)


----------------------------------------
> Fri, 04 Sep 202014:14:09 - DEBUG - base_rp_db.py - [line:1004] -  酒店的评分：5分


----------------------------------------
> Fri, 04 Sep 202014:14:09 - DEBUG - base_rp_db.py - [line:1004] -  酒店的酒店类型：舒适型


----------------------------------------
> Fri, 04 Sep 202014:14:09 - INFO - base_rp_db.py - [line:1007] -  --------Round End---------


----------------------------------------
> Fri, 04 Sep 202014:14:09 - DEBUG - base_rp_db.py - [line:584] -  ----------Round:8----------


----------------------------------------
> Fri, 04 Sep 202014:14:09 - DEBUG - base_rp_db.py - [line:591] -  To User: ---------检测到当前酒店下无子节点，请问对于该意图有什么其他的子需求吗-----


----------------------------------------
> Fri, 04 Sep 202014:14:09 - DEBUG - base_rp_db.py - [line:600] -  USER: 我还需要24小时热水


----------------------------------------
> Fri, 04 Sep 202014:14:09 - DEBUG - base_rp_db.py - [line:606] -  ----------Round:9----------


----------------------------------------
> Fri, 04 Sep 202014:14:09 - DEBUG - base_rp_db.py - [line:612] -  To User: 请问对于酒店意图有什么其他的子需求吗-----


----------------------------------------
> Fri, 04 Sep 202014:14:09 - DEBUG - base_rp_db.py - [line:600] -  USER: 我还需要宽带上网


----------------------------------------
> Fri, 04 Sep 202014:14:09 - DEBUG - base_rp_db.py - [line:606] -  ----------Round:10----------


----------------------------------------
> Fri, 04 Sep 202014:14:09 - DEBUG - base_rp_db.py - [line:612] -  To User: 请问对于酒店意图有什么其他的子需求吗-----


----------------------------------------
> Fri, 04 Sep 202014:14:09 - DEBUG - base_rp_db.py - [line:615] -  ----USER: 没了-----


----------------------------------------
> Fri, 04 Sep 202014:14:09 - DEBUG - base_rp_db.py - [line:756] -  ----------Round:11----------


----------------------------------------
> Fri, 04 Sep 202014:14:09 - DEBUG - base_rp_db.py - [line:762] -  To User: 你对旅行还有什么新需求吗？


----------------------------------------
> Fri, 04 Sep 202014:14:09 - DEBUG - base_rp_db.py - [line:767] -  USER: 我要加入餐馆


----------------------------------------
> Fri, 04 Sep 202014:14:09 - INFO - base_rp_db.py - [line:941] -  ----------Round:12----------


----------------------------------------
> Fri, 04 Sep 202014:14:09 - DEBUG - base_rp_db.py - [line:944] -  在需求模式库中对餐馆进行查找...

----------------------------------------
> Fri, 04 Sep 202014:14:09 - DEBUG - base_rp_db.py - [line:947] -  对于餐馆的约束这样如何:


----------------------------------------
> Fri, 04 Sep 202014:14:09 - DEBUG - base_rp_db.py - [line:958] -  餐馆的人均消费范围, 50到100元


----------------------------------------
> Fri, 04 Sep 202014:14:09 - DEBUG - base_rp_db.py - [line:958] -  餐馆的评分范围, 4到9999分


----------------------------------------
> Fri, 04 Sep 202014:14:09 - DEBUG - base_rp_db.py - [line:984] -  To user:对于餐馆部分是否满意?


----------------------------------------
> Fri, 04 Sep 202014:14:09 - DEBUG - base_rp_db.py - [line:987] -  USER: 我觉得应该有如下修改：


----------------------------------------
> Fri, 04 Sep 202014:14:09 - DEBUG - base_rp_db.py - [line:998] -  餐馆的人均消费范围, 50到100元


----------------------------------------
> Fri, 04 Sep 202014:14:09 - DEBUG - base_rp_db.py - [line:1004] -  餐馆的名称：金百万烤鸭店(顺义店)


----------------------------------------
> Fri, 04 Sep 202014:14:09 - INFO - base_rp_db.py - [line:1007] -  --------Round End---------


----------------------------------------
> Fri, 04 Sep 202014:14:09 - DEBUG - base_rp_db.py - [line:584] -  ----------Round:13----------


----------------------------------------
> Fri, 04 Sep 202014:14:09 - DEBUG - base_rp_db.py - [line:591] -  To User: ---------检测到当前餐馆下无子节点，请问对于该意图有什么其他的子需求吗-----


----------------------------------------
> Fri, 04 Sep 202014:14:09 - DEBUG - base_rp_db.py - [line:600] -  USER: 我还需要水煮划鱼


----------------------------------------
> Fri, 04 Sep 202014:14:09 - DEBUG - base_rp_db.py - [line:606] -  ----------Round:14----------


----------------------------------------
> Fri, 04 Sep 202014:14:09 - DEBUG - base_rp_db.py - [line:612] -  To User: 请问对于餐馆意图有什么其他的子需求吗-----


----------------------------------------
> Fri, 04 Sep 202014:14:09 - DEBUG - base_rp_db.py - [line:615] -  ----USER: 没了-----


----------------------------------------
> Fri, 04 Sep 202014:14:09 - DEBUG - base_rp_db.py - [line:781] -  ----------Round:15----------


----------------------------------------
> Fri, 04 Sep 202014:14:09 - DEBUG - base_rp_db.py - [line:787] -  To User: 你对旅行还有什么新需求吗？


----------------------------------------
> Fri, 04 Sep 202014:14:09 - DEBUG - base_rp_db.py - [line:767] -  USER: 我要加入出租


----------------------------------------
> Fri, 04 Sep 202014:14:09 - INFO - base_rp_db.py - [line:941] -  ----------Round:16----------


----------------------------------------
> Fri, 04 Sep 202014:14:09 - DEBUG - base_rp_db.py - [line:944] -  在需求模式库中对出租进行查找...

----------------------------------------
> Fri, 04 Sep 202014:14:09 - DEBUG - base_rp_db.py - [line:947] -  对于出租的约束这样如何:


----------------------------------------
> Fri, 04 Sep 202014:14:09 - DEBUG - base_rp_db.py - [line:975] -  出租的目的地：天安门广场


----------------------------------------
> Fri, 04 Sep 202014:14:09 - DEBUG - base_rp_db.py - [line:975] -  出租的出发地：北京鹏润国际大酒店


----------------------------------------
> Fri, 04 Sep 202014:14:09 - DEBUG - base_rp_db.py - [line:984] -  To user:对于出租部分是否满意?


----------------------------------------
> Fri, 04 Sep 202014:14:09 - DEBUG - base_rp_db.py - [line:987] -  USER: 我觉得应该有如下修改：


----------------------------------------
> Fri, 04 Sep 202014:14:09 - DEBUG - base_rp_db.py - [line:1004] -  出租的出发地：7天优品酒店(北京国贸劲松地铁站店)


----------------------------------------
> Fri, 04 Sep 202014:14:09 - DEBUG - base_rp_db.py - [line:1004] -  出租的目的地：如家商旅酒店(北京牡丹园地铁站店)


----------------------------------------
> Fri, 04 Sep 202014:14:09 - INFO - base_rp_db.py - [line:1007] -  --------Round End---------


----------------------------------------
> Fri, 04 Sep 202014:14:09 - DEBUG - base_rp_db.py - [line:584] -  ----------Round:17----------


----------------------------------------
> Fri, 04 Sep 202014:14:09 - DEBUG - base_rp_db.py - [line:591] -  To User: ---------检测到当前出租下无子节点，请问对于该意图有什么其他的子需求吗-----


----------------------------------------
> Fri, 04 Sep 202014:14:09 - DEBUG - base_rp_db.py - [line:595] -  ----USER: 没了-----


----------------------------------------
> Fri, 04 Sep 202014:14:09 - DEBUG - base_rp_db.py - [line:781] -  ----------Round:18----------


----------------------------------------
> Fri, 04 Sep 202014:14:09 - DEBUG - base_rp_db.py - [line:787] -  To User: 你对旅行还有什么新需求吗？


----------------------------------------
> Fri, 04 Sep 202014:14:09 - DEBUG - base_rp_db.py - [line:790] -  USER: 没有了


----------------------------------------
> Fri, 04 Sep 202014:14:09 - INFO - base_rp_db.py - [line:462] -  rps_db length: 3

----------------------------------------
> Fri, 04 Sep 202014:14:09 - INFO - base_rp_db.py - [line:462] -  rps_db length: 3

----------------------------------------
> Fri, 04 Sep 202014:14:09 - INFO - base_rp_db.py - [line:721] -  -----当前指针点为24小时热水


----------------------------------------
> Fri, 04 Sep 202014:14:09 - INFO - base_rp_db.py - [line:871] -  ---模板树中对应24小时热水意图无约束----


----------------------------------------
> Fri, 04 Sep 202014:14:09 - INFO - base_rp_db.py - [line:874] -  ----正在需求模式库中查找所有对应24小时热水的模式或子模式约束...----


----------------------------------------
> Fri, 04 Sep 202014:14:09 - DEBUG - base_rp_db.py - [line:879] -  ----------Round:19----------


----------------------------------------
> Fri, 04 Sep 202014:14:09 - INFO - base_rp_db.py - [line:882] -  ----需求模式库中24小时热水的约束为空.----


----------------------------------------
> Fri, 04 Sep 202014:14:09 - INFO - base_rp_db.py - [line:885] -  content24小时热水

----------------------------------------
> Fri, 04 Sep 202014:14:09 - INFO - base_rp_db.py - [line:888] -  restricts:[]

----------------------------------------
> Fri, 04 Sep 202014:14:09 - DEBUG - base_rp_db.py - [line:891] -  To user:对于24小时热水部分是否满意?


----------------------------------------
> Fri, 04 Sep 202014:14:09 - DEBUG - base_rp_db.py - [line:987] -  USER: 我觉得应该有如下修改：


----------------------------------------
> Fri, 04 Sep 202014:14:09 - INFO - base_rp_db.py - [line:1007] -  --------Round End---------


----------------------------------------
> Fri, 04 Sep 202014:14:09 - DEBUG - base_rp_db.py - [line:584] -  ----------Round:20----------


----------------------------------------
> Fri, 04 Sep 202014:14:09 - DEBUG - base_rp_db.py - [line:591] -  To User: ---------检测到当前24小时热水下无子节点，请问对于该意图有什么其他的子需求吗-----


----------------------------------------
> Fri, 04 Sep 202014:14:09 - DEBUG - base_rp_db.py - [line:595] -  ----USER: 没了-----


----------------------------------------
> Fri, 04 Sep 202014:14:09 - INFO - base_rp_db.py - [line:721] -  -----当前指针点为宽带上网


----------------------------------------
> Fri, 04 Sep 202014:14:09 - INFO - base_rp_db.py - [line:871] -  ---模板树中对应宽带上网意图无约束----


----------------------------------------
> Fri, 04 Sep 202014:14:09 - INFO - base_rp_db.py - [line:874] -  ----正在需求模式库中查找所有对应宽带上网的模式或子模式约束...----


----------------------------------------
> Fri, 04 Sep 202014:14:09 - DEBUG - base_rp_db.py - [line:879] -  ----------Round:21----------


----------------------------------------
> Fri, 04 Sep 202014:14:09 - INFO - base_rp_db.py - [line:882] -  ----需求模式库中宽带上网的约束为空.----


----------------------------------------
> Fri, 04 Sep 202014:14:09 - INFO - base_rp_db.py - [line:885] -  content宽带上网

----------------------------------------
> Fri, 04 Sep 202014:14:09 - INFO - base_rp_db.py - [line:888] -  restricts:[]

----------------------------------------
> Fri, 04 Sep 202014:14:09 - DEBUG - base_rp_db.py - [line:891] -  To user:对于宽带上网部分是否满意?


----------------------------------------
> Fri, 04 Sep 202014:14:09 - DEBUG - base_rp_db.py - [line:987] -  USER: 我觉得应该有如下修改：


----------------------------------------
> Fri, 04 Sep 202014:14:09 - INFO - base_rp_db.py - [line:1007] -  --------Round End---------


----------------------------------------
> Fri, 04 Sep 202014:14:09 - DEBUG - base_rp_db.py - [line:584] -  ----------Round:22----------


----------------------------------------
> Fri, 04 Sep 202014:14:09 - DEBUG - base_rp_db.py - [line:591] -  To User: ---------检测到当前宽带上网下无子节点，请问对于该意图有什么其他的子需求吗-----


----------------------------------------
> Fri, 04 Sep 202014:14:10 - DEBUG - base_rp_db.py - [line:595] -  ----USER: 没了-----


----------------------------------------
> Fri, 04 Sep 202014:14:10 - INFO - base_rp_db.py - [line:1064] -  ---未使用模式库或模式库或需求知识图谱中无水煮划鱼意图----


----------------------------------------
> Fri, 04 Sep 202014:14:10 - INFO - base_rp_db.py - [line:1068] -  ----------Round:23----------


----------------------------------------
> Fri, 04 Sep 202014:14:10 - DEBUG - base_rp_db.py - [line:1071] -  To User: 无法匹配水煮划鱼


----------------------------------------
> Fri, 04 Sep 202014:14:10 - DEBUG - base_rp_db.py - [line:1075] -  To User: 你对水煮划鱼的约束是什么？


----------------------------------------
> Fri, 04 Sep 202014:14:10 - DEBUG - base_rp_db.py - [line:1110] -  USER: 我都无所谓


----------------------------------------
> Fri, 04 Sep 202014:14:10 - DEBUG - base_rp_db.py - [line:584] -  ----------Round:24----------


----------------------------------------
> Fri, 04 Sep 202014:14:10 - DEBUG - base_rp_db.py - [line:591] -  To User: ---------检测到当前水煮划鱼下无子节点，请问对于该意图有什么其他的子需求吗-----


----------------------------------------
> Fri, 04 Sep 202014:14:10 - DEBUG - base_rp_db.py - [line:595] -  ----USER: 没了-----


----------------------------------------
> Fri, 04 Sep 202014:14:10 - INFO - base_rp_db.py - [line:353] -  Generate Result:{'id': 0, 'goal': {'goalId': 2938, 'content': '旅行', 'parentId': -1, 'requireId': 416, 'restricts': [], 'optTargets': [], 'hasMatched': False, 'rpId': -1}, 'children': [{'id': 2939, 'goal': {'goalId': 2939, 'content': '酒店', 'parentId': 2938, 'requireId': 416, 'restricts': [{'goalId': 2939, 'key': '价格', 'valueType': 'region', 'minValue': 500.0, 'maxValue': 600.0, 'unit': '元', 'value': ''}, {'goalId': 2939, 'key': '名称', 'valueType': 'enum', 'minValue': 0.0, 'maxValue': 999.0, 'unit': '', 'value': '如家商旅酒店(北京牡丹园地铁站店)'}, {'goalId': 2939, 'key': '评分', 'valueType': 'enum', 'minValue': 0.0, 'maxValue': 999.0, 'unit': '', 'value': '5分'}, {'goalId': 2939, 'key': '酒店类型', 'valueType': 'enum', 'minValue': 0.0, 'maxValue': 999.0, 'unit': '', 'value': '舒适型'}], 'optTargets': [], 'hasMatched': False, 'rpId': -1}, 'children': [{'id': 2940, 'goal': {'goalId': 2940, 'content': '24小时热水', 'parentId': 2939, 'requireId': 416, 'restricts': [], 'optTargets': [], 'hasMatched': False, 'rpId': -1}, 'children': []}, {'id': 2941, 'goal': {'goalId': 2941, 'content': '宽带上网', 'parentId': 2939, 'requireId': 416, 'restricts': [], 'optTargets': [], 'hasMatched': False, 'rpId': -1}, 'children': []}]}, {'id': 2942, 'goal': {'goalId': 2942, 'content': '景点', 'parentId': 2938, 'requireId': 416, 'restricts': [{'goalId': 2942, 'key': '名称', 'valueType': 'enum', 'minValue': 0.0, 'maxValue': 999.0, 'unit': '', 'value': '张裕爱斐堡国际酒庄'}, {'goalId': 2942, 'key': '评分', 'valueType': 'region', 'minValue': 4.0, 'maxValue': 9999.0, 'unit': '分', 'value': ''}], 'optTargets': [], 'hasMatched': False, 'rpId': -1}, 'children': []}, {'id': 2943, 'goal': {'goalId': 2943, 'content': '餐馆', 'parentId': 2938, 'requireId': 416, 'restricts': [{'goalId': 2943, 'key': '人均消费', 'valueType': 'region', 'minValue': 50.0, 'maxValue': 100.0, 'unit': '元', 'value': ''}, {'goalId': 2943, 'key': '名称', 'valueType': 'enum', 'minValue': 0.0, 'maxValue': 999.0, 'unit': '', 'value': '金百万烤鸭店(顺义店)'}], 'optTargets': [], 'hasMatched': False, 'rpId': -1}, 'children': [{'id': 2944, 'goal': {'goalId': 2944, 'content': '水煮划鱼', 'parentId': 2943, 'requireId': 416, 'restricts': [], 'optTargets': [], 'hasMatched': False, 'rpId': -1}, 'children': []}]}, {'id': 2945, 'goal': {'goalId': 2945, 'content': '出租', 'parentId': 2938, 'requireId': 416, 'restricts': [{'goalId': 2945, 'key': '出发地', 'valueType': 'enum', 'minValue': 0.0, 'maxValue': 999.0, 'unit': '', 'value': '7天优品酒店(北京国贸劲松地铁站店)'}, {'goalId': 2945, 'key': '目的地', 'valueType': 'enum', 'minValue': 0.0, 'maxValue': 999.0, 'unit': '', 'value': '如家商旅酒店(北京牡丹园地铁站店)'}], 'optTargets': [], 'hasMatched': False, 'rpId': -1}, 'children': []}], 'requireInfo': {'userId': 'test_require1', 'requireId': 416, 'timestamp': '2020-04-28T11:30:08.000+0800', 'state': 0, 'serviceSchemeUrl': None}, 'contexts': {}}

----------------------------------------
> Fri, 04 Sep 202014:14:10 - INFO - core_tree_pid_k2_e2_mod_1.py - [line:170] -  446

----------------------------------------
> Fri, 04 Sep 202014:14:10 - INFO - core_tree_pid_k2_e2_mod_1.py - [line:180] -  --------对话已结束------------

