----------------------------------------
> Fri, 04 Sep 202015:03:25 - INFO - core_tree_pid_k2_e2_mod_1.py - [line:134] -  Start of program

----------------------------------------
> Fri, 04 Sep 202015:03:25 - INFO - core_tree_pid_k2_e2_mod_1.py - [line:138] -  test_id:


----------------------------------------
> Fri, 04 Sep 202015:03:25 - INFO - core_tree_pid_k2_e2_mod_1.py - [line:139] -  1826

----------------------------------------
> Fri, 04 Sep 202015:03:25 - INFO - core_tree_pid_k2_e2_mod_1.py - [line:143] -  ------Round:1---------


----------------------------------------
> Fri, 04 Sep 202015:03:25 - DEBUG - core_tree_pid_k2_e2_mod_1.py - [line:145] -  您好，很高兴为您服务

----------------------------------------
> Fri, 04 Sep 202015:03:25 - DEBUG - core_tree_pid_k2_e2_mod_1.py - [line:150] -  USER: 我要去旅行

----------------------------------------
> Fri, 04 Sep 202015:03:25 - INFO - base_rp_db.py - [line:330] -  Model:{'id': 7284, 'goal': {'goalId': 7284, 'content': '旅行', 'parentId': -1, 'requireId': -1, 'restricts': [], 'optTargets': [], 'hasMatched': False, 'rpId': 180}, 'children': [{'id': 7285, 'goal': {'goalId': 7285, 'content': '餐馆', 'parentId': 7284, 'requireId': -1, 'restricts': [{'goalId': 7285, 'key': '人均消费', 'valueType': 'region', 'minValue': 150.0, 'maxValue': 500.0, 'unit': '元', 'value': ''}], 'optTargets': [], 'hasMatched': False, 'rpId': 180}, 'children': [{'id': 7286, 'goal': {'goalId': 7286, 'content': '推荐菜-素三鲜', 'parentId': 7285, 'requireId': -1, 'restricts': [], 'optTargets': [], 'hasMatched': False, 'rpId': 180}, 'children': []}]}]}

----------------------------------------
> Fri, 04 Sep 202015:03:25 - INFO - base_rp_db.py - [line:462] -  rps_db length: 1

----------------------------------------
> Fri, 04 Sep 202015:03:25 - INFO - base_rp_db.py - [line:462] -  rps_db length: 1

----------------------------------------
> Fri, 04 Sep 202015:03:25 - INFO - base_rp_db.py - [line:871] -  ---模板树中对应旅行意图无约束----


----------------------------------------
> Fri, 04 Sep 202015:03:25 - INFO - base_rp_db.py - [line:874] -  ----正在需求模式库中查找所有对应旅行的模式或子模式约束...----


----------------------------------------
> Fri, 04 Sep 202015:03:25 - DEBUG - base_rp_db.py - [line:879] -  ----------Round:2----------


----------------------------------------
> Fri, 04 Sep 202015:03:25 - INFO - base_rp_db.py - [line:882] -  ----需求模式库中旅行的约束为空.----


----------------------------------------
> Fri, 04 Sep 202015:03:25 - INFO - base_rp_db.py - [line:885] -  content旅行

----------------------------------------
> Fri, 04 Sep 202015:03:25 - INFO - base_rp_db.py - [line:888] -  restricts:[]

----------------------------------------
> Fri, 04 Sep 202015:03:25 - DEBUG - base_rp_db.py - [line:891] -  To user:对于旅行部分是否满意?


----------------------------------------
> Fri, 04 Sep 202015:03:25 - DEBUG - base_rp_db.py - [line:987] -  USER: 我觉得应该有如下修改：


----------------------------------------
> Fri, 04 Sep 202015:03:25 - INFO - base_rp_db.py - [line:1007] -  --------Round End---------


----------------------------------------
> Fri, 04 Sep 202015:03:26 - INFO - base_rp_db.py - [line:462] -  rps_db length: 5

----------------------------------------
> Fri, 04 Sep 202015:03:26 - INFO - base_rp_db.py - [line:462] -  rps_db length: 1

----------------------------------------
> Fri, 04 Sep 202015:03:26 - DEBUG - base_rp_db.py - [line:662] -  ----------Round:3----------


----------------------------------------
> Fri, 04 Sep 202015:03:26 - DEBUG - base_rp_db.py - [line:665] -  请问您对于餐馆是否需要？


----------------------------------------
> Fri, 04 Sep 202015:03:26 - DEBUG - base_rp_db.py - [line:668] -  USER: 需要


----------------------------------------
> Fri, 04 Sep 202015:03:26 - INFO - base_rp_db.py - [line:941] -  ----------Round:4----------


----------------------------------------
> Fri, 04 Sep 202015:03:26 - DEBUG - base_rp_db.py - [line:944] -  在需求模式库中对餐馆进行查找...

----------------------------------------
> Fri, 04 Sep 202015:03:26 - DEBUG - base_rp_db.py - [line:947] -  对于餐馆的约束这样如何:


----------------------------------------
> Fri, 04 Sep 202015:03:26 - DEBUG - base_rp_db.py - [line:958] -  餐馆的人均消费范围, 50到100元


----------------------------------------
> Fri, 04 Sep 202015:03:26 - DEBUG - base_rp_db.py - [line:958] -  餐馆的评分范围, 4到9999分


----------------------------------------
> Fri, 04 Sep 202015:03:26 - DEBUG - base_rp_db.py - [line:984] -  To user:对于餐馆部分是否满意?


----------------------------------------
> Fri, 04 Sep 202015:03:26 - DEBUG - base_rp_db.py - [line:987] -  USER: 我觉得应该有如下修改：


----------------------------------------
> Fri, 04 Sep 202015:03:26 - DEBUG - base_rp_db.py - [line:998] -  餐馆的人均消费范围, 150到500元


----------------------------------------
> Fri, 04 Sep 202015:03:26 - INFO - base_rp_db.py - [line:1007] -  --------Round End---------


----------------------------------------
> Fri, 04 Sep 202015:03:26 - DEBUG - base_rp_db.py - [line:756] -  ----------Round:5----------


----------------------------------------
> Fri, 04 Sep 202015:03:26 - DEBUG - base_rp_db.py - [line:762] -  To User: 你对旅行还有什么新需求吗？


----------------------------------------
> Fri, 04 Sep 202015:03:26 - DEBUG - base_rp_db.py - [line:767] -  USER: 我要加入景点


----------------------------------------
> Fri, 04 Sep 202015:03:26 - INFO - base_rp_db.py - [line:941] -  ----------Round:6----------


----------------------------------------
> Fri, 04 Sep 202015:03:26 - DEBUG - base_rp_db.py - [line:944] -  在需求模式库中对景点进行查找...

----------------------------------------
> Fri, 04 Sep 202015:03:26 - DEBUG - base_rp_db.py - [line:947] -  对于景点的约束这样如何:


----------------------------------------
> Fri, 04 Sep 202015:03:26 - DEBUG - base_rp_db.py - [line:958] -  景点的游玩时间范围, 1到2小时


----------------------------------------
> Fri, 04 Sep 202015:03:26 - DEBUG - base_rp_db.py - [line:958] -  景点的评分范围, 4到9999分


----------------------------------------
> Fri, 04 Sep 202015:03:26 - DEBUG - base_rp_db.py - [line:958] -  景点的门票范围, 50到100元


----------------------------------------
> Fri, 04 Sep 202015:03:26 - DEBUG - base_rp_db.py - [line:984] -  To user:对于景点部分是否满意?


----------------------------------------
> Fri, 04 Sep 202015:03:26 - DEBUG - base_rp_db.py - [line:987] -  USER: 我觉得应该有如下修改：


----------------------------------------
> Fri, 04 Sep 202015:03:26 - DEBUG - base_rp_db.py - [line:998] -  景点的游玩时间范围, 1到2小时


----------------------------------------
> Fri, 04 Sep 202015:03:26 - DEBUG - base_rp_db.py - [line:998] -  景点的评分范围, 4到9999分


----------------------------------------
> Fri, 04 Sep 202015:03:26 - DEBUG - base_rp_db.py - [line:998] -  景点的门票范围, 100到150元


----------------------------------------
> Fri, 04 Sep 202015:03:26 - INFO - base_rp_db.py - [line:1007] -  --------Round End---------


----------------------------------------
> Fri, 04 Sep 202015:03:26 - DEBUG - base_rp_db.py - [line:584] -  ----------Round:7----------


----------------------------------------
> Fri, 04 Sep 202015:03:26 - DEBUG - base_rp_db.py - [line:591] -  To User: ---------检测到当前景点下无子节点，请问对于该意图有什么其他的子需求吗-----


----------------------------------------
> Fri, 04 Sep 202015:03:26 - DEBUG - base_rp_db.py - [line:595] -  ----USER: 没了-----


----------------------------------------
> Fri, 04 Sep 202015:03:26 - DEBUG - base_rp_db.py - [line:781] -  ----------Round:8----------


----------------------------------------
> Fri, 04 Sep 202015:03:27 - DEBUG - base_rp_db.py - [line:787] -  To User: 你对旅行还有什么新需求吗？


----------------------------------------
> Fri, 04 Sep 202015:03:27 - DEBUG - base_rp_db.py - [line:767] -  USER: 我要加入地铁


----------------------------------------
> Fri, 04 Sep 202015:03:27 - INFO - base_rp_db.py - [line:941] -  ----------Round:9----------


----------------------------------------
> Fri, 04 Sep 202015:03:27 - DEBUG - base_rp_db.py - [line:944] -  在需求模式库中对地铁进行查找...

----------------------------------------
> Fri, 04 Sep 202015:03:27 - DEBUG - base_rp_db.py - [line:947] -  对于地铁的约束这样如何:


----------------------------------------
> Fri, 04 Sep 202015:03:27 - DEBUG - base_rp_db.py - [line:975] -  地铁的目的地：北京香江戴斯酒店


----------------------------------------
> Fri, 04 Sep 202015:03:27 - DEBUG - base_rp_db.py - [line:975] -  地铁的出发地：天安门广场


----------------------------------------
> Fri, 04 Sep 202015:03:27 - DEBUG - base_rp_db.py - [line:984] -  To user:对于地铁部分是否满意?


----------------------------------------
> Fri, 04 Sep 202015:03:27 - DEBUG - base_rp_db.py - [line:987] -  USER: 我觉得应该有如下修改：


----------------------------------------
> Fri, 04 Sep 202015:03:27 - DEBUG - base_rp_db.py - [line:1004] -  地铁的出发地：金融街国际酒店季候风自助餐厅


----------------------------------------
> Fri, 04 Sep 202015:03:27 - DEBUG - base_rp_db.py - [line:1004] -  地铁的目的地：长城脚下的公社


----------------------------------------
> Fri, 04 Sep 202015:03:27 - INFO - base_rp_db.py - [line:1007] -  --------Round End---------


----------------------------------------
> Fri, 04 Sep 202015:03:27 - DEBUG - base_rp_db.py - [line:584] -  ----------Round:10----------


----------------------------------------
> Fri, 04 Sep 202015:03:27 - DEBUG - base_rp_db.py - [line:591] -  To User: ---------检测到当前地铁下无子节点，请问对于该意图有什么其他的子需求吗-----


----------------------------------------
> Fri, 04 Sep 202015:03:27 - DEBUG - base_rp_db.py - [line:595] -  ----USER: 没了-----


----------------------------------------
> Fri, 04 Sep 202015:03:27 - DEBUG - base_rp_db.py - [line:781] -  ----------Round:11----------


----------------------------------------
> Fri, 04 Sep 202015:03:27 - DEBUG - base_rp_db.py - [line:787] -  To User: 你对旅行还有什么新需求吗？


----------------------------------------
> Fri, 04 Sep 202015:03:27 - DEBUG - base_rp_db.py - [line:767] -  USER: 我要加入出租


----------------------------------------
> Fri, 04 Sep 202015:03:27 - INFO - base_rp_db.py - [line:941] -  ----------Round:12----------


----------------------------------------
> Fri, 04 Sep 202015:03:27 - DEBUG - base_rp_db.py - [line:944] -  在需求模式库中对出租进行查找...

----------------------------------------
> Fri, 04 Sep 202015:03:27 - DEBUG - base_rp_db.py - [line:947] -  对于出租的约束这样如何:


----------------------------------------
> Fri, 04 Sep 202015:03:27 - DEBUG - base_rp_db.py - [line:975] -  出租的目的地：天安门广场


----------------------------------------
> Fri, 04 Sep 202015:03:27 - DEBUG - base_rp_db.py - [line:975] -  出租的出发地：北京鹏润国际大酒店


----------------------------------------
> Fri, 04 Sep 202015:03:27 - DEBUG - base_rp_db.py - [line:984] -  To user:对于出租部分是否满意?


----------------------------------------
> Fri, 04 Sep 202015:03:27 - DEBUG - base_rp_db.py - [line:987] -  USER: 我觉得应该有如下修改：


----------------------------------------
> Fri, 04 Sep 202015:03:27 - INFO - base_rp_db.py - [line:1007] -  --------Round End---------


----------------------------------------
> Fri, 04 Sep 202015:03:27 - DEBUG - base_rp_db.py - [line:584] -  ----------Round:13----------


----------------------------------------
> Fri, 04 Sep 202015:03:27 - DEBUG - base_rp_db.py - [line:591] -  To User: ---------检测到当前出租下无子节点，请问对于该意图有什么其他的子需求吗-----


----------------------------------------
> Fri, 04 Sep 202015:03:27 - DEBUG - base_rp_db.py - [line:595] -  ----USER: 没了-----


----------------------------------------
> Fri, 04 Sep 202015:03:27 - DEBUG - base_rp_db.py - [line:781] -  ----------Round:14----------


----------------------------------------
> Fri, 04 Sep 202015:03:27 - DEBUG - base_rp_db.py - [line:787] -  To User: 你对旅行还有什么新需求吗？


----------------------------------------
> Fri, 04 Sep 202015:03:27 - DEBUG - base_rp_db.py - [line:767] -  USER: 我要加入酒店


----------------------------------------
> Fri, 04 Sep 202015:03:27 - INFO - base_rp_db.py - [line:941] -  ----------Round:15----------


----------------------------------------
> Fri, 04 Sep 202015:03:27 - DEBUG - base_rp_db.py - [line:944] -  在需求模式库中对酒店进行查找...

----------------------------------------
> Fri, 04 Sep 202015:03:28 - DEBUG - base_rp_db.py - [line:947] -  对于酒店的约束这样如何:


----------------------------------------
> Fri, 04 Sep 202015:03:28 - DEBUG - base_rp_db.py - [line:958] -  酒店的价格范围, 300到400元


----------------------------------------
> Fri, 04 Sep 202015:03:28 - DEBUG - base_rp_db.py - [line:958] -  酒店的评分范围, 4到9999分


----------------------------------------
> Fri, 04 Sep 202015:03:28 - DEBUG - base_rp_db.py - [line:975] -  酒店的酒店类型：豪华型


----------------------------------------
> Fri, 04 Sep 202015:03:28 - DEBUG - base_rp_db.py - [line:984] -  To user:对于酒店部分是否满意?


----------------------------------------
> Fri, 04 Sep 202015:03:28 - DEBUG - base_rp_db.py - [line:987] -  USER: 我觉得应该有如下修改：


----------------------------------------
> Fri, 04 Sep 202015:03:28 - INFO - base_rp_db.py - [line:1007] -  --------Round End---------


----------------------------------------
> Fri, 04 Sep 202015:03:28 - DEBUG - base_rp_db.py - [line:584] -  ----------Round:16----------


----------------------------------------
> Fri, 04 Sep 202015:03:28 - DEBUG - base_rp_db.py - [line:591] -  To User: ---------检测到当前酒店下无子节点，请问对于该意图有什么其他的子需求吗-----


----------------------------------------
> Fri, 04 Sep 202015:03:28 - DEBUG - base_rp_db.py - [line:595] -  ----USER: 没了-----


----------------------------------------
> Fri, 04 Sep 202015:03:28 - DEBUG - base_rp_db.py - [line:781] -  ----------Round:17----------


----------------------------------------
> Fri, 04 Sep 202015:03:28 - DEBUG - base_rp_db.py - [line:787] -  To User: 你对旅行还有什么新需求吗？


----------------------------------------
> Fri, 04 Sep 202015:03:28 - DEBUG - base_rp_db.py - [line:790] -  USER: 没有了


----------------------------------------
> Fri, 04 Sep 202015:03:28 - INFO - base_rp_db.py - [line:462] -  rps_db length: 1

----------------------------------------
> Fri, 04 Sep 202015:03:28 - INFO - base_rp_db.py - [line:462] -  rps_db length: 1

----------------------------------------
> Fri, 04 Sep 202015:03:28 - DEBUG - base_rp_db.py - [line:673] -  ----------Round:18----------


----------------------------------------
> Fri, 04 Sep 202015:03:28 - DEBUG - base_rp_db.py - [line:676] -  请问您对于推荐菜-素三鲜是否需要？


----------------------------------------
> Fri, 04 Sep 202015:03:28 - DEBUG - base_rp_db.py - [line:679] -  USER: 不需要


----------------------------------------
> Fri, 04 Sep 202015:03:28 - DEBUG - base_rp_db.py - [line:756] -  ----------Round:19----------


----------------------------------------
> Fri, 04 Sep 202015:03:28 - DEBUG - base_rp_db.py - [line:762] -  To User: 你对餐馆还有什么新需求吗？


----------------------------------------
> Fri, 04 Sep 202015:03:28 - DEBUG - base_rp_db.py - [line:767] -  USER: 我要加入推荐菜-铁板烧


----------------------------------------
> Fri, 04 Sep 202015:03:28 - INFO - base_rp_db.py - [line:1064] -  ---未使用模式库或模式库或需求知识图谱中无推荐菜-铁板烧意图----


----------------------------------------
> Fri, 04 Sep 202015:03:28 - INFO - base_rp_db.py - [line:1068] -  ----------Round:20----------


----------------------------------------
> Fri, 04 Sep 202015:03:28 - DEBUG - base_rp_db.py - [line:1071] -  To User: 无法匹配推荐菜-铁板烧


----------------------------------------
> Fri, 04 Sep 202015:03:28 - DEBUG - base_rp_db.py - [line:1075] -  To User: 你对推荐菜-铁板烧的约束是什么？


----------------------------------------
> Fri, 04 Sep 202015:03:28 - DEBUG - base_rp_db.py - [line:1110] -  USER: 我都无所谓


----------------------------------------
> Fri, 04 Sep 202015:03:28 - DEBUG - base_rp_db.py - [line:584] -  ----------Round:21----------


----------------------------------------
> Fri, 04 Sep 202015:03:28 - DEBUG - base_rp_db.py - [line:591] -  To User: ---------检测到当前推荐菜-铁板烧下无子节点，请问对于该意图有什么其他的子需求吗-----


----------------------------------------
> Fri, 04 Sep 202015:03:28 - DEBUG - base_rp_db.py - [line:595] -  ----USER: 没了-----


----------------------------------------
> Fri, 04 Sep 202015:03:28 - DEBUG - base_rp_db.py - [line:781] -  ----------Round:22----------


----------------------------------------
> Fri, 04 Sep 202015:03:28 - DEBUG - base_rp_db.py - [line:787] -  To User: 你对餐馆还有什么新需求吗？


----------------------------------------
> Fri, 04 Sep 202015:03:28 - DEBUG - base_rp_db.py - [line:790] -  USER: 没有了


----------------------------------------
> Fri, 04 Sep 202015:03:28 - INFO - base_rp_db.py - [line:353] -  Generate Result:{'id': 0, 'goal': {'goalId': 9394, 'content': '旅行', 'parentId': -1, 'requireId': 1520, 'restricts': [], 'optTargets': [], 'hasMatched': False, 'rpId': -1}, 'children': [{'id': 9395, 'goal': {'goalId': 9395, 'content': '餐馆', 'parentId': 9394, 'requireId': 1520, 'restricts': [{'goalId': 9395, 'key': '人均消费', 'valueType': 'region', 'minValue': 150.0, 'maxValue': 500.0, 'unit': '元', 'value': ''}], 'optTargets': [], 'hasMatched': False, 'rpId': -1}, 'children': [{'id': 9396, 'goal': {'goalId': 9396, 'content': '推荐菜-铁板烧', 'parentId': 9395, 'requireId': 1520, 'restricts': [], 'optTargets': [], 'hasMatched': False, 'rpId': -1}, 'children': []}]}, {'id': 9397, 'goal': {'goalId': 9397, 'content': '景点', 'parentId': 9394, 'requireId': 1520, 'restricts': [{'goalId': 9397, 'key': '游玩时间', 'valueType': 'region', 'minValue': 1.0, 'maxValue': 2.0, 'unit': '小时', 'value': ''}, {'goalId': 9397, 'key': '评分', 'valueType': 'region', 'minValue': 4.0, 'maxValue': 9999.0, 'unit': '分', 'value': ''}, {'goalId': 9397, 'key': '门票', 'valueType': 'region', 'minValue': 100.0, 'maxValue': 150.0, 'unit': '元', 'value': ''}], 'optTargets': [], 'hasMatched': False, 'rpId': -1}, 'children': []}, {'id': 9398, 'goal': {'goalId': 9398, 'content': '地铁', 'parentId': 9394, 'requireId': 1520, 'restricts': [{'goalId': 9398, 'key': '出发地', 'valueType': 'enum', 'minValue': 0.0, 'maxValue': 999.0, 'unit': '', 'value': '金融街国际酒店季候风自助餐厅'}, {'goalId': 9398, 'key': '目的地', 'valueType': 'enum', 'minValue': 0.0, 'maxValue': 999.0, 'unit': '', 'value': '长城脚下的公社'}], 'optTargets': [], 'hasMatched': False, 'rpId': -1}, 'children': []}, {'id': 9399, 'goal': {'goalId': 9399, 'content': '出租', 'parentId': 9394, 'requireId': 1520, 'restricts': [], 'optTargets': [], 'hasMatched': False, 'rpId': -1}, 'children': []}, {'id': 9400, 'goal': {'goalId': 9400, 'content': '酒店', 'parentId': 9394, 'requireId': 1520, 'restricts': [], 'optTargets': [], 'hasMatched': False, 'rpId': -1}, 'children': []}], 'requireInfo': {'userId': 'test_require1', 'requireId': 1520, 'timestamp': '2020-06-06T10:59:45.000+0800', 'state': 0, 'serviceSchemeUrl': None}, 'contexts': {}}

----------------------------------------
> Fri, 04 Sep 202015:03:28 - INFO - core_tree_pid_k2_e2_mod_1.py - [line:170] -  1826

----------------------------------------
> Fri, 04 Sep 202015:03:29 - INFO - core_tree_pid_k2_e2_mod_1.py - [line:180] -  --------对话已结束------------

