----------------------------------------
> Fri, 04 Sep 202014:27:58 - INFO - core_tree_pid_k2_e2_mod_3.py - [line:134] -  Start of program

----------------------------------------
> Fri, 04 Sep 202014:27:58 - INFO - core_tree_pid_k2_e2_mod_3.py - [line:138] -  test_id:


----------------------------------------
> Fri, 04 Sep 202014:27:58 - INFO - core_tree_pid_k2_e2_mod_3.py - [line:139] -  4977

----------------------------------------
> Fri, 04 Sep 202014:27:58 - INFO - core_tree_pid_k2_e2_mod_3.py - [line:143] -  ------Round:1---------


----------------------------------------
> Fri, 04 Sep 202014:27:58 - DEBUG - core_tree_pid_k2_e2_mod_3.py - [line:145] -  您好，很高兴为您服务

----------------------------------------
> Fri, 04 Sep 202014:27:58 - DEBUG - core_tree_pid_k2_e2_mod_3.py - [line:150] -  USER: 我要去旅行

----------------------------------------
> Fri, 04 Sep 202014:27:58 - INFO - base_rp_db.py - [line:330] -  Model:{'id': 12308, 'goal': {'goalId': 12308, 'content': '旅行', 'parentId': -1, 'requireId': -1, 'restricts': [], 'optTargets': [], 'hasMatched': False, 'rpId': 1631}, 'children': [{'id': 12309, 'goal': {'goalId': 12309, 'content': '景点', 'parentId': 12308, 'requireId': -1, 'restricts': [{'goalId': 12309, 'key': '游玩时间', 'valueType': 'region', 'minValue': 3.0, 'maxValue': 5.0, 'unit': '小时', 'value': ''}, {'goalId': 12309, 'key': '评分', 'valueType': 'region', 'minValue': 4.0, 'maxValue': 9999.0, 'unit': '分', 'value': ''}, {'goalId': 12309, 'key': '门票', 'valueType': 'region', 'minValue': 150.0, 'maxValue': 200.0, 'unit': '元', 'value': ''}], 'optTargets': [], 'hasMatched': False, 'rpId': 1631}, 'children': []}, {'id': 12312, 'goal': {'goalId': 12312, 'content': '酒店', 'parentId': 12308, 'requireId': -1, 'restricts': [{'goalId': 12312, 'key': '价格', 'valueType': 'region', 'minValue': 500.0, 'maxValue': 600.0, 'unit': '元', 'value': ''}, {'goalId': 12312, 'key': '酒店类型', 'valueType': 'enum', 'minValue': 0.0, 'maxValue': 999.0, 'unit': '', 'value': '经济型'}], 'optTargets': [], 'hasMatched': False, 'rpId': 1631}, 'children': []}, {'id': 12316, 'goal': {'goalId': 12316, 'content': '餐馆', 'parentId': 12308, 'requireId': -1, 'restricts': [], 'optTargets': [], 'hasMatched': False, 'rpId': 1631}, 'children': []}]}

----------------------------------------
> Fri, 04 Sep 202014:27:58 - INFO - base_rp_db.py - [line:462] -  rps_db length: 1

----------------------------------------
> Fri, 04 Sep 202014:27:58 - INFO - base_rp_db.py - [line:462] -  rps_db length: 1

----------------------------------------
> Fri, 04 Sep 202014:27:58 - INFO - base_rp_db.py - [line:871] -  ---模板树中对应旅行意图无约束----


----------------------------------------
> Fri, 04 Sep 202014:27:59 - INFO - base_rp_db.py - [line:874] -  ----正在需求模式库中查找所有对应旅行的模式或子模式约束...----


----------------------------------------
> Fri, 04 Sep 202014:27:59 - DEBUG - base_rp_db.py - [line:879] -  ----------Round:2----------


----------------------------------------
> Fri, 04 Sep 202014:27:59 - INFO - base_rp_db.py - [line:882] -  ----需求模式库中旅行的约束为空.----


----------------------------------------
> Fri, 04 Sep 202014:27:59 - INFO - base_rp_db.py - [line:885] -  content旅行

----------------------------------------
> Fri, 04 Sep 202014:27:59 - INFO - base_rp_db.py - [line:888] -  restricts:[]

----------------------------------------
> Fri, 04 Sep 202014:27:59 - DEBUG - base_rp_db.py - [line:891] -  To user:对于旅行部分是否满意?


----------------------------------------
> Fri, 04 Sep 202014:27:59 - DEBUG - base_rp_db.py - [line:987] -  USER: 我觉得应该有如下修改：


----------------------------------------
> Fri, 04 Sep 202014:27:59 - INFO - base_rp_db.py - [line:1007] -  --------Round End---------


----------------------------------------
> Fri, 04 Sep 202014:27:59 - INFO - base_rp_db.py - [line:462] -  rps_db length: 2

----------------------------------------
> Fri, 04 Sep 202014:27:59 - INFO - base_rp_db.py - [line:462] -  rps_db length: 3

----------------------------------------
> Fri, 04 Sep 202014:27:59 - DEBUG - base_rp_db.py - [line:673] -  ----------Round:3----------


----------------------------------------
> Fri, 04 Sep 202014:27:59 - DEBUG - base_rp_db.py - [line:676] -  请问您对于景点是否需要？


----------------------------------------
> Fri, 04 Sep 202014:27:59 - DEBUG - base_rp_db.py - [line:679] -  USER: 不需要


----------------------------------------
> Fri, 04 Sep 202014:27:59 - DEBUG - base_rp_db.py - [line:662] -  ----------Round:4----------


----------------------------------------
> Fri, 04 Sep 202014:27:59 - DEBUG - base_rp_db.py - [line:665] -  请问您对于酒店是否需要？


----------------------------------------
> Fri, 04 Sep 202014:27:59 - DEBUG - base_rp_db.py - [line:668] -  USER: 需要


----------------------------------------
> Fri, 04 Sep 202014:27:59 - INFO - base_rp_db.py - [line:941] -  ----------Round:5----------


----------------------------------------
> Fri, 04 Sep 202014:27:59 - DEBUG - base_rp_db.py - [line:944] -  在需求模式库中对酒店进行查找...

----------------------------------------
> Fri, 04 Sep 202014:27:59 - DEBUG - base_rp_db.py - [line:947] -  对于酒店的约束这样如何:


----------------------------------------
> Fri, 04 Sep 202014:27:59 - DEBUG - base_rp_db.py - [line:958] -  酒店的价格范围, 300到400元


----------------------------------------
> Fri, 04 Sep 202014:27:59 - DEBUG - base_rp_db.py - [line:958] -  酒店的评分范围, 4到9999分


----------------------------------------
> Fri, 04 Sep 202014:27:59 - DEBUG - base_rp_db.py - [line:975] -  酒店的酒店类型：豪华型


----------------------------------------
> Fri, 04 Sep 202014:27:59 - DEBUG - base_rp_db.py - [line:984] -  To user:对于酒店部分是否满意?


----------------------------------------
> Fri, 04 Sep 202014:27:59 - DEBUG - base_rp_db.py - [line:987] -  USER: 我觉得应该有如下修改：


----------------------------------------
> Fri, 04 Sep 202014:27:59 - DEBUG - base_rp_db.py - [line:998] -  酒店的价格范围, 400到500元


----------------------------------------
> Fri, 04 Sep 202014:27:59 - INFO - base_rp_db.py - [line:1007] -  --------Round End---------


----------------------------------------
> Fri, 04 Sep 202014:27:59 - DEBUG - base_rp_db.py - [line:584] -  ----------Round:6----------


----------------------------------------
> Fri, 04 Sep 202014:27:59 - DEBUG - base_rp_db.py - [line:591] -  To User: ---------检测到当前酒店下无子节点，请问对于该意图有什么其他的子需求吗-----


----------------------------------------
> Fri, 04 Sep 202014:27:59 - DEBUG - base_rp_db.py - [line:600] -  USER: 我还需要酒店设施-中式餐厅


----------------------------------------
> Fri, 04 Sep 202014:27:59 - DEBUG - base_rp_db.py - [line:606] -  ----------Round:7----------


----------------------------------------
> Fri, 04 Sep 202014:27:59 - DEBUG - base_rp_db.py - [line:612] -  To User: 请问对于酒店意图有什么其他的子需求吗-----


----------------------------------------
> Fri, 04 Sep 202014:27:59 - DEBUG - base_rp_db.py - [line:615] -  ----USER: 没了-----


----------------------------------------
> Fri, 04 Sep 202014:27:59 - DEBUG - base_rp_db.py - [line:662] -  ----------Round:8----------


----------------------------------------
> Fri, 04 Sep 202014:27:59 - DEBUG - base_rp_db.py - [line:665] -  请问您对于餐馆是否需要？


----------------------------------------
> Fri, 04 Sep 202014:27:59 - DEBUG - base_rp_db.py - [line:668] -  USER: 需要


----------------------------------------
> Fri, 04 Sep 202014:27:59 - INFO - base_rp_db.py - [line:871] -  ---模板树中对应餐馆意图无约束----


----------------------------------------
> Fri, 04 Sep 202014:27:59 - INFO - base_rp_db.py - [line:874] -  ----正在需求模式库中查找所有对应餐馆的模式或子模式约束...----


----------------------------------------
> Fri, 04 Sep 202014:27:59 - INFO - base_rp_db.py - [line:896] -  ----------Round:9----------


----------------------------------------
> Fri, 04 Sep 202014:27:59 - DEBUG - base_rp_db.py - [line:899] -  To User:对于餐馆的约束这样如何:


----------------------------------------
> Fri, 04 Sep 202014:27:59 - DEBUG - base_rp_db.py - [line:910] -  餐馆的人均消费范围, 50到100元


----------------------------------------
> Fri, 04 Sep 202014:27:59 - DEBUG - base_rp_db.py - [line:910] -  餐馆的评分范围, 4到9999分


----------------------------------------
> Fri, 04 Sep 202014:27:59 - DEBUG - base_rp_db.py - [line:936] -  To user:对于餐馆部分是否满意?


----------------------------------------
> Fri, 04 Sep 202014:27:59 - DEBUG - base_rp_db.py - [line:987] -  USER: 我觉得应该有如下修改：


----------------------------------------
> Fri, 04 Sep 202014:27:59 - DEBUG - base_rp_db.py - [line:998] -  餐馆的评分范围, 4到9999分


----------------------------------------
> Fri, 04 Sep 202014:27:59 - INFO - base_rp_db.py - [line:1007] -  --------Round End---------


----------------------------------------
> Fri, 04 Sep 202014:27:59 - DEBUG - base_rp_db.py - [line:584] -  ----------Round:10----------


----------------------------------------
> Fri, 04 Sep 202014:27:59 - DEBUG - base_rp_db.py - [line:591] -  To User: ---------检测到当前餐馆下无子节点，请问对于该意图有什么其他的子需求吗-----


----------------------------------------
> Fri, 04 Sep 202014:27:59 - DEBUG - base_rp_db.py - [line:600] -  USER: 我还需要推荐菜-炸腐竹


----------------------------------------
> Fri, 04 Sep 202014:27:59 - DEBUG - base_rp_db.py - [line:606] -  ----------Round:11----------


----------------------------------------
> Fri, 04 Sep 202014:27:59 - DEBUG - base_rp_db.py - [line:612] -  To User: 请问对于餐馆意图有什么其他的子需求吗-----


----------------------------------------
> Fri, 04 Sep 202014:27:59 - DEBUG - base_rp_db.py - [line:615] -  ----USER: 没了-----


----------------------------------------
> Fri, 04 Sep 202014:27:59 - DEBUG - base_rp_db.py - [line:756] -  ----------Round:12----------


----------------------------------------
> Fri, 04 Sep 202014:27:59 - DEBUG - base_rp_db.py - [line:762] -  To User: 你对旅行还有什么新需求吗？


----------------------------------------
> Fri, 04 Sep 202014:27:59 - DEBUG - base_rp_db.py - [line:790] -  USER: 没有了


----------------------------------------
> Fri, 04 Sep 202014:27:59 - INFO - base_rp_db.py - [line:462] -  rps_db length: 2

----------------------------------------
> Fri, 04 Sep 202014:27:59 - INFO - base_rp_db.py - [line:462] -  rps_db length: 2

----------------------------------------
> Fri, 04 Sep 202014:27:59 - INFO - base_rp_db.py - [line:721] -  -----当前指针点为酒店设施-中式餐厅


----------------------------------------
> Fri, 04 Sep 202014:28:00 - INFO - base_rp_db.py - [line:871] -  ---模板树中对应酒店设施-中式餐厅意图无约束----


----------------------------------------
> Fri, 04 Sep 202014:28:00 - INFO - base_rp_db.py - [line:874] -  ----正在需求模式库中查找所有对应酒店设施-中式餐厅的模式或子模式约束...----


----------------------------------------
> Fri, 04 Sep 202014:28:00 - DEBUG - base_rp_db.py - [line:879] -  ----------Round:13----------


----------------------------------------
> Fri, 04 Sep 202014:28:00 - INFO - base_rp_db.py - [line:882] -  ----需求模式库中酒店设施-中式餐厅的约束为空.----


----------------------------------------
> Fri, 04 Sep 202014:28:00 - INFO - base_rp_db.py - [line:885] -  content酒店设施-中式餐厅

----------------------------------------
> Fri, 04 Sep 202014:28:00 - INFO - base_rp_db.py - [line:888] -  restricts:[]

----------------------------------------
> Fri, 04 Sep 202014:28:00 - DEBUG - base_rp_db.py - [line:891] -  To user:对于酒店设施-中式餐厅部分是否满意?


----------------------------------------
> Fri, 04 Sep 202014:28:00 - DEBUG - base_rp_db.py - [line:987] -  USER: 我觉得应该有如下修改：


----------------------------------------
> Fri, 04 Sep 202014:28:00 - INFO - base_rp_db.py - [line:1007] -  --------Round End---------


----------------------------------------
> Fri, 04 Sep 202014:28:00 - DEBUG - base_rp_db.py - [line:584] -  ----------Round:14----------


----------------------------------------
> Fri, 04 Sep 202014:28:00 - DEBUG - base_rp_db.py - [line:591] -  To User: ---------检测到当前酒店设施-中式餐厅下无子节点，请问对于该意图有什么其他的子需求吗-----


----------------------------------------
> Fri, 04 Sep 202014:28:00 - DEBUG - base_rp_db.py - [line:595] -  ----USER: 没了-----


----------------------------------------
> Fri, 04 Sep 202014:28:00 - INFO - base_rp_db.py - [line:1064] -  ---未使用模式库或模式库或需求知识图谱中无推荐菜-炸腐竹意图----


----------------------------------------
> Fri, 04 Sep 202014:28:00 - INFO - base_rp_db.py - [line:1068] -  ----------Round:15----------


----------------------------------------
> Fri, 04 Sep 202014:28:00 - DEBUG - base_rp_db.py - [line:1071] -  To User: 无法匹配推荐菜-炸腐竹


----------------------------------------
> Fri, 04 Sep 202014:28:00 - DEBUG - base_rp_db.py - [line:1075] -  To User: 你对推荐菜-炸腐竹的约束是什么？


----------------------------------------
> Fri, 04 Sep 202014:28:00 - DEBUG - base_rp_db.py - [line:1110] -  USER: 我都无所谓


----------------------------------------
> Fri, 04 Sep 202014:28:00 - DEBUG - base_rp_db.py - [line:584] -  ----------Round:16----------


----------------------------------------
> Fri, 04 Sep 202014:28:00 - DEBUG - base_rp_db.py - [line:591] -  To User: ---------检测到当前推荐菜-炸腐竹下无子节点，请问对于该意图有什么其他的子需求吗-----


----------------------------------------
> Fri, 04 Sep 202014:28:00 - DEBUG - base_rp_db.py - [line:595] -  ----USER: 没了-----


----------------------------------------
> Fri, 04 Sep 202014:28:00 - INFO - base_rp_db.py - [line:353] -  Generate Result:{'id': 0, 'goal': {'goalId': 24972, 'content': '旅行', 'parentId': -1, 'requireId': 4671, 'restricts': [], 'optTargets': [], 'hasMatched': False, 'rpId': -1}, 'children': [{'id': 24973, 'goal': {'goalId': 24973, 'content': '酒店', 'parentId': 24972, 'requireId': 4671, 'restricts': [{'goalId': 24973, 'key': '价格', 'valueType': 'region', 'minValue': 400.0, 'maxValue': 500.0, 'unit': '元', 'value': ''}], 'optTargets': [], 'hasMatched': False, 'rpId': -1}, 'children': [{'id': 24974, 'goal': {'goalId': 24974, 'content': '酒店设施-中式餐厅', 'parentId': 24973, 'requireId': 4671, 'restricts': [], 'optTargets': [], 'hasMatched': False, 'rpId': -1}, 'children': []}]}, {'id': 24975, 'goal': {'goalId': 24975, 'content': '餐馆', 'parentId': 24972, 'requireId': 4671, 'restricts': [{'goalId': 24975, 'key': '评分', 'valueType': 'region', 'minValue': 4.0, 'maxValue': 9999.0, 'unit': '分', 'value': ''}], 'optTargets': [], 'hasMatched': False, 'rpId': -1}, 'children': [{'id': 24976, 'goal': {'goalId': 24976, 'content': '推荐菜-炸腐竹', 'parentId': 24975, 'requireId': 4671, 'restricts': [], 'optTargets': [], 'hasMatched': False, 'rpId': -1}, 'children': []}]}], 'requireInfo': {'userId': 'test_require1', 'requireId': 4671, 'timestamp': '2020-06-06T11:01:36.000+0800', 'state': 0, 'serviceSchemeUrl': None}, 'contexts': {}}

----------------------------------------
> Fri, 04 Sep 202014:28:00 - INFO - core_tree_pid_k2_e2_mod_3.py - [line:170] -  4977

----------------------------------------
> Fri, 04 Sep 202014:28:00 - INFO - core_tree_pid_k2_e2_mod_3.py - [line:180] -  --------对话已结束------------

