----------------------------------------
> Fri, 04 Sep 202014:17:53 - INFO - core_tree_pid_k2_e2_mod_2.py - [line:134] -  Start of program

----------------------------------------
> Fri, 04 Sep 202014:17:53 - INFO - core_tree_pid_k2_e2_mod_2.py - [line:138] -  test_id:


----------------------------------------
> Fri, 04 Sep 202014:17:53 - INFO - core_tree_pid_k2_e2_mod_2.py - [line:139] -  2591

----------------------------------------
> Fri, 04 Sep 202014:17:53 - INFO - core_tree_pid_k2_e2_mod_2.py - [line:143] -  ------Round:1---------


----------------------------------------
> Fri, 04 Sep 202014:17:53 - DEBUG - core_tree_pid_k2_e2_mod_2.py - [line:145] -  您好，很高兴为您服务

----------------------------------------
> Fri, 04 Sep 202014:17:53 - DEBUG - core_tree_pid_k2_e2_mod_2.py - [line:150] -  USER: 我要去旅行

----------------------------------------
> Fri, 04 Sep 202014:17:53 - INFO - base_rp_db.py - [line:330] -  Model:{'id': 9589, 'goal': {'goalId': 9589, 'content': '旅行', 'parentId': -1, 'requireId': -1, 'restricts': [], 'optTargets': [], 'hasMatched': False, 'rpId': 955}, 'children': [{'id': 9592, 'goal': {'goalId': 9592, 'content': '酒店', 'parentId': 9589, 'requireId': -1, 'restricts': [], 'optTargets': [], 'hasMatched': False, 'rpId': 955}, 'children': [{'id': 9597, 'goal': {'goalId': 9597, 'content': '酒店设施-健身房', 'parentId': 9592, 'requireId': -1, 'restricts': [], 'optTargets': [], 'hasMatched': False, 'rpId': 955}, 'children': []}]}]}

----------------------------------------
> Fri, 04 Sep 202014:17:53 - INFO - base_rp_db.py - [line:462] -  rps_db length: 1

----------------------------------------
> Fri, 04 Sep 202014:17:53 - INFO - base_rp_db.py - [line:462] -  rps_db length: 1

----------------------------------------
> Fri, 04 Sep 202014:17:53 - INFO - base_rp_db.py - [line:871] -  ---模板树中对应旅行意图无约束----


----------------------------------------
> Fri, 04 Sep 202014:17:53 - INFO - base_rp_db.py - [line:874] -  ----正在需求模式库中查找所有对应旅行的模式或子模式约束...----


----------------------------------------
> Fri, 04 Sep 202014:17:53 - DEBUG - base_rp_db.py - [line:879] -  ----------Round:2----------


----------------------------------------
> Fri, 04 Sep 202014:17:53 - INFO - base_rp_db.py - [line:882] -  ----需求模式库中旅行的约束为空.----


----------------------------------------
> Fri, 04 Sep 202014:17:53 - INFO - base_rp_db.py - [line:885] -  content旅行

----------------------------------------
> Fri, 04 Sep 202014:17:53 - INFO - base_rp_db.py - [line:888] -  restricts:[]

----------------------------------------
> Fri, 04 Sep 202014:17:53 - DEBUG - base_rp_db.py - [line:891] -  To user:对于旅行部分是否满意?


----------------------------------------
> Fri, 04 Sep 202014:17:53 - DEBUG - base_rp_db.py - [line:987] -  USER: 我觉得应该有如下修改：


----------------------------------------
> Fri, 04 Sep 202014:17:53 - INFO - base_rp_db.py - [line:1007] -  --------Round End---------


----------------------------------------
> Fri, 04 Sep 202014:17:54 - INFO - base_rp_db.py - [line:462] -  rps_db length: 4

----------------------------------------
> Fri, 04 Sep 202014:17:54 - INFO - base_rp_db.py - [line:462] -  rps_db length: 1

----------------------------------------
> Fri, 04 Sep 202014:17:54 - DEBUG - base_rp_db.py - [line:662] -  ----------Round:3----------


----------------------------------------
> Fri, 04 Sep 202014:17:54 - DEBUG - base_rp_db.py - [line:665] -  请问您对于酒店是否需要？


----------------------------------------
> Fri, 04 Sep 202014:17:54 - DEBUG - base_rp_db.py - [line:668] -  USER: 需要


----------------------------------------
> Fri, 04 Sep 202014:17:54 - INFO - base_rp_db.py - [line:871] -  ---模板树中对应酒店意图无约束----


----------------------------------------
> Fri, 04 Sep 202014:17:54 - INFO - base_rp_db.py - [line:874] -  ----正在需求模式库中查找所有对应酒店的模式或子模式约束...----


----------------------------------------
> Fri, 04 Sep 202014:17:54 - INFO - base_rp_db.py - [line:896] -  ----------Round:4----------


----------------------------------------
> Fri, 04 Sep 202014:17:54 - DEBUG - base_rp_db.py - [line:899] -  To User:对于酒店的约束这样如何:


----------------------------------------
> Fri, 04 Sep 202014:17:54 - DEBUG - base_rp_db.py - [line:910] -  酒店的价格范围, 300到400元


----------------------------------------
> Fri, 04 Sep 202014:17:54 - DEBUG - base_rp_db.py - [line:910] -  酒店的评分范围, 4到9999分


----------------------------------------
> Fri, 04 Sep 202014:17:54 - DEBUG - base_rp_db.py - [line:927] -  酒店的酒店类型：豪华型


----------------------------------------
> Fri, 04 Sep 202014:17:54 - DEBUG - base_rp_db.py - [line:936] -  To user:对于酒店部分是否满意?


----------------------------------------
> Fri, 04 Sep 202014:17:54 - DEBUG - base_rp_db.py - [line:987] -  USER: 我觉得应该有如下修改：


----------------------------------------
> Fri, 04 Sep 202014:17:54 - INFO - base_rp_db.py - [line:1007] -  --------Round End---------


----------------------------------------
> Fri, 04 Sep 202014:17:54 - DEBUG - base_rp_db.py - [line:756] -  ----------Round:5----------


----------------------------------------
> Fri, 04 Sep 202014:17:54 - DEBUG - base_rp_db.py - [line:762] -  To User: 你对旅行还有什么新需求吗？


----------------------------------------
> Fri, 04 Sep 202014:17:54 - DEBUG - base_rp_db.py - [line:767] -  USER: 我要加入景点


----------------------------------------
> Fri, 04 Sep 202014:17:54 - INFO - base_rp_db.py - [line:871] -  ---模板树中对应景点意图无约束----


----------------------------------------
> Fri, 04 Sep 202014:17:54 - INFO - base_rp_db.py - [line:874] -  ----正在需求模式库中查找所有对应景点的模式或子模式约束...----


----------------------------------------
> Fri, 04 Sep 202014:17:54 - INFO - base_rp_db.py - [line:896] -  ----------Round:6----------


----------------------------------------
> Fri, 04 Sep 202014:17:54 - DEBUG - base_rp_db.py - [line:899] -  To User:对于景点的约束这样如何:


----------------------------------------
> Fri, 04 Sep 202014:17:54 - DEBUG - base_rp_db.py - [line:910] -  景点的游玩时间范围, 1到2小时


----------------------------------------
> Fri, 04 Sep 202014:17:54 - DEBUG - base_rp_db.py - [line:910] -  景点的评分范围, 4到9999分


----------------------------------------
> Fri, 04 Sep 202014:17:54 - DEBUG - base_rp_db.py - [line:910] -  景点的门票范围, 50到100元


----------------------------------------
> Fri, 04 Sep 202014:17:54 - DEBUG - base_rp_db.py - [line:936] -  To user:对于景点部分是否满意?


----------------------------------------
> Fri, 04 Sep 202014:17:54 - DEBUG - base_rp_db.py - [line:987] -  USER: 我觉得应该有如下修改：


----------------------------------------
> Fri, 04 Sep 202014:17:54 - DEBUG - base_rp_db.py - [line:998] -  景点的游玩时间范围, 0到0小时


----------------------------------------
> Fri, 04 Sep 202014:17:54 - DEBUG - base_rp_db.py - [line:998] -  景点的评分范围, 4到9999分


----------------------------------------
> Fri, 04 Sep 202014:17:54 - DEBUG - base_rp_db.py - [line:998] -  景点的门票范围, 150到200元


----------------------------------------
> Fri, 04 Sep 202014:17:54 - INFO - base_rp_db.py - [line:1007] -  --------Round End---------


----------------------------------------
> Fri, 04 Sep 202014:17:54 - DEBUG - base_rp_db.py - [line:584] -  ----------Round:7----------


----------------------------------------
> Fri, 04 Sep 202014:17:54 - DEBUG - base_rp_db.py - [line:591] -  To User: ---------检测到当前景点下无子节点，请问对于该意图有什么其他的子需求吗-----


----------------------------------------
> Fri, 04 Sep 202014:17:54 - DEBUG - base_rp_db.py - [line:595] -  ----USER: 没了-----


----------------------------------------
> Fri, 04 Sep 202014:17:54 - DEBUG - base_rp_db.py - [line:781] -  ----------Round:8----------


----------------------------------------
> Fri, 04 Sep 202014:17:54 - DEBUG - base_rp_db.py - [line:787] -  To User: 你对旅行还有什么新需求吗？


----------------------------------------
> Fri, 04 Sep 202014:17:54 - DEBUG - base_rp_db.py - [line:767] -  USER: 我要加入餐馆


----------------------------------------
> Fri, 04 Sep 202014:17:54 - INFO - base_rp_db.py - [line:871] -  ---模板树中对应餐馆意图无约束----


----------------------------------------
> Fri, 04 Sep 202014:17:54 - INFO - base_rp_db.py - [line:874] -  ----正在需求模式库中查找所有对应餐馆的模式或子模式约束...----


----------------------------------------
> Fri, 04 Sep 202014:17:54 - INFO - base_rp_db.py - [line:896] -  ----------Round:9----------


----------------------------------------
> Fri, 04 Sep 202014:17:54 - DEBUG - base_rp_db.py - [line:899] -  To User:对于餐馆的约束这样如何:


----------------------------------------
> Fri, 04 Sep 202014:17:54 - DEBUG - base_rp_db.py - [line:910] -  餐馆的人均消费范围, 50到100元


----------------------------------------
> Fri, 04 Sep 202014:17:54 - DEBUG - base_rp_db.py - [line:910] -  餐馆的评分范围, 4到9999分


----------------------------------------
> Fri, 04 Sep 202014:17:54 - DEBUG - base_rp_db.py - [line:936] -  To user:对于餐馆部分是否满意?


----------------------------------------
> Fri, 04 Sep 202014:17:54 - DEBUG - base_rp_db.py - [line:987] -  USER: 我觉得应该有如下修改：


----------------------------------------
> Fri, 04 Sep 202014:17:54 - INFO - base_rp_db.py - [line:1007] -  --------Round End---------


----------------------------------------
> Fri, 04 Sep 202014:17:54 - DEBUG - base_rp_db.py - [line:584] -  ----------Round:10----------


----------------------------------------
> Fri, 04 Sep 202014:17:54 - DEBUG - base_rp_db.py - [line:591] -  To User: ---------检测到当前餐馆下无子节点，请问对于该意图有什么其他的子需求吗-----


----------------------------------------
> Fri, 04 Sep 202014:17:54 - DEBUG - base_rp_db.py - [line:595] -  ----USER: 没了-----


----------------------------------------
> Fri, 04 Sep 202014:17:54 - DEBUG - base_rp_db.py - [line:781] -  ----------Round:11----------


----------------------------------------
> Fri, 04 Sep 202014:17:54 - DEBUG - base_rp_db.py - [line:787] -  To User: 你对旅行还有什么新需求吗？


----------------------------------------
> Fri, 04 Sep 202014:17:54 - DEBUG - base_rp_db.py - [line:767] -  USER: 我要加入地铁


----------------------------------------
> Fri, 04 Sep 202014:17:54 - INFO - base_rp_db.py - [line:871] -  ---模板树中对应地铁意图无约束----


----------------------------------------
> Fri, 04 Sep 202014:17:54 - INFO - base_rp_db.py - [line:874] -  ----正在需求模式库中查找所有对应地铁的模式或子模式约束...----


----------------------------------------
> Fri, 04 Sep 202014:17:54 - INFO - base_rp_db.py - [line:896] -  ----------Round:12----------


----------------------------------------
> Fri, 04 Sep 202014:17:54 - DEBUG - base_rp_db.py - [line:899] -  To User:对于地铁的约束这样如何:


----------------------------------------
> Fri, 04 Sep 202014:17:54 - DEBUG - base_rp_db.py - [line:927] -  地铁的目的地：北京香江戴斯酒店


----------------------------------------
> Fri, 04 Sep 202014:17:54 - DEBUG - base_rp_db.py - [line:927] -  地铁的出发地：天安门广场


----------------------------------------
> Fri, 04 Sep 202014:17:54 - DEBUG - base_rp_db.py - [line:936] -  To user:对于地铁部分是否满意?


----------------------------------------
> Fri, 04 Sep 202014:17:54 - DEBUG - base_rp_db.py - [line:987] -  USER: 我觉得应该有如下修改：


----------------------------------------
> Fri, 04 Sep 202014:17:54 - DEBUG - base_rp_db.py - [line:1004] -  地铁的目的地：天兴居


----------------------------------------
> Fri, 04 Sep 202014:17:54 - DEBUG - base_rp_db.py - [line:1004] -  地铁的出发地：角楼


----------------------------------------
> Fri, 04 Sep 202014:17:54 - INFO - base_rp_db.py - [line:1007] -  --------Round End---------


----------------------------------------
> Fri, 04 Sep 202014:17:54 - DEBUG - base_rp_db.py - [line:584] -  ----------Round:13----------


----------------------------------------
> Fri, 04 Sep 202014:17:54 - DEBUG - base_rp_db.py - [line:591] -  To User: ---------检测到当前地铁下无子节点，请问对于该意图有什么其他的子需求吗-----


----------------------------------------
> Fri, 04 Sep 202014:17:54 - DEBUG - base_rp_db.py - [line:595] -  ----USER: 没了-----


----------------------------------------
> Fri, 04 Sep 202014:17:54 - DEBUG - base_rp_db.py - [line:781] -  ----------Round:14----------


----------------------------------------
> Fri, 04 Sep 202014:17:54 - DEBUG - base_rp_db.py - [line:787] -  To User: 你对旅行还有什么新需求吗？


----------------------------------------
> Fri, 04 Sep 202014:17:54 - DEBUG - base_rp_db.py - [line:790] -  USER: 没有了


----------------------------------------
> Fri, 04 Sep 202014:17:54 - INFO - base_rp_db.py - [line:353] -  Generate Result:{'id': 0, 'goal': {'goalId': 13170, 'content': '旅行', 'parentId': -1, 'requireId': 2285, 'restricts': [], 'optTargets': [], 'hasMatched': False, 'rpId': -1}, 'children': [{'id': 13171, 'goal': {'goalId': 13171, 'content': '酒店', 'parentId': 13170, 'requireId': 2285, 'restricts': [], 'optTargets': [], 'hasMatched': False, 'rpId': -1}, 'children': []}, {'id': 13172, 'goal': {'goalId': 13172, 'content': '景点', 'parentId': 13170, 'requireId': 2285, 'restricts': [{'goalId': 13172, 'key': '游玩时间', 'valueType': 'region', 'minValue': 0.0, 'maxValue': 0.0, 'unit': '小时', 'value': ''}, {'goalId': 13172, 'key': '评分', 'valueType': 'region', 'minValue': 4.0, 'maxValue': 9999.0, 'unit': '分', 'value': ''}, {'goalId': 13172, 'key': '门票', 'valueType': 'region', 'minValue': 150.0, 'maxValue': 200.0, 'unit': '元', 'value': ''}], 'optTargets': [], 'hasMatched': False, 'rpId': -1}, 'children': []}, {'id': 13173, 'goal': {'goalId': 13173, 'content': '餐馆', 'parentId': 13170, 'requireId': 2285, 'restricts': [], 'optTargets': [], 'hasMatched': False, 'rpId': -1}, 'children': []}, {'id': 13174, 'goal': {'goalId': 13174, 'content': '地铁', 'parentId': 13170, 'requireId': 2285, 'restricts': [{'goalId': 13174, 'key': '目的地', 'valueType': 'enum', 'minValue': 0.0, 'maxValue': 999.0, 'unit': '', 'value': '天兴居'}, {'goalId': 13174, 'key': '出发地', 'valueType': 'enum', 'minValue': 0.0, 'maxValue': 999.0, 'unit': '', 'value': '角楼'}], 'optTargets': [], 'hasMatched': False, 'rpId': -1}, 'children': []}], 'requireInfo': {'userId': 'test_require1', 'requireId': 2285, 'timestamp': '2020-06-06T11:00:10.000+0800', 'state': 0, 'serviceSchemeUrl': None}, 'contexts': {}}

----------------------------------------
> Fri, 04 Sep 202014:17:54 - INFO - core_tree_pid_k2_e2_mod_2.py - [line:170] -  2591

----------------------------------------
> Fri, 04 Sep 202014:17:54 - INFO - core_tree_pid_k2_e2_mod_2.py - [line:180] -  --------对话已结束------------

