----------------------------------------
> Fri, 04 Sep 202014:10:32 - INFO - core_tree_pid_k2_e2_mod_1.py - [line:134] -  Start of program

----------------------------------------
> Fri, 04 Sep 202014:10:32 - INFO - core_tree_pid_k2_e2_mod_1.py - [line:138] -  test_id:


----------------------------------------
> Fri, 04 Sep 202014:10:32 - INFO - core_tree_pid_k2_e2_mod_1.py - [line:139] -  220

----------------------------------------
> Fri, 04 Sep 202014:10:32 - INFO - core_tree_pid_k2_e2_mod_1.py - [line:143] -  ------Round:1---------


----------------------------------------
> Fri, 04 Sep 202014:10:32 - DEBUG - core_tree_pid_k2_e2_mod_1.py - [line:145] -  您好，很高兴为您服务

----------------------------------------
> Fri, 04 Sep 202014:10:32 - DEBUG - core_tree_pid_k2_e2_mod_1.py - [line:150] -  USER: 我要去旅行

----------------------------------------
> Fri, 04 Sep 202014:10:33 - INFO - base_rp_db.py - [line:330] -  Model:{'id': 7579, 'goal': {'goalId': 7579, 'content': '旅行', 'parentId': -1, 'requireId': -1, 'restricts': [], 'optTargets': [], 'hasMatched': False, 'rpId': 294}, 'children': [{'id': 7580, 'goal': {'goalId': 7580, 'content': '景点', 'parentId': 7579, 'requireId': -1, 'restricts': [{'goalId': 7580, 'key': '评分', 'valueType': 'region', 'minValue': 4.0, 'maxValue': 9999.0, 'unit': '分', 'value': ''}, {'goalId': 7580, 'key': '门票', 'valueType': 'region', 'minValue': 20.0, 'maxValue': 50.0, 'unit': '元', 'value': ''}, {'goalId': 7580, 'key': '游玩时间', 'valueType': 'enum', 'minValue': 0.0, 'maxValue': 999.0, 'unit': '', 'value': '1小时'}], 'optTargets': [], 'hasMatched': False, 'rpId': 294}, 'children': []}, {'id': 7585, 'goal': {'goalId': 7585, 'content': '酒店', 'parentId': 7579, 'requireId': -1, 'restricts': [{'goalId': 7585, 'key': '价格', 'valueType': 'region', 'minValue': 300.0, 'maxValue': 400.0, 'unit': '元', 'value': ''}, {'goalId': 7585, 'key': '酒店类型', 'valueType': 'enum', 'minValue': 0.0, 'maxValue': 999.0, 'unit': '', 'value': '豪华型'}], 'optTargets': [], 'hasMatched': False, 'rpId': 294}, 'children': []}]}

----------------------------------------
> Fri, 04 Sep 202014:10:33 - INFO - base_rp_db.py - [line:462] -  rps_db length: 1

----------------------------------------
> Fri, 04 Sep 202014:10:33 - INFO - base_rp_db.py - [line:462] -  rps_db length: 1

----------------------------------------
> Fri, 04 Sep 202014:10:33 - INFO - base_rp_db.py - [line:871] -  ---模板树中对应旅行意图无约束----


----------------------------------------
> Fri, 04 Sep 202014:10:33 - INFO - base_rp_db.py - [line:874] -  ----正在需求模式库中查找所有对应旅行的模式或子模式约束...----


----------------------------------------
> Fri, 04 Sep 202014:10:33 - DEBUG - base_rp_db.py - [line:879] -  ----------Round:2----------


----------------------------------------
> Fri, 04 Sep 202014:10:33 - INFO - base_rp_db.py - [line:882] -  ----需求模式库中旅行的约束为空.----


----------------------------------------
> Fri, 04 Sep 202014:10:33 - INFO - base_rp_db.py - [line:885] -  content旅行

----------------------------------------
> Fri, 04 Sep 202014:10:33 - INFO - base_rp_db.py - [line:888] -  restricts:[]

----------------------------------------
> Fri, 04 Sep 202014:10:33 - DEBUG - base_rp_db.py - [line:891] -  To user:对于旅行部分是否满意?


----------------------------------------
> Fri, 04 Sep 202014:10:33 - DEBUG - base_rp_db.py - [line:987] -  USER: 我觉得应该有如下修改：


----------------------------------------
> Fri, 04 Sep 202014:10:33 - INFO - base_rp_db.py - [line:1007] -  --------Round End---------


----------------------------------------
> Fri, 04 Sep 202014:10:33 - INFO - base_rp_db.py - [line:462] -  rps_db length: 3

----------------------------------------
> Fri, 04 Sep 202014:10:33 - INFO - base_rp_db.py - [line:462] -  rps_db length: 2

----------------------------------------
> Fri, 04 Sep 202014:10:33 - DEBUG - base_rp_db.py - [line:662] -  ----------Round:3----------


----------------------------------------
> Fri, 04 Sep 202014:10:33 - DEBUG - base_rp_db.py - [line:665] -  请问您对于景点是否需要？


----------------------------------------
> Fri, 04 Sep 202014:10:33 - DEBUG - base_rp_db.py - [line:668] -  USER: 需要


----------------------------------------
> Fri, 04 Sep 202014:10:33 - INFO - base_rp_db.py - [line:941] -  ----------Round:4----------


----------------------------------------
> Fri, 04 Sep 202014:10:33 - DEBUG - base_rp_db.py - [line:944] -  在需求模式库中对景点进行查找...

----------------------------------------
> Fri, 04 Sep 202014:10:33 - DEBUG - base_rp_db.py - [line:947] -  对于景点的约束这样如何:


----------------------------------------
> Fri, 04 Sep 202014:10:33 - DEBUG - base_rp_db.py - [line:958] -  景点的游玩时间范围, 1到2小时


----------------------------------------
> Fri, 04 Sep 202014:10:33 - DEBUG - base_rp_db.py - [line:958] -  景点的评分范围, 4到9999分


----------------------------------------
> Fri, 04 Sep 202014:10:33 - DEBUG - base_rp_db.py - [line:958] -  景点的门票范围, 50到100元


----------------------------------------
> Fri, 04 Sep 202014:10:33 - DEBUG - base_rp_db.py - [line:984] -  To user:对于景点部分是否满意?


----------------------------------------
> Fri, 04 Sep 202014:10:33 - DEBUG - base_rp_db.py - [line:987] -  USER: 我觉得应该有如下修改：


----------------------------------------
> Fri, 04 Sep 202014:10:33 - DEBUG - base_rp_db.py - [line:1004] -  景点的名称：北京欢乐谷


----------------------------------------
> Fri, 04 Sep 202014:10:33 - DEBUG - base_rp_db.py - [line:1004] -  景点的源领域：酒店


----------------------------------------
> Fri, 04 Sep 202014:10:33 - DEBUG - base_rp_db.py - [line:998] -  景点的评分范围, 4到9999分


----------------------------------------
> Fri, 04 Sep 202014:10:33 - DEBUG - base_rp_db.py - [line:998] -  景点的门票范围, 0到0元


----------------------------------------
> Fri, 04 Sep 202014:10:33 - INFO - base_rp_db.py - [line:1007] -  --------Round End---------


----------------------------------------
> Fri, 04 Sep 202014:10:33 - DEBUG - base_rp_db.py - [line:584] -  ----------Round:5----------


----------------------------------------
> Fri, 04 Sep 202014:10:33 - DEBUG - base_rp_db.py - [line:591] -  To User: ---------检测到当前景点下无子节点，请问对于该意图有什么其他的子需求吗-----


----------------------------------------
> Fri, 04 Sep 202014:10:33 - DEBUG - base_rp_db.py - [line:595] -  ----USER: 没了-----


----------------------------------------
> Fri, 04 Sep 202014:10:33 - DEBUG - base_rp_db.py - [line:662] -  ----------Round:6----------


----------------------------------------
> Fri, 04 Sep 202014:10:33 - DEBUG - base_rp_db.py - [line:665] -  请问您对于酒店是否需要？


----------------------------------------
> Fri, 04 Sep 202014:10:33 - DEBUG - base_rp_db.py - [line:668] -  USER: 需要


----------------------------------------
> Fri, 04 Sep 202014:10:33 - INFO - base_rp_db.py - [line:941] -  ----------Round:7----------


----------------------------------------
> Fri, 04 Sep 202014:10:33 - DEBUG - base_rp_db.py - [line:944] -  在需求模式库中对酒店进行查找...

----------------------------------------
> Fri, 04 Sep 202014:10:33 - DEBUG - base_rp_db.py - [line:947] -  对于酒店的约束这样如何:


----------------------------------------
> Fri, 04 Sep 202014:10:33 - DEBUG - base_rp_db.py - [line:958] -  酒店的价格范围, 300到400元


----------------------------------------
> Fri, 04 Sep 202014:10:33 - DEBUG - base_rp_db.py - [line:958] -  酒店的评分范围, 4到9999分


----------------------------------------
> Fri, 04 Sep 202014:10:33 - DEBUG - base_rp_db.py - [line:975] -  酒店的酒店类型：豪华型


----------------------------------------
> Fri, 04 Sep 202014:10:33 - DEBUG - base_rp_db.py - [line:984] -  To user:对于酒店部分是否满意?


----------------------------------------
> Fri, 04 Sep 202014:10:33 - DEBUG - base_rp_db.py - [line:987] -  USER: 我觉得应该有如下修改：


----------------------------------------
> Fri, 04 Sep 202014:10:33 - DEBUG - base_rp_db.py - [line:1004] -  酒店的名称：北京贵州大厦


----------------------------------------
> Fri, 04 Sep 202014:10:33 - DEBUG - base_rp_db.py - [line:998] -  酒店的评分范围, 4到9999分


----------------------------------------
> Fri, 04 Sep 202014:10:33 - DEBUG - base_rp_db.py - [line:1004] -  酒店的酒店类型：高档型


----------------------------------------
> Fri, 04 Sep 202014:10:33 - INFO - base_rp_db.py - [line:1007] -  --------Round End---------


----------------------------------------
> Fri, 04 Sep 202014:10:33 - DEBUG - base_rp_db.py - [line:584] -  ----------Round:8----------


----------------------------------------
> Fri, 04 Sep 202014:10:33 - DEBUG - base_rp_db.py - [line:591] -  To User: ---------检测到当前酒店下无子节点，请问对于该意图有什么其他的子需求吗-----


----------------------------------------
> Fri, 04 Sep 202014:10:33 - DEBUG - base_rp_db.py - [line:600] -  USER: 我还需要公共区域提供wifi


----------------------------------------
> Fri, 04 Sep 202014:10:33 - DEBUG - base_rp_db.py - [line:606] -  ----------Round:9----------


----------------------------------------
> Fri, 04 Sep 202014:10:33 - DEBUG - base_rp_db.py - [line:612] -  To User: 请问对于酒店意图有什么其他的子需求吗-----


----------------------------------------
> Fri, 04 Sep 202014:10:33 - DEBUG - base_rp_db.py - [line:600] -  USER: 我还需要无烟房


----------------------------------------
> Fri, 04 Sep 202014:10:33 - DEBUG - base_rp_db.py - [line:606] -  ----------Round:10----------


----------------------------------------
> Fri, 04 Sep 202014:10:33 - DEBUG - base_rp_db.py - [line:612] -  To User: 请问对于酒店意图有什么其他的子需求吗-----


----------------------------------------
> Fri, 04 Sep 202014:10:33 - DEBUG - base_rp_db.py - [line:615] -  ----USER: 没了-----


----------------------------------------
> Fri, 04 Sep 202014:10:33 - DEBUG - base_rp_db.py - [line:756] -  ----------Round:11----------


----------------------------------------
> Fri, 04 Sep 202014:10:33 - DEBUG - base_rp_db.py - [line:762] -  To User: 你对旅行还有什么新需求吗？


----------------------------------------
> Fri, 04 Sep 202014:10:33 - DEBUG - base_rp_db.py - [line:767] -  USER: 我要加入餐馆


----------------------------------------
> Fri, 04 Sep 202014:10:33 - INFO - base_rp_db.py - [line:941] -  ----------Round:12----------


----------------------------------------
> Fri, 04 Sep 202014:10:33 - DEBUG - base_rp_db.py - [line:944] -  在需求模式库中对餐馆进行查找...

----------------------------------------
> Fri, 04 Sep 202014:10:33 - DEBUG - base_rp_db.py - [line:947] -  对于餐馆的约束这样如何:


----------------------------------------
> Fri, 04 Sep 202014:10:33 - DEBUG - base_rp_db.py - [line:958] -  餐馆的人均消费范围, 50到100元


----------------------------------------
> Fri, 04 Sep 202014:10:33 - DEBUG - base_rp_db.py - [line:958] -  餐馆的评分范围, 4到9999分


----------------------------------------
> Fri, 04 Sep 202014:10:33 - DEBUG - base_rp_db.py - [line:984] -  To user:对于餐馆部分是否满意?


----------------------------------------
> Fri, 04 Sep 202014:10:33 - DEBUG - base_rp_db.py - [line:987] -  USER: 我觉得应该有如下修改：


----------------------------------------
> Fri, 04 Sep 202014:10:33 - DEBUG - base_rp_db.py - [line:998] -  餐馆的人均消费范围, 50到100元


----------------------------------------
> Fri, 04 Sep 202014:10:33 - DEBUG - base_rp_db.py - [line:1004] -  餐馆的名称：红栌温泉山庄生态美食餐厅


----------------------------------------
> Fri, 04 Sep 202014:10:33 - DEBUG - base_rp_db.py - [line:1004] -  餐馆的源领域：酒店


----------------------------------------
> Fri, 04 Sep 202014:10:33 - INFO - base_rp_db.py - [line:1007] -  --------Round End---------


----------------------------------------
> Fri, 04 Sep 202014:10:33 - DEBUG - base_rp_db.py - [line:584] -  ----------Round:13----------


----------------------------------------
> Fri, 04 Sep 202014:10:33 - DEBUG - base_rp_db.py - [line:591] -  To User: ---------检测到当前餐馆下无子节点，请问对于该意图有什么其他的子需求吗-----


----------------------------------------
> Fri, 04 Sep 202014:10:33 - DEBUG - base_rp_db.py - [line:600] -  USER: 我还需要神仙鸡


----------------------------------------
> Fri, 04 Sep 202014:10:33 - DEBUG - base_rp_db.py - [line:606] -  ----------Round:14----------


----------------------------------------
> Fri, 04 Sep 202014:10:33 - DEBUG - base_rp_db.py - [line:612] -  To User: 请问对于餐馆意图有什么其他的子需求吗-----


----------------------------------------
> Fri, 04 Sep 202014:10:33 - DEBUG - base_rp_db.py - [line:615] -  ----USER: 没了-----


----------------------------------------
> Fri, 04 Sep 202014:10:33 - DEBUG - base_rp_db.py - [line:781] -  ----------Round:15----------


----------------------------------------
> Fri, 04 Sep 202014:10:33 - DEBUG - base_rp_db.py - [line:787] -  To User: 你对旅行还有什么新需求吗？


----------------------------------------
> Fri, 04 Sep 202014:10:33 - DEBUG - base_rp_db.py - [line:790] -  USER: 没有了


----------------------------------------
> Fri, 04 Sep 202014:10:33 - INFO - base_rp_db.py - [line:462] -  rps_db length: 3

----------------------------------------
> Fri, 04 Sep 202014:10:33 - INFO - base_rp_db.py - [line:462] -  rps_db length: 3

----------------------------------------
> Fri, 04 Sep 202014:10:33 - INFO - base_rp_db.py - [line:721] -  -----当前指针点为公共区域提供wifi


----------------------------------------
> Fri, 04 Sep 202014:10:33 - INFO - base_rp_db.py - [line:871] -  ---模板树中对应公共区域提供wifi意图无约束----


----------------------------------------
> Fri, 04 Sep 202014:10:33 - INFO - base_rp_db.py - [line:874] -  ----正在需求模式库中查找所有对应公共区域提供wifi的模式或子模式约束...----


----------------------------------------
> Fri, 04 Sep 202014:10:33 - DEBUG - base_rp_db.py - [line:879] -  ----------Round:16----------


----------------------------------------
> Fri, 04 Sep 202014:10:33 - INFO - base_rp_db.py - [line:882] -  ----需求模式库中公共区域提供wifi的约束为空.----


----------------------------------------
> Fri, 04 Sep 202014:10:33 - INFO - base_rp_db.py - [line:885] -  content公共区域提供wifi

----------------------------------------
> Fri, 04 Sep 202014:10:33 - INFO - base_rp_db.py - [line:888] -  restricts:[]

----------------------------------------
> Fri, 04 Sep 202014:10:33 - DEBUG - base_rp_db.py - [line:891] -  To user:对于公共区域提供wifi部分是否满意?


----------------------------------------
> Fri, 04 Sep 202014:10:33 - DEBUG - base_rp_db.py - [line:987] -  USER: 我觉得应该有如下修改：


----------------------------------------
> Fri, 04 Sep 202014:10:33 - INFO - base_rp_db.py - [line:1007] -  --------Round End---------


----------------------------------------
> Fri, 04 Sep 202014:10:33 - DEBUG - base_rp_db.py - [line:584] -  ----------Round:17----------


----------------------------------------
> Fri, 04 Sep 202014:10:33 - DEBUG - base_rp_db.py - [line:591] -  To User: ---------检测到当前公共区域提供wifi下无子节点，请问对于该意图有什么其他的子需求吗-----


----------------------------------------
> Fri, 04 Sep 202014:10:33 - DEBUG - base_rp_db.py - [line:595] -  ----USER: 没了-----


----------------------------------------
> Fri, 04 Sep 202014:10:33 - INFO - base_rp_db.py - [line:721] -  -----当前指针点为无烟房


----------------------------------------
> Fri, 04 Sep 202014:10:33 - INFO - base_rp_db.py - [line:871] -  ---模板树中对应无烟房意图无约束----


----------------------------------------
> Fri, 04 Sep 202014:10:33 - INFO - base_rp_db.py - [line:874] -  ----正在需求模式库中查找所有对应无烟房的模式或子模式约束...----


----------------------------------------
> Fri, 04 Sep 202014:10:33 - DEBUG - base_rp_db.py - [line:879] -  ----------Round:18----------


----------------------------------------
> Fri, 04 Sep 202014:10:33 - INFO - base_rp_db.py - [line:882] -  ----需求模式库中无烟房的约束为空.----


----------------------------------------
> Fri, 04 Sep 202014:10:33 - INFO - base_rp_db.py - [line:885] -  content无烟房

----------------------------------------
> Fri, 04 Sep 202014:10:33 - INFO - base_rp_db.py - [line:888] -  restricts:[]

----------------------------------------
> Fri, 04 Sep 202014:10:33 - DEBUG - base_rp_db.py - [line:891] -  To user:对于无烟房部分是否满意?


----------------------------------------
> Fri, 04 Sep 202014:10:33 - DEBUG - base_rp_db.py - [line:987] -  USER: 我觉得应该有如下修改：


----------------------------------------
> Fri, 04 Sep 202014:10:33 - INFO - base_rp_db.py - [line:1007] -  --------Round End---------


----------------------------------------
> Fri, 04 Sep 202014:10:33 - DEBUG - base_rp_db.py - [line:584] -  ----------Round:19----------


----------------------------------------
> Fri, 04 Sep 202014:10:33 - DEBUG - base_rp_db.py - [line:591] -  To User: ---------检测到当前无烟房下无子节点，请问对于该意图有什么其他的子需求吗-----


----------------------------------------
> Fri, 04 Sep 202014:10:33 - DEBUG - base_rp_db.py - [line:595] -  ----USER: 没了-----


----------------------------------------
> Fri, 04 Sep 202014:10:33 - INFO - base_rp_db.py - [line:1064] -  ---未使用模式库或模式库或需求知识图谱中无神仙鸡意图----


----------------------------------------
> Fri, 04 Sep 202014:10:33 - INFO - base_rp_db.py - [line:1068] -  ----------Round:20----------


----------------------------------------
> Fri, 04 Sep 202014:10:33 - DEBUG - base_rp_db.py - [line:1071] -  To User: 无法匹配神仙鸡


----------------------------------------
> Fri, 04 Sep 202014:10:33 - DEBUG - base_rp_db.py - [line:1075] -  To User: 你对神仙鸡的约束是什么？


----------------------------------------
> Fri, 04 Sep 202014:10:33 - DEBUG - base_rp_db.py - [line:1110] -  USER: 我都无所谓


----------------------------------------
> Fri, 04 Sep 202014:10:33 - DEBUG - base_rp_db.py - [line:584] -  ----------Round:21----------


----------------------------------------
> Fri, 04 Sep 202014:10:33 - DEBUG - base_rp_db.py - [line:591] -  To User: ---------检测到当前神仙鸡下无子节点，请问对于该意图有什么其他的子需求吗-----


----------------------------------------
> Fri, 04 Sep 202014:10:33 - DEBUG - base_rp_db.py - [line:595] -  ----USER: 没了-----


----------------------------------------
> Fri, 04 Sep 202014:10:33 - INFO - base_rp_db.py - [line:353] -  Generate Result:{'id': 0, 'goal': {'goalId': 2951, 'content': '旅行', 'parentId': -1, 'requireId': 418, 'restricts': [], 'optTargets': [], 'hasMatched': False, 'rpId': -1}, 'children': [{'id': 2952, 'goal': {'goalId': 2952, 'content': '景点', 'parentId': 2951, 'requireId': 418, 'restricts': [{'goalId': 2952, 'key': '名称', 'valueType': 'enum', 'minValue': 0.0, 'maxValue': 999.0, 'unit': '', 'value': '北京欢乐谷'}, {'goalId': 2952, 'key': '源领域', 'valueType': 'enum', 'minValue': 0.0, 'maxValue': 999.0, 'unit': '', 'value': '酒店'}, {'goalId': 2952, 'key': '评分', 'valueType': 'region', 'minValue': 4.0, 'maxValue': 9999.0, 'unit': '分', 'value': ''}, {'goalId': 2952, 'key': '门票', 'valueType': 'region', 'minValue': 0.0, 'maxValue': 0.0, 'unit': '元', 'value': ''}], 'optTargets': [], 'hasMatched': False, 'rpId': -1}, 'children': []}, {'id': 2953, 'goal': {'goalId': 2953, 'content': '酒店', 'parentId': 2951, 'requireId': 418, 'restricts': [{'goalId': 2953, 'key': '名称', 'valueType': 'enum', 'minValue': 0.0, 'maxValue': 999.0, 'unit': '', 'value': '北京贵州大厦'}, {'goalId': 2953, 'key': '评分', 'valueType': 'region', 'minValue': 4.0, 'maxValue': 9999.0, 'unit': '分', 'value': ''}, {'goalId': 2953, 'key': '酒店类型', 'valueType': 'enum', 'minValue': 0.0, 'maxValue': 999.0, 'unit': '', 'value': '高档型'}], 'optTargets': [], 'hasMatched': False, 'rpId': -1}, 'children': [{'id': 2954, 'goal': {'goalId': 2954, 'content': '公共区域提供wifi', 'parentId': 2953, 'requireId': 418, 'restricts': [], 'optTargets': [], 'hasMatched': False, 'rpId': -1}, 'children': []}, {'id': 2955, 'goal': {'goalId': 2955, 'content': '无烟房', 'parentId': 2953, 'requireId': 418, 'restricts': [], 'optTargets': [], 'hasMatched': False, 'rpId': -1}, 'children': []}]}, {'id': 2956, 'goal': {'goalId': 2956, 'content': '餐馆', 'parentId': 2951, 'requireId': 418, 'restricts': [{'goalId': 2956, 'key': '人均消费', 'valueType': 'region', 'minValue': 50.0, 'maxValue': 100.0, 'unit': '元', 'value': ''}, {'goalId': 2956, 'key': '名称', 'valueType': 'enum', 'minValue': 0.0, 'maxValue': 999.0, 'unit': '', 'value': '红栌温泉山庄生态美食餐厅'}, {'goalId': 2956, 'key': '源领域', 'valueType': 'enum', 'minValue': 0.0, 'maxValue': 999.0, 'unit': '', 'value': '酒店'}], 'optTargets': [], 'hasMatched': False, 'rpId': -1}, 'children': [{'id': 2957, 'goal': {'goalId': 2957, 'content': '神仙鸡', 'parentId': 2956, 'requireId': 418, 'restricts': [], 'optTargets': [], 'hasMatched': False, 'rpId': -1}, 'children': []}]}], 'requireInfo': {'userId': 'test_require1', 'requireId': 418, 'timestamp': '2020-04-28T11:30:09.000+0800', 'state': 0, 'serviceSchemeUrl': None}, 'contexts': {}}

----------------------------------------
> Fri, 04 Sep 202014:10:33 - INFO - core_tree_pid_k2_e2_mod_1.py - [line:170] -  220

----------------------------------------
> Fri, 04 Sep 202014:10:33 - INFO - core_tree_pid_k2_e2_mod_1.py - [line:180] -  --------对话已结束------------

