----------------------------------------
> Fri, 04 Sep 202014:42:45 - INFO - core_tree_pid_k2_e2_mod_2.py - [line:134] -  Start of program

----------------------------------------
> Fri, 04 Sep 202014:42:45 - INFO - core_tree_pid_k2_e2_mod_2.py - [line:138] -  test_id:


----------------------------------------
> Fri, 04 Sep 202014:42:45 - INFO - core_tree_pid_k2_e2_mod_2.py - [line:139] -  3360

----------------------------------------
> Fri, 04 Sep 202014:42:45 - INFO - core_tree_pid_k2_e2_mod_2.py - [line:143] -  ------Round:1---------


----------------------------------------
> Fri, 04 Sep 202014:42:45 - DEBUG - core_tree_pid_k2_e2_mod_2.py - [line:145] -  您好，很高兴为您服务

----------------------------------------
> Fri, 04 Sep 202014:42:45 - DEBUG - core_tree_pid_k2_e2_mod_2.py - [line:150] -  USER: 我要去旅行

----------------------------------------
> Fri, 04 Sep 202014:42:45 - INFO - base_rp_db.py - [line:330] -  Model:{'id': 12609, 'goal': {'goalId': 12609, 'content': '旅行', 'parentId': -1, 'requireId': -1, 'restricts': [], 'optTargets': [], 'hasMatched': False, 'rpId': 1724}, 'children': [{'id': 12610, 'goal': {'goalId': 12610, 'content': '酒店', 'parentId': 12609, 'requireId': -1, 'restricts': [], 'optTargets': [], 'hasMatched': False, 'rpId': 1724}, 'children': [{'id': 12611, 'goal': {'goalId': 12611, 'content': '酒店设施-会议室', 'parentId': 12610, 'requireId': -1, 'restricts': [], 'optTargets': [], 'hasMatched': False, 'rpId': 1724}, 'children': []}]}, {'id': 12612, 'goal': {'goalId': 12612, 'content': '餐馆', 'parentId': 12609, 'requireId': -1, 'restricts': [], 'optTargets': [], 'hasMatched': False, 'rpId': 1724}, 'children': []}]}

----------------------------------------
> Fri, 04 Sep 202014:42:45 - INFO - base_rp_db.py - [line:462] -  rps_db length: 1

----------------------------------------
> Fri, 04 Sep 202014:42:45 - INFO - base_rp_db.py - [line:462] -  rps_db length: 1

----------------------------------------
> Fri, 04 Sep 202014:42:45 - INFO - base_rp_db.py - [line:871] -  ---模板树中对应旅行意图无约束----


----------------------------------------
> Fri, 04 Sep 202014:42:45 - INFO - base_rp_db.py - [line:874] -  ----正在需求模式库中查找所有对应旅行的模式或子模式约束...----


----------------------------------------
> Fri, 04 Sep 202014:42:45 - DEBUG - base_rp_db.py - [line:879] -  ----------Round:2----------


----------------------------------------
> Fri, 04 Sep 202014:42:45 - INFO - base_rp_db.py - [line:882] -  ----需求模式库中旅行的约束为空.----


----------------------------------------
> Fri, 04 Sep 202014:42:45 - INFO - base_rp_db.py - [line:885] -  content旅行

----------------------------------------
> Fri, 04 Sep 202014:42:45 - INFO - base_rp_db.py - [line:888] -  restricts:[]

----------------------------------------
> Fri, 04 Sep 202014:42:45 - DEBUG - base_rp_db.py - [line:891] -  To user:对于旅行部分是否满意?


----------------------------------------
> Fri, 04 Sep 202014:42:45 - DEBUG - base_rp_db.py - [line:987] -  USER: 我觉得应该有如下修改：


----------------------------------------
> Fri, 04 Sep 202014:42:46 - INFO - base_rp_db.py - [line:1007] -  --------Round End---------


----------------------------------------
> Fri, 04 Sep 202014:42:46 - INFO - base_rp_db.py - [line:462] -  rps_db length: 1

----------------------------------------
> Fri, 04 Sep 202014:42:46 - INFO - base_rp_db.py - [line:462] -  rps_db length: 2

----------------------------------------
> Fri, 04 Sep 202014:42:46 - DEBUG - base_rp_db.py - [line:662] -  ----------Round:3----------


----------------------------------------
> Fri, 04 Sep 202014:42:46 - DEBUG - base_rp_db.py - [line:665] -  请问您对于酒店是否需要？


----------------------------------------
> Fri, 04 Sep 202014:42:46 - DEBUG - base_rp_db.py - [line:668] -  USER: 需要


----------------------------------------
> Fri, 04 Sep 202014:42:46 - INFO - base_rp_db.py - [line:871] -  ---模板树中对应酒店意图无约束----


----------------------------------------
> Fri, 04 Sep 202014:42:46 - INFO - base_rp_db.py - [line:874] -  ----正在需求模式库中查找所有对应酒店的模式或子模式约束...----


----------------------------------------
> Fri, 04 Sep 202014:42:46 - INFO - base_rp_db.py - [line:896] -  ----------Round:4----------


----------------------------------------
> Fri, 04 Sep 202014:42:46 - DEBUG - base_rp_db.py - [line:899] -  To User:对于酒店的约束这样如何:


----------------------------------------
> Fri, 04 Sep 202014:42:46 - DEBUG - base_rp_db.py - [line:910] -  酒店的价格范围, 300到400元


----------------------------------------
> Fri, 04 Sep 202014:42:46 - DEBUG - base_rp_db.py - [line:910] -  酒店的评分范围, 4到9999分


----------------------------------------
> Fri, 04 Sep 202014:42:46 - DEBUG - base_rp_db.py - [line:927] -  酒店的酒店类型：豪华型


----------------------------------------
> Fri, 04 Sep 202014:42:46 - DEBUG - base_rp_db.py - [line:936] -  To user:对于酒店部分是否满意?


----------------------------------------
> Fri, 04 Sep 202014:42:46 - DEBUG - base_rp_db.py - [line:987] -  USER: 我觉得应该有如下修改：


----------------------------------------
> Fri, 04 Sep 202014:42:46 - DEBUG - base_rp_db.py - [line:998] -  酒店的价格范围, 100到200元


----------------------------------------
> Fri, 04 Sep 202014:42:46 - DEBUG - base_rp_db.py - [line:998] -  酒店的评分范围, 4到9999分


----------------------------------------
> Fri, 04 Sep 202014:42:46 - INFO - base_rp_db.py - [line:1007] -  --------Round End---------


----------------------------------------
> Fri, 04 Sep 202014:42:46 - DEBUG - base_rp_db.py - [line:673] -  ----------Round:5----------


----------------------------------------
> Fri, 04 Sep 202014:42:46 - DEBUG - base_rp_db.py - [line:676] -  请问您对于餐馆是否需要？


----------------------------------------
> Fri, 04 Sep 202014:42:46 - DEBUG - base_rp_db.py - [line:679] -  USER: 不需要


----------------------------------------
> Fri, 04 Sep 202014:42:46 - DEBUG - base_rp_db.py - [line:756] -  ----------Round:6----------


----------------------------------------
> Fri, 04 Sep 202014:42:46 - DEBUG - base_rp_db.py - [line:762] -  To User: 你对旅行还有什么新需求吗？


----------------------------------------
> Fri, 04 Sep 202014:42:46 - DEBUG - base_rp_db.py - [line:790] -  USER: 没有了


----------------------------------------
> Fri, 04 Sep 202014:42:46 - INFO - base_rp_db.py - [line:353] -  Generate Result:{'id': 0, 'goal': {'goalId': 16991, 'content': '旅行', 'parentId': -1, 'requireId': 3054, 'restricts': [], 'optTargets': [], 'hasMatched': False, 'rpId': -1}, 'children': [{'id': 16992, 'goal': {'goalId': 16992, 'content': '酒店', 'parentId': 16991, 'requireId': 3054, 'restricts': [{'goalId': 16992, 'key': '价格', 'valueType': 'region', 'minValue': 100.0, 'maxValue': 200.0, 'unit': '元', 'value': ''}, {'goalId': 16992, 'key': '评分', 'valueType': 'region', 'minValue': 4.0, 'maxValue': 9999.0, 'unit': '分', 'value': ''}], 'optTargets': [], 'hasMatched': False, 'rpId': -1}, 'children': []}], 'requireInfo': {'userId': 'test_require1', 'requireId': 3054, 'timestamp': '2020-06-06T11:00:41.000+0800', 'state': 0, 'serviceSchemeUrl': None}, 'contexts': {}}

----------------------------------------
> Fri, 04 Sep 202014:42:46 - INFO - core_tree_pid_k2_e2_mod_2.py - [line:170] -  3360

----------------------------------------
> Fri, 04 Sep 202014:42:46 - INFO - core_tree_pid_k2_e2_mod_2.py - [line:180] -  --------对话已结束------------

