----------------------------------------
> Fri, 04 Sep 202014:28:56 - INFO - core_tree_pid_k2_e2_mod_1.py - [line:134] -  Start of program

----------------------------------------
> Fri, 04 Sep 202014:28:56 - INFO - core_tree_pid_k2_e2_mod_1.py - [line:138] -  test_id:


----------------------------------------
> Fri, 04 Sep 202014:28:56 - INFO - core_tree_pid_k2_e2_mod_1.py - [line:139] -  1021

----------------------------------------
> Fri, 04 Sep 202014:28:56 - INFO - core_tree_pid_k2_e2_mod_1.py - [line:143] -  ------Round:1---------


----------------------------------------
> Fri, 04 Sep 202014:28:56 - DEBUG - core_tree_pid_k2_e2_mod_1.py - [line:145] -  您好，很高兴为您服务

----------------------------------------
> Fri, 04 Sep 202014:28:56 - DEBUG - core_tree_pid_k2_e2_mod_1.py - [line:150] -  USER: 我要去旅行

----------------------------------------
> Fri, 04 Sep 202014:28:57 - INFO - base_rp_db.py - [line:330] -  Model:{'id': 10159, 'goal': {'goalId': 10159, 'content': '旅行', 'parentId': -1, 'requireId': -1, 'restricts': [], 'optTargets': [], 'hasMatched': False, 'rpId': 1095}, 'children': [{'id': 10161, 'goal': {'goalId': 10161, 'content': '景点', 'parentId': 10159, 'requireId': -1, 'restricts': [{'goalId': 10161, 'key': '游玩时间', 'valueType': 'region', 'minValue': 1.0, 'maxValue': 2.0, 'unit': '小时', 'value': ''}, {'goalId': 10161, 'key': '评分', 'valueType': 'region', 'minValue': 4.0, 'maxValue': 9999.0, 'unit': '分', 'value': ''}, {'goalId': 10161, 'key': '门票', 'valueType': 'region', 'minValue': 150.0, 'maxValue': 200.0, 'unit': '元', 'value': ''}], 'optTargets': [], 'hasMatched': False, 'rpId': 1095}, 'children': []}, {'id': 10165, 'goal': {'goalId': 10165, 'content': '酒店', 'parentId': 10159, 'requireId': -1, 'restricts': [{'goalId': 10165, 'key': '价格', 'valueType': 'region', 'minValue': 500.0, 'maxValue': 600.0, 'unit': '元', 'value': ''}, {'goalId': 10165, 'key': '酒店类型', 'valueType': 'enum', 'minValue': 0.0, 'maxValue': 999.0, 'unit': '', 'value': '舒适型'}], 'optTargets': [], 'hasMatched': False, 'rpId': 1095}, 'children': []}, {'id': 10168, 'goal': {'goalId': 10168, 'content': '餐馆', 'parentId': 10159, 'requireId': -1, 'restricts': [], 'optTargets': [], 'hasMatched': False, 'rpId': 1095}, 'children': []}]}

----------------------------------------
> Fri, 04 Sep 202014:28:57 - INFO - base_rp_db.py - [line:462] -  rps_db length: 1

----------------------------------------
> Fri, 04 Sep 202014:28:57 - INFO - base_rp_db.py - [line:462] -  rps_db length: 1

----------------------------------------
> Fri, 04 Sep 202014:28:57 - INFO - base_rp_db.py - [line:871] -  ---模板树中对应旅行意图无约束----


----------------------------------------
> Fri, 04 Sep 202014:28:57 - INFO - base_rp_db.py - [line:874] -  ----正在需求模式库中查找所有对应旅行的模式或子模式约束...----


----------------------------------------
> Fri, 04 Sep 202014:28:57 - DEBUG - base_rp_db.py - [line:879] -  ----------Round:2----------


----------------------------------------
> Fri, 04 Sep 202014:28:57 - INFO - base_rp_db.py - [line:882] -  ----需求模式库中旅行的约束为空.----


----------------------------------------
> Fri, 04 Sep 202014:28:57 - INFO - base_rp_db.py - [line:885] -  content旅行

----------------------------------------
> Fri, 04 Sep 202014:28:57 - INFO - base_rp_db.py - [line:888] -  restricts:[]

----------------------------------------
> Fri, 04 Sep 202014:28:57 - DEBUG - base_rp_db.py - [line:891] -  To user:对于旅行部分是否满意?


----------------------------------------
> Fri, 04 Sep 202014:28:57 - DEBUG - base_rp_db.py - [line:987] -  USER: 我觉得应该有如下修改：


----------------------------------------
> Fri, 04 Sep 202014:28:57 - INFO - base_rp_db.py - [line:1007] -  --------Round End---------


----------------------------------------
> Fri, 04 Sep 202014:28:57 - INFO - base_rp_db.py - [line:462] -  rps_db length: 4

----------------------------------------
> Fri, 04 Sep 202014:28:57 - INFO - base_rp_db.py - [line:462] -  rps_db length: 3

----------------------------------------
> Fri, 04 Sep 202014:28:57 - DEBUG - base_rp_db.py - [line:673] -  ----------Round:3----------


----------------------------------------
> Fri, 04 Sep 202014:28:57 - DEBUG - base_rp_db.py - [line:676] -  请问您对于景点是否需要？


----------------------------------------
> Fri, 04 Sep 202014:28:57 - DEBUG - base_rp_db.py - [line:679] -  USER: 不需要


----------------------------------------
> Fri, 04 Sep 202014:28:57 - DEBUG - base_rp_db.py - [line:662] -  ----------Round:4----------


----------------------------------------
> Fri, 04 Sep 202014:28:57 - DEBUG - base_rp_db.py - [line:665] -  请问您对于酒店是否需要？


----------------------------------------
> Fri, 04 Sep 202014:28:57 - DEBUG - base_rp_db.py - [line:668] -  USER: 需要


----------------------------------------
> Fri, 04 Sep 202014:28:57 - INFO - base_rp_db.py - [line:941] -  ----------Round:5----------


----------------------------------------
> Fri, 04 Sep 202014:28:57 - DEBUG - base_rp_db.py - [line:944] -  在需求模式库中对酒店进行查找...

----------------------------------------
> Fri, 04 Sep 202014:28:57 - DEBUG - base_rp_db.py - [line:947] -  对于酒店的约束这样如何:


----------------------------------------
> Fri, 04 Sep 202014:28:57 - DEBUG - base_rp_db.py - [line:958] -  酒店的价格范围, 300到400元


----------------------------------------
> Fri, 04 Sep 202014:28:57 - DEBUG - base_rp_db.py - [line:958] -  酒店的评分范围, 4到9999分


----------------------------------------
> Fri, 04 Sep 202014:28:57 - DEBUG - base_rp_db.py - [line:975] -  酒店的酒店类型：豪华型


----------------------------------------
> Fri, 04 Sep 202014:28:57 - DEBUG - base_rp_db.py - [line:984] -  To user:对于酒店部分是否满意?


----------------------------------------
> Fri, 04 Sep 202014:28:57 - DEBUG - base_rp_db.py - [line:987] -  USER: 我觉得应该有如下修改：


----------------------------------------
> Fri, 04 Sep 202014:28:57 - DEBUG - base_rp_db.py - [line:1004] -  酒店的评分：5分


----------------------------------------
> Fri, 04 Sep 202014:28:57 - DEBUG - base_rp_db.py - [line:1004] -  酒店的酒店类型：经济型


----------------------------------------
> Fri, 04 Sep 202014:28:57 - INFO - base_rp_db.py - [line:1007] -  --------Round End---------


----------------------------------------
> Fri, 04 Sep 202014:28:57 - DEBUG - base_rp_db.py - [line:584] -  ----------Round:6----------


----------------------------------------
> Fri, 04 Sep 202014:28:57 - DEBUG - base_rp_db.py - [line:591] -  To User: ---------检测到当前酒店下无子节点，请问对于该意图有什么其他的子需求吗-----


----------------------------------------
> Fri, 04 Sep 202014:28:57 - DEBUG - base_rp_db.py - [line:600] -  USER: 我还需要酒店设施-国际长途电话


----------------------------------------
> Fri, 04 Sep 202014:28:57 - DEBUG - base_rp_db.py - [line:606] -  ----------Round:7----------


----------------------------------------
> Fri, 04 Sep 202014:28:57 - DEBUG - base_rp_db.py - [line:612] -  To User: 请问对于酒店意图有什么其他的子需求吗-----


----------------------------------------
> Fri, 04 Sep 202014:28:57 - DEBUG - base_rp_db.py - [line:615] -  ----USER: 没了-----


----------------------------------------
> Fri, 04 Sep 202014:28:57 - DEBUG - base_rp_db.py - [line:662] -  ----------Round:8----------


----------------------------------------
> Fri, 04 Sep 202014:28:57 - DEBUG - base_rp_db.py - [line:665] -  请问您对于餐馆是否需要？


----------------------------------------
> Fri, 04 Sep 202014:28:57 - DEBUG - base_rp_db.py - [line:668] -  USER: 需要


----------------------------------------
> Fri, 04 Sep 202014:28:57 - INFO - base_rp_db.py - [line:871] -  ---模板树中对应餐馆意图无约束----


----------------------------------------
> Fri, 04 Sep 202014:28:57 - INFO - base_rp_db.py - [line:874] -  ----正在需求模式库中查找所有对应餐馆的模式或子模式约束...----


----------------------------------------
> Fri, 04 Sep 202014:28:57 - INFO - base_rp_db.py - [line:896] -  ----------Round:9----------


----------------------------------------
> Fri, 04 Sep 202014:28:58 - DEBUG - base_rp_db.py - [line:899] -  To User:对于餐馆的约束这样如何:


----------------------------------------
> Fri, 04 Sep 202014:28:58 - DEBUG - base_rp_db.py - [line:910] -  餐馆的人均消费范围, 50到100元


----------------------------------------
> Fri, 04 Sep 202014:28:58 - DEBUG - base_rp_db.py - [line:910] -  餐馆的评分范围, 4到9999分


----------------------------------------
> Fri, 04 Sep 202014:28:58 - DEBUG - base_rp_db.py - [line:936] -  To user:对于餐馆部分是否满意?


----------------------------------------
> Fri, 04 Sep 202014:28:58 - DEBUG - base_rp_db.py - [line:987] -  USER: 我觉得应该有如下修改：


----------------------------------------
> Fri, 04 Sep 202014:28:58 - DEBUG - base_rp_db.py - [line:998] -  餐馆的人均消费范围, 150到500元


----------------------------------------
> Fri, 04 Sep 202014:28:58 - DEBUG - base_rp_db.py - [line:998] -  餐馆的评分范围, 4到9999分


----------------------------------------
> Fri, 04 Sep 202014:28:58 - INFO - base_rp_db.py - [line:1007] -  --------Round End---------


----------------------------------------
> Fri, 04 Sep 202014:28:58 - DEBUG - base_rp_db.py - [line:584] -  ----------Round:10----------


----------------------------------------
> Fri, 04 Sep 202014:28:58 - DEBUG - base_rp_db.py - [line:591] -  To User: ---------检测到当前餐馆下无子节点，请问对于该意图有什么其他的子需求吗-----


----------------------------------------
> Fri, 04 Sep 202014:28:58 - DEBUG - base_rp_db.py - [line:600] -  USER: 我还需要推荐菜-流沙包


----------------------------------------
> Fri, 04 Sep 202014:28:58 - DEBUG - base_rp_db.py - [line:606] -  ----------Round:11----------


----------------------------------------
> Fri, 04 Sep 202014:28:58 - DEBUG - base_rp_db.py - [line:612] -  To User: 请问对于餐馆意图有什么其他的子需求吗-----


----------------------------------------
> Fri, 04 Sep 202014:28:58 - DEBUG - base_rp_db.py - [line:615] -  ----USER: 没了-----


----------------------------------------
> Fri, 04 Sep 202014:28:58 - DEBUG - base_rp_db.py - [line:756] -  ----------Round:12----------


----------------------------------------
> Fri, 04 Sep 202014:28:58 - DEBUG - base_rp_db.py - [line:762] -  To User: 你对旅行还有什么新需求吗？


----------------------------------------
> Fri, 04 Sep 202014:28:58 - DEBUG - base_rp_db.py - [line:767] -  USER: 我要加入地铁


----------------------------------------
> Fri, 04 Sep 202014:28:58 - INFO - base_rp_db.py - [line:871] -  ---模板树中对应地铁意图无约束----


----------------------------------------
> Fri, 04 Sep 202014:28:58 - INFO - base_rp_db.py - [line:874] -  ----正在需求模式库中查找所有对应地铁的模式或子模式约束...----


----------------------------------------
> Fri, 04 Sep 202014:28:58 - INFO - base_rp_db.py - [line:896] -  ----------Round:13----------


----------------------------------------
> Fri, 04 Sep 202014:28:58 - DEBUG - base_rp_db.py - [line:899] -  To User:对于地铁的约束这样如何:


----------------------------------------
> Fri, 04 Sep 202014:28:58 - DEBUG - base_rp_db.py - [line:927] -  地铁的目的地：北京香江戴斯酒店


----------------------------------------
> Fri, 04 Sep 202014:28:58 - DEBUG - base_rp_db.py - [line:927] -  地铁的出发地：天安门广场


----------------------------------------
> Fri, 04 Sep 202014:28:58 - DEBUG - base_rp_db.py - [line:936] -  To user:对于地铁部分是否满意?


----------------------------------------
> Fri, 04 Sep 202014:28:58 - DEBUG - base_rp_db.py - [line:987] -  USER: 我觉得应该有如下修改：


----------------------------------------
> Fri, 04 Sep 202014:28:58 - DEBUG - base_rp_db.py - [line:1004] -  地铁的目的地：北京首都宾馆


----------------------------------------
> Fri, 04 Sep 202014:28:58 - DEBUG - base_rp_db.py - [line:1004] -  地铁的出发地：大三元酒家


----------------------------------------
> Fri, 04 Sep 202014:28:58 - INFO - base_rp_db.py - [line:1007] -  --------Round End---------


----------------------------------------
> Fri, 04 Sep 202014:28:58 - DEBUG - base_rp_db.py - [line:584] -  ----------Round:14----------


----------------------------------------
> Fri, 04 Sep 202014:28:58 - DEBUG - base_rp_db.py - [line:591] -  To User: ---------检测到当前地铁下无子节点，请问对于该意图有什么其他的子需求吗-----


----------------------------------------
> Fri, 04 Sep 202014:28:58 - DEBUG - base_rp_db.py - [line:595] -  ----USER: 没了-----


----------------------------------------
> Fri, 04 Sep 202014:28:58 - DEBUG - base_rp_db.py - [line:781] -  ----------Round:15----------


----------------------------------------
> Fri, 04 Sep 202014:28:58 - DEBUG - base_rp_db.py - [line:787] -  To User: 你对旅行还有什么新需求吗？


----------------------------------------
> Fri, 04 Sep 202014:28:58 - DEBUG - base_rp_db.py - [line:767] -  USER: 我要加入出租


----------------------------------------
> Fri, 04 Sep 202014:28:58 - INFO - base_rp_db.py - [line:871] -  ---模板树中对应出租意图无约束----


----------------------------------------
> Fri, 04 Sep 202014:28:58 - INFO - base_rp_db.py - [line:874] -  ----正在需求模式库中查找所有对应出租的模式或子模式约束...----


----------------------------------------
> Fri, 04 Sep 202014:28:58 - INFO - base_rp_db.py - [line:896] -  ----------Round:16----------


----------------------------------------
> Fri, 04 Sep 202014:28:58 - DEBUG - base_rp_db.py - [line:899] -  To User:对于出租的约束这样如何:


----------------------------------------
> Fri, 04 Sep 202014:28:58 - DEBUG - base_rp_db.py - [line:927] -  出租的目的地：天安门广场


----------------------------------------
> Fri, 04 Sep 202014:28:58 - DEBUG - base_rp_db.py - [line:927] -  出租的出发地：北京鹏润国际大酒店


----------------------------------------
> Fri, 04 Sep 202014:28:58 - DEBUG - base_rp_db.py - [line:936] -  To user:对于出租部分是否满意?


----------------------------------------
> Fri, 04 Sep 202014:28:58 - DEBUG - base_rp_db.py - [line:987] -  USER: 我觉得应该有如下修改：


----------------------------------------
> Fri, 04 Sep 202014:28:58 - INFO - base_rp_db.py - [line:1007] -  --------Round End---------


----------------------------------------
> Fri, 04 Sep 202014:28:58 - DEBUG - base_rp_db.py - [line:584] -  ----------Round:17----------


----------------------------------------
> Fri, 04 Sep 202014:28:58 - DEBUG - base_rp_db.py - [line:591] -  To User: ---------检测到当前出租下无子节点，请问对于该意图有什么其他的子需求吗-----


----------------------------------------
> Fri, 04 Sep 202014:28:58 - DEBUG - base_rp_db.py - [line:595] -  ----USER: 没了-----


----------------------------------------
> Fri, 04 Sep 202014:28:58 - DEBUG - base_rp_db.py - [line:781] -  ----------Round:18----------


----------------------------------------
> Fri, 04 Sep 202014:28:58 - DEBUG - base_rp_db.py - [line:787] -  To User: 你对旅行还有什么新需求吗？


----------------------------------------
> Fri, 04 Sep 202014:28:58 - DEBUG - base_rp_db.py - [line:790] -  USER: 没有了


----------------------------------------
> Fri, 04 Sep 202014:28:58 - INFO - base_rp_db.py - [line:462] -  rps_db length: 2

----------------------------------------
> Fri, 04 Sep 202014:28:58 - INFO - base_rp_db.py - [line:462] -  rps_db length: 2

----------------------------------------
> Fri, 04 Sep 202014:28:58 - INFO - base_rp_db.py - [line:721] -  -----当前指针点为酒店设施-国际长途电话


----------------------------------------
> Fri, 04 Sep 202014:28:59 - INFO - base_rp_db.py - [line:871] -  ---模板树中对应酒店设施-国际长途电话意图无约束----


----------------------------------------
> Fri, 04 Sep 202014:28:59 - INFO - base_rp_db.py - [line:874] -  ----正在需求模式库中查找所有对应酒店设施-国际长途电话的模式或子模式约束...----


----------------------------------------
> Fri, 04 Sep 202014:28:59 - DEBUG - base_rp_db.py - [line:879] -  ----------Round:19----------


----------------------------------------
> Fri, 04 Sep 202014:28:59 - INFO - base_rp_db.py - [line:882] -  ----需求模式库中酒店设施-国际长途电话的约束为空.----


----------------------------------------
> Fri, 04 Sep 202014:28:59 - INFO - base_rp_db.py - [line:885] -  content酒店设施-国际长途电话

----------------------------------------
> Fri, 04 Sep 202014:28:59 - INFO - base_rp_db.py - [line:888] -  restricts:[]

----------------------------------------
> Fri, 04 Sep 202014:28:59 - DEBUG - base_rp_db.py - [line:891] -  To user:对于酒店设施-国际长途电话部分是否满意?


----------------------------------------
> Fri, 04 Sep 202014:28:59 - DEBUG - base_rp_db.py - [line:987] -  USER: 我觉得应该有如下修改：


----------------------------------------
> Fri, 04 Sep 202014:28:59 - INFO - base_rp_db.py - [line:1007] -  --------Round End---------


----------------------------------------
> Fri, 04 Sep 202014:28:59 - DEBUG - base_rp_db.py - [line:584] -  ----------Round:20----------


----------------------------------------
> Fri, 04 Sep 202014:28:59 - DEBUG - base_rp_db.py - [line:591] -  To User: ---------检测到当前酒店设施-国际长途电话下无子节点，请问对于该意图有什么其他的子需求吗-----


----------------------------------------
> Fri, 04 Sep 202014:28:59 - DEBUG - base_rp_db.py - [line:595] -  ----USER: 没了-----


----------------------------------------
> Fri, 04 Sep 202014:28:59 - INFO - base_rp_db.py - [line:1064] -  ---未使用模式库或模式库或需求知识图谱中无推荐菜-流沙包意图----


----------------------------------------
> Fri, 04 Sep 202014:28:59 - INFO - base_rp_db.py - [line:1068] -  ----------Round:21----------


----------------------------------------
> Fri, 04 Sep 202014:28:59 - DEBUG - base_rp_db.py - [line:1071] -  To User: 无法匹配推荐菜-流沙包


----------------------------------------
> Fri, 04 Sep 202014:28:59 - DEBUG - base_rp_db.py - [line:1075] -  To User: 你对推荐菜-流沙包的约束是什么？


----------------------------------------
> Fri, 04 Sep 202014:28:59 - DEBUG - base_rp_db.py - [line:1110] -  USER: 我都无所谓


----------------------------------------
> Fri, 04 Sep 202014:28:59 - DEBUG - base_rp_db.py - [line:584] -  ----------Round:22----------


----------------------------------------
> Fri, 04 Sep 202014:28:59 - DEBUG - base_rp_db.py - [line:591] -  To User: ---------检测到当前推荐菜-流沙包下无子节点，请问对于该意图有什么其他的子需求吗-----


----------------------------------------
> Fri, 04 Sep 202014:28:59 - DEBUG - base_rp_db.py - [line:595] -  ----USER: 没了-----


----------------------------------------
> Fri, 04 Sep 202014:28:59 - INFO - base_rp_db.py - [line:353] -  Generate Result:{'id': 0, 'goal': {'goalId': 4470, 'content': '旅行', 'parentId': -1, 'requireId': 715, 'restricts': [], 'optTargets': [], 'hasMatched': False, 'rpId': -1}, 'children': [{'id': 4471, 'goal': {'goalId': 4471, 'content': '酒店', 'parentId': 4470, 'requireId': 715, 'restricts': [{'goalId': 4471, 'key': '评分', 'valueType': 'enum', 'minValue': 0.0, 'maxValue': 999.0, 'unit': '', 'value': '5分'}, {'goalId': 4471, 'key': '酒店类型', 'valueType': 'enum', 'minValue': 0.0, 'maxValue': 999.0, 'unit': '', 'value': '经济型'}], 'optTargets': [], 'hasMatched': False, 'rpId': -1}, 'children': [{'id': 4472, 'goal': {'goalId': 4472, 'content': '酒店设施-国际长途电话', 'parentId': 4471, 'requireId': 715, 'restricts': [], 'optTargets': [], 'hasMatched': False, 'rpId': -1}, 'children': []}]}, {'id': 4473, 'goal': {'goalId': 4473, 'content': '餐馆', 'parentId': 4470, 'requireId': 715, 'restricts': [{'goalId': 4473, 'key': '人均消费', 'valueType': 'region', 'minValue': 150.0, 'maxValue': 500.0, 'unit': '元', 'value': ''}, {'goalId': 4473, 'key': '评分', 'valueType': 'region', 'minValue': 4.0, 'maxValue': 9999.0, 'unit': '分', 'value': ''}], 'optTargets': [], 'hasMatched': False, 'rpId': -1}, 'children': [{'id': 4474, 'goal': {'goalId': 4474, 'content': '推荐菜-流沙包', 'parentId': 4473, 'requireId': 715, 'restricts': [], 'optTargets': [], 'hasMatched': False, 'rpId': -1}, 'children': []}]}, {'id': 4475, 'goal': {'goalId': 4475, 'content': '地铁', 'parentId': 4470, 'requireId': 715, 'restricts': [{'goalId': 4475, 'key': '目的地', 'valueType': 'enum', 'minValue': 0.0, 'maxValue': 999.0, 'unit': '', 'value': '北京首都宾馆'}, {'goalId': 4475, 'key': '出发地', 'valueType': 'enum', 'minValue': 0.0, 'maxValue': 999.0, 'unit': '', 'value': '大三元酒家'}], 'optTargets': [], 'hasMatched': False, 'rpId': -1}, 'children': []}, {'id': 4476, 'goal': {'goalId': 4476, 'content': '出租', 'parentId': 4470, 'requireId': 715, 'restricts': [], 'optTargets': [], 'hasMatched': False, 'rpId': -1}, 'children': []}], 'requireInfo': {'userId': 'test_require1', 'requireId': 715, 'timestamp': '2020-05-30T14:12:36.000+0800', 'state': 0, 'serviceSchemeUrl': None}, 'contexts': {}}

----------------------------------------
> Fri, 04 Sep 202014:28:59 - INFO - core_tree_pid_k2_e2_mod_1.py - [line:170] -  1021

----------------------------------------
> Fri, 04 Sep 202014:28:59 - INFO - core_tree_pid_k2_e2_mod_1.py - [line:180] -  --------对话已结束------------

