----------------------------------------
> Fri, 04 Sep 202014:56:33 - INFO - core_tree_pid_k2_e2_mod_1.py - [line:134] -  Start of program

----------------------------------------
> Fri, 04 Sep 202014:56:34 - INFO - core_tree_pid_k2_e2_mod_1.py - [line:138] -  test_id:


----------------------------------------
> Fri, 04 Sep 202014:56:34 - INFO - core_tree_pid_k2_e2_mod_1.py - [line:139] -  1687

----------------------------------------
> Fri, 04 Sep 202014:56:34 - INFO - core_tree_pid_k2_e2_mod_1.py - [line:143] -  ------Round:1---------


----------------------------------------
> Fri, 04 Sep 202014:56:34 - DEBUG - core_tree_pid_k2_e2_mod_1.py - [line:145] -  您好，很高兴为您服务

----------------------------------------
> Fri, 04 Sep 202014:56:34 - DEBUG - core_tree_pid_k2_e2_mod_1.py - [line:150] -  USER: 我要去旅行

----------------------------------------
> Fri, 04 Sep 202014:56:34 - INFO - base_rp_db.py - [line:330] -  Model:{'id': 12741, 'goal': {'goalId': 12741, 'content': '旅行', 'parentId': -1, 'requireId': -1, 'restricts': [], 'optTargets': [], 'hasMatched': False, 'rpId': 1761}, 'children': [{'id': 12744, 'goal': {'goalId': 12744, 'content': '酒店', 'parentId': 12741, 'requireId': -1, 'restricts': [{'goalId': 12744, 'key': '评分', 'valueType': 'enum', 'minValue': 0.0, 'maxValue': 999.0, 'unit': '', 'value': '5分'}, {'goalId': 12744, 'key': '酒店类型', 'valueType': 'enum', 'minValue': 0.0, 'maxValue': 999.0, 'unit': '', 'value': '经济型'}], 'optTargets': [], 'hasMatched': False, 'rpId': 1761}, 'children': [{'id': 12746, 'goal': {'goalId': 12746, 'content': '酒店设施-酒店各处提供wifi', 'parentId': 12744, 'requireId': -1, 'restricts': [], 'optTargets': [], 'hasMatched': False, 'rpId': 1761}, 'children': []}]}, {'id': 12747, 'goal': {'goalId': 12747, 'content': '餐馆', 'parentId': 12741, 'requireId': -1, 'restricts': [{'goalId': 12747, 'key': '人均消费', 'valueType': 'region', 'minValue': 50.0, 'maxValue': 100.0, 'unit': '元', 'value': ''}], 'optTargets': [], 'hasMatched': False, 'rpId': 1761}, 'children': []}]}

----------------------------------------
> Fri, 04 Sep 202014:56:34 - INFO - base_rp_db.py - [line:462] -  rps_db length: 1

----------------------------------------
> Fri, 04 Sep 202014:56:34 - INFO - base_rp_db.py - [line:462] -  rps_db length: 1

----------------------------------------
> Fri, 04 Sep 202014:56:34 - INFO - base_rp_db.py - [line:871] -  ---模板树中对应旅行意图无约束----


----------------------------------------
> Fri, 04 Sep 202014:56:34 - INFO - base_rp_db.py - [line:874] -  ----正在需求模式库中查找所有对应旅行的模式或子模式约束...----


----------------------------------------
> Fri, 04 Sep 202014:56:34 - DEBUG - base_rp_db.py - [line:879] -  ----------Round:2----------


----------------------------------------
> Fri, 04 Sep 202014:56:34 - INFO - base_rp_db.py - [line:882] -  ----需求模式库中旅行的约束为空.----


----------------------------------------
> Fri, 04 Sep 202014:56:34 - INFO - base_rp_db.py - [line:885] -  content旅行

----------------------------------------
> Fri, 04 Sep 202014:56:34 - INFO - base_rp_db.py - [line:888] -  restricts:[]

----------------------------------------
> Fri, 04 Sep 202014:56:34 - DEBUG - base_rp_db.py - [line:891] -  To user:对于旅行部分是否满意?


----------------------------------------
> Fri, 04 Sep 202014:56:34 - DEBUG - base_rp_db.py - [line:987] -  USER: 我觉得应该有如下修改：


----------------------------------------
> Fri, 04 Sep 202014:56:34 - INFO - base_rp_db.py - [line:1007] -  --------Round End---------


----------------------------------------
> Fri, 04 Sep 202014:56:34 - INFO - base_rp_db.py - [line:462] -  rps_db length: 3

----------------------------------------
> Fri, 04 Sep 202014:56:34 - INFO - base_rp_db.py - [line:462] -  rps_db length: 2

----------------------------------------
> Fri, 04 Sep 202014:56:34 - DEBUG - base_rp_db.py - [line:662] -  ----------Round:3----------


----------------------------------------
> Fri, 04 Sep 202014:56:34 - DEBUG - base_rp_db.py - [line:665] -  请问您对于酒店是否需要？


----------------------------------------
> Fri, 04 Sep 202014:56:35 - DEBUG - base_rp_db.py - [line:668] -  USER: 需要


----------------------------------------
> Fri, 04 Sep 202014:56:35 - INFO - base_rp_db.py - [line:941] -  ----------Round:4----------


----------------------------------------
> Fri, 04 Sep 202014:56:35 - DEBUG - base_rp_db.py - [line:944] -  在需求模式库中对酒店进行查找...

----------------------------------------
> Fri, 04 Sep 202014:56:35 - DEBUG - base_rp_db.py - [line:947] -  对于酒店的约束这样如何:


----------------------------------------
> Fri, 04 Sep 202014:56:35 - DEBUG - base_rp_db.py - [line:958] -  酒店的价格范围, 300到400元


----------------------------------------
> Fri, 04 Sep 202014:56:35 - DEBUG - base_rp_db.py - [line:958] -  酒店的评分范围, 4到9999分


----------------------------------------
> Fri, 04 Sep 202014:56:35 - DEBUG - base_rp_db.py - [line:975] -  酒店的酒店类型：豪华型


----------------------------------------
> Fri, 04 Sep 202014:56:35 - DEBUG - base_rp_db.py - [line:984] -  To user:对于酒店部分是否满意?


----------------------------------------
> Fri, 04 Sep 202014:56:35 - DEBUG - base_rp_db.py - [line:987] -  USER: 我觉得应该有如下修改：


----------------------------------------
> Fri, 04 Sep 202014:56:35 - DEBUG - base_rp_db.py - [line:998] -  酒店的价格范围, 200到300元


----------------------------------------
> Fri, 04 Sep 202014:56:35 - DEBUG - base_rp_db.py - [line:1004] -  酒店的评分：5分


----------------------------------------
> Fri, 04 Sep 202014:56:35 - INFO - base_rp_db.py - [line:1007] -  --------Round End---------


----------------------------------------
> Fri, 04 Sep 202014:56:35 - DEBUG - base_rp_db.py - [line:673] -  ----------Round:5----------


----------------------------------------
> Fri, 04 Sep 202014:56:35 - DEBUG - base_rp_db.py - [line:676] -  请问您对于餐馆是否需要？


----------------------------------------
> Fri, 04 Sep 202014:56:35 - DEBUG - base_rp_db.py - [line:679] -  USER: 不需要


----------------------------------------
> Fri, 04 Sep 202014:56:35 - DEBUG - base_rp_db.py - [line:756] -  ----------Round:6----------


----------------------------------------
> Fri, 04 Sep 202014:56:35 - DEBUG - base_rp_db.py - [line:762] -  To User: 你对旅行还有什么新需求吗？


----------------------------------------
> Fri, 04 Sep 202014:56:35 - DEBUG - base_rp_db.py - [line:767] -  USER: 我要加入景点


----------------------------------------
> Fri, 04 Sep 202014:56:35 - INFO - base_rp_db.py - [line:941] -  ----------Round:7----------


----------------------------------------
> Fri, 04 Sep 202014:56:35 - DEBUG - base_rp_db.py - [line:944] -  在需求模式库中对景点进行查找...

----------------------------------------
> Fri, 04 Sep 202014:56:35 - DEBUG - base_rp_db.py - [line:947] -  对于景点的约束这样如何:


----------------------------------------
> Fri, 04 Sep 202014:56:35 - DEBUG - base_rp_db.py - [line:958] -  景点的游玩时间范围, 1到2小时


----------------------------------------
> Fri, 04 Sep 202014:56:35 - DEBUG - base_rp_db.py - [line:958] -  景点的评分范围, 4到9999分


----------------------------------------
> Fri, 04 Sep 202014:56:35 - DEBUG - base_rp_db.py - [line:958] -  景点的门票范围, 50到100元


----------------------------------------
> Fri, 04 Sep 202014:56:35 - DEBUG - base_rp_db.py - [line:984] -  To user:对于景点部分是否满意?


----------------------------------------
> Fri, 04 Sep 202014:56:35 - DEBUG - base_rp_db.py - [line:987] -  USER: 我觉得应该有如下修改：


----------------------------------------
> Fri, 04 Sep 202014:56:35 - DEBUG - base_rp_db.py - [line:998] -  景点的门票范围, 0到0元


----------------------------------------
> Fri, 04 Sep 202014:56:35 - DEBUG - base_rp_db.py - [line:998] -  景点的游玩时间范围, 2到4小时


----------------------------------------
> Fri, 04 Sep 202014:56:35 - DEBUG - base_rp_db.py - [line:998] -  景点的评分范围, 4到9999分


----------------------------------------
> Fri, 04 Sep 202014:56:35 - INFO - base_rp_db.py - [line:1007] -  --------Round End---------


----------------------------------------
> Fri, 04 Sep 202014:56:35 - DEBUG - base_rp_db.py - [line:584] -  ----------Round:8----------


----------------------------------------
> Fri, 04 Sep 202014:56:35 - DEBUG - base_rp_db.py - [line:591] -  To User: ---------检测到当前景点下无子节点，请问对于该意图有什么其他的子需求吗-----


----------------------------------------
> Fri, 04 Sep 202014:56:35 - DEBUG - base_rp_db.py - [line:595] -  ----USER: 没了-----


----------------------------------------
> Fri, 04 Sep 202014:56:35 - DEBUG - base_rp_db.py - [line:781] -  ----------Round:9----------


----------------------------------------
> Fri, 04 Sep 202014:56:35 - DEBUG - base_rp_db.py - [line:787] -  To User: 你对旅行还有什么新需求吗？


----------------------------------------
> Fri, 04 Sep 202014:56:35 - DEBUG - base_rp_db.py - [line:767] -  USER: 我要加入地铁


----------------------------------------
> Fri, 04 Sep 202014:56:35 - INFO - base_rp_db.py - [line:941] -  ----------Round:10----------


----------------------------------------
> Fri, 04 Sep 202014:56:36 - DEBUG - base_rp_db.py - [line:944] -  在需求模式库中对地铁进行查找...

----------------------------------------
> Fri, 04 Sep 202014:56:36 - DEBUG - base_rp_db.py - [line:947] -  对于地铁的约束这样如何:


----------------------------------------
> Fri, 04 Sep 202014:56:36 - DEBUG - base_rp_db.py - [line:975] -  地铁的目的地：北京香江戴斯酒店


----------------------------------------
> Fri, 04 Sep 202014:56:36 - DEBUG - base_rp_db.py - [line:975] -  地铁的出发地：天安门广场


----------------------------------------
> Fri, 04 Sep 202014:56:36 - DEBUG - base_rp_db.py - [line:984] -  To user:对于地铁部分是否满意?


----------------------------------------
> Fri, 04 Sep 202014:56:36 - DEBUG - base_rp_db.py - [line:987] -  USER: 我觉得应该有如下修改：


----------------------------------------
> Fri, 04 Sep 202014:56:36 - DEBUG - base_rp_db.py - [line:1004] -  地铁的目的地：北京平安府宾馆


----------------------------------------
> Fri, 04 Sep 202014:56:36 - DEBUG - base_rp_db.py - [line:1004] -  地铁的出发地：北京语言大学


----------------------------------------
> Fri, 04 Sep 202014:56:36 - INFO - base_rp_db.py - [line:1007] -  --------Round End---------


----------------------------------------
> Fri, 04 Sep 202014:56:36 - DEBUG - base_rp_db.py - [line:584] -  ----------Round:11----------


----------------------------------------
> Fri, 04 Sep 202014:56:36 - DEBUG - base_rp_db.py - [line:591] -  To User: ---------检测到当前地铁下无子节点，请问对于该意图有什么其他的子需求吗-----


----------------------------------------
> Fri, 04 Sep 202014:56:36 - DEBUG - base_rp_db.py - [line:595] -  ----USER: 没了-----


----------------------------------------
> Fri, 04 Sep 202014:56:36 - DEBUG - base_rp_db.py - [line:781] -  ----------Round:12----------


----------------------------------------
> Fri, 04 Sep 202014:56:36 - DEBUG - base_rp_db.py - [line:787] -  To User: 你对旅行还有什么新需求吗？


----------------------------------------
> Fri, 04 Sep 202014:56:36 - DEBUG - base_rp_db.py - [line:790] -  USER: 没有了


----------------------------------------
> Fri, 04 Sep 202014:56:36 - INFO - base_rp_db.py - [line:462] -  rps_db length: 1

----------------------------------------
> Fri, 04 Sep 202014:56:36 - INFO - base_rp_db.py - [line:462] -  rps_db length: 1

----------------------------------------
> Fri, 04 Sep 202014:56:36 - DEBUG - base_rp_db.py - [line:673] -  ----------Round:13----------


----------------------------------------
> Fri, 04 Sep 202014:56:36 - DEBUG - base_rp_db.py - [line:676] -  请问您对于酒店设施-酒店各处提供wifi是否需要？


----------------------------------------
> Fri, 04 Sep 202014:56:36 - DEBUG - base_rp_db.py - [line:679] -  USER: 不需要


----------------------------------------
> Fri, 04 Sep 202014:56:36 - DEBUG - base_rp_db.py - [line:756] -  ----------Round:14----------


----------------------------------------
> Fri, 04 Sep 202014:56:36 - DEBUG - base_rp_db.py - [line:762] -  To User: 你对酒店还有什么新需求吗？


----------------------------------------
> Fri, 04 Sep 202014:56:36 - DEBUG - base_rp_db.py - [line:767] -  USER: 我要加入酒店设施-残疾人设施


----------------------------------------
> Fri, 04 Sep 202014:56:36 - INFO - base_rp_db.py - [line:871] -  ---模板树中对应酒店设施-残疾人设施意图无约束----


----------------------------------------
> Fri, 04 Sep 202014:56:36 - INFO - base_rp_db.py - [line:874] -  ----正在需求模式库中查找所有对应酒店设施-残疾人设施的模式或子模式约束...----


----------------------------------------
> Fri, 04 Sep 202014:56:36 - DEBUG - base_rp_db.py - [line:879] -  ----------Round:15----------


----------------------------------------
> Fri, 04 Sep 202014:56:36 - INFO - base_rp_db.py - [line:882] -  ----需求模式库中酒店设施-残疾人设施的约束为空.----


----------------------------------------
> Fri, 04 Sep 202014:56:36 - INFO - base_rp_db.py - [line:885] -  content酒店设施-残疾人设施

----------------------------------------
> Fri, 04 Sep 202014:56:36 - INFO - base_rp_db.py - [line:888] -  restricts:[]

----------------------------------------
> Fri, 04 Sep 202014:56:36 - DEBUG - base_rp_db.py - [line:891] -  To user:对于酒店设施-残疾人设施部分是否满意?


----------------------------------------
> Fri, 04 Sep 202014:56:36 - DEBUG - base_rp_db.py - [line:987] -  USER: 我觉得应该有如下修改：


----------------------------------------
> Fri, 04 Sep 202014:56:36 - INFO - base_rp_db.py - [line:1007] -  --------Round End---------


----------------------------------------
> Fri, 04 Sep 202014:56:36 - DEBUG - base_rp_db.py - [line:584] -  ----------Round:16----------


----------------------------------------
> Fri, 04 Sep 202014:56:36 - DEBUG - base_rp_db.py - [line:591] -  To User: ---------检测到当前酒店设施-残疾人设施下无子节点，请问对于该意图有什么其他的子需求吗-----


----------------------------------------
> Fri, 04 Sep 202014:56:36 - DEBUG - base_rp_db.py - [line:595] -  ----USER: 没了-----


----------------------------------------
> Fri, 04 Sep 202014:56:36 - DEBUG - base_rp_db.py - [line:781] -  ----------Round:17----------


----------------------------------------
> Fri, 04 Sep 202014:56:36 - DEBUG - base_rp_db.py - [line:787] -  To User: 你对酒店还有什么新需求吗？


----------------------------------------
> Fri, 04 Sep 202014:56:37 - DEBUG - base_rp_db.py - [line:790] -  USER: 没有了


----------------------------------------
> Fri, 04 Sep 202014:56:37 - INFO - base_rp_db.py - [line:353] -  Generate Result:{'id': 0, 'goal': {'goalId': 8733, 'content': '旅行', 'parentId': -1, 'requireId': 1381, 'restricts': [], 'optTargets': [], 'hasMatched': False, 'rpId': -1}, 'children': [{'id': 8734, 'goal': {'goalId': 8734, 'content': '酒店', 'parentId': 8733, 'requireId': 1381, 'restricts': [{'goalId': 8734, 'key': '价格', 'valueType': 'region', 'minValue': 200.0, 'maxValue': 300.0, 'unit': '元', 'value': ''}, {'goalId': 8734, 'key': '评分', 'valueType': 'enum', 'minValue': 0.0, 'maxValue': 999.0, 'unit': '', 'value': '5分'}], 'optTargets': [], 'hasMatched': False, 'rpId': -1}, 'children': [{'id': 8735, 'goal': {'goalId': 8735, 'content': '酒店设施-残疾人设施', 'parentId': 8734, 'requireId': 1381, 'restricts': [], 'optTargets': [], 'hasMatched': False, 'rpId': -1}, 'children': []}]}, {'id': 8736, 'goal': {'goalId': 8736, 'content': '景点', 'parentId': 8733, 'requireId': 1381, 'restricts': [{'goalId': 8736, 'key': '门票', 'valueType': 'region', 'minValue': 0.0, 'maxValue': 0.0, 'unit': '元', 'value': ''}, {'goalId': 8736, 'key': '游玩时间', 'valueType': 'region', 'minValue': 2.0, 'maxValue': 4.0, 'unit': '小时', 'value': ''}, {'goalId': 8736, 'key': '评分', 'valueType': 'region', 'minValue': 4.0, 'maxValue': 9999.0, 'unit': '分', 'value': ''}], 'optTargets': [], 'hasMatched': False, 'rpId': -1}, 'children': []}, {'id': 8737, 'goal': {'goalId': 8737, 'content': '地铁', 'parentId': 8733, 'requireId': 1381, 'restricts': [{'goalId': 8737, 'key': '目的地', 'valueType': 'enum', 'minValue': 0.0, 'maxValue': 999.0, 'unit': '', 'value': '北京平安府宾馆'}, {'goalId': 8737, 'key': '出发地', 'valueType': 'enum', 'minValue': 0.0, 'maxValue': 999.0, 'unit': '', 'value': '北京语言大学'}], 'optTargets': [], 'hasMatched': False, 'rpId': -1}, 'children': []}], 'requireInfo': {'userId': 'test_require1', 'requireId': 1381, 'timestamp': '2020-06-06T10:59:39.000+0800', 'state': 0, 'serviceSchemeUrl': None}, 'contexts': {}}

----------------------------------------
> Fri, 04 Sep 202014:56:37 - INFO - core_tree_pid_k2_e2_mod_1.py - [line:170] -  1687

----------------------------------------
> Fri, 04 Sep 202014:56:37 - INFO - core_tree_pid_k2_e2_mod_1.py - [line:180] -  --------对话已结束------------

