----------------------------------------
> Fri, 04 Sep 202014:33:07 - INFO - core_tree_pid_k2_e2_mod_3.py - [line:134] -  Start of program

----------------------------------------
> Fri, 04 Sep 202014:33:07 - INFO - core_tree_pid_k2_e2_mod_3.py - [line:138] -  test_id:


----------------------------------------
> Fri, 04 Sep 202014:33:07 - INFO - core_tree_pid_k2_e2_mod_3.py - [line:139] -  5139

----------------------------------------
> Fri, 04 Sep 202014:33:07 - INFO - core_tree_pid_k2_e2_mod_3.py - [line:143] -  ------Round:1---------


----------------------------------------
> Fri, 04 Sep 202014:33:07 - DEBUG - core_tree_pid_k2_e2_mod_3.py - [line:145] -  您好，很高兴为您服务

----------------------------------------
> Fri, 04 Sep 202014:33:07 - DEBUG - core_tree_pid_k2_e2_mod_3.py - [line:150] -  USER: 我要去旅行

----------------------------------------
> Fri, 04 Sep 202014:33:07 - INFO - base_rp_db.py - [line:330] -  Model:{'id': 6877, 'goal': {'goalId': 6877, 'content': '旅行', 'parentId': -1, 'requireId': -1, 'restricts': [], 'optTargets': [], 'hasMatched': False, 'rpId': 59}, 'children': [{'id': 6878, 'goal': {'goalId': 6878, 'content': '餐馆', 'parentId': 6877, 'requireId': -1, 'restricts': [], 'optTargets': [], 'hasMatched': False, 'rpId': 59}, 'children': []}]}

----------------------------------------
> Fri, 04 Sep 202014:33:07 - INFO - base_rp_db.py - [line:462] -  rps_db length: 1

----------------------------------------
> Fri, 04 Sep 202014:33:07 - INFO - base_rp_db.py - [line:462] -  rps_db length: 1

----------------------------------------
> Fri, 04 Sep 202014:33:07 - INFO - base_rp_db.py - [line:871] -  ---模板树中对应旅行意图无约束----


----------------------------------------
> Fri, 04 Sep 202014:33:07 - INFO - base_rp_db.py - [line:874] -  ----正在需求模式库中查找所有对应旅行的模式或子模式约束...----


----------------------------------------
> Fri, 04 Sep 202014:33:07 - DEBUG - base_rp_db.py - [line:879] -  ----------Round:2----------


----------------------------------------
> Fri, 04 Sep 202014:33:07 - INFO - base_rp_db.py - [line:882] -  ----需求模式库中旅行的约束为空.----


----------------------------------------
> Fri, 04 Sep 202014:33:07 - INFO - base_rp_db.py - [line:885] -  content旅行

----------------------------------------
> Fri, 04 Sep 202014:33:07 - INFO - base_rp_db.py - [line:888] -  restricts:[]

----------------------------------------
> Fri, 04 Sep 202014:33:07 - DEBUG - base_rp_db.py - [line:891] -  To user:对于旅行部分是否满意?


----------------------------------------
> Fri, 04 Sep 202014:33:07 - DEBUG - base_rp_db.py - [line:987] -  USER: 我觉得应该有如下修改：


----------------------------------------
> Fri, 04 Sep 202014:33:07 - INFO - base_rp_db.py - [line:1007] -  --------Round End---------


----------------------------------------
> Fri, 04 Sep 202014:33:07 - INFO - base_rp_db.py - [line:462] -  rps_db length: 2

----------------------------------------
> Fri, 04 Sep 202014:33:07 - INFO - base_rp_db.py - [line:462] -  rps_db length: 1

----------------------------------------
> Fri, 04 Sep 202014:33:07 - DEBUG - base_rp_db.py - [line:673] -  ----------Round:3----------


----------------------------------------
> Fri, 04 Sep 202014:33:07 - DEBUG - base_rp_db.py - [line:676] -  请问您对于餐馆是否需要？


----------------------------------------
> Fri, 04 Sep 202014:33:07 - DEBUG - base_rp_db.py - [line:679] -  USER: 不需要


----------------------------------------
> Fri, 04 Sep 202014:33:07 - DEBUG - base_rp_db.py - [line:756] -  ----------Round:4----------


----------------------------------------
> Fri, 04 Sep 202014:33:07 - DEBUG - base_rp_db.py - [line:762] -  To User: 你对旅行还有什么新需求吗？


----------------------------------------
> Fri, 04 Sep 202014:33:07 - DEBUG - base_rp_db.py - [line:767] -  USER: 我要加入景点


----------------------------------------
> Fri, 04 Sep 202014:33:07 - INFO - base_rp_db.py - [line:871] -  ---模板树中对应景点意图无约束----


----------------------------------------
> Fri, 04 Sep 202014:33:07 - INFO - base_rp_db.py - [line:874] -  ----正在需求模式库中查找所有对应景点的模式或子模式约束...----


----------------------------------------
> Fri, 04 Sep 202014:33:07 - INFO - base_rp_db.py - [line:896] -  ----------Round:5----------


----------------------------------------
> Fri, 04 Sep 202014:33:07 - DEBUG - base_rp_db.py - [line:899] -  To User:对于景点的约束这样如何:


----------------------------------------
> Fri, 04 Sep 202014:33:07 - DEBUG - base_rp_db.py - [line:910] -  景点的游玩时间范围, 1到2小时


----------------------------------------
> Fri, 04 Sep 202014:33:07 - DEBUG - base_rp_db.py - [line:910] -  景点的评分范围, 4到9999分


----------------------------------------
> Fri, 04 Sep 202014:33:07 - DEBUG - base_rp_db.py - [line:910] -  景点的门票范围, 50到100元


----------------------------------------
> Fri, 04 Sep 202014:33:08 - DEBUG - base_rp_db.py - [line:936] -  To user:对于景点部分是否满意?


----------------------------------------
> Fri, 04 Sep 202014:33:08 - DEBUG - base_rp_db.py - [line:987] -  USER: 我觉得应该有如下修改：


----------------------------------------
> Fri, 04 Sep 202014:33:08 - DEBUG - base_rp_db.py - [line:998] -  景点的游玩时间范围, 0到0小时


----------------------------------------
> Fri, 04 Sep 202014:33:08 - INFO - base_rp_db.py - [line:1007] -  --------Round End---------


----------------------------------------
> Fri, 04 Sep 202014:33:08 - DEBUG - base_rp_db.py - [line:584] -  ----------Round:6----------


----------------------------------------
> Fri, 04 Sep 202014:33:08 - DEBUG - base_rp_db.py - [line:591] -  To User: ---------检测到当前景点下无子节点，请问对于该意图有什么其他的子需求吗-----


----------------------------------------
> Fri, 04 Sep 202014:33:08 - DEBUG - base_rp_db.py - [line:595] -  ----USER: 没了-----


----------------------------------------
> Fri, 04 Sep 202014:33:08 - DEBUG - base_rp_db.py - [line:781] -  ----------Round:7----------


----------------------------------------
> Fri, 04 Sep 202014:33:08 - DEBUG - base_rp_db.py - [line:787] -  To User: 你对旅行还有什么新需求吗？


----------------------------------------
> Fri, 04 Sep 202014:33:08 - DEBUG - base_rp_db.py - [line:767] -  USER: 我要加入酒店


----------------------------------------
> Fri, 04 Sep 202014:33:08 - INFO - base_rp_db.py - [line:871] -  ---模板树中对应酒店意图无约束----


----------------------------------------
> Fri, 04 Sep 202014:33:08 - INFO - base_rp_db.py - [line:874] -  ----正在需求模式库中查找所有对应酒店的模式或子模式约束...----


----------------------------------------
> Fri, 04 Sep 202014:33:08 - INFO - base_rp_db.py - [line:896] -  ----------Round:8----------


----------------------------------------
> Fri, 04 Sep 202014:33:08 - DEBUG - base_rp_db.py - [line:899] -  To User:对于酒店的约束这样如何:


----------------------------------------
> Fri, 04 Sep 202014:33:08 - DEBUG - base_rp_db.py - [line:910] -  酒店的价格范围, 300到400元


----------------------------------------
> Fri, 04 Sep 202014:33:08 - DEBUG - base_rp_db.py - [line:910] -  酒店的评分范围, 4到9999分


----------------------------------------
> Fri, 04 Sep 202014:33:08 - DEBUG - base_rp_db.py - [line:927] -  酒店的酒店类型：豪华型


----------------------------------------
> Fri, 04 Sep 202014:33:08 - DEBUG - base_rp_db.py - [line:936] -  To user:对于酒店部分是否满意?


----------------------------------------
> Fri, 04 Sep 202014:33:08 - DEBUG - base_rp_db.py - [line:987] -  USER: 我觉得应该有如下修改：


----------------------------------------
> Fri, 04 Sep 202014:33:08 - DEBUG - base_rp_db.py - [line:998] -  酒店的评分范围, 4到9999分


----------------------------------------
> Fri, 04 Sep 202014:33:08 - INFO - base_rp_db.py - [line:1007] -  --------Round End---------


----------------------------------------
> Fri, 04 Sep 202014:33:08 - DEBUG - base_rp_db.py - [line:584] -  ----------Round:9----------


----------------------------------------
> Fri, 04 Sep 202014:33:08 - DEBUG - base_rp_db.py - [line:591] -  To User: ---------检测到当前酒店下无子节点，请问对于该意图有什么其他的子需求吗-----


----------------------------------------
> Fri, 04 Sep 202014:33:08 - DEBUG - base_rp_db.py - [line:600] -  USER: 我还需要酒店设施-接待外宾


----------------------------------------
> Fri, 04 Sep 202014:33:08 - DEBUG - base_rp_db.py - [line:606] -  ----------Round:10----------


----------------------------------------
> Fri, 04 Sep 202014:33:08 - DEBUG - base_rp_db.py - [line:612] -  To User: 请问对于酒店意图有什么其他的子需求吗-----


----------------------------------------
> Fri, 04 Sep 202014:33:08 - DEBUG - base_rp_db.py - [line:600] -  USER: 我还需要酒店设施-棋牌室


----------------------------------------
> Fri, 04 Sep 202014:33:08 - DEBUG - base_rp_db.py - [line:606] -  ----------Round:11----------


----------------------------------------
> Fri, 04 Sep 202014:33:08 - DEBUG - base_rp_db.py - [line:612] -  To User: 请问对于酒店意图有什么其他的子需求吗-----


----------------------------------------
> Fri, 04 Sep 202014:33:08 - DEBUG - base_rp_db.py - [line:615] -  ----USER: 没了-----


----------------------------------------
> Fri, 04 Sep 202014:33:08 - DEBUG - base_rp_db.py - [line:781] -  ----------Round:12----------


----------------------------------------
> Fri, 04 Sep 202014:33:08 - DEBUG - base_rp_db.py - [line:787] -  To User: 你对旅行还有什么新需求吗？


----------------------------------------
> Fri, 04 Sep 202014:33:08 - DEBUG - base_rp_db.py - [line:790] -  USER: 没有了


----------------------------------------
> Fri, 04 Sep 202014:33:08 - INFO - base_rp_db.py - [line:462] -  rps_db length: 2

----------------------------------------
> Fri, 04 Sep 202014:33:08 - INFO - base_rp_db.py - [line:462] -  rps_db length: 2

----------------------------------------
> Fri, 04 Sep 202014:33:08 - INFO - base_rp_db.py - [line:721] -  -----当前指针点为酒店设施-接待外宾


----------------------------------------
> Fri, 04 Sep 202014:33:08 - INFO - base_rp_db.py - [line:871] -  ---模板树中对应酒店设施-接待外宾意图无约束----


----------------------------------------
> Fri, 04 Sep 202014:33:08 - INFO - base_rp_db.py - [line:874] -  ----正在需求模式库中查找所有对应酒店设施-接待外宾的模式或子模式约束...----


----------------------------------------
> Fri, 04 Sep 202014:33:08 - DEBUG - base_rp_db.py - [line:879] -  ----------Round:13----------


----------------------------------------
> Fri, 04 Sep 202014:33:08 - INFO - base_rp_db.py - [line:882] -  ----需求模式库中酒店设施-接待外宾的约束为空.----


----------------------------------------
> Fri, 04 Sep 202014:33:08 - INFO - base_rp_db.py - [line:885] -  content酒店设施-接待外宾

----------------------------------------
> Fri, 04 Sep 202014:33:08 - INFO - base_rp_db.py - [line:888] -  restricts:[]

----------------------------------------
> Fri, 04 Sep 202014:33:08 - DEBUG - base_rp_db.py - [line:891] -  To user:对于酒店设施-接待外宾部分是否满意?


----------------------------------------
> Fri, 04 Sep 202014:33:08 - DEBUG - base_rp_db.py - [line:987] -  USER: 我觉得应该有如下修改：


----------------------------------------
> Fri, 04 Sep 202014:33:08 - INFO - base_rp_db.py - [line:1007] -  --------Round End---------


----------------------------------------
> Fri, 04 Sep 202014:33:08 - DEBUG - base_rp_db.py - [line:584] -  ----------Round:14----------


----------------------------------------
> Fri, 04 Sep 202014:33:08 - DEBUG - base_rp_db.py - [line:591] -  To User: ---------检测到当前酒店设施-接待外宾下无子节点，请问对于该意图有什么其他的子需求吗-----


----------------------------------------
> Fri, 04 Sep 202014:33:08 - DEBUG - base_rp_db.py - [line:595] -  ----USER: 没了-----


----------------------------------------
> Fri, 04 Sep 202014:33:08 - INFO - base_rp_db.py - [line:721] -  -----当前指针点为酒店设施-棋牌室


----------------------------------------
> Fri, 04 Sep 202014:33:08 - INFO - base_rp_db.py - [line:871] -  ---模板树中对应酒店设施-棋牌室意图无约束----


----------------------------------------
> Fri, 04 Sep 202014:33:08 - INFO - base_rp_db.py - [line:874] -  ----正在需求模式库中查找所有对应酒店设施-棋牌室的模式或子模式约束...----


----------------------------------------
> Fri, 04 Sep 202014:33:08 - DEBUG - base_rp_db.py - [line:879] -  ----------Round:15----------


----------------------------------------
> Fri, 04 Sep 202014:33:08 - INFO - base_rp_db.py - [line:882] -  ----需求模式库中酒店设施-棋牌室的约束为空.----


----------------------------------------
> Fri, 04 Sep 202014:33:08 - INFO - base_rp_db.py - [line:885] -  content酒店设施-棋牌室

----------------------------------------
> Fri, 04 Sep 202014:33:08 - INFO - base_rp_db.py - [line:888] -  restricts:[]

----------------------------------------
> Fri, 04 Sep 202014:33:09 - DEBUG - base_rp_db.py - [line:891] -  To user:对于酒店设施-棋牌室部分是否满意?


----------------------------------------
> Fri, 04 Sep 202014:33:09 - DEBUG - base_rp_db.py - [line:987] -  USER: 我觉得应该有如下修改：


----------------------------------------
> Fri, 04 Sep 202014:33:09 - INFO - base_rp_db.py - [line:1007] -  --------Round End---------


----------------------------------------
> Fri, 04 Sep 202014:33:09 - DEBUG - base_rp_db.py - [line:584] -  ----------Round:16----------


----------------------------------------
> Fri, 04 Sep 202014:33:09 - DEBUG - base_rp_db.py - [line:591] -  To User: ---------检测到当前酒店设施-棋牌室下无子节点，请问对于该意图有什么其他的子需求吗-----


----------------------------------------
> Fri, 04 Sep 202014:33:09 - DEBUG - base_rp_db.py - [line:595] -  ----USER: 没了-----


----------------------------------------
> Fri, 04 Sep 202014:33:09 - INFO - base_rp_db.py - [line:353] -  Generate Result:{'id': 0, 'goal': {'goalId': 25757, 'content': '旅行', 'parentId': -1, 'requireId': 4833, 'restricts': [], 'optTargets': [], 'hasMatched': False, 'rpId': -1}, 'children': [{'id': 25758, 'goal': {'goalId': 25758, 'content': '景点', 'parentId': 25757, 'requireId': 4833, 'restricts': [{'goalId': 25758, 'key': '游玩时间', 'valueType': 'region', 'minValue': 0.0, 'maxValue': 0.0, 'unit': '小时', 'value': ''}], 'optTargets': [], 'hasMatched': False, 'rpId': -1}, 'children': []}, {'id': 25759, 'goal': {'goalId': 25759, 'content': '酒店', 'parentId': 25757, 'requireId': 4833, 'restricts': [{'goalId': 25759, 'key': '评分', 'valueType': 'region', 'minValue': 4.0, 'maxValue': 9999.0, 'unit': '分', 'value': ''}], 'optTargets': [], 'hasMatched': False, 'rpId': -1}, 'children': [{'id': 25760, 'goal': {'goalId': 25760, 'content': '酒店设施-接待外宾', 'parentId': 25759, 'requireId': 4833, 'restricts': [], 'optTargets': [], 'hasMatched': False, 'rpId': -1}, 'children': []}, {'id': 25761, 'goal': {'goalId': 25761, 'content': '酒店设施-棋牌室', 'parentId': 25759, 'requireId': 4833, 'restricts': [], 'optTargets': [], 'hasMatched': False, 'rpId': -1}, 'children': []}]}], 'requireInfo': {'userId': 'test_require1', 'requireId': 4833, 'timestamp': '2020-06-06T11:01:41.000+0800', 'state': 0, 'serviceSchemeUrl': None}, 'contexts': {}}

----------------------------------------
> Fri, 04 Sep 202014:33:09 - INFO - core_tree_pid_k2_e2_mod_3.py - [line:170] -  5139

----------------------------------------
> Fri, 04 Sep 202014:33:09 - INFO - core_tree_pid_k2_e2_mod_3.py - [line:180] -  --------对话已结束------------

