----------------------------------------
> Fri, 04 Sep 202014:28:15 - INFO - core_tree_pid_k2_e2_mod_2.py - [line:134] -  Start of program

----------------------------------------
> Fri, 04 Sep 202014:28:15 - INFO - core_tree_pid_k2_e2_mod_2.py - [line:138] -  test_id:


----------------------------------------
> Fri, 04 Sep 202014:28:15 - INFO - core_tree_pid_k2_e2_mod_2.py - [line:139] -  2970

----------------------------------------
> Fri, 04 Sep 202014:28:15 - INFO - core_tree_pid_k2_e2_mod_2.py - [line:143] -  ------Round:1---------


----------------------------------------
> Fri, 04 Sep 202014:28:15 - DEBUG - core_tree_pid_k2_e2_mod_2.py - [line:145] -  您好，很高兴为您服务

----------------------------------------
> Fri, 04 Sep 202014:28:15 - DEBUG - core_tree_pid_k2_e2_mod_2.py - [line:150] -  USER: 我要去旅行

----------------------------------------
> Fri, 04 Sep 202014:28:15 - INFO - base_rp_db.py - [line:330] -  Model:{'id': 11118, 'goal': {'goalId': 11118, 'content': '旅行', 'parentId': -1, 'requireId': -1, 'restricts': [], 'optTargets': [], 'hasMatched': False, 'rpId': 1334}, 'children': [{'id': 11120, 'goal': {'goalId': 11120, 'content': '景点', 'parentId': 11118, 'requireId': -1, 'restricts': [{'goalId': 11120, 'key': '评分', 'valueType': 'region', 'minValue': 4.0, 'maxValue': 9999.0, 'unit': '分', 'value': ''}, {'goalId': 11120, 'key': '游玩时间', 'valueType': 'enum', 'minValue': 0.0, 'maxValue': 999.0, 'unit': '', 'value': '1小时'}, {'goalId': 11120, 'key': '门票', 'valueType': 'region', 'minValue': 150.0, 'maxValue': 200.0, 'unit': '元', 'value': ''}], 'optTargets': [], 'hasMatched': False, 'rpId': 1334}, 'children': []}, {'id': 11123, 'goal': {'goalId': 11123, 'content': '酒店', 'parentId': 11118, 'requireId': -1, 'restricts': [{'goalId': 11123, 'key': '价格', 'valueType': 'region', 'minValue': 100.0, 'maxValue': 200.0, 'unit': '元', 'value': ''}, {'goalId': 11123, 'key': '酒店类型', 'valueType': 'enum', 'minValue': 0.0, 'maxValue': 999.0, 'unit': '', 'value': '经济型'}], 'optTargets': [], 'hasMatched': False, 'rpId': 1334}, 'children': []}, {'id': 11126, 'goal': {'goalId': 11126, 'content': '餐馆', 'parentId': 11118, 'requireId': -1, 'restricts': [], 'optTargets': [], 'hasMatched': False, 'rpId': 1334}, 'children': []}]}

----------------------------------------
> Fri, 04 Sep 202014:28:16 - INFO - base_rp_db.py - [line:462] -  rps_db length: 1

----------------------------------------
> Fri, 04 Sep 202014:28:16 - INFO - base_rp_db.py - [line:462] -  rps_db length: 1

----------------------------------------
> Fri, 04 Sep 202014:28:16 - INFO - base_rp_db.py - [line:871] -  ---模板树中对应旅行意图无约束----


----------------------------------------
> Fri, 04 Sep 202014:28:16 - INFO - base_rp_db.py - [line:874] -  ----正在需求模式库中查找所有对应旅行的模式或子模式约束...----


----------------------------------------
> Fri, 04 Sep 202014:28:16 - DEBUG - base_rp_db.py - [line:879] -  ----------Round:2----------


----------------------------------------
> Fri, 04 Sep 202014:28:16 - INFO - base_rp_db.py - [line:882] -  ----需求模式库中旅行的约束为空.----


----------------------------------------
> Fri, 04 Sep 202014:28:16 - INFO - base_rp_db.py - [line:885] -  content旅行

----------------------------------------
> Fri, 04 Sep 202014:28:16 - INFO - base_rp_db.py - [line:888] -  restricts:[]

----------------------------------------
> Fri, 04 Sep 202014:28:16 - DEBUG - base_rp_db.py - [line:891] -  To user:对于旅行部分是否满意?


----------------------------------------
> Fri, 04 Sep 202014:28:16 - DEBUG - base_rp_db.py - [line:987] -  USER: 我觉得应该有如下修改：


----------------------------------------
> Fri, 04 Sep 202014:28:16 - INFO - base_rp_db.py - [line:1007] -  --------Round End---------


----------------------------------------
> Fri, 04 Sep 202014:28:16 - INFO - base_rp_db.py - [line:462] -  rps_db length: 3

----------------------------------------
> Fri, 04 Sep 202014:28:16 - INFO - base_rp_db.py - [line:462] -  rps_db length: 3

----------------------------------------
> Fri, 04 Sep 202014:28:16 - DEBUG - base_rp_db.py - [line:662] -  ----------Round:3----------


----------------------------------------
> Fri, 04 Sep 202014:28:16 - DEBUG - base_rp_db.py - [line:665] -  请问您对于景点是否需要？


----------------------------------------
> Fri, 04 Sep 202014:28:16 - DEBUG - base_rp_db.py - [line:668] -  USER: 需要


----------------------------------------
> Fri, 04 Sep 202014:28:16 - INFO - base_rp_db.py - [line:941] -  ----------Round:4----------


----------------------------------------
> Fri, 04 Sep 202014:28:16 - DEBUG - base_rp_db.py - [line:944] -  在需求模式库中对景点进行查找...

----------------------------------------
> Fri, 04 Sep 202014:28:16 - DEBUG - base_rp_db.py - [line:947] -  对于景点的约束这样如何:


----------------------------------------
> Fri, 04 Sep 202014:28:16 - DEBUG - base_rp_db.py - [line:958] -  景点的游玩时间范围, 1到2小时


----------------------------------------
> Fri, 04 Sep 202014:28:16 - DEBUG - base_rp_db.py - [line:958] -  景点的评分范围, 4到9999分


----------------------------------------
> Fri, 04 Sep 202014:28:16 - DEBUG - base_rp_db.py - [line:958] -  景点的门票范围, 50到100元


----------------------------------------
> Fri, 04 Sep 202014:28:16 - DEBUG - base_rp_db.py - [line:984] -  To user:对于景点部分是否满意?


----------------------------------------
> Fri, 04 Sep 202014:28:16 - DEBUG - base_rp_db.py - [line:987] -  USER: 我觉得应该有如下修改：


----------------------------------------
> Fri, 04 Sep 202014:28:16 - DEBUG - base_rp_db.py - [line:1004] -  景点的游玩时间：12小时


----------------------------------------
> Fri, 04 Sep 202014:28:16 - DEBUG - base_rp_db.py - [line:1004] -  景点的评分：5分


----------------------------------------
> Fri, 04 Sep 202014:28:16 - DEBUG - base_rp_db.py - [line:998] -  景点的门票范围, 150到200元


----------------------------------------
> Fri, 04 Sep 202014:28:16 - INFO - base_rp_db.py - [line:1007] -  --------Round End---------


----------------------------------------
> Fri, 04 Sep 202014:28:16 - DEBUG - base_rp_db.py - [line:584] -  ----------Round:5----------


----------------------------------------
> Fri, 04 Sep 202014:28:16 - DEBUG - base_rp_db.py - [line:591] -  To User: ---------检测到当前景点下无子节点，请问对于该意图有什么其他的子需求吗-----


----------------------------------------
> Fri, 04 Sep 202014:28:16 - DEBUG - base_rp_db.py - [line:595] -  ----USER: 没了-----


----------------------------------------
> Fri, 04 Sep 202014:28:16 - DEBUG - base_rp_db.py - [line:662] -  ----------Round:6----------


----------------------------------------
> Fri, 04 Sep 202014:28:16 - DEBUG - base_rp_db.py - [line:665] -  请问您对于酒店是否需要？


----------------------------------------
> Fri, 04 Sep 202014:28:16 - DEBUG - base_rp_db.py - [line:668] -  USER: 需要


----------------------------------------
> Fri, 04 Sep 202014:28:16 - INFO - base_rp_db.py - [line:941] -  ----------Round:7----------


----------------------------------------
> Fri, 04 Sep 202014:28:16 - DEBUG - base_rp_db.py - [line:944] -  在需求模式库中对酒店进行查找...

----------------------------------------
> Fri, 04 Sep 202014:28:16 - DEBUG - base_rp_db.py - [line:947] -  对于酒店的约束这样如何:


----------------------------------------
> Fri, 04 Sep 202014:28:16 - DEBUG - base_rp_db.py - [line:958] -  酒店的价格范围, 300到400元


----------------------------------------
> Fri, 04 Sep 202014:28:16 - DEBUG - base_rp_db.py - [line:958] -  酒店的评分范围, 4到9999分


----------------------------------------
> Fri, 04 Sep 202014:28:16 - DEBUG - base_rp_db.py - [line:975] -  酒店的酒店类型：豪华型


----------------------------------------
> Fri, 04 Sep 202014:28:16 - DEBUG - base_rp_db.py - [line:984] -  To user:对于酒店部分是否满意?


----------------------------------------
> Fri, 04 Sep 202014:28:16 - DEBUG - base_rp_db.py - [line:987] -  USER: 我觉得应该有如下修改：


----------------------------------------
> Fri, 04 Sep 202014:28:16 - DEBUG - base_rp_db.py - [line:998] -  酒店的价格范围, 200到300元


----------------------------------------
> Fri, 04 Sep 202014:28:16 - DEBUG - base_rp_db.py - [line:1004] -  酒店的酒店类型：经济型


----------------------------------------
> Fri, 04 Sep 202014:28:16 - INFO - base_rp_db.py - [line:1007] -  --------Round End---------


----------------------------------------
> Fri, 04 Sep 202014:28:16 - DEBUG - base_rp_db.py - [line:584] -  ----------Round:8----------


----------------------------------------
> Fri, 04 Sep 202014:28:16 - DEBUG - base_rp_db.py - [line:591] -  To User: ---------检测到当前酒店下无子节点，请问对于该意图有什么其他的子需求吗-----


----------------------------------------
> Fri, 04 Sep 202014:28:16 - DEBUG - base_rp_db.py - [line:600] -  USER: 我还需要酒店设施-无烟房


----------------------------------------
> Fri, 04 Sep 202014:28:16 - DEBUG - base_rp_db.py - [line:606] -  ----------Round:9----------


----------------------------------------
> Fri, 04 Sep 202014:28:16 - DEBUG - base_rp_db.py - [line:612] -  To User: 请问对于酒店意图有什么其他的子需求吗-----


----------------------------------------
> Fri, 04 Sep 202014:28:16 - DEBUG - base_rp_db.py - [line:600] -  USER: 我还需要酒店设施-中式餐厅


----------------------------------------
> Fri, 04 Sep 202014:28:16 - DEBUG - base_rp_db.py - [line:606] -  ----------Round:10----------


----------------------------------------
> Fri, 04 Sep 202014:28:16 - DEBUG - base_rp_db.py - [line:612] -  To User: 请问对于酒店意图有什么其他的子需求吗-----


----------------------------------------
> Fri, 04 Sep 202014:28:16 - DEBUG - base_rp_db.py - [line:600] -  USER: 我还需要酒店设施-商务中心


----------------------------------------
> Fri, 04 Sep 202014:28:16 - DEBUG - base_rp_db.py - [line:606] -  ----------Round:11----------


----------------------------------------
> Fri, 04 Sep 202014:28:16 - DEBUG - base_rp_db.py - [line:612] -  To User: 请问对于酒店意图有什么其他的子需求吗-----


----------------------------------------
> Fri, 04 Sep 202014:28:16 - DEBUG - base_rp_db.py - [line:615] -  ----USER: 没了-----


----------------------------------------
> Fri, 04 Sep 202014:28:16 - DEBUG - base_rp_db.py - [line:662] -  ----------Round:12----------


----------------------------------------
> Fri, 04 Sep 202014:28:16 - DEBUG - base_rp_db.py - [line:665] -  请问您对于餐馆是否需要？


----------------------------------------
> Fri, 04 Sep 202014:28:16 - DEBUG - base_rp_db.py - [line:668] -  USER: 需要


----------------------------------------
> Fri, 04 Sep 202014:28:17 - INFO - base_rp_db.py - [line:871] -  ---模板树中对应餐馆意图无约束----


----------------------------------------
> Fri, 04 Sep 202014:28:17 - INFO - base_rp_db.py - [line:874] -  ----正在需求模式库中查找所有对应餐馆的模式或子模式约束...----


----------------------------------------
> Fri, 04 Sep 202014:28:17 - INFO - base_rp_db.py - [line:896] -  ----------Round:13----------


----------------------------------------
> Fri, 04 Sep 202014:28:17 - DEBUG - base_rp_db.py - [line:899] -  To User:对于餐馆的约束这样如何:


----------------------------------------
> Fri, 04 Sep 202014:28:17 - DEBUG - base_rp_db.py - [line:910] -  餐馆的人均消费范围, 50到100元


----------------------------------------
> Fri, 04 Sep 202014:28:17 - DEBUG - base_rp_db.py - [line:910] -  餐馆的评分范围, 4到9999分


----------------------------------------
> Fri, 04 Sep 202014:28:17 - DEBUG - base_rp_db.py - [line:936] -  To user:对于餐馆部分是否满意?


----------------------------------------
> Fri, 04 Sep 202014:28:17 - DEBUG - base_rp_db.py - [line:987] -  USER: 我觉得应该有如下修改：


----------------------------------------
> Fri, 04 Sep 202014:28:17 - DEBUG - base_rp_db.py - [line:998] -  餐馆的评分范围, 4到9999分


----------------------------------------
> Fri, 04 Sep 202014:28:17 - INFO - base_rp_db.py - [line:1007] -  --------Round End---------


----------------------------------------
> Fri, 04 Sep 202014:28:17 - DEBUG - base_rp_db.py - [line:584] -  ----------Round:14----------


----------------------------------------
> Fri, 04 Sep 202014:28:17 - DEBUG - base_rp_db.py - [line:591] -  To User: ---------检测到当前餐馆下无子节点，请问对于该意图有什么其他的子需求吗-----


----------------------------------------
> Fri, 04 Sep 202014:28:17 - DEBUG - base_rp_db.py - [line:600] -  USER: 我还需要推荐菜-鲍鱼


----------------------------------------
> Fri, 04 Sep 202014:28:17 - DEBUG - base_rp_db.py - [line:606] -  ----------Round:15----------


----------------------------------------
> Fri, 04 Sep 202014:28:17 - DEBUG - base_rp_db.py - [line:612] -  To User: 请问对于餐馆意图有什么其他的子需求吗-----


----------------------------------------
> Fri, 04 Sep 202014:28:17 - DEBUG - base_rp_db.py - [line:615] -  ----USER: 没了-----


----------------------------------------
> Fri, 04 Sep 202014:28:17 - DEBUG - base_rp_db.py - [line:756] -  ----------Round:16----------


----------------------------------------
> Fri, 04 Sep 202014:28:17 - DEBUG - base_rp_db.py - [line:762] -  To User: 你对旅行还有什么新需求吗？


----------------------------------------
> Fri, 04 Sep 202014:28:17 - DEBUG - base_rp_db.py - [line:790] -  USER: 没有了


----------------------------------------
> Fri, 04 Sep 202014:28:17 - INFO - base_rp_db.py - [line:462] -  rps_db length: 4

----------------------------------------
> Fri, 04 Sep 202014:28:17 - INFO - base_rp_db.py - [line:462] -  rps_db length: 4

----------------------------------------
> Fri, 04 Sep 202014:28:17 - INFO - base_rp_db.py - [line:721] -  -----当前指针点为酒店设施-无烟房


----------------------------------------
> Fri, 04 Sep 202014:28:17 - INFO - base_rp_db.py - [line:871] -  ---模板树中对应酒店设施-无烟房意图无约束----


----------------------------------------
> Fri, 04 Sep 202014:28:17 - INFO - base_rp_db.py - [line:874] -  ----正在需求模式库中查找所有对应酒店设施-无烟房的模式或子模式约束...----


----------------------------------------
> Fri, 04 Sep 202014:28:17 - DEBUG - base_rp_db.py - [line:879] -  ----------Round:17----------


----------------------------------------
> Fri, 04 Sep 202014:28:17 - INFO - base_rp_db.py - [line:882] -  ----需求模式库中酒店设施-无烟房的约束为空.----


----------------------------------------
> Fri, 04 Sep 202014:28:17 - INFO - base_rp_db.py - [line:885] -  content酒店设施-无烟房

----------------------------------------
> Fri, 04 Sep 202014:28:17 - INFO - base_rp_db.py - [line:888] -  restricts:[]

----------------------------------------
> Fri, 04 Sep 202014:28:17 - DEBUG - base_rp_db.py - [line:891] -  To user:对于酒店设施-无烟房部分是否满意?


----------------------------------------
> Fri, 04 Sep 202014:28:17 - DEBUG - base_rp_db.py - [line:987] -  USER: 我觉得应该有如下修改：


----------------------------------------
> Fri, 04 Sep 202014:28:17 - INFO - base_rp_db.py - [line:1007] -  --------Round End---------


----------------------------------------
> Fri, 04 Sep 202014:28:17 - DEBUG - base_rp_db.py - [line:584] -  ----------Round:18----------


----------------------------------------
> Fri, 04 Sep 202014:28:17 - DEBUG - base_rp_db.py - [line:591] -  To User: ---------检测到当前酒店设施-无烟房下无子节点，请问对于该意图有什么其他的子需求吗-----


----------------------------------------
> Fri, 04 Sep 202014:28:17 - DEBUG - base_rp_db.py - [line:595] -  ----USER: 没了-----


----------------------------------------
> Fri, 04 Sep 202014:28:17 - INFO - base_rp_db.py - [line:721] -  -----当前指针点为酒店设施-中式餐厅


----------------------------------------
> Fri, 04 Sep 202014:28:17 - INFO - base_rp_db.py - [line:871] -  ---模板树中对应酒店设施-中式餐厅意图无约束----


----------------------------------------
> Fri, 04 Sep 202014:28:17 - INFO - base_rp_db.py - [line:874] -  ----正在需求模式库中查找所有对应酒店设施-中式餐厅的模式或子模式约束...----


----------------------------------------
> Fri, 04 Sep 202014:28:17 - DEBUG - base_rp_db.py - [line:879] -  ----------Round:19----------


----------------------------------------
> Fri, 04 Sep 202014:28:17 - INFO - base_rp_db.py - [line:882] -  ----需求模式库中酒店设施-中式餐厅的约束为空.----


----------------------------------------
> Fri, 04 Sep 202014:28:17 - INFO - base_rp_db.py - [line:885] -  content酒店设施-中式餐厅

----------------------------------------
> Fri, 04 Sep 202014:28:17 - INFO - base_rp_db.py - [line:888] -  restricts:[]

----------------------------------------
> Fri, 04 Sep 202014:28:17 - DEBUG - base_rp_db.py - [line:891] -  To user:对于酒店设施-中式餐厅部分是否满意?


----------------------------------------
> Fri, 04 Sep 202014:28:17 - DEBUG - base_rp_db.py - [line:987] -  USER: 我觉得应该有如下修改：


----------------------------------------
> Fri, 04 Sep 202014:28:17 - INFO - base_rp_db.py - [line:1007] -  --------Round End---------


----------------------------------------
> Fri, 04 Sep 202014:28:17 - DEBUG - base_rp_db.py - [line:584] -  ----------Round:20----------


----------------------------------------
> Fri, 04 Sep 202014:28:17 - DEBUG - base_rp_db.py - [line:591] -  To User: ---------检测到当前酒店设施-中式餐厅下无子节点，请问对于该意图有什么其他的子需求吗-----


----------------------------------------
> Fri, 04 Sep 202014:28:17 - DEBUG - base_rp_db.py - [line:595] -  ----USER: 没了-----


----------------------------------------
> Fri, 04 Sep 202014:28:17 - INFO - base_rp_db.py - [line:721] -  -----当前指针点为酒店设施-商务中心


----------------------------------------
> Fri, 04 Sep 202014:28:17 - INFO - base_rp_db.py - [line:871] -  ---模板树中对应酒店设施-商务中心意图无约束----


----------------------------------------
> Fri, 04 Sep 202014:28:17 - INFO - base_rp_db.py - [line:874] -  ----正在需求模式库中查找所有对应酒店设施-商务中心的模式或子模式约束...----


----------------------------------------
> Fri, 04 Sep 202014:28:17 - DEBUG - base_rp_db.py - [line:879] -  ----------Round:21----------


----------------------------------------
> Fri, 04 Sep 202014:28:17 - INFO - base_rp_db.py - [line:882] -  ----需求模式库中酒店设施-商务中心的约束为空.----


----------------------------------------
> Fri, 04 Sep 202014:28:17 - INFO - base_rp_db.py - [line:885] -  content酒店设施-商务中心

----------------------------------------
> Fri, 04 Sep 202014:28:17 - INFO - base_rp_db.py - [line:888] -  restricts:[]

----------------------------------------
> Fri, 04 Sep 202014:28:17 - DEBUG - base_rp_db.py - [line:891] -  To user:对于酒店设施-商务中心部分是否满意?


----------------------------------------
> Fri, 04 Sep 202014:28:17 - DEBUG - base_rp_db.py - [line:987] -  USER: 我觉得应该有如下修改：


----------------------------------------
> Fri, 04 Sep 202014:28:17 - INFO - base_rp_db.py - [line:1007] -  --------Round End---------


----------------------------------------
> Fri, 04 Sep 202014:28:17 - DEBUG - base_rp_db.py - [line:584] -  ----------Round:22----------


----------------------------------------
> Fri, 04 Sep 202014:28:17 - DEBUG - base_rp_db.py - [line:591] -  To User: ---------检测到当前酒店设施-商务中心下无子节点，请问对于该意图有什么其他的子需求吗-----


----------------------------------------
> Fri, 04 Sep 202014:28:17 - DEBUG - base_rp_db.py - [line:595] -  ----USER: 没了-----


----------------------------------------
> Fri, 04 Sep 202014:28:17 - INFO - base_rp_db.py - [line:871] -  ---模板树中对应推荐菜-鲍鱼意图无约束----


----------------------------------------
> Fri, 04 Sep 202014:28:17 - INFO - base_rp_db.py - [line:874] -  ----正在需求模式库中查找所有对应推荐菜-鲍鱼的模式或子模式约束...----


----------------------------------------
> Fri, 04 Sep 202014:28:17 - DEBUG - base_rp_db.py - [line:879] -  ----------Round:23----------


----------------------------------------
> Fri, 04 Sep 202014:28:18 - INFO - base_rp_db.py - [line:882] -  ----需求模式库中推荐菜-鲍鱼的约束为空.----


----------------------------------------
> Fri, 04 Sep 202014:28:18 - INFO - base_rp_db.py - [line:885] -  content推荐菜-鲍鱼

----------------------------------------
> Fri, 04 Sep 202014:28:18 - INFO - base_rp_db.py - [line:888] -  restricts:[]

----------------------------------------
> Fri, 04 Sep 202014:28:18 - DEBUG - base_rp_db.py - [line:891] -  To user:对于推荐菜-鲍鱼部分是否满意?


----------------------------------------
> Fri, 04 Sep 202014:28:18 - DEBUG - base_rp_db.py - [line:987] -  USER: 我觉得应该有如下修改：


----------------------------------------
> Fri, 04 Sep 202014:28:18 - INFO - base_rp_db.py - [line:1007] -  --------Round End---------


----------------------------------------
> Fri, 04 Sep 202014:28:18 - DEBUG - base_rp_db.py - [line:584] -  ----------Round:24----------


----------------------------------------
> Fri, 04 Sep 202014:28:18 - DEBUG - base_rp_db.py - [line:591] -  To User: ---------检测到当前推荐菜-鲍鱼下无子节点，请问对于该意图有什么其他的子需求吗-----


----------------------------------------
> Fri, 04 Sep 202014:28:18 - DEBUG - base_rp_db.py - [line:595] -  ----USER: 没了-----


----------------------------------------
> Fri, 04 Sep 202014:28:18 - INFO - base_rp_db.py - [line:353] -  Generate Result:{'id': 0, 'goal': {'goalId': 15075, 'content': '旅行', 'parentId': -1, 'requireId': 2664, 'restricts': [], 'optTargets': [], 'hasMatched': False, 'rpId': -1}, 'children': [{'id': 15076, 'goal': {'goalId': 15076, 'content': '餐馆', 'parentId': 15075, 'requireId': 2664, 'restricts': [{'goalId': 15076, 'key': '评分', 'valueType': 'region', 'minValue': 4.0, 'maxValue': 9999.0, 'unit': '分', 'value': ''}], 'optTargets': [], 'hasMatched': False, 'rpId': -1}, 'children': [{'id': 15077, 'goal': {'goalId': 15077, 'content': '推荐菜-鲍鱼', 'parentId': 15076, 'requireId': 2664, 'restricts': [], 'optTargets': [], 'hasMatched': False, 'rpId': -1}, 'children': []}]}, {'id': 15078, 'goal': {'goalId': 15078, 'content': '酒店', 'parentId': 15075, 'requireId': 2664, 'restricts': [{'goalId': 15078, 'key': '价格', 'valueType': 'region', 'minValue': 200.0, 'maxValue': 300.0, 'unit': '元', 'value': ''}, {'goalId': 15078, 'key': '酒店类型', 'valueType': 'enum', 'minValue': 0.0, 'maxValue': 999.0, 'unit': '', 'value': '经济型'}], 'optTargets': [], 'hasMatched': False, 'rpId': -1}, 'children': [{'id': 15079, 'goal': {'goalId': 15079, 'content': '酒店设施-无烟房', 'parentId': 15078, 'requireId': 2664, 'restricts': [], 'optTargets': [], 'hasMatched': False, 'rpId': -1}, 'children': []}, {'id': 15080, 'goal': {'goalId': 15080, 'content': '酒店设施-中式餐厅', 'parentId': 15078, 'requireId': 2664, 'restricts': [], 'optTargets': [], 'hasMatched': False, 'rpId': -1}, 'children': []}, {'id': 15081, 'goal': {'goalId': 15081, 'content': '酒店设施-商务中心', 'parentId': 15078, 'requireId': 2664, 'restricts': [], 'optTargets': [], 'hasMatched': False, 'rpId': -1}, 'children': []}]}, {'id': 15082, 'goal': {'goalId': 15082, 'content': '景点', 'parentId': 15075, 'requireId': 2664, 'restricts': [{'goalId': 15082, 'key': '游玩时间', 'valueType': 'enum', 'minValue': 0.0, 'maxValue': 999.0, 'unit': '', 'value': '12小时'}, {'goalId': 15082, 'key': '评分', 'valueType': 'enum', 'minValue': 0.0, 'maxValue': 999.0, 'unit': '', 'value': '5分'}, {'goalId': 15082, 'key': '门票', 'valueType': 'region', 'minValue': 150.0, 'maxValue': 200.0, 'unit': '元', 'value': ''}], 'optTargets': [], 'hasMatched': False, 'rpId': -1}, 'children': []}], 'requireInfo': {'userId': 'test_require1', 'requireId': 2664, 'timestamp': '2020-06-06T11:00:28.000+0800', 'state': 0, 'serviceSchemeUrl': None}, 'contexts': {}}

----------------------------------------
> Fri, 04 Sep 202014:28:18 - INFO - core_tree_pid_k2_e2_mod_2.py - [line:170] -  2970

----------------------------------------
> Fri, 04 Sep 202014:28:18 - INFO - core_tree_pid_k2_e2_mod_2.py - [line:180] -  --------对话已结束------------

