----------------------------------------
> Fri, 04 Sep 202014:10:52 - INFO - core_tree_pid_k2_e2_mod_2.py - [line:134] -  Start of program

----------------------------------------
> Fri, 04 Sep 202014:10:52 - INFO - core_tree_pid_k2_e2_mod_2.py - [line:138] -  test_id:


----------------------------------------
> Fri, 04 Sep 202014:10:52 - INFO - core_tree_pid_k2_e2_mod_2.py - [line:139] -  2176

----------------------------------------
> Fri, 04 Sep 202014:10:52 - INFO - core_tree_pid_k2_e2_mod_2.py - [line:143] -  ------Round:1---------


----------------------------------------
> Fri, 04 Sep 202014:10:52 - DEBUG - core_tree_pid_k2_e2_mod_2.py - [line:145] -  您好，很高兴为您服务

----------------------------------------
> Fri, 04 Sep 202014:10:52 - DEBUG - core_tree_pid_k2_e2_mod_2.py - [line:150] -  USER: 我要去旅行

----------------------------------------
> Fri, 04 Sep 202014:10:52 - INFO - base_rp_db.py - [line:330] -  Model:{'id': 8316, 'goal': {'goalId': 8316, 'content': '旅行', 'parentId': -1, 'requireId': -1, 'restricts': [], 'optTargets': [], 'hasMatched': False, 'rpId': 540}, 'children': [{'id': 8319, 'goal': {'goalId': 8319, 'content': '景点', 'parentId': 8316, 'requireId': -1, 'restricts': [{'goalId': 8319, 'key': '游玩时间', 'valueType': 'region', 'minValue': 2.0, 'maxValue': 3.0, 'unit': '小时', 'value': ''}, {'goalId': 8319, 'key': '评分', 'valueType': 'region', 'minValue': 4.0, 'maxValue': 9999.0, 'unit': '分', 'value': ''}, {'goalId': 8319, 'key': '门票', 'valueType': 'region', 'minValue': 20.0, 'maxValue': 50.0, 'unit': '元', 'value': ''}], 'optTargets': [], 'hasMatched': False, 'rpId': 540}, 'children': []}, {'id': 8323, 'goal': {'goalId': 8323, 'content': '酒店', 'parentId': 8316, 'requireId': -1, 'restricts': [{'goalId': 8323, 'key': '价格', 'valueType': 'region', 'minValue': 400.0, 'maxValue': 500.0, 'unit': '元', 'value': ''}, {'goalId': 8323, 'key': '酒店类型', 'valueType': 'enum', 'minValue': 0.0, 'maxValue': 999.0, 'unit': '', 'value': '经济型'}], 'optTargets': [], 'hasMatched': False, 'rpId': 540}, 'children': []}]}

----------------------------------------
> Fri, 04 Sep 202014:10:52 - INFO - base_rp_db.py - [line:462] -  rps_db length: 1

----------------------------------------
> Fri, 04 Sep 202014:10:52 - INFO - base_rp_db.py - [line:462] -  rps_db length: 1

----------------------------------------
> Fri, 04 Sep 202014:10:52 - INFO - base_rp_db.py - [line:871] -  ---模板树中对应旅行意图无约束----


----------------------------------------
> Fri, 04 Sep 202014:10:52 - INFO - base_rp_db.py - [line:874] -  ----正在需求模式库中查找所有对应旅行的模式或子模式约束...----


----------------------------------------
> Fri, 04 Sep 202014:10:52 - DEBUG - base_rp_db.py - [line:879] -  ----------Round:2----------


----------------------------------------
> Fri, 04 Sep 202014:10:52 - INFO - base_rp_db.py - [line:882] -  ----需求模式库中旅行的约束为空.----


----------------------------------------
> Fri, 04 Sep 202014:10:52 - INFO - base_rp_db.py - [line:885] -  content旅行

----------------------------------------
> Fri, 04 Sep 202014:10:52 - INFO - base_rp_db.py - [line:888] -  restricts:[]

----------------------------------------
> Fri, 04 Sep 202014:10:52 - DEBUG - base_rp_db.py - [line:891] -  To user:对于旅行部分是否满意?


----------------------------------------
> Fri, 04 Sep 202014:10:52 - DEBUG - base_rp_db.py - [line:987] -  USER: 我觉得应该有如下修改：


----------------------------------------
> Fri, 04 Sep 202014:10:52 - INFO - base_rp_db.py - [line:1007] -  --------Round End---------


----------------------------------------
> Fri, 04 Sep 202014:10:52 - INFO - base_rp_db.py - [line:462] -  rps_db length: 5

----------------------------------------
> Fri, 04 Sep 202014:10:52 - INFO - base_rp_db.py - [line:462] -  rps_db length: 2

----------------------------------------
> Fri, 04 Sep 202014:10:52 - DEBUG - base_rp_db.py - [line:662] -  ----------Round:3----------


----------------------------------------
> Fri, 04 Sep 202014:10:52 - DEBUG - base_rp_db.py - [line:665] -  请问您对于景点是否需要？


----------------------------------------
> Fri, 04 Sep 202014:10:52 - DEBUG - base_rp_db.py - [line:668] -  USER: 需要


----------------------------------------
> Fri, 04 Sep 202014:10:52 - INFO - base_rp_db.py - [line:941] -  ----------Round:4----------


----------------------------------------
> Fri, 04 Sep 202014:10:52 - DEBUG - base_rp_db.py - [line:944] -  在需求模式库中对景点进行查找...

----------------------------------------
> Fri, 04 Sep 202014:10:52 - DEBUG - base_rp_db.py - [line:947] -  对于景点的约束这样如何:


----------------------------------------
> Fri, 04 Sep 202014:10:52 - DEBUG - base_rp_db.py - [line:958] -  景点的游玩时间范围, 1到2小时


----------------------------------------
> Fri, 04 Sep 202014:10:52 - DEBUG - base_rp_db.py - [line:958] -  景点的评分范围, 4到9999分


----------------------------------------
> Fri, 04 Sep 202014:10:52 - DEBUG - base_rp_db.py - [line:958] -  景点的门票范围, 50到100元


----------------------------------------
> Fri, 04 Sep 202014:10:52 - DEBUG - base_rp_db.py - [line:984] -  To user:对于景点部分是否满意?


----------------------------------------
> Fri, 04 Sep 202014:10:52 - DEBUG - base_rp_db.py - [line:987] -  USER: 我觉得应该有如下修改：


----------------------------------------
> Fri, 04 Sep 202014:10:52 - DEBUG - base_rp_db.py - [line:998] -  景点的门票范围, 0到20分


----------------------------------------
> Fri, 04 Sep 202014:10:52 - INFO - base_rp_db.py - [line:1007] -  --------Round End---------


----------------------------------------
> Fri, 04 Sep 202014:10:52 - DEBUG - base_rp_db.py - [line:584] -  ----------Round:5----------


----------------------------------------
> Fri, 04 Sep 202014:10:52 - DEBUG - base_rp_db.py - [line:591] -  To User: ---------检测到当前景点下无子节点，请问对于该意图有什么其他的子需求吗-----


----------------------------------------
> Fri, 04 Sep 202014:10:52 - DEBUG - base_rp_db.py - [line:595] -  ----USER: 没了-----


----------------------------------------
> Fri, 04 Sep 202014:10:52 - DEBUG - base_rp_db.py - [line:662] -  ----------Round:6----------


----------------------------------------
> Fri, 04 Sep 202014:10:52 - DEBUG - base_rp_db.py - [line:665] -  请问您对于酒店是否需要？


----------------------------------------
> Fri, 04 Sep 202014:10:52 - DEBUG - base_rp_db.py - [line:668] -  USER: 需要


----------------------------------------
> Fri, 04 Sep 202014:10:52 - INFO - base_rp_db.py - [line:941] -  ----------Round:7----------


----------------------------------------
> Fri, 04 Sep 202014:10:52 - DEBUG - base_rp_db.py - [line:944] -  在需求模式库中对酒店进行查找...

----------------------------------------
> Fri, 04 Sep 202014:10:52 - DEBUG - base_rp_db.py - [line:947] -  对于酒店的约束这样如何:


----------------------------------------
> Fri, 04 Sep 202014:10:52 - DEBUG - base_rp_db.py - [line:958] -  酒店的价格范围, 300到400元


----------------------------------------
> Fri, 04 Sep 202014:10:53 - DEBUG - base_rp_db.py - [line:958] -  酒店的评分范围, 4到9999分


----------------------------------------
> Fri, 04 Sep 202014:10:53 - DEBUG - base_rp_db.py - [line:975] -  酒店的酒店类型：豪华型


----------------------------------------
> Fri, 04 Sep 202014:10:53 - DEBUG - base_rp_db.py - [line:984] -  To user:对于酒店部分是否满意?


----------------------------------------
> Fri, 04 Sep 202014:10:53 - DEBUG - base_rp_db.py - [line:987] -  USER: 我觉得应该有如下修改：


----------------------------------------
> Fri, 04 Sep 202014:10:53 - INFO - base_rp_db.py - [line:1007] -  --------Round End---------


----------------------------------------
> Fri, 04 Sep 202014:10:53 - DEBUG - base_rp_db.py - [line:584] -  ----------Round:8----------


----------------------------------------
> Fri, 04 Sep 202014:10:53 - DEBUG - base_rp_db.py - [line:591] -  To User: ---------检测到当前酒店下无子节点，请问对于该意图有什么其他的子需求吗-----


----------------------------------------
> Fri, 04 Sep 202014:10:53 - DEBUG - base_rp_db.py - [line:600] -  USER: 我还需要酒店设施-无烟房


----------------------------------------
> Fri, 04 Sep 202014:10:53 - DEBUG - base_rp_db.py - [line:606] -  ----------Round:9----------


----------------------------------------
> Fri, 04 Sep 202014:10:53 - DEBUG - base_rp_db.py - [line:612] -  To User: 请问对于酒店意图有什么其他的子需求吗-----


----------------------------------------
> Fri, 04 Sep 202014:10:53 - DEBUG - base_rp_db.py - [line:600] -  USER: 我还需要酒店设施-行李寄存


----------------------------------------
> Fri, 04 Sep 202014:10:53 - DEBUG - base_rp_db.py - [line:606] -  ----------Round:10----------


----------------------------------------
> Fri, 04 Sep 202014:10:53 - DEBUG - base_rp_db.py - [line:612] -  To User: 请问对于酒店意图有什么其他的子需求吗-----


----------------------------------------
> Fri, 04 Sep 202014:10:53 - DEBUG - base_rp_db.py - [line:615] -  ----USER: 没了-----


----------------------------------------
> Fri, 04 Sep 202014:10:53 - DEBUG - base_rp_db.py - [line:756] -  ----------Round:11----------


----------------------------------------
> Fri, 04 Sep 202014:10:53 - DEBUG - base_rp_db.py - [line:762] -  To User: 你对旅行还有什么新需求吗？


----------------------------------------
> Fri, 04 Sep 202014:10:53 - DEBUG - base_rp_db.py - [line:767] -  USER: 我要加入餐馆


----------------------------------------
> Fri, 04 Sep 202014:10:53 - INFO - base_rp_db.py - [line:941] -  ----------Round:12----------


----------------------------------------
> Fri, 04 Sep 202014:10:53 - DEBUG - base_rp_db.py - [line:944] -  在需求模式库中对餐馆进行查找...

----------------------------------------
> Fri, 04 Sep 202014:10:53 - DEBUG - base_rp_db.py - [line:947] -  对于餐馆的约束这样如何:


----------------------------------------
> Fri, 04 Sep 202014:10:53 - DEBUG - base_rp_db.py - [line:958] -  餐馆的人均消费范围, 50到100元


----------------------------------------
> Fri, 04 Sep 202014:10:53 - DEBUG - base_rp_db.py - [line:958] -  餐馆的评分范围, 4到9999分


----------------------------------------
> Fri, 04 Sep 202014:10:53 - DEBUG - base_rp_db.py - [line:984] -  To user:对于餐馆部分是否满意?


----------------------------------------
> Fri, 04 Sep 202014:10:53 - DEBUG - base_rp_db.py - [line:987] -  USER: 我觉得应该有如下修改：


----------------------------------------
> Fri, 04 Sep 202014:10:53 - DEBUG - base_rp_db.py - [line:998] -  餐馆的人均消费范围, 500到1000元


----------------------------------------
> Fri, 04 Sep 202014:10:53 - INFO - base_rp_db.py - [line:1007] -  --------Round End---------


----------------------------------------
> Fri, 04 Sep 202014:10:53 - DEBUG - base_rp_db.py - [line:584] -  ----------Round:13----------


----------------------------------------
> Fri, 04 Sep 202014:10:53 - DEBUG - base_rp_db.py - [line:591] -  To User: ---------检测到当前餐馆下无子节点，请问对于该意图有什么其他的子需求吗-----


----------------------------------------
> Fri, 04 Sep 202014:10:53 - DEBUG - base_rp_db.py - [line:595] -  ----USER: 没了-----


----------------------------------------
> Fri, 04 Sep 202014:10:53 - DEBUG - base_rp_db.py - [line:781] -  ----------Round:14----------


----------------------------------------
> Fri, 04 Sep 202014:10:53 - DEBUG - base_rp_db.py - [line:787] -  To User: 你对旅行还有什么新需求吗？


----------------------------------------
> Fri, 04 Sep 202014:10:53 - DEBUG - base_rp_db.py - [line:767] -  USER: 我要加入地铁


----------------------------------------
> Fri, 04 Sep 202014:10:53 - INFO - base_rp_db.py - [line:941] -  ----------Round:15----------


----------------------------------------
> Fri, 04 Sep 202014:10:53 - DEBUG - base_rp_db.py - [line:944] -  在需求模式库中对地铁进行查找...

----------------------------------------
> Fri, 04 Sep 202014:10:53 - DEBUG - base_rp_db.py - [line:947] -  对于地铁的约束这样如何:


----------------------------------------
> Fri, 04 Sep 202014:10:53 - DEBUG - base_rp_db.py - [line:975] -  地铁的目的地：北京香江戴斯酒店


----------------------------------------
> Fri, 04 Sep 202014:10:53 - DEBUG - base_rp_db.py - [line:975] -  地铁的出发地：天安门广场


----------------------------------------
> Fri, 04 Sep 202014:10:53 - DEBUG - base_rp_db.py - [line:984] -  To user:对于地铁部分是否满意?


----------------------------------------
> Fri, 04 Sep 202014:10:53 - DEBUG - base_rp_db.py - [line:987] -  USER: 我觉得应该有如下修改：


----------------------------------------
> Fri, 04 Sep 202014:10:53 - DEBUG - base_rp_db.py - [line:1004] -  地铁的出发地：中央美术学院美术馆


----------------------------------------
> Fri, 04 Sep 202014:10:53 - DEBUG - base_rp_db.py - [line:1004] -  地铁的目的地：北京新侨诺富特饭店


----------------------------------------
> Fri, 04 Sep 202014:10:53 - INFO - base_rp_db.py - [line:1007] -  --------Round End---------


----------------------------------------
> Fri, 04 Sep 202014:10:53 - DEBUG - base_rp_db.py - [line:584] -  ----------Round:16----------


----------------------------------------
> Fri, 04 Sep 202014:10:53 - DEBUG - base_rp_db.py - [line:591] -  To User: ---------检测到当前地铁下无子节点，请问对于该意图有什么其他的子需求吗-----


----------------------------------------
> Fri, 04 Sep 202014:10:53 - DEBUG - base_rp_db.py - [line:595] -  ----USER: 没了-----


----------------------------------------
> Fri, 04 Sep 202014:10:53 - DEBUG - base_rp_db.py - [line:781] -  ----------Round:17----------


----------------------------------------
> Fri, 04 Sep 202014:10:53 - DEBUG - base_rp_db.py - [line:787] -  To User: 你对旅行还有什么新需求吗？


----------------------------------------
> Fri, 04 Sep 202014:10:53 - DEBUG - base_rp_db.py - [line:767] -  USER: 我要加入出租


----------------------------------------
> Fri, 04 Sep 202014:10:53 - INFO - base_rp_db.py - [line:941] -  ----------Round:18----------


----------------------------------------
> Fri, 04 Sep 202014:10:53 - DEBUG - base_rp_db.py - [line:944] -  在需求模式库中对出租进行查找...

----------------------------------------
> Fri, 04 Sep 202014:10:53 - DEBUG - base_rp_db.py - [line:947] -  对于出租的约束这样如何:


----------------------------------------
> Fri, 04 Sep 202014:10:53 - DEBUG - base_rp_db.py - [line:975] -  出租的目的地：天安门广场


----------------------------------------
> Fri, 04 Sep 202014:10:53 - DEBUG - base_rp_db.py - [line:975] -  出租的出发地：北京鹏润国际大酒店


----------------------------------------
> Fri, 04 Sep 202014:10:53 - DEBUG - base_rp_db.py - [line:984] -  To user:对于出租部分是否满意?


----------------------------------------
> Fri, 04 Sep 202014:10:53 - DEBUG - base_rp_db.py - [line:987] -  USER: 我觉得应该有如下修改：


----------------------------------------
> Fri, 04 Sep 202014:10:53 - DEBUG - base_rp_db.py - [line:1004] -  出租的出发地：福楼法餐厅 FLO


----------------------------------------
> Fri, 04 Sep 202014:10:53 - INFO - base_rp_db.py - [line:1007] -  --------Round End---------


----------------------------------------
> Fri, 04 Sep 202014:10:53 - DEBUG - base_rp_db.py - [line:584] -  ----------Round:19----------


----------------------------------------
> Fri, 04 Sep 202014:10:53 - DEBUG - base_rp_db.py - [line:591] -  To User: ---------检测到当前出租下无子节点，请问对于该意图有什么其他的子需求吗-----


----------------------------------------
> Fri, 04 Sep 202014:10:53 - DEBUG - base_rp_db.py - [line:595] -  ----USER: 没了-----


----------------------------------------
> Fri, 04 Sep 202014:10:53 - DEBUG - base_rp_db.py - [line:781] -  ----------Round:20----------


----------------------------------------
> Fri, 04 Sep 202014:10:53 - DEBUG - base_rp_db.py - [line:787] -  To User: 你对旅行还有什么新需求吗？


----------------------------------------
> Fri, 04 Sep 202014:10:53 - DEBUG - base_rp_db.py - [line:790] -  USER: 没有了


----------------------------------------
> Fri, 04 Sep 202014:10:53 - INFO - base_rp_db.py - [line:462] -  rps_db length: 2

----------------------------------------
> Fri, 04 Sep 202014:10:53 - INFO - base_rp_db.py - [line:462] -  rps_db length: 2

----------------------------------------
> Fri, 04 Sep 202014:10:53 - INFO - base_rp_db.py - [line:721] -  -----当前指针点为酒店设施-无烟房


----------------------------------------
> Fri, 04 Sep 202014:10:53 - INFO - base_rp_db.py - [line:871] -  ---模板树中对应酒店设施-无烟房意图无约束----


----------------------------------------
> Fri, 04 Sep 202014:10:53 - INFO - base_rp_db.py - [line:874] -  ----正在需求模式库中查找所有对应酒店设施-无烟房的模式或子模式约束...----


----------------------------------------
> Fri, 04 Sep 202014:10:53 - DEBUG - base_rp_db.py - [line:879] -  ----------Round:21----------


----------------------------------------
> Fri, 04 Sep 202014:10:53 - INFO - base_rp_db.py - [line:882] -  ----需求模式库中酒店设施-无烟房的约束为空.----


----------------------------------------
> Fri, 04 Sep 202014:10:53 - INFO - base_rp_db.py - [line:885] -  content酒店设施-无烟房

----------------------------------------
> Fri, 04 Sep 202014:10:53 - INFO - base_rp_db.py - [line:888] -  restricts:[]

----------------------------------------
> Fri, 04 Sep 202014:10:53 - DEBUG - base_rp_db.py - [line:891] -  To user:对于酒店设施-无烟房部分是否满意?


----------------------------------------
> Fri, 04 Sep 202014:10:53 - DEBUG - base_rp_db.py - [line:987] -  USER: 我觉得应该有如下修改：


----------------------------------------
> Fri, 04 Sep 202014:10:53 - INFO - base_rp_db.py - [line:1007] -  --------Round End---------


----------------------------------------
> Fri, 04 Sep 202014:10:53 - DEBUG - base_rp_db.py - [line:584] -  ----------Round:22----------


----------------------------------------
> Fri, 04 Sep 202014:10:53 - DEBUG - base_rp_db.py - [line:591] -  To User: ---------检测到当前酒店设施-无烟房下无子节点，请问对于该意图有什么其他的子需求吗-----


----------------------------------------
> Fri, 04 Sep 202014:10:53 - DEBUG - base_rp_db.py - [line:595] -  ----USER: 没了-----


----------------------------------------
> Fri, 04 Sep 202014:10:53 - INFO - base_rp_db.py - [line:721] -  -----当前指针点为酒店设施-行李寄存


----------------------------------------
> Fri, 04 Sep 202014:10:53 - INFO - base_rp_db.py - [line:871] -  ---模板树中对应酒店设施-行李寄存意图无约束----


----------------------------------------
> Fri, 04 Sep 202014:10:53 - INFO - base_rp_db.py - [line:874] -  ----正在需求模式库中查找所有对应酒店设施-行李寄存的模式或子模式约束...----


----------------------------------------
> Fri, 04 Sep 202014:10:53 - DEBUG - base_rp_db.py - [line:879] -  ----------Round:23----------


----------------------------------------
> Fri, 04 Sep 202014:10:53 - INFO - base_rp_db.py - [line:882] -  ----需求模式库中酒店设施-行李寄存的约束为空.----


----------------------------------------
> Fri, 04 Sep 202014:10:53 - INFO - base_rp_db.py - [line:885] -  content酒店设施-行李寄存

----------------------------------------
> Fri, 04 Sep 202014:10:53 - INFO - base_rp_db.py - [line:888] -  restricts:[]

----------------------------------------
> Fri, 04 Sep 202014:10:53 - DEBUG - base_rp_db.py - [line:891] -  To user:对于酒店设施-行李寄存部分是否满意?


----------------------------------------
> Fri, 04 Sep 202014:10:53 - DEBUG - base_rp_db.py - [line:987] -  USER: 我觉得应该有如下修改：


----------------------------------------
> Fri, 04 Sep 202014:10:53 - INFO - base_rp_db.py - [line:1007] -  --------Round End---------


----------------------------------------
> Fri, 04 Sep 202014:10:53 - DEBUG - base_rp_db.py - [line:584] -  ----------Round:24----------


----------------------------------------
> Fri, 04 Sep 202014:10:53 - DEBUG - base_rp_db.py - [line:591] -  To User: ---------检测到当前酒店设施-行李寄存下无子节点，请问对于该意图有什么其他的子需求吗-----


----------------------------------------
> Fri, 04 Sep 202014:10:53 - DEBUG - base_rp_db.py - [line:595] -  ----USER: 没了-----


----------------------------------------
> Fri, 04 Sep 202014:10:53 - INFO - base_rp_db.py - [line:353] -  Generate Result:{'id': 0, 'goal': {'goalId': 11165, 'content': '旅行', 'parentId': -1, 'requireId': 1870, 'restricts': [], 'optTargets': [], 'hasMatched': False, 'rpId': -1}, 'children': [{'id': 11166, 'goal': {'goalId': 11166, 'content': '餐馆', 'parentId': 11165, 'requireId': 1870, 'restricts': [{'goalId': 11166, 'key': '人均消费', 'valueType': 'region', 'minValue': 500.0, 'maxValue': 1000.0, 'unit': '元', 'value': ''}], 'optTargets': [], 'hasMatched': False, 'rpId': -1}, 'children': []}, {'id': 11167, 'goal': {'goalId': 11167, 'content': '景点', 'parentId': 11165, 'requireId': 1870, 'restricts': [{'goalId': 11167, 'key': '门票', 'valueType': 'region', 'minValue': 0.0, 'maxValue': 20.0, 'unit': '分', 'value': ''}], 'optTargets': [], 'hasMatched': False, 'rpId': -1}, 'children': []}, {'id': 11168, 'goal': {'goalId': 11168, 'content': '酒店', 'parentId': 11165, 'requireId': 1870, 'restricts': [], 'optTargets': [], 'hasMatched': False, 'rpId': -1}, 'children': [{'id': 11169, 'goal': {'goalId': 11169, 'content': '酒店设施-无烟房', 'parentId': 11168, 'requireId': 1870, 'restricts': [], 'optTargets': [], 'hasMatched': False, 'rpId': -1}, 'children': []}, {'id': 11170, 'goal': {'goalId': 11170, 'content': '酒店设施-行李寄存', 'parentId': 11168, 'requireId': 1870, 'restricts': [], 'optTargets': [], 'hasMatched': False, 'rpId': -1}, 'children': []}]}, {'id': 11171, 'goal': {'goalId': 11171, 'content': '地铁', 'parentId': 11165, 'requireId': 1870, 'restricts': [{'goalId': 11171, 'key': '出发地', 'valueType': 'enum', 'minValue': 0.0, 'maxValue': 999.0, 'unit': '', 'value': '中央美术学院美术馆'}, {'goalId': 11171, 'key': '目的地', 'valueType': 'enum', 'minValue': 0.0, 'maxValue': 999.0, 'unit': '', 'value': '北京新侨诺富特饭店'}], 'optTargets': [], 'hasMatched': False, 'rpId': -1}, 'children': []}, {'id': 11172, 'goal': {'goalId': 11172, 'content': '出租', 'parentId': 11165, 'requireId': 1870, 'restricts': [{'goalId': 11172, 'key': '出发地', 'valueType': 'enum', 'minValue': 0.0, 'maxValue': 999.0, 'unit': '', 'value': '福楼法餐厅 FLO'}], 'optTargets': [], 'hasMatched': False, 'rpId': -1}, 'children': []}], 'requireInfo': {'userId': 'test_require1', 'requireId': 1870, 'timestamp': '2020-06-06T10:59:58.000+0800', 'state': 0, 'serviceSchemeUrl': None}, 'contexts': {}}

----------------------------------------
> Fri, 04 Sep 202014:10:53 - INFO - core_tree_pid_k2_e2_mod_2.py - [line:170] -  2176

----------------------------------------
> Fri, 04 Sep 202014:10:53 - INFO - core_tree_pid_k2_e2_mod_2.py - [line:180] -  --------对话已结束------------

