----------------------------------------
> Fri, 04 Sep 202015:03:40 - INFO - core_tree_pid_k2_e2_mod_1.py - [line:134] -  Start of program

----------------------------------------
> Fri, 04 Sep 202015:03:40 - INFO - core_tree_pid_k2_e2_mod_1.py - [line:138] -  test_id:


----------------------------------------
> Fri, 04 Sep 202015:03:40 - INFO - core_tree_pid_k2_e2_mod_1.py - [line:139] -  1831

----------------------------------------
> Fri, 04 Sep 202015:03:40 - INFO - core_tree_pid_k2_e2_mod_1.py - [line:143] -  ------Round:1---------


----------------------------------------
> Fri, 04 Sep 202015:03:40 - DEBUG - core_tree_pid_k2_e2_mod_1.py - [line:145] -  您好，很高兴为您服务

----------------------------------------
> Fri, 04 Sep 202015:03:40 - DEBUG - core_tree_pid_k2_e2_mod_1.py - [line:150] -  USER: 我要去旅行

----------------------------------------
> Fri, 04 Sep 202015:03:41 - INFO - base_rp_db.py - [line:330] -  Model:{'id': 7304, 'goal': {'goalId': 7304, 'content': '旅行', 'parentId': -1, 'requireId': -1, 'restricts': [], 'optTargets': [], 'hasMatched': False, 'rpId': 188}, 'children': [{'id': 7305, 'goal': {'goalId': 7305, 'content': '餐馆', 'parentId': 7304, 'requireId': -1, 'restricts': [{'goalId': 7305, 'key': '评分', 'valueType': 'region', 'minValue': 4.0, 'maxValue': 9999.0, 'unit': '分', 'value': ''}], 'optTargets': [], 'hasMatched': False, 'rpId': 188}, 'children': [{'id': 7307, 'goal': {'goalId': 7307, 'content': '推荐菜-蟹棒', 'parentId': 7305, 'requireId': -1, 'restricts': [], 'optTargets': [], 'hasMatched': False, 'rpId': 188}, 'children': []}]}]}

----------------------------------------
> Fri, 04 Sep 202015:03:41 - INFO - base_rp_db.py - [line:462] -  rps_db length: 1

----------------------------------------
> Fri, 04 Sep 202015:03:41 - INFO - base_rp_db.py - [line:462] -  rps_db length: 1

----------------------------------------
> Fri, 04 Sep 202015:03:41 - INFO - base_rp_db.py - [line:871] -  ---模板树中对应旅行意图无约束----


----------------------------------------
> Fri, 04 Sep 202015:03:41 - INFO - base_rp_db.py - [line:874] -  ----正在需求模式库中查找所有对应旅行的模式或子模式约束...----


----------------------------------------
> Fri, 04 Sep 202015:03:41 - DEBUG - base_rp_db.py - [line:879] -  ----------Round:2----------


----------------------------------------
> Fri, 04 Sep 202015:03:41 - INFO - base_rp_db.py - [line:882] -  ----需求模式库中旅行的约束为空.----


----------------------------------------
> Fri, 04 Sep 202015:03:41 - INFO - base_rp_db.py - [line:885] -  content旅行

----------------------------------------
> Fri, 04 Sep 202015:03:41 - INFO - base_rp_db.py - [line:888] -  restricts:[]

----------------------------------------
> Fri, 04 Sep 202015:03:41 - DEBUG - base_rp_db.py - [line:891] -  To user:对于旅行部分是否满意?


----------------------------------------
> Fri, 04 Sep 202015:03:41 - DEBUG - base_rp_db.py - [line:987] -  USER: 我觉得应该有如下修改：


----------------------------------------
> Fri, 04 Sep 202015:03:41 - INFO - base_rp_db.py - [line:1007] -  --------Round End---------


----------------------------------------
> Fri, 04 Sep 202015:03:41 - INFO - base_rp_db.py - [line:462] -  rps_db length: 3

----------------------------------------
> Fri, 04 Sep 202015:03:41 - INFO - base_rp_db.py - [line:462] -  rps_db length: 1

----------------------------------------
> Fri, 04 Sep 202015:03:41 - DEBUG - base_rp_db.py - [line:662] -  ----------Round:3----------


----------------------------------------
> Fri, 04 Sep 202015:03:41 - DEBUG - base_rp_db.py - [line:665] -  请问您对于餐馆是否需要？


----------------------------------------
> Fri, 04 Sep 202015:03:41 - DEBUG - base_rp_db.py - [line:668] -  USER: 需要


----------------------------------------
> Fri, 04 Sep 202015:03:41 - INFO - base_rp_db.py - [line:941] -  ----------Round:4----------


----------------------------------------
> Fri, 04 Sep 202015:03:41 - DEBUG - base_rp_db.py - [line:944] -  在需求模式库中对餐馆进行查找...

----------------------------------------
> Fri, 04 Sep 202015:03:41 - DEBUG - base_rp_db.py - [line:947] -  对于餐馆的约束这样如何:


----------------------------------------
> Fri, 04 Sep 202015:03:41 - DEBUG - base_rp_db.py - [line:958] -  餐馆的人均消费范围, 50到100元


----------------------------------------
> Fri, 04 Sep 202015:03:41 - DEBUG - base_rp_db.py - [line:958] -  餐馆的评分范围, 4到9999分


----------------------------------------
> Fri, 04 Sep 202015:03:41 - DEBUG - base_rp_db.py - [line:984] -  To user:对于餐馆部分是否满意?


----------------------------------------
> Fri, 04 Sep 202015:03:42 - DEBUG - base_rp_db.py - [line:987] -  USER: 我觉得应该有如下修改：


----------------------------------------
> Fri, 04 Sep 202015:03:42 - INFO - base_rp_db.py - [line:1007] -  --------Round End---------


----------------------------------------
> Fri, 04 Sep 202015:03:42 - DEBUG - base_rp_db.py - [line:756] -  ----------Round:5----------


----------------------------------------
> Fri, 04 Sep 202015:03:42 - DEBUG - base_rp_db.py - [line:762] -  To User: 你对旅行还有什么新需求吗？


----------------------------------------
> Fri, 04 Sep 202015:03:42 - DEBUG - base_rp_db.py - [line:767] -  USER: 我要加入景点


----------------------------------------
> Fri, 04 Sep 202015:03:42 - INFO - base_rp_db.py - [line:941] -  ----------Round:6----------


----------------------------------------
> Fri, 04 Sep 202015:03:42 - DEBUG - base_rp_db.py - [line:944] -  在需求模式库中对景点进行查找...

----------------------------------------
> Fri, 04 Sep 202015:03:42 - DEBUG - base_rp_db.py - [line:947] -  对于景点的约束这样如何:


----------------------------------------
> Fri, 04 Sep 202015:03:42 - DEBUG - base_rp_db.py - [line:958] -  景点的游玩时间范围, 1到2小时


----------------------------------------
> Fri, 04 Sep 202015:03:42 - DEBUG - base_rp_db.py - [line:958] -  景点的评分范围, 4到9999分


----------------------------------------
> Fri, 04 Sep 202015:03:42 - DEBUG - base_rp_db.py - [line:958] -  景点的门票范围, 50到100元


----------------------------------------
> Fri, 04 Sep 202015:03:42 - DEBUG - base_rp_db.py - [line:984] -  To user:对于景点部分是否满意?


----------------------------------------
> Fri, 04 Sep 202015:03:42 - DEBUG - base_rp_db.py - [line:987] -  USER: 我觉得应该有如下修改：


----------------------------------------
> Fri, 04 Sep 202015:03:42 - DEBUG - base_rp_db.py - [line:998] -  景点的门票范围, 0到0元


----------------------------------------
> Fri, 04 Sep 202015:03:42 - DEBUG - base_rp_db.py - [line:998] -  景点的游玩时间范围, 0到0小时


----------------------------------------
> Fri, 04 Sep 202015:03:42 - DEBUG - base_rp_db.py - [line:998] -  景点的评分范围, 4到9999分


----------------------------------------
> Fri, 04 Sep 202015:03:42 - INFO - base_rp_db.py - [line:1007] -  --------Round End---------


----------------------------------------
> Fri, 04 Sep 202015:03:42 - DEBUG - base_rp_db.py - [line:584] -  ----------Round:7----------


----------------------------------------
> Fri, 04 Sep 202015:03:42 - DEBUG - base_rp_db.py - [line:591] -  To User: ---------检测到当前景点下无子节点，请问对于该意图有什么其他的子需求吗-----


----------------------------------------
> Fri, 04 Sep 202015:03:42 - DEBUG - base_rp_db.py - [line:595] -  ----USER: 没了-----


----------------------------------------
> Fri, 04 Sep 202015:03:42 - DEBUG - base_rp_db.py - [line:781] -  ----------Round:8----------


----------------------------------------
> Fri, 04 Sep 202015:03:42 - DEBUG - base_rp_db.py - [line:787] -  To User: 你对旅行还有什么新需求吗？


----------------------------------------
> Fri, 04 Sep 202015:03:42 - DEBUG - base_rp_db.py - [line:767] -  USER: 我要加入酒店


----------------------------------------
> Fri, 04 Sep 202015:03:42 - INFO - base_rp_db.py - [line:941] -  ----------Round:9----------


----------------------------------------
> Fri, 04 Sep 202015:03:42 - DEBUG - base_rp_db.py - [line:944] -  在需求模式库中对酒店进行查找...

----------------------------------------
> Fri, 04 Sep 202015:03:42 - DEBUG - base_rp_db.py - [line:947] -  对于酒店的约束这样如何:


----------------------------------------
> Fri, 04 Sep 202015:03:42 - DEBUG - base_rp_db.py - [line:958] -  酒店的价格范围, 300到400元


----------------------------------------
> Fri, 04 Sep 202015:03:42 - DEBUG - base_rp_db.py - [line:958] -  酒店的评分范围, 4到9999分


----------------------------------------
> Fri, 04 Sep 202015:03:42 - DEBUG - base_rp_db.py - [line:975] -  酒店的酒店类型：豪华型


----------------------------------------
> Fri, 04 Sep 202015:03:42 - DEBUG - base_rp_db.py - [line:984] -  To user:对于酒店部分是否满意?


----------------------------------------
> Fri, 04 Sep 202015:03:42 - DEBUG - base_rp_db.py - [line:987] -  USER: 我觉得应该有如下修改：


----------------------------------------
> Fri, 04 Sep 202015:03:42 - INFO - base_rp_db.py - [line:1007] -  --------Round End---------


----------------------------------------
> Fri, 04 Sep 202015:03:42 - DEBUG - base_rp_db.py - [line:584] -  ----------Round:10----------


----------------------------------------
> Fri, 04 Sep 202015:03:42 - DEBUG - base_rp_db.py - [line:591] -  To User: ---------检测到当前酒店下无子节点，请问对于该意图有什么其他的子需求吗-----


----------------------------------------
> Fri, 04 Sep 202015:03:42 - DEBUG - base_rp_db.py - [line:600] -  USER: 我还需要酒店设施-接机服务


----------------------------------------
> Fri, 04 Sep 202015:03:42 - DEBUG - base_rp_db.py - [line:606] -  ----------Round:11----------


----------------------------------------
> Fri, 04 Sep 202015:03:42 - DEBUG - base_rp_db.py - [line:612] -  To User: 请问对于酒店意图有什么其他的子需求吗-----


----------------------------------------
> Fri, 04 Sep 202015:03:43 - DEBUG - base_rp_db.py - [line:600] -  USER: 我还需要酒店设施-租车


----------------------------------------
> Fri, 04 Sep 202015:03:43 - DEBUG - base_rp_db.py - [line:606] -  ----------Round:12----------


----------------------------------------
> Fri, 04 Sep 202015:03:43 - DEBUG - base_rp_db.py - [line:612] -  To User: 请问对于酒店意图有什么其他的子需求吗-----


----------------------------------------
> Fri, 04 Sep 202015:03:43 - DEBUG - base_rp_db.py - [line:615] -  ----USER: 没了-----


----------------------------------------
> Fri, 04 Sep 202015:03:43 - DEBUG - base_rp_db.py - [line:781] -  ----------Round:13----------


----------------------------------------
> Fri, 04 Sep 202015:03:43 - DEBUG - base_rp_db.py - [line:787] -  To User: 你对旅行还有什么新需求吗？


----------------------------------------
> Fri, 04 Sep 202015:03:43 - DEBUG - base_rp_db.py - [line:790] -  USER: 没有了


----------------------------------------
> Fri, 04 Sep 202015:03:43 - INFO - base_rp_db.py - [line:462] -  rps_db length: 3

----------------------------------------
> Fri, 04 Sep 202015:03:43 - INFO - base_rp_db.py - [line:462] -  rps_db length: 3

----------------------------------------
> Fri, 04 Sep 202015:03:43 - DEBUG - base_rp_db.py - [line:673] -  ----------Round:14----------


----------------------------------------
> Fri, 04 Sep 202015:03:43 - DEBUG - base_rp_db.py - [line:676] -  请问您对于推荐菜-蟹棒是否需要？


----------------------------------------
> Fri, 04 Sep 202015:03:43 - DEBUG - base_rp_db.py - [line:679] -  USER: 不需要


----------------------------------------
> Fri, 04 Sep 202015:03:43 - DEBUG - base_rp_db.py - [line:623] -  ----------Round:15----------


----------------------------------------
> Fri, 04 Sep 202015:03:43 - DEBUG - base_rp_db.py - [line:629] -  To User: 你对餐馆还有什么新需求吗？


----------------------------------------
> Fri, 04 Sep 202015:03:43 - DEBUG - base_rp_db.py - [line:634] -  USER: 我要加入推荐菜-炖鱼头


----------------------------------------
> Fri, 04 Sep 202015:03:43 - INFO - base_rp_db.py - [line:1064] -  ---未使用模式库或模式库或需求知识图谱中无推荐菜-炖鱼头意图----


----------------------------------------
> Fri, 04 Sep 202015:03:43 - INFO - base_rp_db.py - [line:1068] -  ----------Round:16----------


----------------------------------------
> Fri, 04 Sep 202015:03:43 - DEBUG - base_rp_db.py - [line:1071] -  To User: 无法匹配推荐菜-炖鱼头


----------------------------------------
> Fri, 04 Sep 202015:03:43 - DEBUG - base_rp_db.py - [line:1075] -  To User: 你对推荐菜-炖鱼头的约束是什么？


----------------------------------------
> Fri, 04 Sep 202015:03:43 - DEBUG - base_rp_db.py - [line:1110] -  USER: 我都无所谓


----------------------------------------
> Fri, 04 Sep 202015:03:43 - DEBUG - base_rp_db.py - [line:584] -  ----------Round:17----------


----------------------------------------
> Fri, 04 Sep 202015:03:43 - DEBUG - base_rp_db.py - [line:591] -  To User: ---------检测到当前推荐菜-炖鱼头下无子节点，请问对于该意图有什么其他的子需求吗-----


----------------------------------------
> Fri, 04 Sep 202015:03:43 - DEBUG - base_rp_db.py - [line:595] -  ----USER: 没了-----


----------------------------------------
> Fri, 04 Sep 202015:03:43 - DEBUG - base_rp_db.py - [line:644] -  ----------Round:18----------


----------------------------------------
> Fri, 04 Sep 202015:03:43 - DEBUG - base_rp_db.py - [line:650] -  To User: 你对餐馆还有什么新需求吗？


----------------------------------------
> Fri, 04 Sep 202015:03:43 - DEBUG - base_rp_db.py - [line:653] -  USER: 没有了


----------------------------------------
> Fri, 04 Sep 202015:03:43 - INFO - base_rp_db.py - [line:871] -  ---模板树中对应酒店设施-接机服务意图无约束----


----------------------------------------
> Fri, 04 Sep 202015:03:43 - INFO - base_rp_db.py - [line:874] -  ----正在需求模式库中查找所有对应酒店设施-接机服务的模式或子模式约束...----


----------------------------------------
> Fri, 04 Sep 202015:03:43 - DEBUG - base_rp_db.py - [line:879] -  ----------Round:19----------


----------------------------------------
> Fri, 04 Sep 202015:03:43 - INFO - base_rp_db.py - [line:882] -  ----需求模式库中酒店设施-接机服务的约束为空.----


----------------------------------------
> Fri, 04 Sep 202015:03:43 - INFO - base_rp_db.py - [line:885] -  content酒店设施-接机服务

----------------------------------------
> Fri, 04 Sep 202015:03:43 - INFO - base_rp_db.py - [line:888] -  restricts:[]

----------------------------------------
> Fri, 04 Sep 202015:03:43 - DEBUG - base_rp_db.py - [line:891] -  To user:对于酒店设施-接机服务部分是否满意?


----------------------------------------
> Fri, 04 Sep 202015:03:44 - DEBUG - base_rp_db.py - [line:987] -  USER: 我觉得应该有如下修改：


----------------------------------------
> Fri, 04 Sep 202015:03:44 - INFO - base_rp_db.py - [line:1007] -  --------Round End---------


----------------------------------------
> Fri, 04 Sep 202015:03:44 - DEBUG - base_rp_db.py - [line:584] -  ----------Round:20----------


----------------------------------------
> Fri, 04 Sep 202015:03:44 - DEBUG - base_rp_db.py - [line:591] -  To User: ---------检测到当前酒店设施-接机服务下无子节点，请问对于该意图有什么其他的子需求吗-----


----------------------------------------
> Fri, 04 Sep 202015:03:44 - DEBUG - base_rp_db.py - [line:595] -  ----USER: 没了-----


----------------------------------------
> Fri, 04 Sep 202015:03:44 - INFO - base_rp_db.py - [line:721] -  -----当前指针点为酒店设施-租车


----------------------------------------
> Fri, 04 Sep 202015:03:44 - INFO - base_rp_db.py - [line:871] -  ---模板树中对应酒店设施-租车意图无约束----


----------------------------------------
> Fri, 04 Sep 202015:03:44 - INFO - base_rp_db.py - [line:874] -  ----正在需求模式库中查找所有对应酒店设施-租车的模式或子模式约束...----


----------------------------------------
> Fri, 04 Sep 202015:03:44 - DEBUG - base_rp_db.py - [line:879] -  ----------Round:21----------


----------------------------------------
> Fri, 04 Sep 202015:03:44 - INFO - base_rp_db.py - [line:882] -  ----需求模式库中酒店设施-租车的约束为空.----


----------------------------------------
> Fri, 04 Sep 202015:03:44 - INFO - base_rp_db.py - [line:885] -  content酒店设施-租车

----------------------------------------
> Fri, 04 Sep 202015:03:44 - INFO - base_rp_db.py - [line:888] -  restricts:[]

----------------------------------------
> Fri, 04 Sep 202015:03:44 - DEBUG - base_rp_db.py - [line:891] -  To user:对于酒店设施-租车部分是否满意?


----------------------------------------
> Fri, 04 Sep 202015:03:44 - DEBUG - base_rp_db.py - [line:987] -  USER: 我觉得应该有如下修改：


----------------------------------------
> Fri, 04 Sep 202015:03:44 - INFO - base_rp_db.py - [line:1007] -  --------Round End---------


----------------------------------------
> Fri, 04 Sep 202015:03:44 - DEBUG - base_rp_db.py - [line:584] -  ----------Round:22----------


----------------------------------------
> Fri, 04 Sep 202015:03:44 - DEBUG - base_rp_db.py - [line:591] -  To User: ---------检测到当前酒店设施-租车下无子节点，请问对于该意图有什么其他的子需求吗-----


----------------------------------------
> Fri, 04 Sep 202015:03:44 - DEBUG - base_rp_db.py - [line:595] -  ----USER: 没了-----


----------------------------------------
> Fri, 04 Sep 202015:03:44 - INFO - base_rp_db.py - [line:353] -  Generate Result:{'id': 0, 'goal': {'goalId': 9419, 'content': '旅行', 'parentId': -1, 'requireId': 1525, 'restricts': [], 'optTargets': [], 'hasMatched': False, 'rpId': -1}, 'children': [{'id': 9420, 'goal': {'goalId': 9420, 'content': '景点', 'parentId': 9419, 'requireId': 1525, 'restricts': [{'goalId': 9420, 'key': '门票', 'valueType': 'region', 'minValue': 0.0, 'maxValue': 0.0, 'unit': '元', 'value': ''}, {'goalId': 9420, 'key': '游玩时间', 'valueType': 'region', 'minValue': 0.0, 'maxValue': 0.0, 'unit': '小时', 'value': ''}, {'goalId': 9420, 'key': '评分', 'valueType': 'region', 'minValue': 4.0, 'maxValue': 9999.0, 'unit': '分', 'value': ''}], 'optTargets': [], 'hasMatched': False, 'rpId': -1}, 'children': []}, {'id': 9421, 'goal': {'goalId': 9421, 'content': '酒店', 'parentId': 9419, 'requireId': 1525, 'restricts': [], 'optTargets': [], 'hasMatched': False, 'rpId': -1}, 'children': [{'id': 9422, 'goal': {'goalId': 9422, 'content': '酒店设施-接机服务', 'parentId': 9421, 'requireId': 1525, 'restricts': [], 'optTargets': [], 'hasMatched': False, 'rpId': -1}, 'children': []}, {'id': 9423, 'goal': {'goalId': 9423, 'content': '酒店设施-租车', 'parentId': 9421, 'requireId': 1525, 'restricts': [], 'optTargets': [], 'hasMatched': False, 'rpId': -1}, 'children': []}]}, {'id': 9424, 'goal': {'goalId': 9424, 'content': '餐馆', 'parentId': 9419, 'requireId': 1525, 'restricts': [], 'optTargets': [], 'hasMatched': False, 'rpId': -1}, 'children': [{'id': 9425, 'goal': {'goalId': 9425, 'content': '推荐菜-炖鱼头', 'parentId': 9424, 'requireId': 1525, 'restricts': [], 'optTargets': [], 'hasMatched': False, 'rpId': -1}, 'children': []}]}], 'requireInfo': {'userId': 'test_require1', 'requireId': 1525, 'timestamp': '2020-06-06T10:59:45.000+0800', 'state': 0, 'serviceSchemeUrl': None}, 'contexts': {}}

----------------------------------------
> Fri, 04 Sep 202015:03:44 - INFO - core_tree_pid_k2_e2_mod_1.py - [line:170] -  1831

----------------------------------------
> Fri, 04 Sep 202015:03:44 - INFO - core_tree_pid_k2_e2_mod_1.py - [line:180] -  --------对话已结束------------

