----------------------------------------
> Fri, 04 Sep 202014:17:46 - INFO - core_tree_pid_k2_e2_mod_2.py - [line:134] -  Start of program

----------------------------------------
> Fri, 04 Sep 202014:17:46 - INFO - core_tree_pid_k2_e2_mod_2.py - [line:138] -  test_id:


----------------------------------------
> Fri, 04 Sep 202014:17:46 - INFO - core_tree_pid_k2_e2_mod_2.py - [line:139] -  2586

----------------------------------------
> Fri, 04 Sep 202014:17:46 - INFO - core_tree_pid_k2_e2_mod_2.py - [line:143] -  ------Round:1---------


----------------------------------------
> Fri, 04 Sep 202014:17:46 - DEBUG - core_tree_pid_k2_e2_mod_2.py - [line:145] -  您好，很高兴为您服务

----------------------------------------
> Fri, 04 Sep 202014:17:46 - DEBUG - core_tree_pid_k2_e2_mod_2.py - [line:150] -  USER: 我要去旅行

----------------------------------------
> Fri, 04 Sep 202014:17:46 - INFO - base_rp_db.py - [line:330] -  Model:{'id': 9570, 'goal': {'goalId': 9570, 'content': '旅行', 'parentId': -1, 'requireId': -1, 'restricts': [], 'optTargets': [], 'hasMatched': False, 'rpId': 950}, 'children': [{'id': 9571, 'goal': {'goalId': 9571, 'content': '酒店', 'parentId': 9570, 'requireId': -1, 'restricts': [{'goalId': 9571, 'key': '评分', 'valueType': 'region', 'minValue': 4.0, 'maxValue': 9999.0, 'unit': '分', 'value': ''}, {'goalId': 9571, 'key': '酒店类型', 'valueType': 'enum', 'minValue': 0.0, 'maxValue': 999.0, 'unit': '', 'value': '经济型'}], 'optTargets': [], 'hasMatched': False, 'rpId': 950}, 'children': [{'id': 9572, 'goal': {'goalId': 9572, 'content': '酒店设施-会议室', 'parentId': 9571, 'requireId': -1, 'restricts': [], 'optTargets': [], 'hasMatched': False, 'rpId': 950}, 'children': []}, {'id': 9573, 'goal': {'goalId': 9573, 'content': '酒店设施-国际长途电话', 'parentId': 9571, 'requireId': -1, 'restricts': [], 'optTargets': [], 'hasMatched': False, 'rpId': 950}, 'children': []}]}]}

----------------------------------------
> Fri, 04 Sep 202014:17:46 - INFO - base_rp_db.py - [line:462] -  rps_db length: 1

----------------------------------------
> Fri, 04 Sep 202014:17:46 - INFO - base_rp_db.py - [line:462] -  rps_db length: 1

----------------------------------------
> Fri, 04 Sep 202014:17:46 - INFO - base_rp_db.py - [line:871] -  ---模板树中对应旅行意图无约束----


----------------------------------------
> Fri, 04 Sep 202014:17:46 - INFO - base_rp_db.py - [line:874] -  ----正在需求模式库中查找所有对应旅行的模式或子模式约束...----


----------------------------------------
> Fri, 04 Sep 202014:17:46 - DEBUG - base_rp_db.py - [line:879] -  ----------Round:2----------


----------------------------------------
> Fri, 04 Sep 202014:17:46 - INFO - base_rp_db.py - [line:882] -  ----需求模式库中旅行的约束为空.----


----------------------------------------
> Fri, 04 Sep 202014:17:46 - INFO - base_rp_db.py - [line:885] -  content旅行

----------------------------------------
> Fri, 04 Sep 202014:17:46 - INFO - base_rp_db.py - [line:888] -  restricts:[]

----------------------------------------
> Fri, 04 Sep 202014:17:46 - DEBUG - base_rp_db.py - [line:891] -  To user:对于旅行部分是否满意?


----------------------------------------
> Fri, 04 Sep 202014:17:46 - DEBUG - base_rp_db.py - [line:987] -  USER: 我觉得应该有如下修改：


----------------------------------------
> Fri, 04 Sep 202014:17:46 - INFO - base_rp_db.py - [line:1007] -  --------Round End---------


----------------------------------------
> Fri, 04 Sep 202014:17:46 - INFO - base_rp_db.py - [line:462] -  rps_db length: 3

----------------------------------------
> Fri, 04 Sep 202014:17:46 - INFO - base_rp_db.py - [line:462] -  rps_db length: 1

----------------------------------------
> Fri, 04 Sep 202014:17:46 - DEBUG - base_rp_db.py - [line:662] -  ----------Round:3----------


----------------------------------------
> Fri, 04 Sep 202014:17:47 - DEBUG - base_rp_db.py - [line:665] -  请问您对于酒店是否需要？


----------------------------------------
> Fri, 04 Sep 202014:17:47 - DEBUG - base_rp_db.py - [line:668] -  USER: 需要


----------------------------------------
> Fri, 04 Sep 202014:17:47 - INFO - base_rp_db.py - [line:941] -  ----------Round:4----------


----------------------------------------
> Fri, 04 Sep 202014:17:47 - DEBUG - base_rp_db.py - [line:944] -  在需求模式库中对酒店进行查找...

----------------------------------------
> Fri, 04 Sep 202014:17:47 - DEBUG - base_rp_db.py - [line:947] -  对于酒店的约束这样如何:


----------------------------------------
> Fri, 04 Sep 202014:17:47 - DEBUG - base_rp_db.py - [line:958] -  酒店的价格范围, 300到400元


----------------------------------------
> Fri, 04 Sep 202014:17:47 - DEBUG - base_rp_db.py - [line:958] -  酒店的评分范围, 4到9999分


----------------------------------------
> Fri, 04 Sep 202014:17:47 - DEBUG - base_rp_db.py - [line:975] -  酒店的酒店类型：豪华型


----------------------------------------
> Fri, 04 Sep 202014:17:47 - DEBUG - base_rp_db.py - [line:984] -  To user:对于酒店部分是否满意?


----------------------------------------
> Fri, 04 Sep 202014:17:47 - DEBUG - base_rp_db.py - [line:987] -  USER: 我觉得应该有如下修改：


----------------------------------------
> Fri, 04 Sep 202014:17:47 - DEBUG - base_rp_db.py - [line:1004] -  酒店的酒店类型：高档型


----------------------------------------
> Fri, 04 Sep 202014:17:47 - INFO - base_rp_db.py - [line:1007] -  --------Round End---------


----------------------------------------
> Fri, 04 Sep 202014:17:47 - DEBUG - base_rp_db.py - [line:756] -  ----------Round:5----------


----------------------------------------
> Fri, 04 Sep 202014:17:47 - DEBUG - base_rp_db.py - [line:762] -  To User: 你对旅行还有什么新需求吗？


----------------------------------------
> Fri, 04 Sep 202014:17:47 - DEBUG - base_rp_db.py - [line:767] -  USER: 我要加入餐馆


----------------------------------------
> Fri, 04 Sep 202014:17:47 - INFO - base_rp_db.py - [line:941] -  ----------Round:6----------


----------------------------------------
> Fri, 04 Sep 202014:17:47 - DEBUG - base_rp_db.py - [line:944] -  在需求模式库中对餐馆进行查找...

----------------------------------------
> Fri, 04 Sep 202014:17:47 - DEBUG - base_rp_db.py - [line:947] -  对于餐馆的约束这样如何:


----------------------------------------
> Fri, 04 Sep 202014:17:47 - DEBUG - base_rp_db.py - [line:958] -  餐馆的人均消费范围, 50到100元


----------------------------------------
> Fri, 04 Sep 202014:17:47 - DEBUG - base_rp_db.py - [line:958] -  餐馆的评分范围, 4到9999分


----------------------------------------
> Fri, 04 Sep 202014:17:47 - DEBUG - base_rp_db.py - [line:984] -  To user:对于餐馆部分是否满意?


----------------------------------------
> Fri, 04 Sep 202014:17:47 - DEBUG - base_rp_db.py - [line:987] -  USER: 我觉得应该有如下修改：


----------------------------------------
> Fri, 04 Sep 202014:17:47 - DEBUG - base_rp_db.py - [line:998] -  餐馆的人均消费范围, 100到150元


----------------------------------------
> Fri, 04 Sep 202014:17:47 - DEBUG - base_rp_db.py - [line:998] -  餐馆的评分范围, 4到9999分


----------------------------------------
> Fri, 04 Sep 202014:17:47 - INFO - base_rp_db.py - [line:1007] -  --------Round End---------


----------------------------------------
> Fri, 04 Sep 202014:17:47 - DEBUG - base_rp_db.py - [line:584] -  ----------Round:7----------


----------------------------------------
> Fri, 04 Sep 202014:17:47 - DEBUG - base_rp_db.py - [line:591] -  To User: ---------检测到当前餐馆下无子节点，请问对于该意图有什么其他的子需求吗-----


----------------------------------------
> Fri, 04 Sep 202014:17:47 - DEBUG - base_rp_db.py - [line:600] -  USER: 我还需要推荐菜-烤串


----------------------------------------
> Fri, 04 Sep 202014:17:47 - DEBUG - base_rp_db.py - [line:606] -  ----------Round:8----------


----------------------------------------
> Fri, 04 Sep 202014:17:47 - DEBUG - base_rp_db.py - [line:612] -  To User: 请问对于餐馆意图有什么其他的子需求吗-----


----------------------------------------
> Fri, 04 Sep 202014:17:47 - DEBUG - base_rp_db.py - [line:615] -  ----USER: 没了-----


----------------------------------------
> Fri, 04 Sep 202014:17:47 - DEBUG - base_rp_db.py - [line:781] -  ----------Round:9----------


----------------------------------------
> Fri, 04 Sep 202014:17:47 - DEBUG - base_rp_db.py - [line:787] -  To User: 你对旅行还有什么新需求吗？


----------------------------------------
> Fri, 04 Sep 202014:17:47 - DEBUG - base_rp_db.py - [line:767] -  USER: 我要加入出租


----------------------------------------
> Fri, 04 Sep 202014:17:47 - INFO - base_rp_db.py - [line:941] -  ----------Round:10----------


----------------------------------------
> Fri, 04 Sep 202014:17:47 - DEBUG - base_rp_db.py - [line:944] -  在需求模式库中对出租进行查找...

----------------------------------------
> Fri, 04 Sep 202014:17:47 - DEBUG - base_rp_db.py - [line:947] -  对于出租的约束这样如何:


----------------------------------------
> Fri, 04 Sep 202014:17:47 - DEBUG - base_rp_db.py - [line:975] -  出租的目的地：天安门广场


----------------------------------------
> Fri, 04 Sep 202014:17:47 - DEBUG - base_rp_db.py - [line:975] -  出租的出发地：北京鹏润国际大酒店


----------------------------------------
> Fri, 04 Sep 202014:17:47 - DEBUG - base_rp_db.py - [line:984] -  To user:对于出租部分是否满意?


----------------------------------------
> Fri, 04 Sep 202014:17:47 - DEBUG - base_rp_db.py - [line:987] -  USER: 我觉得应该有如下修改：


----------------------------------------
> Fri, 04 Sep 202014:17:47 - DEBUG - base_rp_db.py - [line:1004] -  出租的出发地：北京贵都大酒店


----------------------------------------
> Fri, 04 Sep 202014:17:47 - DEBUG - base_rp_db.py - [line:1004] -  出租的目的地：福寿斋


----------------------------------------
> Fri, 04 Sep 202014:17:47 - INFO - base_rp_db.py - [line:1007] -  --------Round End---------


----------------------------------------
> Fri, 04 Sep 202014:17:47 - DEBUG - base_rp_db.py - [line:584] -  ----------Round:11----------


----------------------------------------
> Fri, 04 Sep 202014:17:47 - DEBUG - base_rp_db.py - [line:591] -  To User: ---------检测到当前出租下无子节点，请问对于该意图有什么其他的子需求吗-----


----------------------------------------
> Fri, 04 Sep 202014:17:47 - DEBUG - base_rp_db.py - [line:595] -  ----USER: 没了-----


----------------------------------------
> Fri, 04 Sep 202014:17:47 - DEBUG - base_rp_db.py - [line:781] -  ----------Round:12----------


----------------------------------------
> Fri, 04 Sep 202014:17:47 - DEBUG - base_rp_db.py - [line:787] -  To User: 你对旅行还有什么新需求吗？


----------------------------------------
> Fri, 04 Sep 202014:17:47 - DEBUG - base_rp_db.py - [line:790] -  USER: 没有了


----------------------------------------
> Fri, 04 Sep 202014:17:47 - INFO - base_rp_db.py - [line:462] -  rps_db length: 3

----------------------------------------
> Fri, 04 Sep 202014:17:47 - INFO - base_rp_db.py - [line:462] -  rps_db length: 3

----------------------------------------
> Fri, 04 Sep 202014:17:47 - DEBUG - base_rp_db.py - [line:673] -  ----------Round:13----------


----------------------------------------
> Fri, 04 Sep 202014:17:47 - DEBUG - base_rp_db.py - [line:676] -  请问您对于酒店设施-会议室是否需要？


----------------------------------------
> Fri, 04 Sep 202014:17:47 - DEBUG - base_rp_db.py - [line:679] -  USER: 不需要


----------------------------------------
> Fri, 04 Sep 202014:17:47 - DEBUG - base_rp_db.py - [line:673] -  ----------Round:14----------


----------------------------------------
> Fri, 04 Sep 202014:17:47 - DEBUG - base_rp_db.py - [line:676] -  请问您对于酒店设施-国际长途电话是否需要？


----------------------------------------
> Fri, 04 Sep 202014:17:47 - DEBUG - base_rp_db.py - [line:679] -  USER: 不需要


----------------------------------------
> Fri, 04 Sep 202014:17:47 - DEBUG - base_rp_db.py - [line:623] -  ----------Round:15----------


----------------------------------------
> Fri, 04 Sep 202014:17:47 - DEBUG - base_rp_db.py - [line:629] -  To User: 你对酒店还有什么新需求吗？


----------------------------------------
> Fri, 04 Sep 202014:17:47 - DEBUG - base_rp_db.py - [line:634] -  USER: 我要加入酒店设施-行李寄存


----------------------------------------
> Fri, 04 Sep 202014:17:47 - INFO - base_rp_db.py - [line:871] -  ---模板树中对应酒店设施-行李寄存意图无约束----


----------------------------------------
> Fri, 04 Sep 202014:17:47 - INFO - base_rp_db.py - [line:874] -  ----正在需求模式库中查找所有对应酒店设施-行李寄存的模式或子模式约束...----


----------------------------------------
> Fri, 04 Sep 202014:17:47 - DEBUG - base_rp_db.py - [line:879] -  ----------Round:16----------


----------------------------------------
> Fri, 04 Sep 202014:17:47 - INFO - base_rp_db.py - [line:882] -  ----需求模式库中酒店设施-行李寄存的约束为空.----


----------------------------------------
> Fri, 04 Sep 202014:17:47 - INFO - base_rp_db.py - [line:885] -  content酒店设施-行李寄存

----------------------------------------
> Fri, 04 Sep 202014:17:47 - INFO - base_rp_db.py - [line:888] -  restricts:[]

----------------------------------------
> Fri, 04 Sep 202014:17:47 - DEBUG - base_rp_db.py - [line:891] -  To user:对于酒店设施-行李寄存部分是否满意?


----------------------------------------
> Fri, 04 Sep 202014:17:47 - DEBUG - base_rp_db.py - [line:987] -  USER: 我觉得应该有如下修改：


----------------------------------------
> Fri, 04 Sep 202014:17:47 - INFO - base_rp_db.py - [line:1007] -  --------Round End---------


----------------------------------------
> Fri, 04 Sep 202014:17:47 - DEBUG - base_rp_db.py - [line:584] -  ----------Round:17----------


----------------------------------------
> Fri, 04 Sep 202014:17:47 - DEBUG - base_rp_db.py - [line:591] -  To User: ---------检测到当前酒店设施-行李寄存下无子节点，请问对于该意图有什么其他的子需求吗-----


----------------------------------------
> Fri, 04 Sep 202014:17:47 - DEBUG - base_rp_db.py - [line:595] -  ----USER: 没了-----


----------------------------------------
> Fri, 04 Sep 202014:17:47 - DEBUG - base_rp_db.py - [line:644] -  ----------Round:18----------


----------------------------------------
> Fri, 04 Sep 202014:17:47 - DEBUG - base_rp_db.py - [line:650] -  To User: 你对酒店还有什么新需求吗？


----------------------------------------
> Fri, 04 Sep 202014:17:47 - DEBUG - base_rp_db.py - [line:634] -  USER: 我要加入酒店设施-西式餐厅


----------------------------------------
> Fri, 04 Sep 202014:17:47 - INFO - base_rp_db.py - [line:871] -  ---模板树中对应酒店设施-西式餐厅意图无约束----


----------------------------------------
> Fri, 04 Sep 202014:17:47 - INFO - base_rp_db.py - [line:874] -  ----正在需求模式库中查找所有对应酒店设施-西式餐厅的模式或子模式约束...----


----------------------------------------
> Fri, 04 Sep 202014:17:47 - DEBUG - base_rp_db.py - [line:879] -  ----------Round:19----------


----------------------------------------
> Fri, 04 Sep 202014:17:47 - INFO - base_rp_db.py - [line:882] -  ----需求模式库中酒店设施-西式餐厅的约束为空.----


----------------------------------------
> Fri, 04 Sep 202014:17:47 - INFO - base_rp_db.py - [line:885] -  content酒店设施-西式餐厅

----------------------------------------
> Fri, 04 Sep 202014:17:47 - INFO - base_rp_db.py - [line:888] -  restricts:[]

----------------------------------------
> Fri, 04 Sep 202014:17:47 - DEBUG - base_rp_db.py - [line:891] -  To user:对于酒店设施-西式餐厅部分是否满意?


----------------------------------------
> Fri, 04 Sep 202014:17:47 - DEBUG - base_rp_db.py - [line:987] -  USER: 我觉得应该有如下修改：


----------------------------------------
> Fri, 04 Sep 202014:17:47 - INFO - base_rp_db.py - [line:1007] -  --------Round End---------


----------------------------------------
> Fri, 04 Sep 202014:17:47 - DEBUG - base_rp_db.py - [line:584] -  ----------Round:20----------


----------------------------------------
> Fri, 04 Sep 202014:17:47 - DEBUG - base_rp_db.py - [line:591] -  To User: ---------检测到当前酒店设施-西式餐厅下无子节点，请问对于该意图有什么其他的子需求吗-----


----------------------------------------
> Fri, 04 Sep 202014:17:47 - DEBUG - base_rp_db.py - [line:595] -  ----USER: 没了-----


----------------------------------------
> Fri, 04 Sep 202014:17:47 - DEBUG - base_rp_db.py - [line:644] -  ----------Round:21----------


----------------------------------------
> Fri, 04 Sep 202014:17:47 - DEBUG - base_rp_db.py - [line:650] -  To User: 你对酒店还有什么新需求吗？


----------------------------------------
> Fri, 04 Sep 202014:17:47 - DEBUG - base_rp_db.py - [line:653] -  USER: 没有了


----------------------------------------
> Fri, 04 Sep 202014:17:47 - INFO - base_rp_db.py - [line:1064] -  ---未使用模式库或模式库或需求知识图谱中无推荐菜-烤串意图----


----------------------------------------
> Fri, 04 Sep 202014:17:47 - INFO - base_rp_db.py - [line:1068] -  ----------Round:22----------


----------------------------------------
> Fri, 04 Sep 202014:17:47 - DEBUG - base_rp_db.py - [line:1071] -  To User: 无法匹配推荐菜-烤串


----------------------------------------
> Fri, 04 Sep 202014:17:47 - DEBUG - base_rp_db.py - [line:1075] -  To User: 你对推荐菜-烤串的约束是什么？


----------------------------------------
> Fri, 04 Sep 202014:17:47 - DEBUG - base_rp_db.py - [line:1110] -  USER: 我都无所谓


----------------------------------------
> Fri, 04 Sep 202014:17:47 - DEBUG - base_rp_db.py - [line:584] -  ----------Round:23----------


----------------------------------------
> Fri, 04 Sep 202014:17:47 - DEBUG - base_rp_db.py - [line:591] -  To User: ---------检测到当前推荐菜-烤串下无子节点，请问对于该意图有什么其他的子需求吗-----


----------------------------------------
> Fri, 04 Sep 202014:17:47 - DEBUG - base_rp_db.py - [line:595] -  ----USER: 没了-----


----------------------------------------
> Fri, 04 Sep 202014:17:47 - INFO - base_rp_db.py - [line:353] -  Generate Result:{'id': 0, 'goal': {'goalId': 13141, 'content': '旅行', 'parentId': -1, 'requireId': 2280, 'restricts': [], 'optTargets': [], 'hasMatched': False, 'rpId': -1}, 'children': [{'id': 13142, 'goal': {'goalId': 13142, 'content': '酒店', 'parentId': 13141, 'requireId': 2280, 'restricts': [{'goalId': 13142, 'key': '酒店类型', 'valueType': 'enum', 'minValue': 0.0, 'maxValue': 999.0, 'unit': '', 'value': '高档型'}], 'optTargets': [], 'hasMatched': False, 'rpId': -1}, 'children': [{'id': 13143, 'goal': {'goalId': 13143, 'content': '酒店设施-行李寄存', 'parentId': 13142, 'requireId': 2280, 'restricts': [], 'optTargets': [], 'hasMatched': False, 'rpId': -1}, 'children': []}, {'id': 13144, 'goal': {'goalId': 13144, 'content': '酒店设施-西式餐厅', 'parentId': 13142, 'requireId': 2280, 'restricts': [], 'optTargets': [], 'hasMatched': False, 'rpId': -1}, 'children': []}]}, {'id': 13145, 'goal': {'goalId': 13145, 'content': '餐馆', 'parentId': 13141, 'requireId': 2280, 'restricts': [{'goalId': 13145, 'key': '人均消费', 'valueType': 'region', 'minValue': 100.0, 'maxValue': 150.0, 'unit': '元', 'value': ''}, {'goalId': 13145, 'key': '评分', 'valueType': 'region', 'minValue': 4.0, 'maxValue': 9999.0, 'unit': '分', 'value': ''}], 'optTargets': [], 'hasMatched': False, 'rpId': -1}, 'children': [{'id': 13146, 'goal': {'goalId': 13146, 'content': '推荐菜-烤串', 'parentId': 13145, 'requireId': 2280, 'restricts': [], 'optTargets': [], 'hasMatched': False, 'rpId': -1}, 'children': []}]}, {'id': 13147, 'goal': {'goalId': 13147, 'content': '出租', 'parentId': 13141, 'requireId': 2280, 'restricts': [{'goalId': 13147, 'key': '出发地', 'valueType': 'enum', 'minValue': 0.0, 'maxValue': 999.0, 'unit': '', 'value': '北京贵都大酒店'}, {'goalId': 13147, 'key': '目的地', 'valueType': 'enum', 'minValue': 0.0, 'maxValue': 999.0, 'unit': '', 'value': '福寿斋'}], 'optTargets': [], 'hasMatched': False, 'rpId': -1}, 'children': []}], 'requireInfo': {'userId': 'test_require1', 'requireId': 2280, 'timestamp': '2020-06-06T11:00:10.000+0800', 'state': 0, 'serviceSchemeUrl': None}, 'contexts': {}}

----------------------------------------
> Fri, 04 Sep 202014:17:47 - INFO - core_tree_pid_k2_e2_mod_2.py - [line:170] -  2586

----------------------------------------
> Fri, 04 Sep 202014:17:47 - INFO - core_tree_pid_k2_e2_mod_2.py - [line:180] -  --------对话已结束------------

