----------------------------------------
> Fri, 04 Sep 202014:40:44 - INFO - core_tree_pid_k2_e2_mod_3.py - [line:134] -  Start of program

----------------------------------------
> Fri, 04 Sep 202014:40:44 - INFO - core_tree_pid_k2_e2_mod_3.py - [line:138] -  test_id:


----------------------------------------
> Fri, 04 Sep 202014:40:44 - INFO - core_tree_pid_k2_e2_mod_3.py - [line:139] -  5346

----------------------------------------
> Fri, 04 Sep 202014:40:44 - INFO - core_tree_pid_k2_e2_mod_3.py - [line:143] -  ------Round:1---------


----------------------------------------
> Fri, 04 Sep 202014:40:44 - DEBUG - core_tree_pid_k2_e2_mod_3.py - [line:145] -  您好，很高兴为您服务

----------------------------------------
> Fri, 04 Sep 202014:40:44 - DEBUG - core_tree_pid_k2_e2_mod_3.py - [line:150] -  USER: 我要去旅行

----------------------------------------
> Fri, 04 Sep 202014:40:44 - INFO - base_rp_db.py - [line:330] -  Model:{'id': 7566, 'goal': {'goalId': 7566, 'content': '旅行', 'parentId': -1, 'requireId': -1, 'restricts': [], 'optTargets': [], 'hasMatched': False, 'rpId': 290}, 'children': [{'id': 7568, 'goal': {'goalId': 7568, 'content': '景点', 'parentId': 7566, 'requireId': -1, 'restricts': [{'goalId': 7568, 'key': '评分', 'valueType': 'region', 'minValue': 4.0, 'maxValue': 9999.0, 'unit': '分', 'value': ''}, {'goalId': 7568, 'key': '门票', 'valueType': 'region', 'minValue': 20.0, 'maxValue': 50.0, 'unit': '元', 'value': ''}, {'goalId': 7568, 'key': '游玩时间', 'valueType': 'enum', 'minValue': 0.0, 'maxValue': 999.0, 'unit': '', 'value': '1小时'}], 'optTargets': [], 'hasMatched': False, 'rpId': 290}, 'children': []}, {'id': 7573, 'goal': {'goalId': 7573, 'content': '酒店', 'parentId': 7566, 'requireId': -1, 'restricts': [{'goalId': 7573, 'key': '价格', 'valueType': 'region', 'minValue': 200.0, 'maxValue': 300.0, 'unit': '元', 'value': ''}, {'goalId': 7573, 'key': '评分', 'valueType': 'enum', 'minValue': 0.0, 'maxValue': 999.0, 'unit': '', 'value': '5分'}, {'goalId': 7573, 'key': '酒店类型', 'valueType': 'enum', 'minValue': 0.0, 'maxValue': 999.0, 'unit': '', 'value': '经济型'}], 'optTargets': [], 'hasMatched': False, 'rpId': 290}, 'children': []}]}

----------------------------------------
> Fri, 04 Sep 202014:40:45 - INFO - base_rp_db.py - [line:462] -  rps_db length: 1

----------------------------------------
> Fri, 04 Sep 202014:40:45 - INFO - base_rp_db.py - [line:462] -  rps_db length: 1

----------------------------------------
> Fri, 04 Sep 202014:40:45 - INFO - base_rp_db.py - [line:871] -  ---模板树中对应旅行意图无约束----


----------------------------------------
> Fri, 04 Sep 202014:40:45 - INFO - base_rp_db.py - [line:874] -  ----正在需求模式库中查找所有对应旅行的模式或子模式约束...----


----------------------------------------
> Fri, 04 Sep 202014:40:45 - DEBUG - base_rp_db.py - [line:879] -  ----------Round:2----------


----------------------------------------
> Fri, 04 Sep 202014:40:45 - INFO - base_rp_db.py - [line:882] -  ----需求模式库中旅行的约束为空.----


----------------------------------------
> Fri, 04 Sep 202014:40:45 - INFO - base_rp_db.py - [line:885] -  content旅行

----------------------------------------
> Fri, 04 Sep 202014:40:45 - INFO - base_rp_db.py - [line:888] -  restricts:[]

----------------------------------------
> Fri, 04 Sep 202014:40:45 - DEBUG - base_rp_db.py - [line:891] -  To user:对于旅行部分是否满意?


----------------------------------------
> Fri, 04 Sep 202014:40:45 - DEBUG - base_rp_db.py - [line:987] -  USER: 我觉得应该有如下修改：


----------------------------------------
> Fri, 04 Sep 202014:40:45 - INFO - base_rp_db.py - [line:1007] -  --------Round End---------


----------------------------------------
> Fri, 04 Sep 202014:40:45 - INFO - base_rp_db.py - [line:462] -  rps_db length: 2

----------------------------------------
> Fri, 04 Sep 202014:40:45 - INFO - base_rp_db.py - [line:462] -  rps_db length: 2

----------------------------------------
> Fri, 04 Sep 202014:40:45 - DEBUG - base_rp_db.py - [line:662] -  ----------Round:3----------


----------------------------------------
> Fri, 04 Sep 202014:40:45 - DEBUG - base_rp_db.py - [line:665] -  请问您对于景点是否需要？


----------------------------------------
> Fri, 04 Sep 202014:40:45 - DEBUG - base_rp_db.py - [line:668] -  USER: 需要


----------------------------------------
> Fri, 04 Sep 202014:40:45 - INFO - base_rp_db.py - [line:941] -  ----------Round:4----------


----------------------------------------
> Fri, 04 Sep 202014:40:45 - DEBUG - base_rp_db.py - [line:944] -  在需求模式库中对景点进行查找...

----------------------------------------
> Fri, 04 Sep 202014:40:45 - DEBUG - base_rp_db.py - [line:947] -  对于景点的约束这样如何:


----------------------------------------
> Fri, 04 Sep 202014:40:45 - DEBUG - base_rp_db.py - [line:958] -  景点的游玩时间范围, 1到2小时


----------------------------------------
> Fri, 04 Sep 202014:40:45 - DEBUG - base_rp_db.py - [line:958] -  景点的评分范围, 4到9999分


----------------------------------------
> Fri, 04 Sep 202014:40:45 - DEBUG - base_rp_db.py - [line:958] -  景点的门票范围, 50到100元


----------------------------------------
> Fri, 04 Sep 202014:40:45 - DEBUG - base_rp_db.py - [line:984] -  To user:对于景点部分是否满意?


----------------------------------------
> Fri, 04 Sep 202014:40:45 - DEBUG - base_rp_db.py - [line:987] -  USER: 我觉得应该有如下修改：


----------------------------------------
> Fri, 04 Sep 202014:40:45 - DEBUG - base_rp_db.py - [line:998] -  景点的门票范围, 0到0元


----------------------------------------
> Fri, 04 Sep 202014:40:45 - DEBUG - base_rp_db.py - [line:1004] -  景点的评分：5分


----------------------------------------
> Fri, 04 Sep 202014:40:45 - DEBUG - base_rp_db.py - [line:1004] -  景点的游玩时间：1天


----------------------------------------
> Fri, 04 Sep 202014:40:45 - INFO - base_rp_db.py - [line:1007] -  --------Round End---------


----------------------------------------
> Fri, 04 Sep 202014:40:45 - DEBUG - base_rp_db.py - [line:584] -  ----------Round:5----------


----------------------------------------
> Fri, 04 Sep 202014:40:45 - DEBUG - base_rp_db.py - [line:591] -  To User: ---------检测到当前景点下无子节点，请问对于该意图有什么其他的子需求吗-----


----------------------------------------
> Fri, 04 Sep 202014:40:45 - DEBUG - base_rp_db.py - [line:595] -  ----USER: 没了-----


----------------------------------------
> Fri, 04 Sep 202014:40:45 - DEBUG - base_rp_db.py - [line:673] -  ----------Round:6----------


----------------------------------------
> Fri, 04 Sep 202014:40:45 - DEBUG - base_rp_db.py - [line:676] -  请问您对于酒店是否需要？


----------------------------------------
> Fri, 04 Sep 202014:40:45 - DEBUG - base_rp_db.py - [line:679] -  USER: 不需要


----------------------------------------
> Fri, 04 Sep 202014:40:45 - DEBUG - base_rp_db.py - [line:756] -  ----------Round:7----------


----------------------------------------
> Fri, 04 Sep 202014:40:45 - DEBUG - base_rp_db.py - [line:762] -  To User: 你对旅行还有什么新需求吗？


----------------------------------------
> Fri, 04 Sep 202014:40:45 - DEBUG - base_rp_db.py - [line:767] -  USER: 我要加入餐馆


----------------------------------------
> Fri, 04 Sep 202014:40:45 - INFO - base_rp_db.py - [line:941] -  ----------Round:8----------


----------------------------------------
> Fri, 04 Sep 202014:40:45 - DEBUG - base_rp_db.py - [line:944] -  在需求模式库中对餐馆进行查找...

----------------------------------------
> Fri, 04 Sep 202014:40:45 - DEBUG - base_rp_db.py - [line:947] -  对于餐馆的约束这样如何:


----------------------------------------
> Fri, 04 Sep 202014:40:45 - DEBUG - base_rp_db.py - [line:958] -  餐馆的人均消费范围, 50到100元


----------------------------------------
> Fri, 04 Sep 202014:40:45 - DEBUG - base_rp_db.py - [line:958] -  餐馆的评分范围, 4到9999分


----------------------------------------
> Fri, 04 Sep 202014:40:45 - DEBUG - base_rp_db.py - [line:984] -  To user:对于餐馆部分是否满意?


----------------------------------------
> Fri, 04 Sep 202014:40:46 - DEBUG - base_rp_db.py - [line:987] -  USER: 我觉得应该有如下修改：


----------------------------------------
> Fri, 04 Sep 202014:40:46 - INFO - base_rp_db.py - [line:1007] -  --------Round End---------


----------------------------------------
> Fri, 04 Sep 202014:40:46 - DEBUG - base_rp_db.py - [line:584] -  ----------Round:9----------


----------------------------------------
> Fri, 04 Sep 202014:40:46 - DEBUG - base_rp_db.py - [line:591] -  To User: ---------检测到当前餐馆下无子节点，请问对于该意图有什么其他的子需求吗-----


----------------------------------------
> Fri, 04 Sep 202014:40:46 - DEBUG - base_rp_db.py - [line:595] -  ----USER: 没了-----


----------------------------------------
> Fri, 04 Sep 202014:40:46 - DEBUG - base_rp_db.py - [line:781] -  ----------Round:10----------


----------------------------------------
> Fri, 04 Sep 202014:40:46 - DEBUG - base_rp_db.py - [line:787] -  To User: 你对旅行还有什么新需求吗？


----------------------------------------
> Fri, 04 Sep 202014:40:46 - DEBUG - base_rp_db.py - [line:790] -  USER: 没有了


----------------------------------------
> Fri, 04 Sep 202014:40:46 - INFO - base_rp_db.py - [line:353] -  Generate Result:{'id': 0, 'goal': {'goalId': 26780, 'content': '旅行', 'parentId': -1, 'requireId': 5040, 'restricts': [], 'optTargets': [], 'hasMatched': False, 'rpId': -1}, 'children': [{'id': 26781, 'goal': {'goalId': 26781, 'content': '餐馆', 'parentId': 26780, 'requireId': 5040, 'restricts': [], 'optTargets': [], 'hasMatched': False, 'rpId': -1}, 'children': []}, {'id': 26782, 'goal': {'goalId': 26782, 'content': '景点', 'parentId': 26780, 'requireId': 5040, 'restricts': [{'goalId': 26782, 'key': '门票', 'valueType': 'region', 'minValue': 0.0, 'maxValue': 0.0, 'unit': '元', 'value': ''}, {'goalId': 26782, 'key': '评分', 'valueType': 'enum', 'minValue': 0.0, 'maxValue': 999.0, 'unit': '', 'value': '5分'}, {'goalId': 26782, 'key': '游玩时间', 'valueType': 'enum', 'minValue': 0.0, 'maxValue': 999.0, 'unit': '', 'value': '1天'}], 'optTargets': [], 'hasMatched': False, 'rpId': -1}, 'children': []}], 'requireInfo': {'userId': 'test_require1', 'requireId': 5040, 'timestamp': '2020-06-06T11:01:47.000+0800', 'state': 0, 'serviceSchemeUrl': None}, 'contexts': {}}

----------------------------------------
> Fri, 04 Sep 202014:40:46 - INFO - core_tree_pid_k2_e2_mod_3.py - [line:170] -  5346

----------------------------------------
> Fri, 04 Sep 202014:40:46 - INFO - core_tree_pid_k2_e2_mod_3.py - [line:180] -  --------对话已结束------------

