----------------------------------------
> Fri, 04 Sep 202014:08:31 - INFO - core_tree_pid_k2_e2_mod_1.py - [line:134] -  Start of program

----------------------------------------
> Fri, 04 Sep 202014:08:31 - INFO - core_tree_pid_k2_e2_mod_1.py - [line:138] -  test_id:


----------------------------------------
> Fri, 04 Sep 202014:08:31 - INFO - core_tree_pid_k2_e2_mod_1.py - [line:139] -  20

----------------------------------------
> Fri, 04 Sep 202014:08:31 - INFO - core_tree_pid_k2_e2_mod_1.py - [line:143] -  ------Round:1---------


----------------------------------------
> Fri, 04 Sep 202014:08:31 - DEBUG - core_tree_pid_k2_e2_mod_1.py - [line:145] -  您好，很高兴为您服务

----------------------------------------
> Fri, 04 Sep 202014:08:31 - DEBUG - core_tree_pid_k2_e2_mod_1.py - [line:150] -  USER: 我要去旅行

----------------------------------------
> Fri, 04 Sep 202014:08:31 - INFO - base_rp_db.py - [line:330] -  Model:{'id': 6909, 'goal': {'goalId': 6909, 'content': '旅行', 'parentId': -1, 'requireId': -1, 'restricts': [], 'optTargets': [], 'hasMatched': False, 'rpId': 70}, 'children': [{'id': 6911, 'goal': {'goalId': 6911, 'content': '出租', 'parentId': 6909, 'requireId': -1, 'restricts': [{'goalId': 6911, 'key': '目的地', 'valueType': 'enum', 'minValue': 0.0, 'maxValue': 999.0, 'unit': '', 'value': '天安门广场'}, {'goalId': 6911, 'key': '出发地', 'valueType': 'enum', 'minValue': 0.0, 'maxValue': 999.0, 'unit': '', 'value': '北京鹏润国际大酒店'}], 'optTargets': [], 'hasMatched': False, 'rpId': 70}, 'children': []}, {'id': 6914, 'goal': {'goalId': 6914, 'content': '景点', 'parentId': 6909, 'requireId': -1, 'restricts': [{'goalId': 6914, 'key': '评分', 'valueType': 'region', 'minValue': 4.0, 'maxValue': 9999.0, 'unit': '分', 'value': ''}, {'goalId': 6914, 'key': '游玩时间', 'valueType': 'enum', 'minValue': 0.0, 'maxValue': 999.0, 'unit': '', 'value': '1小时'}, {'goalId': 6914, 'key': '门票', 'valueType': 'region', 'minValue': 50.0, 'maxValue': 100.0, 'unit': '元', 'value': ''}], 'optTargets': [], 'hasMatched': False, 'rpId': 70}, 'children': []}, {'id': 6918, 'goal': {'goalId': 6918, 'content': '酒店', 'parentId': 6909, 'requireId': -1, 'restricts': [], 'optTargets': [], 'hasMatched': False, 'rpId': 70}, 'children': []}]}

----------------------------------------
> Fri, 04 Sep 202014:08:32 - INFO - base_rp_db.py - [line:462] -  rps_db length: 1

----------------------------------------
> Fri, 04 Sep 202014:08:32 - INFO - base_rp_db.py - [line:462] -  rps_db length: 1

----------------------------------------
> Fri, 04 Sep 202014:08:32 - INFO - base_rp_db.py - [line:871] -  ---模板树中对应旅行意图无约束----


----------------------------------------
> Fri, 04 Sep 202014:08:32 - INFO - base_rp_db.py - [line:874] -  ----正在需求模式库中查找所有对应旅行的模式或子模式约束...----


----------------------------------------
> Fri, 04 Sep 202014:08:32 - DEBUG - base_rp_db.py - [line:879] -  ----------Round:2----------


----------------------------------------
> Fri, 04 Sep 202014:08:32 - INFO - base_rp_db.py - [line:882] -  ----需求模式库中旅行的约束为空.----


----------------------------------------
> Fri, 04 Sep 202014:08:32 - INFO - base_rp_db.py - [line:885] -  content旅行

----------------------------------------
> Fri, 04 Sep 202014:08:32 - INFO - base_rp_db.py - [line:888] -  restricts:[]

----------------------------------------
> Fri, 04 Sep 202014:08:32 - DEBUG - base_rp_db.py - [line:891] -  To user:对于旅行部分是否满意?


----------------------------------------
> Fri, 04 Sep 202014:08:32 - DEBUG - base_rp_db.py - [line:987] -  USER: 我觉得应该有如下修改：


----------------------------------------
> Fri, 04 Sep 202014:08:32 - INFO - base_rp_db.py - [line:1007] -  --------Round End---------


----------------------------------------
> Fri, 04 Sep 202014:08:32 - INFO - base_rp_db.py - [line:462] -  rps_db length: 3

----------------------------------------
> Fri, 04 Sep 202014:08:32 - INFO - base_rp_db.py - [line:462] -  rps_db length: 3

----------------------------------------
> Fri, 04 Sep 202014:08:32 - DEBUG - base_rp_db.py - [line:662] -  ----------Round:3----------


----------------------------------------
> Fri, 04 Sep 202014:08:32 - DEBUG - base_rp_db.py - [line:665] -  请问您对于出租是否需要？


----------------------------------------
> Fri, 04 Sep 202014:08:32 - DEBUG - base_rp_db.py - [line:668] -  USER: 需要


----------------------------------------
> Fri, 04 Sep 202014:08:32 - INFO - base_rp_db.py - [line:941] -  ----------Round:4----------


----------------------------------------
> Fri, 04 Sep 202014:08:32 - DEBUG - base_rp_db.py - [line:944] -  在需求模式库中对出租进行查找...

----------------------------------------
> Fri, 04 Sep 202014:08:32 - DEBUG - base_rp_db.py - [line:947] -  对于出租的约束这样如何:


----------------------------------------
> Fri, 04 Sep 202014:08:32 - DEBUG - base_rp_db.py - [line:975] -  出租的目的地：天安门广场


----------------------------------------
> Fri, 04 Sep 202014:08:32 - DEBUG - base_rp_db.py - [line:975] -  出租的出发地：北京鹏润国际大酒店


----------------------------------------
> Fri, 04 Sep 202014:08:32 - DEBUG - base_rp_db.py - [line:984] -  To user:对于出租部分是否满意?


----------------------------------------
> Fri, 04 Sep 202014:08:32 - DEBUG - base_rp_db.py - [line:987] -  USER: 我觉得应该有如下修改：


----------------------------------------
> Fri, 04 Sep 202014:08:32 - DEBUG - base_rp_db.py - [line:1004] -  出租的出发地：古陶文明博物馆


----------------------------------------
> Fri, 04 Sep 202014:08:32 - DEBUG - base_rp_db.py - [line:1004] -  出租的目的地：北京天伦王朝酒店


----------------------------------------
> Fri, 04 Sep 202014:08:32 - INFO - base_rp_db.py - [line:1007] -  --------Round End---------


----------------------------------------
> Fri, 04 Sep 202014:08:32 - DEBUG - base_rp_db.py - [line:584] -  ----------Round:5----------


----------------------------------------
> Fri, 04 Sep 202014:08:32 - DEBUG - base_rp_db.py - [line:591] -  To User: ---------检测到当前出租下无子节点，请问对于该意图有什么其他的子需求吗-----


----------------------------------------
> Fri, 04 Sep 202014:08:32 - DEBUG - base_rp_db.py - [line:595] -  ----USER: 没了-----


----------------------------------------
> Fri, 04 Sep 202014:08:32 - DEBUG - base_rp_db.py - [line:662] -  ----------Round:6----------


----------------------------------------
> Fri, 04 Sep 202014:08:32 - DEBUG - base_rp_db.py - [line:665] -  请问您对于景点是否需要？


----------------------------------------
> Fri, 04 Sep 202014:08:32 - DEBUG - base_rp_db.py - [line:668] -  USER: 需要


----------------------------------------
> Fri, 04 Sep 202014:08:32 - INFO - base_rp_db.py - [line:941] -  ----------Round:7----------


----------------------------------------
> Fri, 04 Sep 202014:08:32 - DEBUG - base_rp_db.py - [line:944] -  在需求模式库中对景点进行查找...

----------------------------------------
> Fri, 04 Sep 202014:08:32 - DEBUG - base_rp_db.py - [line:947] -  对于景点的约束这样如何:


----------------------------------------
> Fri, 04 Sep 202014:08:32 - DEBUG - base_rp_db.py - [line:958] -  景点的游玩时间范围, 1到2小时


----------------------------------------
> Fri, 04 Sep 202014:08:32 - DEBUG - base_rp_db.py - [line:958] -  景点的评分范围, 4到9999分


----------------------------------------
> Fri, 04 Sep 202014:08:32 - DEBUG - base_rp_db.py - [line:958] -  景点的门票范围, 50到100元


----------------------------------------
> Fri, 04 Sep 202014:08:32 - DEBUG - base_rp_db.py - [line:984] -  To user:对于景点部分是否满意?


----------------------------------------
> Fri, 04 Sep 202014:08:32 - DEBUG - base_rp_db.py - [line:987] -  USER: 我觉得应该有如下修改：


----------------------------------------
> Fri, 04 Sep 202014:08:32 - DEBUG - base_rp_db.py - [line:1004] -  景点的名称：中国国家博物馆


----------------------------------------
> Fri, 04 Sep 202014:08:32 - DEBUG - base_rp_db.py - [line:998] -  景点的游玩时间范围, 1到2小时


----------------------------------------
> Fri, 04 Sep 202014:08:32 - DEBUG - base_rp_db.py - [line:1004] -  景点的源领域：景点


----------------------------------------
> Fri, 04 Sep 202014:08:32 - DEBUG - base_rp_db.py - [line:998] -  景点的评分范围, 4到9999分


----------------------------------------
> Fri, 04 Sep 202014:08:32 - DEBUG - base_rp_db.py - [line:998] -  景点的门票范围, 20到50元


----------------------------------------
> Fri, 04 Sep 202014:08:32 - INFO - base_rp_db.py - [line:1007] -  --------Round End---------


----------------------------------------
> Fri, 04 Sep 202014:08:32 - DEBUG - base_rp_db.py - [line:584] -  ----------Round:8----------


----------------------------------------
> Fri, 04 Sep 202014:08:32 - DEBUG - base_rp_db.py - [line:591] -  To User: ---------检测到当前景点下无子节点，请问对于该意图有什么其他的子需求吗-----


----------------------------------------
> Fri, 04 Sep 202014:08:32 - DEBUG - base_rp_db.py - [line:595] -  ----USER: 没了-----


----------------------------------------
> Fri, 04 Sep 202014:08:32 - DEBUG - base_rp_db.py - [line:662] -  ----------Round:9----------


----------------------------------------
> Fri, 04 Sep 202014:08:32 - DEBUG - base_rp_db.py - [line:665] -  请问您对于酒店是否需要？


----------------------------------------
> Fri, 04 Sep 202014:08:32 - DEBUG - base_rp_db.py - [line:668] -  USER: 需要


----------------------------------------
> Fri, 04 Sep 202014:08:32 - INFO - base_rp_db.py - [line:871] -  ---模板树中对应酒店意图无约束----


----------------------------------------
> Fri, 04 Sep 202014:08:32 - INFO - base_rp_db.py - [line:874] -  ----正在需求模式库中查找所有对应酒店的模式或子模式约束...----


----------------------------------------
> Fri, 04 Sep 202014:08:32 - INFO - base_rp_db.py - [line:896] -  ----------Round:10----------


----------------------------------------
> Fri, 04 Sep 202014:08:32 - DEBUG - base_rp_db.py - [line:899] -  To User:对于酒店的约束这样如何:


----------------------------------------
> Fri, 04 Sep 202014:08:32 - DEBUG - base_rp_db.py - [line:910] -  酒店的价格范围, 300到400元


----------------------------------------
> Fri, 04 Sep 202014:08:32 - DEBUG - base_rp_db.py - [line:910] -  酒店的评分范围, 4到9999分


----------------------------------------
> Fri, 04 Sep 202014:08:32 - DEBUG - base_rp_db.py - [line:927] -  酒店的酒店类型：豪华型


----------------------------------------
> Fri, 04 Sep 202014:08:32 - DEBUG - base_rp_db.py - [line:936] -  To user:对于酒店部分是否满意?


----------------------------------------
> Fri, 04 Sep 202014:08:32 - DEBUG - base_rp_db.py - [line:987] -  USER: 我觉得应该有如下修改：


----------------------------------------
> Fri, 04 Sep 202014:08:32 - DEBUG - base_rp_db.py - [line:998] -  酒店的评分范围, 4到9999分


----------------------------------------
> Fri, 04 Sep 202014:08:32 - INFO - base_rp_db.py - [line:1007] -  --------Round End---------


----------------------------------------
> Fri, 04 Sep 202014:08:32 - DEBUG - base_rp_db.py - [line:584] -  ----------Round:11----------


----------------------------------------
> Fri, 04 Sep 202014:08:32 - DEBUG - base_rp_db.py - [line:591] -  To User: ---------检测到当前酒店下无子节点，请问对于该意图有什么其他的子需求吗-----


----------------------------------------
> Fri, 04 Sep 202014:08:32 - DEBUG - base_rp_db.py - [line:600] -  USER: 我还需要棋牌室


----------------------------------------
> Fri, 04 Sep 202014:08:32 - DEBUG - base_rp_db.py - [line:606] -  ----------Round:12----------


----------------------------------------
> Fri, 04 Sep 202014:08:32 - DEBUG - base_rp_db.py - [line:612] -  To User: 请问对于酒店意图有什么其他的子需求吗-----


----------------------------------------
> Fri, 04 Sep 202014:08:32 - DEBUG - base_rp_db.py - [line:615] -  ----USER: 没了-----


----------------------------------------
> Fri, 04 Sep 202014:08:32 - DEBUG - base_rp_db.py - [line:756] -  ----------Round:13----------


----------------------------------------
> Fri, 04 Sep 202014:08:32 - DEBUG - base_rp_db.py - [line:762] -  To User: 你对旅行还有什么新需求吗？


----------------------------------------
> Fri, 04 Sep 202014:08:32 - DEBUG - base_rp_db.py - [line:790] -  USER: 没有了


----------------------------------------
> Fri, 04 Sep 202014:08:32 - INFO - base_rp_db.py - [line:462] -  rps_db length: 1

----------------------------------------
> Fri, 04 Sep 202014:08:32 - INFO - base_rp_db.py - [line:462] -  rps_db length: 1

----------------------------------------
> Fri, 04 Sep 202014:08:32 - INFO - base_rp_db.py - [line:721] -  -----当前指针点为棋牌室


----------------------------------------
> Fri, 04 Sep 202014:08:32 - INFO - base_rp_db.py - [line:871] -  ---模板树中对应棋牌室意图无约束----


----------------------------------------
> Fri, 04 Sep 202014:08:32 - INFO - base_rp_db.py - [line:874] -  ----正在需求模式库中查找所有对应棋牌室的模式或子模式约束...----


----------------------------------------
> Fri, 04 Sep 202014:08:32 - DEBUG - base_rp_db.py - [line:879] -  ----------Round:14----------


----------------------------------------
> Fri, 04 Sep 202014:08:32 - INFO - base_rp_db.py - [line:882] -  ----需求模式库中棋牌室的约束为空.----


----------------------------------------
> Fri, 04 Sep 202014:08:32 - INFO - base_rp_db.py - [line:885] -  content棋牌室

----------------------------------------
> Fri, 04 Sep 202014:08:32 - INFO - base_rp_db.py - [line:888] -  restricts:[]

----------------------------------------
> Fri, 04 Sep 202014:08:32 - DEBUG - base_rp_db.py - [line:891] -  To user:对于棋牌室部分是否满意?


----------------------------------------
> Fri, 04 Sep 202014:08:32 - DEBUG - base_rp_db.py - [line:987] -  USER: 我觉得应该有如下修改：


----------------------------------------
> Fri, 04 Sep 202014:08:32 - INFO - base_rp_db.py - [line:1007] -  --------Round End---------


----------------------------------------
> Fri, 04 Sep 202014:08:32 - DEBUG - base_rp_db.py - [line:584] -  ----------Round:15----------


----------------------------------------
> Fri, 04 Sep 202014:08:32 - DEBUG - base_rp_db.py - [line:591] -  To User: ---------检测到当前棋牌室下无子节点，请问对于该意图有什么其他的子需求吗-----


----------------------------------------
> Fri, 04 Sep 202014:08:32 - DEBUG - base_rp_db.py - [line:595] -  ----USER: 没了-----


----------------------------------------
> Fri, 04 Sep 202014:08:32 - INFO - base_rp_db.py - [line:353] -  Generate Result:{'id': 0, 'goal': {'goalId': 4323, 'content': '旅行', 'parentId': -1, 'requireId': 685, 'restricts': [], 'optTargets': [], 'hasMatched': False, 'rpId': -1}, 'children': [{'id': 4324, 'goal': {'goalId': 4324, 'content': '景点', 'parentId': 4323, 'requireId': 685, 'restricts': [{'goalId': 4324, 'key': '名称', 'valueType': 'enum', 'minValue': 0.0, 'maxValue': 999.0, 'unit': '', 'value': '中国国家博物馆'}, {'goalId': 4324, 'key': '游玩时间', 'valueType': 'region', 'minValue': 1.0, 'maxValue': 2.0, 'unit': '小时', 'value': ''}, {'goalId': 4324, 'key': '源领域', 'valueType': 'enum', 'minValue': 0.0, 'maxValue': 999.0, 'unit': '', 'value': '景点'}, {'goalId': 4324, 'key': '评分', 'valueType': 'region', 'minValue': 4.0, 'maxValue': 9999.0, 'unit': '分', 'value': ''}, {'goalId': 4324, 'key': '门票', 'valueType': 'region', 'minValue': 20.0, 'maxValue': 50.0, 'unit': '元', 'value': ''}], 'optTargets': [], 'hasMatched': False, 'rpId': -1}, 'children': []}, {'id': 4325, 'goal': {'goalId': 4325, 'content': '酒店', 'parentId': 4323, 'requireId': 685, 'restricts': [{'goalId': 4325, 'key': '评分', 'valueType': 'region', 'minValue': 4.0, 'maxValue': 9999.0, 'unit': '分', 'value': ''}], 'optTargets': [], 'hasMatched': False, 'rpId': -1}, 'children': [{'id': 4326, 'goal': {'goalId': 4326, 'content': '棋牌室', 'parentId': 4325, 'requireId': 685, 'restricts': [], 'optTargets': [], 'hasMatched': False, 'rpId': -1}, 'children': []}]}, {'id': 4327, 'goal': {'goalId': 4327, 'content': '出租', 'parentId': 4323, 'requireId': 685, 'restricts': [{'goalId': 4327, 'key': '出发地', 'valueType': 'enum', 'minValue': 0.0, 'maxValue': 999.0, 'unit': '', 'value': '古陶文明博物馆'}, {'goalId': 4327, 'key': '目的地', 'valueType': 'enum', 'minValue': 0.0, 'maxValue': 999.0, 'unit': '', 'value': '北京天伦王朝酒店'}], 'optTargets': [], 'hasMatched': False, 'rpId': -1}, 'children': []}], 'requireInfo': {'userId': 'test_require1', 'requireId': 685, 'timestamp': '2020-04-28T11:30:19.000+0800', 'state': 0, 'serviceSchemeUrl': None}, 'contexts': {}}

----------------------------------------
> Fri, 04 Sep 202014:08:32 - INFO - core_tree_pid_k2_e2_mod_1.py - [line:170] -  20

----------------------------------------
> Fri, 04 Sep 202014:08:32 - INFO - core_tree_pid_k2_e2_mod_1.py - [line:180] -  --------对话已结束------------

