----------------------------------------
> Fri, 04 Sep 202014:24:55 - INFO - core_tree_pid_k2_e2_mod_1.py - [line:134] -  Start of program

----------------------------------------
> Fri, 04 Sep 202014:24:55 - INFO - core_tree_pid_k2_e2_mod_1.py - [line:138] -  test_id:


----------------------------------------
> Fri, 04 Sep 202014:24:55 - INFO - core_tree_pid_k2_e2_mod_1.py - [line:139] -  894

----------------------------------------
> Fri, 04 Sep 202014:24:55 - INFO - core_tree_pid_k2_e2_mod_1.py - [line:143] -  ------Round:1---------


----------------------------------------
> Fri, 04 Sep 202014:24:55 - DEBUG - core_tree_pid_k2_e2_mod_1.py - [line:145] -  您好，很高兴为您服务

----------------------------------------
> Fri, 04 Sep 202014:24:55 - DEBUG - core_tree_pid_k2_e2_mod_1.py - [line:150] -  USER: 我要去旅行

----------------------------------------
> Fri, 04 Sep 202014:24:55 - INFO - base_rp_db.py - [line:330] -  Model:{'id': 9644, 'goal': {'goalId': 9644, 'content': '旅行', 'parentId': -1, 'requireId': -1, 'restricts': [], 'optTargets': [], 'hasMatched': False, 'rpId': 968}, 'children': [{'id': 9645, 'goal': {'goalId': 9645, 'content': '酒店', 'parentId': 9644, 'requireId': -1, 'restricts': [], 'optTargets': [], 'hasMatched': False, 'rpId': 968}, 'children': [{'id': 9646, 'goal': {'goalId': 9646, 'content': '酒店设施-叫醒服务', 'parentId': 9645, 'requireId': -1, 'restricts': [], 'optTargets': [], 'hasMatched': False, 'rpId': 968}, 'children': []}, {'id': 9647, 'goal': {'goalId': 9647, 'content': '酒店设施-行李寄存', 'parentId': 9645, 'requireId': -1, 'restricts': [], 'optTargets': [], 'hasMatched': False, 'rpId': 968}, 'children': []}]}]}

----------------------------------------
> Fri, 04 Sep 202014:24:55 - INFO - base_rp_db.py - [line:462] -  rps_db length: 1

----------------------------------------
> Fri, 04 Sep 202014:24:55 - INFO - base_rp_db.py - [line:462] -  rps_db length: 1

----------------------------------------
> Fri, 04 Sep 202014:24:55 - INFO - base_rp_db.py - [line:871] -  ---模板树中对应旅行意图无约束----


----------------------------------------
> Fri, 04 Sep 202014:24:55 - INFO - base_rp_db.py - [line:874] -  ----正在需求模式库中查找所有对应旅行的模式或子模式约束...----


----------------------------------------
> Fri, 04 Sep 202014:24:55 - DEBUG - base_rp_db.py - [line:879] -  ----------Round:2----------


----------------------------------------
> Fri, 04 Sep 202014:24:55 - INFO - base_rp_db.py - [line:882] -  ----需求模式库中旅行的约束为空.----


----------------------------------------
> Fri, 04 Sep 202014:24:55 - INFO - base_rp_db.py - [line:885] -  content旅行

----------------------------------------
> Fri, 04 Sep 202014:24:55 - INFO - base_rp_db.py - [line:888] -  restricts:[]

----------------------------------------
> Fri, 04 Sep 202014:24:55 - DEBUG - base_rp_db.py - [line:891] -  To user:对于旅行部分是否满意?


----------------------------------------
> Fri, 04 Sep 202014:24:55 - DEBUG - base_rp_db.py - [line:987] -  USER: 我觉得应该有如下修改：


----------------------------------------
> Fri, 04 Sep 202014:24:55 - INFO - base_rp_db.py - [line:1007] -  --------Round End---------


----------------------------------------
> Fri, 04 Sep 202014:24:55 - INFO - base_rp_db.py - [line:462] -  rps_db length: 2

----------------------------------------
> Fri, 04 Sep 202014:24:55 - INFO - base_rp_db.py - [line:462] -  rps_db length: 1

----------------------------------------
> Fri, 04 Sep 202014:24:55 - DEBUG - base_rp_db.py - [line:662] -  ----------Round:3----------


----------------------------------------
> Fri, 04 Sep 202014:24:56 - DEBUG - base_rp_db.py - [line:665] -  请问您对于酒店是否需要？


----------------------------------------
> Fri, 04 Sep 202014:24:56 - DEBUG - base_rp_db.py - [line:668] -  USER: 需要


----------------------------------------
> Fri, 04 Sep 202014:24:56 - INFO - base_rp_db.py - [line:871] -  ---模板树中对应酒店意图无约束----


----------------------------------------
> Fri, 04 Sep 202014:24:56 - INFO - base_rp_db.py - [line:874] -  ----正在需求模式库中查找所有对应酒店的模式或子模式约束...----


----------------------------------------
> Fri, 04 Sep 202014:24:56 - INFO - base_rp_db.py - [line:896] -  ----------Round:4----------


----------------------------------------
> Fri, 04 Sep 202014:24:56 - DEBUG - base_rp_db.py - [line:899] -  To User:对于酒店的约束这样如何:


----------------------------------------
> Fri, 04 Sep 202014:24:56 - DEBUG - base_rp_db.py - [line:910] -  酒店的价格范围, 300到400元


----------------------------------------
> Fri, 04 Sep 202014:24:56 - DEBUG - base_rp_db.py - [line:910] -  酒店的评分范围, 4到9999分


----------------------------------------
> Fri, 04 Sep 202014:24:56 - DEBUG - base_rp_db.py - [line:927] -  酒店的酒店类型：豪华型


----------------------------------------
> Fri, 04 Sep 202014:24:56 - DEBUG - base_rp_db.py - [line:936] -  To user:对于酒店部分是否满意?


----------------------------------------
> Fri, 04 Sep 202014:24:56 - DEBUG - base_rp_db.py - [line:987] -  USER: 我觉得应该有如下修改：


----------------------------------------
> Fri, 04 Sep 202014:24:56 - DEBUG - base_rp_db.py - [line:998] -  酒店的价格范围, 200到300元


----------------------------------------
> Fri, 04 Sep 202014:24:56 - INFO - base_rp_db.py - [line:1007] -  --------Round End---------


----------------------------------------
> Fri, 04 Sep 202014:24:56 - DEBUG - base_rp_db.py - [line:756] -  ----------Round:5----------


----------------------------------------
> Fri, 04 Sep 202014:24:56 - DEBUG - base_rp_db.py - [line:762] -  To User: 你对旅行还有什么新需求吗？


----------------------------------------
> Fri, 04 Sep 202014:24:56 - DEBUG - base_rp_db.py - [line:767] -  USER: 我要加入餐馆


----------------------------------------
> Fri, 04 Sep 202014:24:56 - INFO - base_rp_db.py - [line:871] -  ---模板树中对应餐馆意图无约束----


----------------------------------------
> Fri, 04 Sep 202014:24:56 - INFO - base_rp_db.py - [line:874] -  ----正在需求模式库中查找所有对应餐馆的模式或子模式约束...----


----------------------------------------
> Fri, 04 Sep 202014:24:56 - INFO - base_rp_db.py - [line:896] -  ----------Round:6----------


----------------------------------------
> Fri, 04 Sep 202014:24:56 - DEBUG - base_rp_db.py - [line:899] -  To User:对于餐馆的约束这样如何:


----------------------------------------
> Fri, 04 Sep 202014:24:56 - DEBUG - base_rp_db.py - [line:910] -  餐馆的人均消费范围, 50到100元


----------------------------------------
> Fri, 04 Sep 202014:24:56 - DEBUG - base_rp_db.py - [line:910] -  餐馆的评分范围, 4到9999分


----------------------------------------
> Fri, 04 Sep 202014:24:56 - DEBUG - base_rp_db.py - [line:936] -  To user:对于餐馆部分是否满意?


----------------------------------------
> Fri, 04 Sep 202014:24:56 - DEBUG - base_rp_db.py - [line:987] -  USER: 我觉得应该有如下修改：


----------------------------------------
> Fri, 04 Sep 202014:24:56 - DEBUG - base_rp_db.py - [line:998] -  餐馆的评分范围, 4到9999分


----------------------------------------
> Fri, 04 Sep 202014:24:56 - INFO - base_rp_db.py - [line:1007] -  --------Round End---------


----------------------------------------
> Fri, 04 Sep 202014:24:56 - DEBUG - base_rp_db.py - [line:584] -  ----------Round:7----------


----------------------------------------
> Fri, 04 Sep 202014:24:56 - DEBUG - base_rp_db.py - [line:591] -  To User: ---------检测到当前餐馆下无子节点，请问对于该意图有什么其他的子需求吗-----


----------------------------------------
> Fri, 04 Sep 202014:24:56 - DEBUG - base_rp_db.py - [line:600] -  USER: 我还需要推荐菜-香辣美容蹄


----------------------------------------
> Fri, 04 Sep 202014:24:56 - DEBUG - base_rp_db.py - [line:606] -  ----------Round:8----------


----------------------------------------
> Fri, 04 Sep 202014:24:56 - DEBUG - base_rp_db.py - [line:612] -  To User: 请问对于餐馆意图有什么其他的子需求吗-----


----------------------------------------
> Fri, 04 Sep 202014:24:56 - DEBUG - base_rp_db.py - [line:615] -  ----USER: 没了-----


----------------------------------------
> Fri, 04 Sep 202014:24:56 - DEBUG - base_rp_db.py - [line:781] -  ----------Round:9----------


----------------------------------------
> Fri, 04 Sep 202014:24:56 - DEBUG - base_rp_db.py - [line:787] -  To User: 你对旅行还有什么新需求吗？


----------------------------------------
> Fri, 04 Sep 202014:24:56 - DEBUG - base_rp_db.py - [line:790] -  USER: 没有了


----------------------------------------
> Fri, 04 Sep 202014:24:56 - INFO - base_rp_db.py - [line:462] -  rps_db length: 3

----------------------------------------
> Fri, 04 Sep 202014:24:56 - INFO - base_rp_db.py - [line:462] -  rps_db length: 3

----------------------------------------
> Fri, 04 Sep 202014:24:56 - DEBUG - base_rp_db.py - [line:673] -  ----------Round:10----------


----------------------------------------
> Fri, 04 Sep 202014:24:56 - DEBUG - base_rp_db.py - [line:676] -  请问您对于酒店设施-叫醒服务是否需要？


----------------------------------------
> Fri, 04 Sep 202014:24:56 - DEBUG - base_rp_db.py - [line:679] -  USER: 不需要


----------------------------------------
> Fri, 04 Sep 202014:24:56 - DEBUG - base_rp_db.py - [line:673] -  ----------Round:11----------


----------------------------------------
> Fri, 04 Sep 202014:24:56 - DEBUG - base_rp_db.py - [line:676] -  请问您对于酒店设施-行李寄存是否需要？


----------------------------------------
> Fri, 04 Sep 202014:24:56 - DEBUG - base_rp_db.py - [line:679] -  USER: 不需要


----------------------------------------
> Fri, 04 Sep 202014:24:56 - DEBUG - base_rp_db.py - [line:623] -  ----------Round:12----------


----------------------------------------
> Fri, 04 Sep 202014:24:56 - DEBUG - base_rp_db.py - [line:629] -  To User: 你对酒店还有什么新需求吗？


----------------------------------------
> Fri, 04 Sep 202014:24:56 - DEBUG - base_rp_db.py - [line:634] -  USER: 我要加入酒店设施-公共区域和部分房间提供wifi


----------------------------------------
> Fri, 04 Sep 202014:24:56 - INFO - base_rp_db.py - [line:871] -  ---模板树中对应酒店设施-公共区域和部分房间提供wifi意图无约束----


----------------------------------------
> Fri, 04 Sep 202014:24:56 - INFO - base_rp_db.py - [line:874] -  ----正在需求模式库中查找所有对应酒店设施-公共区域和部分房间提供wifi的模式或子模式约束...----


----------------------------------------
> Fri, 04 Sep 202014:24:56 - DEBUG - base_rp_db.py - [line:879] -  ----------Round:13----------


----------------------------------------
> Fri, 04 Sep 202014:24:56 - INFO - base_rp_db.py - [line:882] -  ----需求模式库中酒店设施-公共区域和部分房间提供wifi的约束为空.----


----------------------------------------
> Fri, 04 Sep 202014:24:56 - INFO - base_rp_db.py - [line:885] -  content酒店设施-公共区域和部分房间提供wifi

----------------------------------------
> Fri, 04 Sep 202014:24:56 - INFO - base_rp_db.py - [line:888] -  restricts:[]

----------------------------------------
> Fri, 04 Sep 202014:24:56 - DEBUG - base_rp_db.py - [line:891] -  To user:对于酒店设施-公共区域和部分房间提供wifi部分是否满意?


----------------------------------------
> Fri, 04 Sep 202014:24:56 - DEBUG - base_rp_db.py - [line:987] -  USER: 我觉得应该有如下修改：


----------------------------------------
> Fri, 04 Sep 202014:24:56 - INFO - base_rp_db.py - [line:1007] -  --------Round End---------


----------------------------------------
> Fri, 04 Sep 202014:24:56 - DEBUG - base_rp_db.py - [line:584] -  ----------Round:14----------


----------------------------------------
> Fri, 04 Sep 202014:24:56 - DEBUG - base_rp_db.py - [line:591] -  To User: ---------检测到当前酒店设施-公共区域和部分房间提供wifi下无子节点，请问对于该意图有什么其他的子需求吗-----


----------------------------------------
> Fri, 04 Sep 202014:24:56 - DEBUG - base_rp_db.py - [line:595] -  ----USER: 没了-----


----------------------------------------
> Fri, 04 Sep 202014:24:56 - DEBUG - base_rp_db.py - [line:644] -  ----------Round:15----------


----------------------------------------
> Fri, 04 Sep 202014:24:57 - DEBUG - base_rp_db.py - [line:650] -  To User: 你对酒店还有什么新需求吗？


----------------------------------------
> Fri, 04 Sep 202014:24:57 - DEBUG - base_rp_db.py - [line:634] -  USER: 我要加入酒店设施-残疾人设施


----------------------------------------
> Fri, 04 Sep 202014:24:57 - INFO - base_rp_db.py - [line:871] -  ---模板树中对应酒店设施-残疾人设施意图无约束----


----------------------------------------
> Fri, 04 Sep 202014:24:57 - INFO - base_rp_db.py - [line:874] -  ----正在需求模式库中查找所有对应酒店设施-残疾人设施的模式或子模式约束...----


----------------------------------------
> Fri, 04 Sep 202014:24:57 - DEBUG - base_rp_db.py - [line:879] -  ----------Round:16----------


----------------------------------------
> Fri, 04 Sep 202014:24:57 - INFO - base_rp_db.py - [line:882] -  ----需求模式库中酒店设施-残疾人设施的约束为空.----


----------------------------------------
> Fri, 04 Sep 202014:24:57 - INFO - base_rp_db.py - [line:885] -  content酒店设施-残疾人设施

----------------------------------------
> Fri, 04 Sep 202014:24:57 - INFO - base_rp_db.py - [line:888] -  restricts:[]

----------------------------------------
> Fri, 04 Sep 202014:24:57 - DEBUG - base_rp_db.py - [line:891] -  To user:对于酒店设施-残疾人设施部分是否满意?


----------------------------------------
> Fri, 04 Sep 202014:24:57 - DEBUG - base_rp_db.py - [line:987] -  USER: 我觉得应该有如下修改：


----------------------------------------
> Fri, 04 Sep 202014:24:57 - INFO - base_rp_db.py - [line:1007] -  --------Round End---------


----------------------------------------
> Fri, 04 Sep 202014:24:57 - DEBUG - base_rp_db.py - [line:584] -  ----------Round:17----------


----------------------------------------
> Fri, 04 Sep 202014:24:57 - DEBUG - base_rp_db.py - [line:591] -  To User: ---------检测到当前酒店设施-残疾人设施下无子节点，请问对于该意图有什么其他的子需求吗-----


----------------------------------------
> Fri, 04 Sep 202014:24:57 - DEBUG - base_rp_db.py - [line:595] -  ----USER: 没了-----


----------------------------------------
> Fri, 04 Sep 202014:24:57 - DEBUG - base_rp_db.py - [line:644] -  ----------Round:18----------


----------------------------------------
> Fri, 04 Sep 202014:24:57 - DEBUG - base_rp_db.py - [line:650] -  To User: 你对酒店还有什么新需求吗？


----------------------------------------
> Fri, 04 Sep 202014:24:57 - DEBUG - base_rp_db.py - [line:653] -  USER: 没有了


----------------------------------------
> Fri, 04 Sep 202014:24:57 - INFO - base_rp_db.py - [line:1064] -  ---未使用模式库或模式库或需求知识图谱中无推荐菜-香辣美容蹄意图----


----------------------------------------
> Fri, 04 Sep 202014:24:57 - INFO - base_rp_db.py - [line:1068] -  ----------Round:19----------


----------------------------------------
> Fri, 04 Sep 202014:24:57 - DEBUG - base_rp_db.py - [line:1071] -  To User: 无法匹配推荐菜-香辣美容蹄


----------------------------------------
> Fri, 04 Sep 202014:24:57 - DEBUG - base_rp_db.py - [line:1075] -  To User: 你对推荐菜-香辣美容蹄的约束是什么？


----------------------------------------
> Fri, 04 Sep 202014:24:57 - DEBUG - base_rp_db.py - [line:1110] -  USER: 我都无所谓


----------------------------------------
> Fri, 04 Sep 202014:24:57 - DEBUG - base_rp_db.py - [line:584] -  ----------Round:20----------


----------------------------------------
> Fri, 04 Sep 202014:24:57 - DEBUG - base_rp_db.py - [line:591] -  To User: ---------检测到当前推荐菜-香辣美容蹄下无子节点，请问对于该意图有什么其他的子需求吗-----


----------------------------------------
> Fri, 04 Sep 202014:24:57 - DEBUG - base_rp_db.py - [line:595] -  ----USER: 没了-----


----------------------------------------
> Fri, 04 Sep 202014:24:57 - INFO - base_rp_db.py - [line:353] -  Generate Result:{'id': 0, 'goal': {'goalId': 3829, 'content': '旅行', 'parentId': -1, 'requireId': 588, 'restricts': [], 'optTargets': [], 'hasMatched': False, 'rpId': -1}, 'children': [{'id': 3830, 'goal': {'goalId': 3830, 'content': '餐馆', 'parentId': 3829, 'requireId': 588, 'restricts': [{'goalId': 3830, 'key': '评分', 'valueType': 'region', 'minValue': 4.0, 'maxValue': 9999.0, 'unit': '分', 'value': ''}], 'optTargets': [], 'hasMatched': False, 'rpId': -1}, 'children': [{'id': 3831, 'goal': {'goalId': 3831, 'content': '推荐菜-香辣美容蹄', 'parentId': 3830, 'requireId': 588, 'restricts': [], 'optTargets': [], 'hasMatched': False, 'rpId': -1}, 'children': []}]}, {'id': 3832, 'goal': {'goalId': 3832, 'content': '酒店', 'parentId': 3829, 'requireId': 588, 'restricts': [{'goalId': 3832, 'key': '价格', 'valueType': 'region', 'minValue': 200.0, 'maxValue': 300.0, 'unit': '元', 'value': ''}], 'optTargets': [], 'hasMatched': False, 'rpId': -1}, 'children': [{'id': 3833, 'goal': {'goalId': 3833, 'content': '酒店设施-公共区域和部分房间提供wifi', 'parentId': 3832, 'requireId': 588, 'restricts': [], 'optTargets': [], 'hasMatched': False, 'rpId': -1}, 'children': []}, {'id': 3834, 'goal': {'goalId': 3834, 'content': '酒店设施-残疾人设施', 'parentId': 3832, 'requireId': 588, 'restricts': [], 'optTargets': [], 'hasMatched': False, 'rpId': -1}, 'children': []}]}], 'requireInfo': {'userId': 'test_require1', 'requireId': 588, 'timestamp': '2020-05-30T14:12:32.000+0800', 'state': 0, 'serviceSchemeUrl': None}, 'contexts': {}}

----------------------------------------
> Fri, 04 Sep 202014:24:57 - INFO - core_tree_pid_k2_e2_mod_1.py - [line:170] -  894

----------------------------------------
> Fri, 04 Sep 202014:24:57 - INFO - core_tree_pid_k2_e2_mod_1.py - [line:180] -  --------对话已结束------------

